Args in experiment:
Namespace(Decomposition=1, activation='gelu', batch_size=16, c_out=862, channel_independence=False, checkpoints='./checkpoints/', class_strategy='projection', d_ff=512, d_layers=1, d_model=490, d_ortho=49, data='custom', data_path='traffic.csv', dec_in=862, des='Exp', devices='0,1', distil=True, do_predict=False, dropout=0.1, e_layers=4, efficient_training=False, embed='timeF', enc_in=862, exp_name='MTSF', factor=1, features='M', freq='h', gpu=0, inverse=False, is_training=1, itr=1, kernel_size=25, label_len=48, learning_rate=0.001, loss='MSE', lradj='type1', model='FCA_v1', model_id='traffic_96_192', moving_avg=25, n_heads=10, num_workers=10, output_attention=False, partial_start_index=0, patience=10, pred_len=192, root_path='/data1/mazc/whxProject/Dataset/', seq_len=96, target='OT', target_data_path='electricity.csv', target_root_path='./data/electricity/', train_epochs=30, use_amp=False, use_gpu=True, use_multi_gpu=False, use_norm=True)
Use GPU: cuda:0
>>>>>>>start training : traffic_96_192_FCA_v1_custom_M_ft96_sl48_ll192_pl490_dm10_nh4_el1_dl512_df1_fctimeF_ebTrue_dtExp_projection_0>>>>>>>>>>>>>>>>>>>>>>>>>>
train 11993
val 1565
test 3317
	iters: 100, epoch: 1 | loss: 0.3920201
	speed: 0.3152s/iter; left time: 7050.7157s
	iters: 200, epoch: 1 | loss: 0.3183018
	speed: 0.2101s/iter; left time: 4680.0258s
	iters: 300, epoch: 1 | loss: 0.3410439
	speed: 0.2086s/iter; left time: 4624.6328s
	iters: 400, epoch: 1 | loss: 0.3346386
	speed: 0.2006s/iter; left time: 4427.9340s
	iters: 500, epoch: 1 | loss: 0.2975865
	speed: 0.2481s/iter; left time: 5450.6912s
	iters: 600, epoch: 1 | loss: 0.2744235
	speed: 0.2648s/iter; left time: 5792.2195s
	iters: 700, epoch: 1 | loss: 0.2915190
	speed: 0.2793s/iter; left time: 6080.1197s
Epoch: 1 cost time: 185.80176949501038
Epoch: 1, Steps: 749 | Train Loss: 0.3427104 Vali Loss: 0.4222620 Test Loss: 0.5017344
Validation loss decreased (inf --> 0.422262).  Saving model ...
Updating learning rate to 0.001
	iters: 100, epoch: 2 | loss: 0.3084268
	speed: 16.8363s/iter; left time: 364033.9852s
	iters: 200, epoch: 2 | loss: 0.2549024
	speed: 0.2776s/iter; left time: 5974.4269s
	iters: 300, epoch: 2 | loss: 0.2982602
	speed: 0.2906s/iter; left time: 6225.1758s
	iters: 400, epoch: 2 | loss: 0.2702537
	speed: 0.3016s/iter; left time: 6430.7458s
	iters: 500, epoch: 2 | loss: 0.3042533
	speed: 0.2871s/iter; left time: 6093.8802s
	iters: 600, epoch: 2 | loss: 0.3137293
	speed: 0.2870s/iter; left time: 6062.6025s
	iters: 700, epoch: 2 | loss: 0.2652462
	speed: 0.2775s/iter; left time: 5832.7241s
Epoch: 2 cost time: 210.64596796035767
Epoch: 2, Steps: 749 | Train Loss: 0.2820788 Vali Loss: 0.4062290 Test Loss: 0.4966572
Validation loss decreased (0.422262 --> 0.406229).  Saving model ...
Updating learning rate to 0.0005
	iters: 100, epoch: 3 | loss: 0.2454051
	speed: 20.8435s/iter; left time: 435067.3829s
	iters: 200, epoch: 3 | loss: 0.2636614
	speed: 0.2184s/iter; left time: 4536.9247s
	iters: 300, epoch: 3 | loss: 0.2859688
	speed: 0.1954s/iter; left time: 4038.8313s
	iters: 400, epoch: 3 | loss: 0.2912890
	speed: 0.1968s/iter; left time: 4048.9388s
	iters: 500, epoch: 3 | loss: 0.2528532
	speed: 0.2021s/iter; left time: 4138.5525s
	iters: 600, epoch: 3 | loss: 0.2587727
	speed: 0.1907s/iter; left time: 3885.8363s
	iters: 700, epoch: 3 | loss: 0.2347461
	speed: 0.1928s/iter; left time: 3908.1981s
Epoch: 3 cost time: 153.90568923950195
Epoch: 3, Steps: 749 | Train Loss: 0.2528126 Vali Loss: 0.3910219 Test Loss: 0.4776019
Validation loss decreased (0.406229 --> 0.391022).  Saving model ...
Updating learning rate to 0.00025
	iters: 100, epoch: 4 | loss: 0.2698667
	speed: 17.1261s/iter; left time: 344645.6375s
	iters: 200, epoch: 4 | loss: 0.2327949
	speed: 0.2917s/iter; left time: 5841.9669s
	iters: 300, epoch: 4 | loss: 0.2361469
	speed: 0.2669s/iter; left time: 5316.9302s
	iters: 400, epoch: 4 | loss: 0.2257487
	speed: 0.3137s/iter; left time: 6217.9693s
	iters: 500, epoch: 4 | loss: 0.2291284
	speed: 0.2892s/iter; left time: 5704.0384s
	iters: 600, epoch: 4 | loss: 0.2504387
	speed: 0.2654s/iter; left time: 5207.4992s
	iters: 700, epoch: 4 | loss: 0.2238782
	speed: 0.2804s/iter; left time: 5474.9491s
Epoch: 4 cost time: 219.5157492160797
Epoch: 4, Steps: 749 | Train Loss: 0.2399996 Vali Loss: 0.3812778 Test Loss: 0.4707300
Validation loss decreased (0.391022 --> 0.381278).  Saving model ...
Updating learning rate to 0.000125
	iters: 100, epoch: 5 | loss: 0.2456961
	speed: 19.7841s/iter; left time: 383317.2150s
	iters: 200, epoch: 5 | loss: 0.2310587
	speed: 0.2289s/iter; left time: 4412.8518s
	iters: 300, epoch: 5 | loss: 0.2331613
	speed: 0.2238s/iter; left time: 4291.1515s
	iters: 400, epoch: 5 | loss: 0.2327652
	speed: 0.2232s/iter; left time: 4257.2387s
	iters: 500, epoch: 5 | loss: 0.2177207
	speed: 0.2282s/iter; left time: 4329.1962s
	iters: 600, epoch: 5 | loss: 0.2330020
	speed: 0.2263s/iter; left time: 4271.8302s
	iters: 700, epoch: 5 | loss: 0.2192126
	speed: 0.2280s/iter; left time: 4281.5210s
Epoch: 5 cost time: 170.1075839996338
Epoch: 5, Steps: 749 | Train Loss: 0.2334068 Vali Loss: 0.3774853 Test Loss: 0.4688516
Validation loss decreased (0.381278 --> 0.377485).  Saving model ...
Updating learning rate to 6.25e-05
	iters: 100, epoch: 6 | loss: 0.2314019
	speed: 10.5819s/iter; left time: 197097.6152s
	iters: 200, epoch: 6 | loss: 0.2122799
	speed: 0.1795s/iter; left time: 3324.7275s
	iters: 300, epoch: 6 | loss: 0.2043751
	speed: 0.1671s/iter; left time: 3079.7879s
	iters: 400, epoch: 6 | loss: 0.2444854
	speed: 0.1581s/iter; left time: 2897.8467s
	iters: 500, epoch: 6 | loss: 0.2310808
	speed: 0.1676s/iter; left time: 3053.8607s
	iters: 600, epoch: 6 | loss: 0.2371211
	speed: 0.1696s/iter; left time: 3074.9717s
	iters: 700, epoch: 6 | loss: 0.2313835
	speed: 0.1714s/iter; left time: 3089.3324s
Epoch: 6 cost time: 130.4566946029663
Epoch: 6, Steps: 749 | Train Loss: 0.2296781 Vali Loss: 0.3749809 Test Loss: 0.4644722
Validation loss decreased (0.377485 --> 0.374981).  Saving model ...
Updating learning rate to 3.125e-05
	iters: 100, epoch: 7 | loss: 0.2289653
	speed: 16.8964s/iter; left time: 302056.0494s
	iters: 200, epoch: 7 | loss: 0.2447468
	speed: 0.2750s/iter; left time: 4889.2974s
	iters: 300, epoch: 7 | loss: 0.2114126
	speed: 0.2981s/iter; left time: 5268.9765s
	iters: 400, epoch: 7 | loss: 0.2237540
	speed: 0.2722s/iter; left time: 4783.8536s
	iters: 500, epoch: 7 | loss: 0.2114416
	speed: 0.2708s/iter; left time: 4732.4184s
	iters: 600, epoch: 7 | loss: 0.2297122
	speed: 0.2853s/iter; left time: 4957.9878s
	iters: 700, epoch: 7 | loss: 0.2223312
	speed: 0.2658s/iter; left time: 4591.9616s
Epoch: 7 cost time: 213.41300511360168
Epoch: 7, Steps: 749 | Train Loss: 0.2276277 Vali Loss: 0.3740739 Test Loss: 0.4646181
Validation loss decreased (0.374981 --> 0.374074).  Saving model ...
Updating learning rate to 1.5625e-05
	iters: 100, epoch: 8 | loss: 0.2181317
	speed: 12.4836s/iter; left time: 213819.8248s
	iters: 200, epoch: 8 | loss: 0.2261789
	speed: 0.1810s/iter; left time: 3082.5108s
	iters: 300, epoch: 8 | loss: 0.2128429
	speed: 0.1849s/iter; left time: 3130.7052s
	iters: 400, epoch: 8 | loss: 0.2336991
	speed: 0.1823s/iter; left time: 3068.5061s
	iters: 500, epoch: 8 | loss: 0.2323851
	speed: 0.1660s/iter; left time: 2777.3783s
	iters: 600, epoch: 8 | loss: 0.2246988
	speed: 0.1621s/iter; left time: 2695.7829s
	iters: 700, epoch: 8 | loss: 0.2364583
	speed: 0.1768s/iter; left time: 2922.3697s
Epoch: 8 cost time: 135.77694368362427
Epoch: 8, Steps: 749 | Train Loss: 0.2265097 Vali Loss: 0.3732966 Test Loss: 0.4630587
Validation loss decreased (0.374074 --> 0.373297).  Saving model ...
Updating learning rate to 7.8125e-06
	iters: 100, epoch: 9 | loss: 0.2189292
	speed: 16.5127s/iter; left time: 270461.3383s
	iters: 200, epoch: 9 | loss: 0.2384263
	speed: 0.2411s/iter; left time: 3924.6573s
	iters: 300, epoch: 9 | loss: 0.2116107
	speed: 0.2700s/iter; left time: 4368.0663s
	iters: 400, epoch: 9 | loss: 0.2343850
	speed: 0.2752s/iter; left time: 4424.2313s
	iters: 500, epoch: 9 | loss: 0.2159938
	speed: 0.2823s/iter; left time: 4511.3883s
	iters: 600, epoch: 9 | loss: 0.2193197
	speed: 0.2605s/iter; left time: 4135.8475s
	iters: 700, epoch: 9 | loss: 0.2408926
	speed: 0.2525s/iter; left time: 3984.4380s
Epoch: 9 cost time: 205.07711791992188
Epoch: 9, Steps: 749 | Train Loss: 0.2259107 Vali Loss: 0.3729517 Test Loss: 0.4626381
Validation loss decreased (0.373297 --> 0.372952).  Saving model ...
Updating learning rate to 3.90625e-06
	iters: 100, epoch: 10 | loss: 0.2128870
	speed: 19.1026s/iter; left time: 298573.6641s
	iters: 200, epoch: 10 | loss: 0.2332703
	speed: 0.2626s/iter; left time: 4077.5759s
	iters: 300, epoch: 10 | loss: 0.2209903
	speed: 0.2819s/iter; left time: 4349.7864s
	iters: 400, epoch: 10 | loss: 0.2448403
	speed: 0.2581s/iter; left time: 3956.4728s
	iters: 500, epoch: 10 | loss: 0.2230467
	speed: 0.2557s/iter; left time: 3893.6871s
	iters: 600, epoch: 10 | loss: 0.2191399
	speed: 0.2683s/iter; left time: 4058.6935s
	iters: 700, epoch: 10 | loss: 0.2298963
	speed: 0.2606s/iter; left time: 3917.4311s
Epoch: 10 cost time: 201.40372133255005
Epoch: 10, Steps: 749 | Train Loss: 0.2255896 Vali Loss: 0.3731854 Test Loss: 0.4626402
EarlyStopping counter: 1 out of 10
Updating learning rate to 1.953125e-06
	iters: 100, epoch: 11 | loss: 0.2343692
	speed: 16.2088s/iter; left time: 241203.6084s
	iters: 200, epoch: 11 | loss: 0.2292580
	speed: 0.2438s/iter; left time: 3603.0185s
	iters: 300, epoch: 11 | loss: 0.2251020
	speed: 0.2821s/iter; left time: 4141.6843s
	iters: 400, epoch: 11 | loss: 0.2062554
	speed: 0.2759s/iter; left time: 4022.2528s
	iters: 500, epoch: 11 | loss: 0.2110514
	speed: 0.2167s/iter; left time: 3137.8561s
	iters: 600, epoch: 11 | loss: 0.2093160
	speed: 0.2233s/iter; left time: 3211.8842s
	iters: 700, epoch: 11 | loss: 0.2157905
	speed: 0.2180s/iter; left time: 3113.6237s
Epoch: 11 cost time: 189.21846175193787
Epoch: 11, Steps: 749 | Train Loss: 0.2254376 Vali Loss: 0.3728874 Test Loss: 0.4624202
Validation loss decreased (0.372952 --> 0.372887).  Saving model ...
Updating learning rate to 9.765625e-07
	iters: 100, epoch: 12 | loss: 0.2422236
	speed: 13.8983s/iter; left time: 196411.3123s
	iters: 200, epoch: 12 | loss: 0.2128091
	speed: 0.2790s/iter; left time: 3915.5749s
	iters: 300, epoch: 12 | loss: 0.2102441
	speed: 0.2343s/iter; left time: 3264.7474s
	iters: 400, epoch: 12 | loss: 0.2337785
	speed: 0.2599s/iter; left time: 3594.3842s
	iters: 500, epoch: 12 | loss: 0.2325621
	speed: 0.2392s/iter; left time: 3285.0408s
	iters: 600, epoch: 12 | loss: 0.2230859
	speed: 0.2182s/iter; left time: 2974.7450s
	iters: 700, epoch: 12 | loss: 0.2242281
	speed: 0.2410s/iter; left time: 3261.8461s
Epoch: 12 cost time: 190.05496406555176
Epoch: 12, Steps: 749 | Train Loss: 0.2253464 Vali Loss: 0.3731249 Test Loss: 0.4623978
EarlyStopping counter: 1 out of 10
Updating learning rate to 4.8828125e-07
	iters: 100, epoch: 13 | loss: 0.2344855
	speed: 20.2637s/iter; left time: 271189.4412s
	iters: 200, epoch: 13 | loss: 0.2238713
	speed: 0.2335s/iter; left time: 3101.9539s
	iters: 300, epoch: 13 | loss: 0.2219233
	speed: 0.2580s/iter; left time: 3400.8757s
	iters: 400, epoch: 13 | loss: 0.2465221
	speed: 0.2805s/iter; left time: 3670.3901s
	iters: 500, epoch: 13 | loss: 0.2107114
	speed: 0.2617s/iter; left time: 3397.7677s
	iters: 600, epoch: 13 | loss: 0.2098806
	speed: 0.2740s/iter; left time: 3530.3410s
	iters: 700, epoch: 13 | loss: 0.2388425
	speed: 0.2596s/iter; left time: 3318.1832s
Epoch: 13 cost time: 198.55833673477173
Epoch: 13, Steps: 749 | Train Loss: 0.2253082 Vali Loss: 0.3728843 Test Loss: 0.4624141
Validation loss decreased (0.372887 --> 0.372884).  Saving model ...
Updating learning rate to 2.44140625e-07
	iters: 100, epoch: 14 | loss: 0.2329527
	speed: 23.5245s/iter; left time: 297208.6717s
	iters: 200, epoch: 14 | loss: 0.2066033
	speed: 0.2807s/iter; left time: 3518.9074s
	iters: 300, epoch: 14 | loss: 0.2255222
	speed: 0.2691s/iter; left time: 3345.3946s
	iters: 400, epoch: 14 | loss: 0.2060629
	speed: 0.2594s/iter; left time: 3199.8314s
	iters: 500, epoch: 14 | loss: 0.2287112
	speed: 0.2680s/iter; left time: 3278.9696s
	iters: 600, epoch: 14 | loss: 0.2578345
	speed: 0.2587s/iter; left time: 3139.1004s
	iters: 700, epoch: 14 | loss: 0.2218154
	speed: 0.2644s/iter; left time: 3182.2106s
Epoch: 14 cost time: 207.05259776115417
Epoch: 14, Steps: 749 | Train Loss: 0.2252763 Vali Loss: 0.3729679 Test Loss: 0.4624152
EarlyStopping counter: 1 out of 10
Updating learning rate to 1.220703125e-07
	iters: 100, epoch: 15 | loss: 0.2315672
	speed: 20.3180s/iter; left time: 241479.3698s
	iters: 200, epoch: 15 | loss: 0.2285413
	speed: 0.2624s/iter; left time: 3092.3358s
	iters: 300, epoch: 15 | loss: 0.2118395
	speed: 0.2855s/iter; left time: 3336.5917s
	iters: 400, epoch: 15 | loss: 0.2327901
	speed: 0.2922s/iter; left time: 3385.4402s
	iters: 500, epoch: 15 | loss: 0.2173155
	speed: 0.2810s/iter; left time: 3226.7679s
	iters: 600, epoch: 15 | loss: 0.2323465
	speed: 0.2886s/iter; left time: 3286.1527s
	iters: 700, epoch: 15 | loss: 0.2294337
	speed: 0.2653s/iter; left time: 2993.3961s
Epoch: 15 cost time: 208.4418547153473
Epoch: 15, Steps: 749 | Train Loss: 0.2252552 Vali Loss: 0.3728079 Test Loss: 0.4624148
Validation loss decreased (0.372884 --> 0.372808).  Saving model ...
Updating learning rate to 6.103515625e-08
	iters: 100, epoch: 16 | loss: 0.2231024
	speed: 20.7655s/iter; left time: 231244.1734s
	iters: 200, epoch: 16 | loss: 0.2142676
	speed: 0.3136s/iter; left time: 3460.6054s
	iters: 300, epoch: 16 | loss: 0.2286685
	speed: 0.2815s/iter; left time: 3078.2845s
	iters: 400, epoch: 16 | loss: 0.2099696
	speed: 0.2949s/iter; left time: 3195.7899s
	iters: 500, epoch: 16 | loss: 0.2319135
	speed: 0.3002s/iter; left time: 3223.1509s
	iters: 600, epoch: 16 | loss: 0.2287122
	speed: 0.3071s/iter; left time: 3266.5935s
	iters: 700, epoch: 16 | loss: 0.2224930
	speed: 0.2820s/iter; left time: 2970.9406s
Epoch: 16 cost time: 229.25829005241394
Epoch: 16, Steps: 749 | Train Loss: 0.2252493 Vali Loss: 0.3727511 Test Loss: 0.4624131
Validation loss decreased (0.372808 --> 0.372751).  Saving model ...
Updating learning rate to 3.0517578125e-08
	iters: 100, epoch: 17 | loss: 0.2352003
	speed: 18.3282s/iter; left time: 190374.5274s
	iters: 200, epoch: 17 | loss: 0.2068016
	speed: 0.3158s/iter; left time: 3248.9773s
	iters: 300, epoch: 17 | loss: 0.2369797
	speed: 0.2715s/iter; left time: 2765.7315s
	iters: 400, epoch: 17 | loss: 0.2236963
	speed: 0.2915s/iter; left time: 2940.1097s
	iters: 500, epoch: 17 | loss: 0.2237072
	speed: 0.2787s/iter; left time: 2783.0993s
	iters: 600, epoch: 17 | loss: 0.2311470
	speed: 0.2939s/iter; left time: 2905.3466s
	iters: 700, epoch: 17 | loss: 0.2774479
	speed: 0.2663s/iter; left time: 2606.1098s
Epoch: 17 cost time: 222.70232677459717
Epoch: 17, Steps: 749 | Train Loss: 0.2252523 Vali Loss: 0.3730573 Test Loss: 0.4624121
EarlyStopping counter: 1 out of 10
Updating learning rate to 1.52587890625e-08
	iters: 100, epoch: 18 | loss: 0.2494916
	speed: 17.6249s/iter; left time: 169868.8638s
	iters: 200, epoch: 18 | loss: 0.2204783
	speed: 0.3036s/iter; left time: 2895.3534s
	iters: 300, epoch: 18 | loss: 0.2007555
	speed: 0.2864s/iter; left time: 2702.6586s
	iters: 400, epoch: 18 | loss: 0.2164718
	speed: 0.2639s/iter; left time: 2464.6405s
	iters: 500, epoch: 18 | loss: 0.2329475
	speed: 0.2781s/iter; left time: 2569.1960s
	iters: 600, epoch: 18 | loss: 0.2253822
	speed: 0.2697s/iter; left time: 2464.7031s
	iters: 700, epoch: 18 | loss: 0.2327188
	speed: 0.2711s/iter; left time: 2450.2892s
Epoch: 18 cost time: 212.29547905921936
Epoch: 18, Steps: 749 | Train Loss: 0.2252425 Vali Loss: 0.3727709 Test Loss: 0.4624123
EarlyStopping counter: 2 out of 10
Updating learning rate to 7.62939453125e-09
	iters: 100, epoch: 19 | loss: 0.2081496
	speed: 17.4672s/iter; left time: 155266.0751s
	iters: 200, epoch: 19 | loss: 0.2242139
	speed: 0.2201s/iter; left time: 1934.2417s
	iters: 300, epoch: 19 | loss: 0.2354199
	speed: 0.2216s/iter; left time: 1925.7253s
	iters: 400, epoch: 19 | loss: 0.2290250
	speed: 0.2267s/iter; left time: 1947.1122s
	iters: 500, epoch: 19 | loss: 0.2115967
	speed: 0.2538s/iter; left time: 2154.8209s
	iters: 600, epoch: 19 | loss: 0.2190975
	speed: 0.2490s/iter; left time: 2089.2540s
	iters: 700, epoch: 19 | loss: 0.2429322
	speed: 0.2398s/iter; left time: 1987.6812s
Epoch: 19 cost time: 178.25465369224548
Epoch: 19, Steps: 749 | Train Loss: 0.2252526 Vali Loss: 0.3731965 Test Loss: 0.4624121
EarlyStopping counter: 3 out of 10
Updating learning rate to 3.814697265625e-09
	iters: 100, epoch: 20 | loss: 0.2202859
	speed: 16.4110s/iter; left time: 133585.4003s
	iters: 200, epoch: 20 | loss: 0.2350977
	speed: 0.2550s/iter; left time: 2049.8351s
	iters: 300, epoch: 20 | loss: 0.2196719
	speed: 0.2421s/iter; left time: 1922.0390s
	iters: 400, epoch: 20 | loss: 0.2326315
	speed: 0.2295s/iter; left time: 1799.1511s
	iters: 500, epoch: 20 | loss: 0.2293835
	speed: 0.2156s/iter; left time: 1668.7801s
	iters: 600, epoch: 20 | loss: 0.2141978
	speed: 0.2155s/iter; left time: 1646.7121s
	iters: 700, epoch: 20 | loss: 0.2347668
	speed: 0.2305s/iter; left time: 1737.7786s
Epoch: 20 cost time: 178.49473094940186
Epoch: 20, Steps: 749 | Train Loss: 0.2252360 Vali Loss: 0.3730168 Test Loss: 0.4624121
EarlyStopping counter: 4 out of 10
Updating learning rate to 1.9073486328125e-09
	iters: 100, epoch: 21 | loss: 0.2131672
	speed: 16.2298s/iter; left time: 119954.6989s
	iters: 200, epoch: 21 | loss: 0.2208063
	speed: 0.2526s/iter; left time: 1841.3889s
	iters: 300, epoch: 21 | loss: 0.2271930
	speed: 0.2426s/iter; left time: 1744.6061s
	iters: 400, epoch: 21 | loss: 0.2542050
	speed: 0.2095s/iter; left time: 1485.3067s
	iters: 500, epoch: 21 | loss: 0.2259661
	speed: 0.2461s/iter; left time: 1720.2520s
	iters: 600, epoch: 21 | loss: 0.2274024
	speed: 0.2409s/iter; left time: 1660.3583s
	iters: 700, epoch: 21 | loss: 0.2421508
	speed: 0.2353s/iter; left time: 1597.9742s
Epoch: 21 cost time: 187.31015372276306
Epoch: 21, Steps: 749 | Train Loss: 0.2252376 Vali Loss: 0.3723276 Test Loss: 0.4624120
Validation loss decreased (0.372751 --> 0.372328).  Saving model ...
Updating learning rate to 9.5367431640625e-10
	iters: 100, epoch: 22 | loss: 0.2412092
	speed: 16.3220s/iter; left time: 108410.5999s
	iters: 200, epoch: 22 | loss: 0.2134261
	speed: 0.2435s/iter; left time: 1592.6989s
	iters: 300, epoch: 22 | loss: 0.2445827
	speed: 0.2231s/iter; left time: 1437.4197s
	iters: 400, epoch: 22 | loss: 0.2134613
	speed: 0.2321s/iter; left time: 1472.1242s
	iters: 500, epoch: 22 | loss: 0.2182228
	speed: 0.2580s/iter; left time: 1610.6066s
	iters: 600, epoch: 22 | loss: 0.2045865
	speed: 0.2728s/iter; left time: 1675.5651s
	iters: 700, epoch: 22 | loss: 0.2368508
	speed: 0.2404s/iter; left time: 1452.7931s
Epoch: 22 cost time: 186.42286682128906
Epoch: 22, Steps: 749 | Train Loss: 0.2252798 Vali Loss: 0.3727837 Test Loss: 0.4624121
EarlyStopping counter: 1 out of 10
Updating learning rate to 4.76837158203125e-10
	iters: 100, epoch: 23 | loss: 0.2222269
	speed: 16.2815s/iter; left time: 95947.1373s
	iters: 200, epoch: 23 | loss: 0.2243477
	speed: 0.2347s/iter; left time: 1359.4091s
	iters: 300, epoch: 23 | loss: 0.2313316
	speed: 0.2377s/iter; left time: 1353.4232s
	iters: 400, epoch: 23 | loss: 0.2160136
	speed: 0.2452s/iter; left time: 1371.2054s
	iters: 500, epoch: 23 | loss: 0.2229261
	speed: 0.2372s/iter; left time: 1302.9166s
	iters: 600, epoch: 23 | loss: 0.2507304
	speed: 0.2153s/iter; left time: 1160.8513s
	iters: 700, epoch: 23 | loss: 0.2256398
	speed: 0.2183s/iter; left time: 1155.3388s
Epoch: 23 cost time: 177.12104678153992
Epoch: 23, Steps: 749 | Train Loss: 0.2252615 Vali Loss: 0.3728310 Test Loss: 0.4624121
EarlyStopping counter: 2 out of 10
Updating learning rate to 2.384185791015625e-10
	iters: 100, epoch: 24 | loss: 0.2297290
	speed: 13.4310s/iter; left time: 69088.8184s
	iters: 200, epoch: 24 | loss: 0.2172398
	speed: 0.1949s/iter; left time: 983.2622s
	iters: 300, epoch: 24 | loss: 0.2061968
	speed: 0.1767s/iter; left time: 873.5712s
	iters: 400, epoch: 24 | loss: 0.2180903
	speed: 0.1751s/iter; left time: 848.3505s
	iters: 500, epoch: 24 | loss: 0.2392024
	speed: 0.1692s/iter; left time: 802.4709s
	iters: 600, epoch: 24 | loss: 0.2250945
	speed: 0.1727s/iter; left time: 801.9993s
	iters: 700, epoch: 24 | loss: 0.2141498
	speed: 0.1690s/iter; left time: 768.0610s
Epoch: 24 cost time: 137.55742120742798
Epoch: 24, Steps: 749 | Train Loss: 0.2252591 Vali Loss: 0.3726153 Test Loss: 0.4624121
EarlyStopping counter: 3 out of 10
Updating learning rate to 1.1920928955078125e-10
	iters: 100, epoch: 25 | loss: 0.2248773
	speed: 10.3420s/iter; left time: 45452.9138s
	iters: 200, epoch: 25 | loss: 0.2358521
	speed: 0.1469s/iter; left time: 630.9776s
	iters: 300, epoch: 25 | loss: 0.2375588
	speed: 0.1525s/iter; left time: 639.7051s
	iters: 400, epoch: 25 | loss: 0.2281429
	speed: 0.1489s/iter; left time: 609.8847s
	iters: 500, epoch: 25 | loss: 0.2202596
	speed: 0.1492s/iter; left time: 596.2395s
	iters: 600, epoch: 25 | loss: 0.2314313
	speed: 0.1572s/iter; left time: 612.4538s
	iters: 700, epoch: 25 | loss: 0.2337190
	speed: 0.1646s/iter; left time: 624.6491s
Epoch: 25 cost time: 116.93793249130249
Epoch: 25, Steps: 749 | Train Loss: 0.2252730 Vali Loss: 0.3731298 Test Loss: 0.4624121
EarlyStopping counter: 4 out of 10
Updating learning rate to 5.960464477539063e-11
	iters: 100, epoch: 26 | loss: 0.2122412
	speed: 6.7853s/iter; left time: 24739.3715s
	iters: 200, epoch: 26 | loss: 0.2025840
	speed: 0.1367s/iter; left time: 484.8954s
	iters: 300, epoch: 26 | loss: 0.2426947
	speed: 0.1372s/iter; left time: 472.9258s
	iters: 400, epoch: 26 | loss: 0.2195997
	speed: 0.1365s/iter; left time: 456.8265s
	iters: 500, epoch: 26 | loss: 0.2238830
	speed: 0.1378s/iter; left time: 447.2880s
	iters: 600, epoch: 26 | loss: 0.2032136
	speed: 0.1387s/iter; left time: 436.4022s
	iters: 700, epoch: 26 | loss: 0.2105635
	speed: 0.1345s/iter; left time: 409.7243s
Epoch: 26 cost time: 105.39904499053955
Epoch: 26, Steps: 749 | Train Loss: 0.2252786 Vali Loss: 0.3731255 Test Loss: 0.4624121
EarlyStopping counter: 5 out of 10
Updating learning rate to 2.980232238769531e-11
	iters: 100, epoch: 27 | loss: 0.2311817
	speed: 6.6856s/iter; left time: 19368.0492s
	iters: 200, epoch: 27 | loss: 0.2063301
	speed: 0.1491s/iter; left time: 417.0478s
	iters: 300, epoch: 27 | loss: 0.2186904
	speed: 0.1483s/iter; left time: 399.9364s
	iters: 400, epoch: 27 | loss: 0.2230413
	speed: 0.1522s/iter; left time: 395.2046s
	iters: 500, epoch: 27 | loss: 0.2130737
	speed: 0.1542s/iter; left time: 385.1499s
	iters: 600, epoch: 27 | loss: 0.2326719
	speed: 0.1532s/iter; left time: 367.1813s
	iters: 700, epoch: 27 | loss: 0.2193564
	speed: 0.1360s/iter; left time: 312.5014s
Epoch: 27 cost time: 112.84442400932312
Epoch: 27, Steps: 749 | Train Loss: 0.2252419 Vali Loss: 0.3727025 Test Loss: 0.4624121
EarlyStopping counter: 6 out of 10
Updating learning rate to 1.4901161193847657e-11
	iters: 100, epoch: 28 | loss: 0.2328894
	speed: 6.8652s/iter; left time: 14746.4928s
	iters: 200, epoch: 28 | loss: 0.2366810
	speed: 0.1491s/iter; left time: 305.3557s
	iters: 300, epoch: 28 | loss: 0.2061415
	speed: 0.1514s/iter; left time: 294.8311s
	iters: 400, epoch: 28 | loss: 0.2149851
	speed: 0.1473s/iter; left time: 272.2153s
	iters: 500, epoch: 28 | loss: 0.2092909
	speed: 0.1481s/iter; left time: 258.8848s
	iters: 600, epoch: 28 | loss: 0.2180416
	speed: 0.1493s/iter; left time: 246.1061s
	iters: 700, epoch: 28 | loss: 0.2401378
	speed: 0.1485s/iter; left time: 229.8646s
Epoch: 28 cost time: 112.47048330307007
Epoch: 28, Steps: 749 | Train Loss: 0.2252557 Vali Loss: 0.3729501 Test Loss: 0.4624121
EarlyStopping counter: 7 out of 10
Updating learning rate to 7.450580596923828e-12
	iters: 100, epoch: 29 | loss: 0.2433498
	speed: 6.9112s/iter; left time: 9668.7103s
	iters: 200, epoch: 29 | loss: 0.2153237
	speed: 0.1338s/iter; left time: 173.8489s
	iters: 300, epoch: 29 | loss: 0.2210415
	speed: 0.1364s/iter; left time: 163.5118s
	iters: 400, epoch: 29 | loss: 0.2310585
	speed: 0.1359s/iter; left time: 149.3611s
	iters: 500, epoch: 29 | loss: 0.2408877
	speed: 0.1344s/iter; left time: 134.2840s
	iters: 600, epoch: 29 | loss: 0.2361453
	speed: 0.1351s/iter; left time: 121.4196s
	iters: 700, epoch: 29 | loss: 0.2133782
	speed: 0.1386s/iter; left time: 110.7028s
Epoch: 29 cost time: 104.51121878623962
Epoch: 29, Steps: 749 | Train Loss: 0.2252401 Vali Loss: 0.3729664 Test Loss: 0.4624121
EarlyStopping counter: 8 out of 10
Updating learning rate to 3.725290298461914e-12
	iters: 100, epoch: 30 | loss: 0.2338989
	speed: 6.4542s/iter; left time: 4195.2527s
	iters: 200, epoch: 30 | loss: 0.2163362
	speed: 0.1492s/iter; left time: 82.0533s
	iters: 300, epoch: 30 | loss: 0.2160437
	speed: 0.1482s/iter; left time: 66.6906s
	iters: 400, epoch: 30 | loss: 0.2386654
	speed: 0.1525s/iter; left time: 53.3815s
	iters: 500, epoch: 30 | loss: 0.2218024
	speed: 0.1526s/iter; left time: 38.1444s
	iters: 600, epoch: 30 | loss: 0.2150992
	speed: 0.1534s/iter; left time: 23.0131s
	iters: 700, epoch: 30 | loss: 0.2164837
	speed: 0.1564s/iter; left time: 7.8176s
Epoch: 30 cost time: 115.73140120506287
Epoch: 30, Steps: 749 | Train Loss: 0.2252658 Vali Loss: 0.3729662 Test Loss: 0.4624121
EarlyStopping counter: 9 out of 10
Updating learning rate to 1.862645149230957e-12
>>>>>>>testing : traffic_96_192_FCA_v1_custom_M_ft96_sl48_ll192_pl490_dm10_nh4_el1_dl512_df1_fctimeF_ebTrue_dtExp_projection_0<<<<<<<<<<<<<<<<<<<<<<<<<<<<<<<<<
test 3317
test shape: (3317, 1, 192, 862) (3317, 1, 192, 862)
test shape: (3317, 192, 862) (3317, 192, 862)
mse:0.4624136686325073, mae:0.2815013527870178
