Args in experiment:
Namespace(Decomposition=1, activation='gelu', batch_size=32, c_out=7, channel_independence=False, checkpoints='./checkpoints/', class_strategy='projection', d_ff=128, d_layers=1, d_model=147, d_ortho=49, data='ETTm2', data_path='ETTm2.csv', dec_in=7, des='Exp', devices='0,1', distil=True, do_predict=False, dropout=0.1, e_layers=2, efficient_training=False, embed='timeF', enc_in=7, exp_name='MTSF', factor=1, features='M', freq='h', gpu=0, inverse=False, is_training=1, itr=1, kernel_size=25, label_len=48, learning_rate=0.0001, loss='MSE', lradj='type1', model='FCA_v1', model_id='ETTm2_96_96', moving_avg=25, n_heads=3, num_workers=10, output_attention=False, partial_start_index=0, patience=10, pred_len=96, root_path='/data1/mazc/whxProject/Dataset/', seq_len=96, target='OT', target_data_path='electricity.csv', target_root_path='./data/electricity/', train_epochs=30, use_amp=False, use_gpu=True, use_multi_gpu=False, use_norm=True)
Use GPU: cuda:0
>>>>>>>start training : ETTm2_96_96_FCA_v1_ETTm2_M_ft96_sl48_ll96_pl147_dm3_nh2_el1_dl128_df1_fctimeF_ebTrue_dtExp_projection_0>>>>>>>>>>>>>>>>>>>>>>>>>>
train 34369
val 11425
test 11425
	iters: 100, epoch: 1 | loss: 0.2514851
	speed: 0.0404s/iter; left time: 1296.9851s
	iters: 200, epoch: 1 | loss: 0.1928735
	speed: 0.0220s/iter; left time: 704.1924s
	iters: 300, epoch: 1 | loss: 0.2731103
	speed: 0.0168s/iter; left time: 537.2878s
	iters: 400, epoch: 1 | loss: 0.2655535
	speed: 0.0190s/iter; left time: 604.7861s
	iters: 500, epoch: 1 | loss: 0.2976282
	speed: 0.0189s/iter; left time: 598.2567s
	iters: 600, epoch: 1 | loss: 0.1871195
	speed: 0.0185s/iter; left time: 586.1531s
	iters: 700, epoch: 1 | loss: 0.4414341
	speed: 0.0186s/iter; left time: 586.8263s
	iters: 800, epoch: 1 | loss: 0.2911712
	speed: 0.0205s/iter; left time: 644.7939s
	iters: 900, epoch: 1 | loss: 0.1355561
	speed: 0.0239s/iter; left time: 749.1393s
	iters: 1000, epoch: 1 | loss: 0.2535964
	speed: 0.0245s/iter; left time: 765.7242s
Epoch: 1 cost time: 23.9855637550354
Epoch: 1, Steps: 1074 | Train Loss: 0.2509950 Vali Loss: 0.1362099 Test Loss: 0.1867621
Validation loss decreased (inf --> 0.136210).  Saving model ...
Updating learning rate to 0.0001
	iters: 100, epoch: 2 | loss: 0.1613567
	speed: 0.5834s/iter; left time: 18114.1453s
	iters: 200, epoch: 2 | loss: 0.1980280
	speed: 0.0131s/iter; left time: 406.1797s
	iters: 300, epoch: 2 | loss: 0.1958055
	speed: 0.0144s/iter; left time: 442.7775s
	iters: 400, epoch: 2 | loss: 0.4081026
	speed: 0.0124s/iter; left time: 381.9840s
	iters: 500, epoch: 2 | loss: 0.2043789
	speed: 0.0121s/iter; left time: 372.0572s
	iters: 600, epoch: 2 | loss: 0.2205126
	speed: 0.0167s/iter; left time: 511.1380s
	iters: 700, epoch: 2 | loss: 0.1949575
	speed: 0.0187s/iter; left time: 568.9871s
	iters: 800, epoch: 2 | loss: 0.2683468
	speed: 0.0219s/iter; left time: 664.7756s
	iters: 900, epoch: 2 | loss: 0.2115029
	speed: 0.0226s/iter; left time: 684.1282s
	iters: 1000, epoch: 2 | loss: 0.2231418
	speed: 0.0186s/iter; left time: 561.5429s
Epoch: 2 cost time: 18.980427742004395
Epoch: 2, Steps: 1074 | Train Loss: 0.2331816 Vali Loss: 0.1310564 Test Loss: 0.1814021
Validation loss decreased (0.136210 --> 0.131056).  Saving model ...
Updating learning rate to 5e-05
	iters: 100, epoch: 3 | loss: 0.1293351
	speed: 0.5609s/iter; left time: 16810.5905s
	iters: 200, epoch: 3 | loss: 0.2259222
	speed: 0.0104s/iter; left time: 310.2029s
	iters: 300, epoch: 3 | loss: 0.1750006
	speed: 0.0175s/iter; left time: 520.3058s
	iters: 400, epoch: 3 | loss: 0.2912677
	speed: 0.0211s/iter; left time: 626.9189s
	iters: 500, epoch: 3 | loss: 0.1843504
	speed: 0.0171s/iter; left time: 506.6174s
	iters: 600, epoch: 3 | loss: 0.2937997
	speed: 0.0193s/iter; left time: 570.0208s
	iters: 700, epoch: 3 | loss: 0.1293751
	speed: 0.0184s/iter; left time: 540.5060s
	iters: 800, epoch: 3 | loss: 0.1926901
	speed: 0.0189s/iter; left time: 552.6860s
	iters: 900, epoch: 3 | loss: 0.2242615
	speed: 0.0190s/iter; left time: 554.0665s
	iters: 1000, epoch: 3 | loss: 0.2245782
	speed: 0.0191s/iter; left time: 556.3982s
Epoch: 3 cost time: 19.511799335479736
Epoch: 3, Steps: 1074 | Train Loss: 0.2257195 Vali Loss: 0.1306522 Test Loss: 0.1816135
Validation loss decreased (0.131056 --> 0.130652).  Saving model ...
Updating learning rate to 2.5e-05
	iters: 100, epoch: 4 | loss: 0.1231299
	speed: 0.5493s/iter; left time: 15873.7964s
	iters: 200, epoch: 4 | loss: 0.4695296
	speed: 0.0213s/iter; left time: 614.3935s
	iters: 300, epoch: 4 | loss: 0.2501209
	speed: 0.0234s/iter; left time: 670.9490s
	iters: 400, epoch: 4 | loss: 0.1909057
	speed: 0.0230s/iter; left time: 657.9143s
	iters: 500, epoch: 4 | loss: 0.2546732
	speed: 0.0167s/iter; left time: 477.1995s
	iters: 600, epoch: 4 | loss: 0.1346658
	speed: 0.0157s/iter; left time: 446.7756s
	iters: 700, epoch: 4 | loss: 0.1234801
	speed: 0.0176s/iter; left time: 497.5908s
	iters: 800, epoch: 4 | loss: 0.1589509
	speed: 0.0175s/iter; left time: 493.8739s
	iters: 900, epoch: 4 | loss: 0.2743526
	speed: 0.0188s/iter; left time: 529.1658s
	iters: 1000, epoch: 4 | loss: 0.2435719
	speed: 0.0176s/iter; left time: 492.0033s
Epoch: 4 cost time: 20.916822910308838
Epoch: 4, Steps: 1074 | Train Loss: 0.2223659 Vali Loss: 0.1295183 Test Loss: 0.1806822
Validation loss decreased (0.130652 --> 0.129518).  Saving model ...
Updating learning rate to 1.25e-05
	iters: 100, epoch: 5 | loss: 0.3009700
	speed: 0.5514s/iter; left time: 15342.8605s
	iters: 200, epoch: 5 | loss: 0.1684111
	speed: 0.0207s/iter; left time: 574.8892s
	iters: 300, epoch: 5 | loss: 0.1747946
	speed: 0.0242s/iter; left time: 668.3109s
	iters: 400, epoch: 5 | loss: 0.5172448
	speed: 0.0241s/iter; left time: 663.6437s
	iters: 500, epoch: 5 | loss: 0.2133200
	speed: 0.0240s/iter; left time: 657.8290s
	iters: 600, epoch: 5 | loss: 0.1205881
	speed: 0.0184s/iter; left time: 503.0952s
	iters: 700, epoch: 5 | loss: 0.2263663
	speed: 0.0135s/iter; left time: 368.6859s
	iters: 800, epoch: 5 | loss: 0.1524135
	speed: 0.0153s/iter; left time: 415.9261s
	iters: 900, epoch: 5 | loss: 0.2109016
	speed: 0.0187s/iter; left time: 504.8505s
	iters: 1000, epoch: 5 | loss: 0.3666465
	speed: 0.0177s/iter; left time: 475.4070s
Epoch: 5 cost time: 21.640461206436157
Epoch: 5, Steps: 1074 | Train Loss: 0.2207112 Vali Loss: 0.1296116 Test Loss: 0.1808061
EarlyStopping counter: 1 out of 10
Updating learning rate to 6.25e-06
	iters: 100, epoch: 6 | loss: 0.1717424
	speed: 0.5741s/iter; left time: 15358.4955s
	iters: 200, epoch: 6 | loss: 0.1930770
	speed: 0.0200s/iter; left time: 532.0523s
	iters: 300, epoch: 6 | loss: 0.1501150
	speed: 0.0125s/iter; left time: 332.1276s
	iters: 400, epoch: 6 | loss: 0.1541626
	speed: 0.0150s/iter; left time: 397.9869s
	iters: 500, epoch: 6 | loss: 0.2649772
	speed: 0.0218s/iter; left time: 574.4588s
	iters: 600, epoch: 6 | loss: 0.1434815
	speed: 0.0121s/iter; left time: 316.4362s
	iters: 700, epoch: 6 | loss: 0.2359184
	speed: 0.0120s/iter; left time: 314.0766s
	iters: 800, epoch: 6 | loss: 0.1851152
	speed: 0.0137s/iter; left time: 355.9855s
	iters: 900, epoch: 6 | loss: 0.1458606
	speed: 0.0222s/iter; left time: 576.8114s
	iters: 1000, epoch: 6 | loss: 0.1490666
	speed: 0.0244s/iter; left time: 629.7778s
Epoch: 6 cost time: 19.071415662765503
Epoch: 6, Steps: 1074 | Train Loss: 0.2200747 Vali Loss: 0.1291950 Test Loss: 0.1803009
Validation loss decreased (0.129518 --> 0.129195).  Saving model ...
Updating learning rate to 3.125e-06
	iters: 100, epoch: 7 | loss: 0.1811181
	speed: 0.5622s/iter; left time: 14436.2732s
	iters: 200, epoch: 7 | loss: 0.2475383
	speed: 0.0166s/iter; left time: 423.9279s
	iters: 300, epoch: 7 | loss: 0.2590517
	speed: 0.0192s/iter; left time: 489.2633s
	iters: 400, epoch: 7 | loss: 0.2161189
	speed: 0.0189s/iter; left time: 480.7128s
	iters: 500, epoch: 7 | loss: 0.5148283
	speed: 0.0190s/iter; left time: 479.5764s
	iters: 600, epoch: 7 | loss: 0.1392449
	speed: 0.0189s/iter; left time: 476.8829s
	iters: 700, epoch: 7 | loss: 0.1636326
	speed: 0.0189s/iter; left time: 473.3327s
	iters: 800, epoch: 7 | loss: 0.1535881
	speed: 0.0194s/iter; left time: 484.1493s
	iters: 900, epoch: 7 | loss: 0.1550791
	speed: 0.0199s/iter; left time: 495.3152s
	iters: 1000, epoch: 7 | loss: 0.2033940
	speed: 0.0208s/iter; left time: 514.8093s
Epoch: 7 cost time: 21.405547618865967
Epoch: 7, Steps: 1074 | Train Loss: 0.2197732 Vali Loss: 0.1292724 Test Loss: 0.1806546
EarlyStopping counter: 1 out of 10
Updating learning rate to 1.5625e-06
	iters: 100, epoch: 8 | loss: 0.1404007
	speed: 0.5700s/iter; left time: 14023.5352s
	iters: 200, epoch: 8 | loss: 0.2958773
	speed: 0.0181s/iter; left time: 442.6093s
	iters: 300, epoch: 8 | loss: 0.1537519
	speed: 0.0137s/iter; left time: 334.3518s
	iters: 400, epoch: 8 | loss: 0.3060726
	speed: 0.0123s/iter; left time: 299.6803s
	iters: 500, epoch: 8 | loss: 0.1210417
	speed: 0.0127s/iter; left time: 306.4609s
	iters: 600, epoch: 8 | loss: 0.1981928
	speed: 0.0124s/iter; left time: 297.9032s
	iters: 700, epoch: 8 | loss: 0.1697606
	speed: 0.0142s/iter; left time: 339.9429s
	iters: 800, epoch: 8 | loss: 0.2078310
	speed: 0.0240s/iter; left time: 573.3431s
	iters: 900, epoch: 8 | loss: 0.2704425
	speed: 0.0191s/iter; left time: 455.6989s
	iters: 1000, epoch: 8 | loss: 0.2851968
	speed: 0.0150s/iter; left time: 354.4120s
Epoch: 8 cost time: 18.249997854232788
Epoch: 8, Steps: 1074 | Train Loss: 0.2193986 Vali Loss: 0.1292347 Test Loss: 0.1804190
EarlyStopping counter: 2 out of 10
Updating learning rate to 7.8125e-07
	iters: 100, epoch: 9 | loss: 0.1448441
	speed: 0.5653s/iter; left time: 13300.8463s
	iters: 200, epoch: 9 | loss: 0.2176487
	speed: 0.0172s/iter; left time: 402.6844s
	iters: 300, epoch: 9 | loss: 0.1624568
	speed: 0.0214s/iter; left time: 498.6348s
	iters: 400, epoch: 9 | loss: 0.2296713
	speed: 0.0150s/iter; left time: 348.0811s
	iters: 500, epoch: 9 | loss: 0.2018891
	speed: 0.0186s/iter; left time: 430.5021s
	iters: 600, epoch: 9 | loss: 0.3946843
	speed: 0.0168s/iter; left time: 387.6651s
	iters: 700, epoch: 9 | loss: 0.3525799
	speed: 0.0154s/iter; left time: 353.2784s
	iters: 800, epoch: 9 | loss: 0.2245128
	speed: 0.0176s/iter; left time: 402.3946s
	iters: 900, epoch: 9 | loss: 0.1801828
	speed: 0.0201s/iter; left time: 455.9611s
	iters: 1000, epoch: 9 | loss: 0.1274333
	speed: 0.0245s/iter; left time: 555.4380s
Epoch: 9 cost time: 20.553768396377563
Epoch: 9, Steps: 1074 | Train Loss: 0.2195125 Vali Loss: 0.1292618 Test Loss: 0.1803986
EarlyStopping counter: 3 out of 10
Updating learning rate to 3.90625e-07
	iters: 100, epoch: 10 | loss: 0.3361257
	speed: 0.6226s/iter; left time: 13980.9181s
	iters: 200, epoch: 10 | loss: 0.5513397
	speed: 0.0169s/iter; left time: 378.8253s
	iters: 300, epoch: 10 | loss: 0.2210207
	speed: 0.0206s/iter; left time: 459.1261s
	iters: 400, epoch: 10 | loss: 0.1510990
	speed: 0.0201s/iter; left time: 446.2413s
	iters: 500, epoch: 10 | loss: 0.3989894
	speed: 0.0175s/iter; left time: 385.2776s
	iters: 600, epoch: 10 | loss: 0.2885997
	speed: 0.0176s/iter; left time: 387.0190s
	iters: 700, epoch: 10 | loss: 0.1342292
	speed: 0.0181s/iter; left time: 394.6422s
	iters: 800, epoch: 10 | loss: 0.1465532
	speed: 0.0191s/iter; left time: 415.0572s
	iters: 900, epoch: 10 | loss: 0.1924578
	speed: 0.0211s/iter; left time: 456.0363s
	iters: 1000, epoch: 10 | loss: 0.2337414
	speed: 0.0187s/iter; left time: 402.4472s
Epoch: 10 cost time: 21.640940189361572
Epoch: 10, Steps: 1074 | Train Loss: 0.2195010 Vali Loss: 0.1292356 Test Loss: 0.1803619
EarlyStopping counter: 4 out of 10
Updating learning rate to 1.953125e-07
	iters: 100, epoch: 11 | loss: 0.4217381
	speed: 0.6829s/iter; left time: 14601.7079s
	iters: 200, epoch: 11 | loss: 0.1931431
	speed: 0.0150s/iter; left time: 318.4037s
	iters: 300, epoch: 11 | loss: 0.1975596
	speed: 0.0164s/iter; left time: 347.8245s
	iters: 400, epoch: 11 | loss: 0.1299208
	speed: 0.0176s/iter; left time: 371.5293s
	iters: 500, epoch: 11 | loss: 0.1333416
	speed: 0.0176s/iter; left time: 369.1230s
	iters: 600, epoch: 11 | loss: 0.2715996
	speed: 0.0170s/iter; left time: 355.2679s
	iters: 700, epoch: 11 | loss: 0.1951636
	speed: 0.0177s/iter; left time: 367.3646s
	iters: 800, epoch: 11 | loss: 0.2392798
	speed: 0.0221s/iter; left time: 456.4956s
	iters: 900, epoch: 11 | loss: 0.1256569
	speed: 0.0229s/iter; left time: 470.4906s
	iters: 1000, epoch: 11 | loss: 0.2188268
	speed: 0.0182s/iter; left time: 373.6833s
Epoch: 11 cost time: 20.133473873138428
Epoch: 11, Steps: 1074 | Train Loss: 0.2192993 Vali Loss: 0.1292457 Test Loss: 0.1803678
EarlyStopping counter: 5 out of 10
Updating learning rate to 9.765625e-08
	iters: 100, epoch: 12 | loss: 0.2335133
	speed: 0.6818s/iter; left time: 13846.0207s
	iters: 200, epoch: 12 | loss: 0.3968325
	speed: 0.0144s/iter; left time: 291.9728s
	iters: 300, epoch: 12 | loss: 0.1533390
	speed: 0.0188s/iter; left time: 378.3250s
	iters: 400, epoch: 12 | loss: 0.4803345
	speed: 0.0242s/iter; left time: 484.3859s
	iters: 500, epoch: 12 | loss: 0.1785693
	speed: 0.0161s/iter; left time: 320.7350s
	iters: 600, epoch: 12 | loss: 0.1060310
	speed: 0.0162s/iter; left time: 321.4699s
	iters: 700, epoch: 12 | loss: 0.3081148
	speed: 0.0247s/iter; left time: 486.8142s
	iters: 800, epoch: 12 | loss: 0.1758363
	speed: 0.0251s/iter; left time: 492.3337s
	iters: 900, epoch: 12 | loss: 0.1403747
	speed: 0.0159s/iter; left time: 309.5151s
	iters: 1000, epoch: 12 | loss: 0.1374318
	speed: 0.0171s/iter; left time: 331.6190s
Epoch: 12 cost time: 20.74169635772705
Epoch: 12, Steps: 1074 | Train Loss: 0.2192858 Vali Loss: 0.1292236 Test Loss: 0.1803664
EarlyStopping counter: 6 out of 10
Updating learning rate to 4.8828125e-08
	iters: 100, epoch: 13 | loss: 0.1892062
	speed: 0.6901s/iter; left time: 13272.0150s
	iters: 200, epoch: 13 | loss: 0.1102810
	speed: 0.0162s/iter; left time: 310.6685s
	iters: 300, epoch: 13 | loss: 0.3379762
	speed: 0.0193s/iter; left time: 367.2977s
	iters: 400, epoch: 13 | loss: 0.1812627
	speed: 0.0174s/iter; left time: 328.7027s
	iters: 500, epoch: 13 | loss: 0.1322119
	speed: 0.0195s/iter; left time: 367.3187s
	iters: 600, epoch: 13 | loss: 0.1496441
	speed: 0.0202s/iter; left time: 379.0381s
	iters: 700, epoch: 13 | loss: 0.1487992
	speed: 0.0191s/iter; left time: 356.4966s
	iters: 800, epoch: 13 | loss: 0.1533728
	speed: 0.0186s/iter; left time: 344.2504s
	iters: 900, epoch: 13 | loss: 0.4512037
	speed: 0.0213s/iter; left time: 392.2289s
	iters: 1000, epoch: 13 | loss: 0.1456605
	speed: 0.0203s/iter; left time: 371.7906s
Epoch: 13 cost time: 20.606414079666138
Epoch: 13, Steps: 1074 | Train Loss: 0.2191607 Vali Loss: 0.1292370 Test Loss: 0.1803649
EarlyStopping counter: 7 out of 10
Updating learning rate to 2.44140625e-08
	iters: 100, epoch: 14 | loss: 0.1864369
	speed: 0.6603s/iter; left time: 11990.6111s
	iters: 200, epoch: 14 | loss: 0.2004527
	speed: 0.0178s/iter; left time: 321.7302s
	iters: 300, epoch: 14 | loss: 0.1019290
	speed: 0.0181s/iter; left time: 325.1667s
	iters: 400, epoch: 14 | loss: 0.2271571
	speed: 0.0181s/iter; left time: 323.2145s
	iters: 500, epoch: 14 | loss: 0.2241465
	speed: 0.0154s/iter; left time: 274.1400s
	iters: 600, epoch: 14 | loss: 0.1407883
	speed: 0.0139s/iter; left time: 244.7790s
	iters: 700, epoch: 14 | loss: 0.1759561
	speed: 0.0183s/iter; left time: 321.5712s
	iters: 800, epoch: 14 | loss: 0.3293662
	speed: 0.0194s/iter; left time: 339.5752s
	iters: 900, epoch: 14 | loss: 0.4540293
	speed: 0.0169s/iter; left time: 293.1834s
	iters: 1000, epoch: 14 | loss: 0.3553486
	speed: 0.0181s/iter; left time: 312.9771s
Epoch: 14 cost time: 19.688973665237427
Epoch: 14, Steps: 1074 | Train Loss: 0.2192699 Vali Loss: 0.1292332 Test Loss: 0.1803653
EarlyStopping counter: 8 out of 10
Updating learning rate to 1.220703125e-08
	iters: 100, epoch: 15 | loss: 0.1813423
	speed: 0.7181s/iter; left time: 12268.2265s
	iters: 200, epoch: 15 | loss: 0.1077355
	speed: 0.0165s/iter; left time: 280.4534s
	iters: 300, epoch: 15 | loss: 0.2482229
	speed: 0.0164s/iter; left time: 277.6629s
	iters: 400, epoch: 15 | loss: 0.4653018
	speed: 0.0162s/iter; left time: 271.9074s
	iters: 500, epoch: 15 | loss: 0.4399705
	speed: 0.0179s/iter; left time: 298.5003s
	iters: 600, epoch: 15 | loss: 0.5050129
	speed: 0.0175s/iter; left time: 289.7644s
	iters: 700, epoch: 15 | loss: 0.2866094
	speed: 0.0204s/iter; left time: 335.7850s
	iters: 800, epoch: 15 | loss: 0.1476528
	speed: 0.0178s/iter; left time: 290.9109s
	iters: 900, epoch: 15 | loss: 0.1841659
	speed: 0.0174s/iter; left time: 283.8470s
	iters: 1000, epoch: 15 | loss: 0.2025624
	speed: 0.0179s/iter; left time: 290.4975s
Epoch: 15 cost time: 19.69013810157776
Epoch: 15, Steps: 1074 | Train Loss: 0.2193160 Vali Loss: 0.1292126 Test Loss: 0.1803655
EarlyStopping counter: 9 out of 10
Updating learning rate to 6.103515625e-09
	iters: 100, epoch: 16 | loss: 0.1457773
	speed: 0.7329s/iter; left time: 11734.6792s
	iters: 200, epoch: 16 | loss: 0.4178555
	speed: 0.0190s/iter; left time: 302.1496s
	iters: 300, epoch: 16 | loss: 0.5056846
	speed: 0.0205s/iter; left time: 324.7346s
	iters: 400, epoch: 16 | loss: 0.2304191
	speed: 0.0181s/iter; left time: 284.0814s
	iters: 500, epoch: 16 | loss: 0.1318535
	speed: 0.0160s/iter; left time: 250.0574s
	iters: 600, epoch: 16 | loss: 0.1852874
	speed: 0.0155s/iter; left time: 240.7767s
	iters: 700, epoch: 16 | loss: 0.1282086
	speed: 0.0159s/iter; left time: 244.9527s
	iters: 800, epoch: 16 | loss: 0.1346627
	speed: 0.0188s/iter; left time: 287.6521s
	iters: 900, epoch: 16 | loss: 0.2308570
	speed: 0.0169s/iter; left time: 257.1087s
	iters: 1000, epoch: 16 | loss: 0.2535931
	speed: 0.0156s/iter; left time: 236.1067s
Epoch: 16 cost time: 19.602343320846558
Epoch: 16, Steps: 1074 | Train Loss: 0.2192499 Vali Loss: 0.1292333 Test Loss: 0.1803655
EarlyStopping counter: 10 out of 10
Early stopping
>>>>>>>testing : ETTm2_96_96_FCA_v1_ETTm2_M_ft96_sl48_ll96_pl147_dm3_nh2_el1_dl128_df1_fctimeF_ebTrue_dtExp_projection_0<<<<<<<<<<<<<<<<<<<<<<<<<<<<<<<<<
test 11425
test shape: (11425, 1, 96, 7) (11425, 1, 96, 7)
test shape: (11425, 96, 7) (11425, 96, 7)
mse:0.1803007423877716, mae:0.2652910649776459
