Args in experiment:
Namespace(Decomposition=1, activation='gelu', batch_size=32, c_out=137, channel_independence=False, checkpoints='./checkpoints/', class_strategy='projection', d_ff=512, d_layers=1, d_model=640, d_ortho=49, data='Solar', data_path='solar_AL.txt', dec_in=137, des='Exp', devices='0,1', distil=True, do_predict=False, dropout=0.1, e_layers=2, efficient_training=False, embed='timeF', enc_in=137, exp_name='MTSF', factor=1, features='M', freq='h', gpu=0, inverse=False, is_training=1, itr=1, kernel_size=25, label_len=48, learning_rate=0.0005, loss='MSE', lradj='type1', model='FCA_v1', model_id='solar_96_192', moving_avg=25, n_heads=10, num_workers=10, output_attention=False, partial_start_index=0, patience=10, pred_len=192, root_path='/data1/mazc/whxProject/Dataset/', seq_len=96, target='OT', target_data_path='electricity.csv', target_root_path='./data/electricity/', train_epochs=30, use_amp=False, use_gpu=True, use_multi_gpu=False, use_norm=True)
Use GPU: cuda:0
>>>>>>>start training : solar_96_192_FCA_v1_Solar_M_ft96_sl48_ll192_pl640_dm10_nh2_el1_dl512_df1_fctimeF_ebTrue_dtExp_projection_0>>>>>>>>>>>>>>>>>>>>>>>>>>
train 36505
val 5065
test 10321
	iters: 100, epoch: 1 | loss: 0.2900136
	speed: 0.2706s/iter; left time: 9227.8043s
	iters: 200, epoch: 1 | loss: 0.3485006
	speed: 0.1896s/iter; left time: 6446.2729s
	iters: 300, epoch: 1 | loss: 0.3011731
	speed: 0.2030s/iter; left time: 6881.4727s
	iters: 400, epoch: 1 | loss: 0.3603825
	speed: 0.2004s/iter; left time: 6774.2628s
	iters: 500, epoch: 1 | loss: 0.2811306
	speed: 0.1929s/iter; left time: 6501.5999s
	iters: 600, epoch: 1 | loss: 0.2182777
	speed: 0.2202s/iter; left time: 7398.1898s
	iters: 700, epoch: 1 | loss: 0.2697074
	speed: 0.2132s/iter; left time: 7140.9160s
	iters: 800, epoch: 1 | loss: 0.3277886
	speed: 0.2198s/iter; left time: 7340.3985s
	iters: 900, epoch: 1 | loss: 0.2665410
	speed: 0.2037s/iter; left time: 6783.2307s
	iters: 1000, epoch: 1 | loss: 0.2782715
	speed: 0.2116s/iter; left time: 7024.3751s
	iters: 1100, epoch: 1 | loss: 0.2569338
	speed: 0.2138s/iter; left time: 7076.4284s
Epoch: 1 cost time: 241.9624228477478
Epoch: 1, Steps: 1140 | Train Loss: 0.2840843 Vali Loss: 0.2114246 Test Loss: 0.2991888
Validation loss decreased (inf --> 0.211425).  Saving model ...
Updating learning rate to 0.0005
	iters: 100, epoch: 2 | loss: 0.1600330
	speed: 10.2385s/iter; left time: 337470.7461s
	iters: 200, epoch: 2 | loss: 0.2017249
	speed: 0.1469s/iter; left time: 4827.3532s
	iters: 300, epoch: 2 | loss: 0.2629357
	speed: 0.1438s/iter; left time: 4712.4514s
	iters: 400, epoch: 2 | loss: 0.2359673
	speed: 0.1552s/iter; left time: 5069.5476s
	iters: 500, epoch: 2 | loss: 0.2638861
	speed: 0.1576s/iter; left time: 5130.3748s
	iters: 600, epoch: 2 | loss: 0.3105204
	speed: 0.1578s/iter; left time: 5122.0653s
	iters: 700, epoch: 2 | loss: 0.2274517
	speed: 0.1601s/iter; left time: 5182.5809s
	iters: 800, epoch: 2 | loss: 0.2325506
	speed: 0.1541s/iter; left time: 4971.7932s
	iters: 900, epoch: 2 | loss: 0.2074069
	speed: 0.1708s/iter; left time: 5492.5002s
	iters: 1000, epoch: 2 | loss: 0.2056131
	speed: 0.1915s/iter; left time: 6139.7243s
	iters: 1100, epoch: 2 | loss: 0.1819685
	speed: 0.1681s/iter; left time: 5371.5519s
Epoch: 2 cost time: 186.70845317840576
Epoch: 2, Steps: 1140 | Train Loss: 0.2351323 Vali Loss: 0.1953059 Test Loss: 0.2659512
Validation loss decreased (0.211425 --> 0.195306).  Saving model ...
Updating learning rate to 0.00025
	iters: 100, epoch: 3 | loss: 0.2294101
	speed: 8.6719s/iter; left time: 275948.1974s
	iters: 200, epoch: 3 | loss: 0.1523891
	speed: 0.1495s/iter; left time: 4743.8376s
	iters: 300, epoch: 3 | loss: 0.2562698
	speed: 0.1559s/iter; left time: 4930.9225s
	iters: 400, epoch: 3 | loss: 0.2146356
	speed: 0.1487s/iter; left time: 4687.6542s
	iters: 500, epoch: 3 | loss: 0.2599635
	speed: 0.1453s/iter; left time: 4566.7364s
	iters: 600, epoch: 3 | loss: 0.2131899
	speed: 0.1651s/iter; left time: 5170.7774s
	iters: 700, epoch: 3 | loss: 0.2196667
	speed: 0.1762s/iter; left time: 5499.8650s
	iters: 800, epoch: 3 | loss: 0.2066790
	speed: 0.1742s/iter; left time: 5420.0611s
	iters: 900, epoch: 3 | loss: 0.1921029
	speed: 0.1517s/iter; left time: 4704.5430s
	iters: 1000, epoch: 3 | loss: 0.3028739
	speed: 0.1606s/iter; left time: 4965.0711s
	iters: 1100, epoch: 3 | loss: 0.1861834
	speed: 0.1748s/iter; left time: 5388.5316s
Epoch: 3 cost time: 183.52149415016174
Epoch: 3, Steps: 1140 | Train Loss: 0.2065302 Vali Loss: 0.1788618 Test Loss: 0.2446552
Validation loss decreased (0.195306 --> 0.178862).  Saving model ...
Updating learning rate to 0.000125
	iters: 100, epoch: 4 | loss: 0.2019788
	speed: 8.7830s/iter; left time: 269470.1004s
	iters: 200, epoch: 4 | loss: 0.2004545
	speed: 0.1812s/iter; left time: 5540.0399s
	iters: 300, epoch: 4 | loss: 0.2112239
	speed: 0.1760s/iter; left time: 5366.0916s
	iters: 400, epoch: 4 | loss: 0.1290538
	speed: 0.1831s/iter; left time: 5562.7662s
	iters: 500, epoch: 4 | loss: 0.1641261
	speed: 0.1647s/iter; left time: 4987.1214s
	iters: 600, epoch: 4 | loss: 0.1506592
	speed: 0.1777s/iter; left time: 5364.3613s
	iters: 700, epoch: 4 | loss: 0.1823808
	speed: 0.1746s/iter; left time: 5252.4385s
	iters: 800, epoch: 4 | loss: 0.1880643
	speed: 0.1715s/iter; left time: 5141.5303s
	iters: 900, epoch: 4 | loss: 0.1550902
	speed: 0.1762s/iter; left time: 5264.3395s
	iters: 1000, epoch: 4 | loss: 0.1902171
	speed: 0.1695s/iter; left time: 5047.8721s
	iters: 1100, epoch: 4 | loss: 0.1779357
	speed: 0.1764s/iter; left time: 5235.4425s
Epoch: 4 cost time: 200.30014991760254
Epoch: 4, Steps: 1140 | Train Loss: 0.1929075 Vali Loss: 0.1722019 Test Loss: 0.2322125
Validation loss decreased (0.178862 --> 0.172202).  Saving model ...
Updating learning rate to 6.25e-05
	iters: 100, epoch: 5 | loss: 0.2480364
	speed: 8.3752s/iter; left time: 247412.5882s
	iters: 200, epoch: 5 | loss: 0.1678440
	speed: 0.2116s/iter; left time: 6230.8803s
	iters: 300, epoch: 5 | loss: 0.1815003
	speed: 0.2193s/iter; left time: 6434.6428s
	iters: 400, epoch: 5 | loss: 0.1583844
	speed: 0.2235s/iter; left time: 6534.8553s
	iters: 500, epoch: 5 | loss: 0.1839698
	speed: 0.1828s/iter; left time: 5326.4059s
	iters: 600, epoch: 5 | loss: 0.1595932
	speed: 0.1868s/iter; left time: 5426.1937s
	iters: 700, epoch: 5 | loss: 0.1675640
	speed: 0.1646s/iter; left time: 4764.7938s
	iters: 800, epoch: 5 | loss: 0.2044208
	speed: 0.1636s/iter; left time: 4719.1634s
	iters: 900, epoch: 5 | loss: 0.1785189
	speed: 0.1741s/iter; left time: 5002.6181s
	iters: 1000, epoch: 5 | loss: 0.1594632
	speed: 0.1676s/iter; left time: 4799.0215s
	iters: 1100, epoch: 5 | loss: 0.1272062
	speed: 0.1603s/iter; left time: 4575.5677s
Epoch: 5 cost time: 212.73806142807007
Epoch: 5, Steps: 1140 | Train Loss: 0.1848140 Vali Loss: 0.1722838 Test Loss: 0.2311836
EarlyStopping counter: 1 out of 10
Updating learning rate to 3.125e-05
	iters: 100, epoch: 6 | loss: 0.1581524
	speed: 8.0531s/iter; left time: 228717.0045s
	iters: 200, epoch: 6 | loss: 0.1798631
	speed: 0.1572s/iter; left time: 4450.2058s
	iters: 300, epoch: 6 | loss: 0.1693670
	speed: 0.1860s/iter; left time: 5246.2957s
	iters: 400, epoch: 6 | loss: 0.2300679
	speed: 0.1769s/iter; left time: 4971.3180s
	iters: 500, epoch: 6 | loss: 0.1913286
	speed: 0.1750s/iter; left time: 4900.1190s
	iters: 600, epoch: 6 | loss: 0.1822638
	speed: 0.1714s/iter; left time: 4781.2077s
	iters: 700, epoch: 6 | loss: 0.2711720
	speed: 0.1693s/iter; left time: 4706.0855s
	iters: 800, epoch: 6 | loss: 0.1879718
	speed: 0.1573s/iter; left time: 4358.5292s
	iters: 900, epoch: 6 | loss: 0.1948247
	speed: 0.1786s/iter; left time: 4928.8184s
	iters: 1000, epoch: 6 | loss: 0.1882089
	speed: 0.1836s/iter; left time: 5049.4722s
	iters: 1100, epoch: 6 | loss: 0.1938282
	speed: 0.1447s/iter; left time: 3965.6485s
Epoch: 6 cost time: 195.33399319648743
Epoch: 6, Steps: 1140 | Train Loss: 0.1799785 Vali Loss: 0.1715337 Test Loss: 0.2292907
Validation loss decreased (0.172202 --> 0.171534).  Saving model ...
Updating learning rate to 1.5625e-05
	iters: 100, epoch: 7 | loss: 0.1521855
	speed: 7.8032s/iter; left time: 212721.8137s
	iters: 200, epoch: 7 | loss: 0.1558677
	speed: 0.1585s/iter; left time: 4303.8805s
	iters: 300, epoch: 7 | loss: 0.1590988
	speed: 0.1663s/iter; left time: 4500.7096s
	iters: 400, epoch: 7 | loss: 0.1526231
	speed: 0.1510s/iter; left time: 4070.8130s
	iters: 500, epoch: 7 | loss: 0.1626173
	speed: 0.1437s/iter; left time: 3858.7670s
	iters: 600, epoch: 7 | loss: 0.2223804
	speed: 0.1484s/iter; left time: 3972.5577s
	iters: 700, epoch: 7 | loss: 0.1597412
	speed: 0.1493s/iter; left time: 3980.4056s
	iters: 800, epoch: 7 | loss: 0.1689297
	speed: 0.1460s/iter; left time: 3876.8993s
	iters: 900, epoch: 7 | loss: 0.1379923
	speed: 0.1488s/iter; left time: 3936.9755s
	iters: 1000, epoch: 7 | loss: 0.1531932
	speed: 0.1380s/iter; left time: 3638.0232s
	iters: 1100, epoch: 7 | loss: 0.1959242
	speed: 0.1308s/iter; left time: 3433.9737s
Epoch: 7 cost time: 173.93610048294067
Epoch: 7, Steps: 1140 | Train Loss: 0.1773480 Vali Loss: 0.1684204 Test Loss: 0.2273479
Validation loss decreased (0.171534 --> 0.168420).  Saving model ...
Updating learning rate to 7.8125e-06
	iters: 100, epoch: 8 | loss: 0.1848055
	speed: 8.5515s/iter; left time: 223374.0769s
	iters: 200, epoch: 8 | loss: 0.1736473
	speed: 0.1814s/iter; left time: 4719.3027s
	iters: 300, epoch: 8 | loss: 0.1869649
	speed: 0.1867s/iter; left time: 4838.5381s
	iters: 400, epoch: 8 | loss: 0.1867492
	speed: 0.1779s/iter; left time: 4593.6469s
	iters: 500, epoch: 8 | loss: 0.1513403
	speed: 0.1803s/iter; left time: 4637.6540s
	iters: 600, epoch: 8 | loss: 0.2294490
	speed: 0.1802s/iter; left time: 4618.0249s
	iters: 700, epoch: 8 | loss: 0.1975898
	speed: 0.1601s/iter; left time: 4086.3733s
	iters: 800, epoch: 8 | loss: 0.1478368
	speed: 0.1710s/iter; left time: 4345.9698s
	iters: 900, epoch: 8 | loss: 0.1449716
	speed: 0.1884s/iter; left time: 4771.4039s
	iters: 1000, epoch: 8 | loss: 0.1912593
	speed: 0.1908s/iter; left time: 4811.6311s
	iters: 1100, epoch: 8 | loss: 0.1708122
	speed: 0.1755s/iter; left time: 4407.9912s
Epoch: 8 cost time: 207.54287791252136
Epoch: 8, Steps: 1140 | Train Loss: 0.1758496 Vali Loss: 0.1682689 Test Loss: 0.2262781
Validation loss decreased (0.168420 --> 0.168269).  Saving model ...
Updating learning rate to 3.90625e-06
	iters: 100, epoch: 9 | loss: 0.1605113
	speed: 8.3099s/iter; left time: 207589.1648s
	iters: 200, epoch: 9 | loss: 0.1517124
	speed: 0.1608s/iter; left time: 4001.1200s
	iters: 300, epoch: 9 | loss: 0.1621356
	speed: 0.1643s/iter; left time: 4071.4293s
	iters: 400, epoch: 9 | loss: 0.1510943
	speed: 0.1735s/iter; left time: 4283.0688s
	iters: 500, epoch: 9 | loss: 0.1560654
	speed: 0.1666s/iter; left time: 4096.1986s
	iters: 600, epoch: 9 | loss: 0.1939219
	speed: 0.1710s/iter; left time: 4186.8706s
	iters: 700, epoch: 9 | loss: 0.1801799
	speed: 0.1520s/iter; left time: 3704.9954s
	iters: 800, epoch: 9 | loss: 0.1550263
	speed: 0.1675s/iter; left time: 4066.2724s
	iters: 900, epoch: 9 | loss: 0.1557402
	speed: 0.1746s/iter; left time: 4221.5777s
	iters: 1000, epoch: 9 | loss: 0.2481225
	speed: 0.1557s/iter; left time: 3748.9584s
	iters: 1100, epoch: 9 | loss: 0.2009420
	speed: 0.1870s/iter; left time: 4484.8642s
Epoch: 9 cost time: 194.62889885902405
Epoch: 9, Steps: 1140 | Train Loss: 0.1750495 Vali Loss: 0.1690690 Test Loss: 0.2270488
EarlyStopping counter: 1 out of 10
Updating learning rate to 1.953125e-06
	iters: 100, epoch: 10 | loss: 0.1545141
	speed: 8.6190s/iter; left time: 205486.4405s
	iters: 200, epoch: 10 | loss: 0.1850801
	speed: 0.1576s/iter; left time: 3742.4961s
	iters: 300, epoch: 10 | loss: 0.2044643
	speed: 0.1400s/iter; left time: 3310.8545s
	iters: 400, epoch: 10 | loss: 0.1759178
	speed: 0.1618s/iter; left time: 3809.5719s
	iters: 500, epoch: 10 | loss: 0.1782473
	speed: 0.1687s/iter; left time: 3954.7111s
	iters: 600, epoch: 10 | loss: 0.2291082
	speed: 0.1466s/iter; left time: 3421.8516s
	iters: 700, epoch: 10 | loss: 0.1831896
	speed: 0.1558s/iter; left time: 3620.0470s
	iters: 800, epoch: 10 | loss: 0.1578977
	speed: 0.1568s/iter; left time: 3627.4099s
	iters: 900, epoch: 10 | loss: 0.1271743
	speed: 0.1585s/iter; left time: 3651.1506s
	iters: 1000, epoch: 10 | loss: 0.2049036
	speed: 0.1527s/iter; left time: 3503.1739s
	iters: 1100, epoch: 10 | loss: 0.1524184
	speed: 0.1691s/iter; left time: 3863.5213s
Epoch: 10 cost time: 182.61681175231934
Epoch: 10, Steps: 1140 | Train Loss: 0.1746365 Vali Loss: 0.1684813 Test Loss: 0.2266927
EarlyStopping counter: 2 out of 10
Updating learning rate to 9.765625e-07
	iters: 100, epoch: 11 | loss: 0.1699581
	speed: 7.6881s/iter; left time: 174527.4278s
	iters: 200, epoch: 11 | loss: 0.1933466
	speed: 0.1395s/iter; left time: 3152.0760s
	iters: 300, epoch: 11 | loss: 0.1915721
	speed: 0.1335s/iter; left time: 3003.3225s
	iters: 400, epoch: 11 | loss: 0.1647809
	speed: 0.1453s/iter; left time: 3254.7054s
	iters: 500, epoch: 11 | loss: 0.1595487
	speed: 0.1420s/iter; left time: 3167.0561s
	iters: 600, epoch: 11 | loss: 0.2326387
	speed: 0.1353s/iter; left time: 3003.2299s
	iters: 700, epoch: 11 | loss: 0.2057977
	speed: 0.1397s/iter; left time: 3086.5397s
	iters: 800, epoch: 11 | loss: 0.1469327
	speed: 0.1367s/iter; left time: 3006.4815s
	iters: 900, epoch: 11 | loss: 0.1590114
	speed: 0.1316s/iter; left time: 2882.4857s
	iters: 1000, epoch: 11 | loss: 0.1713225
	speed: 0.1453s/iter; left time: 3168.4774s
	iters: 1100, epoch: 11 | loss: 0.1321948
	speed: 0.1326s/iter; left time: 2878.5264s
Epoch: 11 cost time: 160.23283052444458
Epoch: 11, Steps: 1140 | Train Loss: 0.1744906 Vali Loss: 0.1691127 Test Loss: 0.2267778
EarlyStopping counter: 3 out of 10
Updating learning rate to 4.8828125e-07
	iters: 100, epoch: 12 | loss: 0.1734408
	speed: 6.7638s/iter; left time: 145834.2548s
	iters: 200, epoch: 12 | loss: 0.1375448
	speed: 0.1287s/iter; left time: 2761.4226s
	iters: 300, epoch: 12 | loss: 0.1489989
	speed: 0.1347s/iter; left time: 2876.5556s
	iters: 400, epoch: 12 | loss: 0.1551585
	speed: 0.1340s/iter; left time: 2848.3538s
	iters: 500, epoch: 12 | loss: 0.1366931
	speed: 0.1323s/iter; left time: 2800.5227s
	iters: 600, epoch: 12 | loss: 0.1721324
	speed: 0.1340s/iter; left time: 2821.5249s
	iters: 700, epoch: 12 | loss: 0.1827963
	speed: 0.1313s/iter; left time: 2753.0125s
	iters: 800, epoch: 12 | loss: 0.1632680
	speed: 0.1378s/iter; left time: 2874.0743s
	iters: 900, epoch: 12 | loss: 0.2205326
	speed: 0.1340s/iter; left time: 2781.4656s
	iters: 1000, epoch: 12 | loss: 0.1464326
	speed: 0.1341s/iter; left time: 2771.1341s
	iters: 1100, epoch: 12 | loss: 0.1394059
	speed: 0.1326s/iter; left time: 2727.1754s
Epoch: 12 cost time: 153.52962350845337
Epoch: 12, Steps: 1140 | Train Loss: 0.1742904 Vali Loss: 0.1688409 Test Loss: 0.2265399
EarlyStopping counter: 4 out of 10
Updating learning rate to 2.44140625e-07
	iters: 100, epoch: 13 | loss: 0.2001853
	speed: 6.0855s/iter; left time: 124271.0897s
	iters: 200, epoch: 13 | loss: 0.1371499
	speed: 0.0795s/iter; left time: 1616.3849s
	iters: 300, epoch: 13 | loss: 0.1851455
	speed: 0.0836s/iter; left time: 1690.5827s
	iters: 400, epoch: 13 | loss: 0.1600784
	speed: 0.1180s/iter; left time: 2374.7665s
	iters: 500, epoch: 13 | loss: 0.1625663
	speed: 0.1215s/iter; left time: 2432.6106s
	iters: 600, epoch: 13 | loss: 0.1675656
	speed: 0.1188s/iter; left time: 2367.2359s
	iters: 700, epoch: 13 | loss: 0.1376150
	speed: 0.1094s/iter; left time: 2168.5985s
	iters: 800, epoch: 13 | loss: 0.1364520
	speed: 0.1010s/iter; left time: 1991.7720s
	iters: 900, epoch: 13 | loss: 0.1467770
	speed: 0.1085s/iter; left time: 2129.1117s
	iters: 1000, epoch: 13 | loss: 0.1996866
	speed: 0.1201s/iter; left time: 2344.7245s
	iters: 1100, epoch: 13 | loss: 0.1754468
	speed: 0.1150s/iter; left time: 2232.7108s
Epoch: 13 cost time: 126.53641486167908
Epoch: 13, Steps: 1140 | Train Loss: 0.1743053 Vali Loss: 0.1689066 Test Loss: 0.2266701
EarlyStopping counter: 5 out of 10
Updating learning rate to 1.220703125e-07
	iters: 100, epoch: 14 | loss: 0.2177182
	speed: 4.5848s/iter; left time: 88400.3323s
	iters: 200, epoch: 14 | loss: 0.1730062
	speed: 0.0998s/iter; left time: 1914.3925s
	iters: 300, epoch: 14 | loss: 0.1646374
	speed: 0.0960s/iter; left time: 1832.3848s
	iters: 400, epoch: 14 | loss: 0.1611815
	speed: 0.0940s/iter; left time: 1785.0121s
	iters: 500, epoch: 14 | loss: 0.2100677
	speed: 0.0950s/iter; left time: 1793.7181s
	iters: 600, epoch: 14 | loss: 0.1621253
	speed: 0.0944s/iter; left time: 1772.8332s
	iters: 700, epoch: 14 | loss: 0.1818888
	speed: 0.0950s/iter; left time: 1774.0629s
	iters: 800, epoch: 14 | loss: 0.1508451
	speed: 0.0957s/iter; left time: 1778.9986s
	iters: 900, epoch: 14 | loss: 0.1519144
	speed: 0.1006s/iter; left time: 1858.4416s
	iters: 1000, epoch: 14 | loss: 0.1505936
	speed: 0.0966s/iter; left time: 1775.3366s
	iters: 1100, epoch: 14 | loss: 0.1755443
	speed: 0.0959s/iter; left time: 1753.4631s
Epoch: 14 cost time: 110.71416091918945
Epoch: 14, Steps: 1140 | Train Loss: 0.1741910 Vali Loss: 0.1689721 Test Loss: 0.2266806
EarlyStopping counter: 6 out of 10
Updating learning rate to 6.103515625e-08
	iters: 100, epoch: 15 | loss: 0.1787472
	speed: 3.8629s/iter; left time: 70076.4670s
	iters: 200, epoch: 15 | loss: 0.1693353
	speed: 0.0615s/iter; left time: 1110.2533s
	iters: 300, epoch: 15 | loss: 0.1337035
	speed: 0.0621s/iter; left time: 1113.8360s
	iters: 400, epoch: 15 | loss: 0.2092558
	speed: 0.0653s/iter; left time: 1164.4747s
	iters: 500, epoch: 15 | loss: 0.1359197
	speed: 0.0740s/iter; left time: 1312.2247s
	iters: 600, epoch: 15 | loss: 0.1478596
	speed: 0.0746s/iter; left time: 1315.4313s
	iters: 700, epoch: 15 | loss: 0.1928677
	speed: 0.0723s/iter; left time: 1268.1481s
	iters: 800, epoch: 15 | loss: 0.1820461
	speed: 0.0700s/iter; left time: 1220.2124s
	iters: 900, epoch: 15 | loss: 0.1663637
	speed: 0.0741s/iter; left time: 1284.4607s
	iters: 1000, epoch: 15 | loss: 0.1705710
	speed: 0.0752s/iter; left time: 1295.9610s
	iters: 1100, epoch: 15 | loss: 0.2365039
	speed: 0.0789s/iter; left time: 1351.6324s
Epoch: 15 cost time: 81.7431230545044
Epoch: 15, Steps: 1140 | Train Loss: 0.1742521 Vali Loss: 0.1688355 Test Loss: 0.2266990
EarlyStopping counter: 7 out of 10
Updating learning rate to 3.0517578125e-08
	iters: 100, epoch: 16 | loss: 0.1555190
	speed: 4.3958s/iter; left time: 74732.9314s
	iters: 200, epoch: 16 | loss: 0.1565195
	speed: 0.0782s/iter; left time: 1322.0183s
	iters: 300, epoch: 16 | loss: 0.2161110
	speed: 0.0772s/iter; left time: 1297.6289s
	iters: 400, epoch: 16 | loss: 0.1810302
	speed: 0.0794s/iter; left time: 1326.4983s
	iters: 500, epoch: 16 | loss: 0.1528174
	speed: 0.0778s/iter; left time: 1291.8722s
	iters: 600, epoch: 16 | loss: 0.1763685
	speed: 0.0834s/iter; left time: 1376.3482s
	iters: 700, epoch: 16 | loss: 0.1918405
	speed: 0.0793s/iter; left time: 1300.3820s
	iters: 800, epoch: 16 | loss: 0.2561295
	speed: 0.0789s/iter; left time: 1285.7705s
	iters: 900, epoch: 16 | loss: 0.2027592
	speed: 0.0862s/iter; left time: 1396.8866s
	iters: 1000, epoch: 16 | loss: 0.1785145
	speed: 0.0932s/iter; left time: 1500.1186s
	iters: 1100, epoch: 16 | loss: 0.1613616
	speed: 0.0933s/iter; left time: 1493.0832s
Epoch: 16 cost time: 96.03319907188416
Epoch: 16, Steps: 1140 | Train Loss: 0.1742306 Vali Loss: 0.1688787 Test Loss: 0.2267120
EarlyStopping counter: 8 out of 10
Updating learning rate to 1.52587890625e-08
	iters: 100, epoch: 17 | loss: 0.1391410
	speed: 4.4672s/iter; left time: 70853.8424s
	iters: 200, epoch: 17 | loss: 0.1768922
	speed: 0.0927s/iter; left time: 1461.4347s
	iters: 300, epoch: 17 | loss: 0.1605322
	speed: 0.0790s/iter; left time: 1236.5930s
	iters: 400, epoch: 17 | loss: 0.2136428
	speed: 0.0800s/iter; left time: 1244.7532s
	iters: 500, epoch: 17 | loss: 0.1557626
	speed: 0.0840s/iter; left time: 1299.2785s
	iters: 600, epoch: 17 | loss: 0.1723931
	speed: 0.0830s/iter; left time: 1275.5377s
	iters: 700, epoch: 17 | loss: 0.1831243
	speed: 0.0815s/iter; left time: 1244.3702s
	iters: 800, epoch: 17 | loss: 0.1604085
	speed: 0.0766s/iter; left time: 1161.4476s
	iters: 900, epoch: 17 | loss: 0.1783442
	speed: 0.0801s/iter; left time: 1206.3616s
	iters: 1000, epoch: 17 | loss: 0.1859210
	speed: 0.0806s/iter; left time: 1205.7440s
	iters: 1100, epoch: 17 | loss: 0.1877618
	speed: 0.0597s/iter; left time: 886.7477s
Epoch: 17 cost time: 93.99765706062317
Epoch: 17, Steps: 1140 | Train Loss: 0.1742225 Vali Loss: 0.1688697 Test Loss: 0.2267119
EarlyStopping counter: 9 out of 10
Updating learning rate to 7.62939453125e-09
	iters: 100, epoch: 18 | loss: 0.1413298
	speed: 4.2035s/iter; left time: 61879.7832s
	iters: 200, epoch: 18 | loss: 0.1664401
	speed: 0.0810s/iter; left time: 1183.6674s
	iters: 300, epoch: 18 | loss: 0.1454698
	speed: 0.0877s/iter; left time: 1273.1089s
	iters: 400, epoch: 18 | loss: 0.1496077
	speed: 0.0922s/iter; left time: 1328.9597s
	iters: 500, epoch: 18 | loss: 0.1700010
	speed: 0.0974s/iter; left time: 1395.0756s
	iters: 600, epoch: 18 | loss: 0.1799691
	speed: 0.0846s/iter; left time: 1203.1175s
	iters: 700, epoch: 18 | loss: 0.1394399
	speed: 0.0975s/iter; left time: 1376.9699s
	iters: 800, epoch: 18 | loss: 0.1684925
	speed: 0.0968s/iter; left time: 1357.0348s
	iters: 900, epoch: 18 | loss: 0.1679953
	speed: 0.0934s/iter; left time: 1300.7246s
	iters: 1000, epoch: 18 | loss: 0.1887910
	speed: 0.0985s/iter; left time: 1361.3477s
	iters: 1100, epoch: 18 | loss: 0.1603331
	speed: 0.0872s/iter; left time: 1196.3213s
Epoch: 18 cost time: 105.07851910591125
Epoch: 18, Steps: 1140 | Train Loss: 0.1741755 Vali Loss: 0.1689821 Test Loss: 0.2267134
EarlyStopping counter: 10 out of 10
Early stopping
>>>>>>>testing : solar_96_192_FCA_v1_Solar_M_ft96_sl48_ll192_pl640_dm10_nh2_el1_dl512_df1_fctimeF_ebTrue_dtExp_projection_0<<<<<<<<<<<<<<<<<<<<<<<<<<<<<<<<<
test 10321
test shape: (10321, 1, 192, 137) (10321, 1, 192, 137)
test shape: (10321, 192, 137) (10321, 192, 137)
mse:0.2262795865535736, mae:0.2558963894844055
