Args in experiment:
Namespace(Decomposition=1, activation='gelu', batch_size=32, c_out=7, channel_independence=False, checkpoints='./checkpoints/', class_strategy='projection', d_ff=128, d_layers=1, d_model=147, d_ortho=49, data='ETTm2', data_path='ETTm2.csv', dec_in=7, des='Exp', devices='0,1', distil=True, do_predict=False, dropout=0.1, e_layers=2, efficient_training=False, embed='timeF', enc_in=7, exp_name='MTSF', factor=1, features='M', freq='h', gpu=0, inverse=False, is_training=1, itr=1, kernel_size=25, label_len=48, learning_rate=0.0001, loss='MSE', lradj='type1', model='FCA_v1', model_id='ETTm2_96_336', moving_avg=25, n_heads=3, num_workers=10, output_attention=False, partial_start_index=0, patience=10, pred_len=336, root_path='/data1/mazc/whxProject/Dataset/', seq_len=96, target='OT', target_data_path='electricity.csv', target_root_path='./data/electricity/', train_epochs=30, use_amp=False, use_gpu=True, use_multi_gpu=False, use_norm=True)
Use GPU: cuda:0
>>>>>>>start training : ETTm2_96_336_FCA_v1_ETTm2_M_ft96_sl48_ll336_pl147_dm3_nh2_el1_dl128_df1_fctimeF_ebTrue_dtExp_projection_0>>>>>>>>>>>>>>>>>>>>>>>>>>
train 34129
val 11185
test 11185
	iters: 100, epoch: 1 | loss: 0.4406617
	speed: 0.2002s/iter; left time: 6381.8118s
	iters: 200, epoch: 1 | loss: 0.2754941
	speed: 0.1124s/iter; left time: 3571.0185s
	iters: 300, epoch: 1 | loss: 0.2360821
	speed: 0.1331s/iter; left time: 4216.9168s
	iters: 400, epoch: 1 | loss: 0.2554512
	speed: 0.1190s/iter; left time: 3757.2521s
	iters: 500, epoch: 1 | loss: 0.2874309
	speed: 0.1412s/iter; left time: 4446.4377s
	iters: 600, epoch: 1 | loss: 0.2998476
	speed: 0.1286s/iter; left time: 4036.1422s
	iters: 700, epoch: 1 | loss: 0.4120331
	speed: 0.1089s/iter; left time: 3404.9870s
	iters: 800, epoch: 1 | loss: 0.4591599
	speed: 0.1121s/iter; left time: 3496.3304s
	iters: 900, epoch: 1 | loss: 0.5528013
	speed: 0.1093s/iter; left time: 3398.1165s
	iters: 1000, epoch: 1 | loss: 0.5449607
	speed: 0.1274s/iter; left time: 3947.3120s
Epoch: 1 cost time: 139.9676525592804
Epoch: 1, Steps: 1066 | Train Loss: 0.4511593 Vali Loss: 0.2258404 Test Loss: 0.3126055
Validation loss decreased (inf --> 0.225840).  Saving model ...
Updating learning rate to 0.0001
	iters: 100, epoch: 2 | loss: 0.2909193
	speed: 2.4978s/iter; left time: 76970.3749s
	iters: 200, epoch: 2 | loss: 0.3184880
	speed: 0.0981s/iter; left time: 3012.5065s
	iters: 300, epoch: 2 | loss: 0.3995063
	speed: 0.1013s/iter; left time: 3101.8273s
	iters: 400, epoch: 2 | loss: 0.3500146
	speed: 0.0844s/iter; left time: 2576.0260s
	iters: 500, epoch: 2 | loss: 0.2079376
	speed: 0.0847s/iter; left time: 2576.8242s
	iters: 600, epoch: 2 | loss: 0.5838525
	speed: 0.0862s/iter; left time: 2612.9605s
	iters: 700, epoch: 2 | loss: 0.2529748
	speed: 0.0856s/iter; left time: 2584.8976s
	iters: 800, epoch: 2 | loss: 0.5911949
	speed: 0.0854s/iter; left time: 2571.7248s
	iters: 900, epoch: 2 | loss: 0.3328976
	speed: 0.0898s/iter; left time: 2695.1207s
	iters: 1000, epoch: 2 | loss: 0.2711408
	speed: 0.0819s/iter; left time: 2451.4660s
Epoch: 2 cost time: 97.39243078231812
Epoch: 2, Steps: 1066 | Train Loss: 0.4337986 Vali Loss: 0.2264100 Test Loss: 0.3105879
EarlyStopping counter: 1 out of 10
Updating learning rate to 5e-05
	iters: 100, epoch: 3 | loss: 0.5138952
	speed: 2.0329s/iter; left time: 60475.9385s
	iters: 200, epoch: 3 | loss: 0.5946459
	speed: 0.1156s/iter; left time: 3426.6908s
	iters: 300, epoch: 3 | loss: 0.3753599
	speed: 0.1188s/iter; left time: 3511.5686s
	iters: 400, epoch: 3 | loss: 0.2439665
	speed: 0.1230s/iter; left time: 3622.1290s
	iters: 500, epoch: 3 | loss: 0.5282863
	speed: 0.1300s/iter; left time: 3816.1347s
	iters: 600, epoch: 3 | loss: 0.1988932
	speed: 0.1300s/iter; left time: 3803.0989s
	iters: 700, epoch: 3 | loss: 0.3313616
	speed: 0.1256s/iter; left time: 3659.8226s
	iters: 800, epoch: 3 | loss: 0.2635858
	speed: 0.1338s/iter; left time: 3886.0184s
	iters: 900, epoch: 3 | loss: 0.4495297
	speed: 0.1365s/iter; left time: 3950.5304s
	iters: 1000, epoch: 3 | loss: 0.3082889
	speed: 0.2201s/iter; left time: 6350.0707s
Epoch: 3 cost time: 150.79923558235168
Epoch: 3, Steps: 1066 | Train Loss: 0.4220332 Vali Loss: 0.2260410 Test Loss: 0.3093745
EarlyStopping counter: 2 out of 10
Updating learning rate to 2.5e-05
	iters: 100, epoch: 4 | loss: 0.2151842
	speed: 4.3167s/iter; left time: 123816.4426s
	iters: 200, epoch: 4 | loss: 0.3547203
	speed: 0.1165s/iter; left time: 3329.2281s
	iters: 300, epoch: 4 | loss: 0.3831476
	speed: 0.1233s/iter; left time: 3511.6503s
	iters: 400, epoch: 4 | loss: 0.4319218
	speed: 0.1242s/iter; left time: 3526.4002s
	iters: 500, epoch: 4 | loss: 0.2681867
	speed: 0.1075s/iter; left time: 3040.7462s
	iters: 600, epoch: 4 | loss: 0.2836558
	speed: 0.1015s/iter; left time: 2860.1243s
	iters: 700, epoch: 4 | loss: 0.5321487
	speed: 0.1126s/iter; left time: 3163.0313s
	iters: 800, epoch: 4 | loss: 0.2731652
	speed: 0.0825s/iter; left time: 2308.7341s
	iters: 900, epoch: 4 | loss: 0.1911051
	speed: 0.0812s/iter; left time: 2262.8680s
	iters: 1000, epoch: 4 | loss: 0.3044624
	speed: 0.1132s/iter; left time: 3145.5809s
Epoch: 4 cost time: 117.58412098884583
Epoch: 4, Steps: 1066 | Train Loss: 0.4160429 Vali Loss: 0.2253024 Test Loss: 0.3089611
Validation loss decreased (0.225840 --> 0.225302).  Saving model ...
Updating learning rate to 1.25e-05
	iters: 100, epoch: 5 | loss: 0.2737401
	speed: 3.7807s/iter; left time: 104410.3717s
	iters: 200, epoch: 5 | loss: 0.4222875
	speed: 0.1492s/iter; left time: 4106.8924s
	iters: 300, epoch: 5 | loss: 0.3028423
	speed: 0.1911s/iter; left time: 5238.8386s
	iters: 400, epoch: 5 | loss: 0.4470897
	speed: 0.1639s/iter; left time: 4477.7641s
	iters: 500, epoch: 5 | loss: 0.4794112
	speed: 0.2122s/iter; left time: 5775.1453s
	iters: 600, epoch: 5 | loss: 0.4558366
	speed: 0.1889s/iter; left time: 5122.1282s
	iters: 700, epoch: 5 | loss: 0.3522683
	speed: 0.1849s/iter; left time: 4995.4459s
	iters: 800, epoch: 5 | loss: 0.2317312
	speed: 0.1629s/iter; left time: 4383.9656s
	iters: 900, epoch: 5 | loss: 0.2699624
	speed: 0.1131s/iter; left time: 3032.9657s
	iters: 1000, epoch: 5 | loss: 0.2623123
	speed: 0.1068s/iter; left time: 2854.7054s
Epoch: 5 cost time: 172.21037435531616
Epoch: 5, Steps: 1066 | Train Loss: 0.4134494 Vali Loss: 0.2244202 Test Loss: 0.3082504
Validation loss decreased (0.225302 --> 0.224420).  Saving model ...
Updating learning rate to 6.25e-06
	iters: 100, epoch: 6 | loss: 0.2500968
	speed: 2.4014s/iter; left time: 63758.9441s
	iters: 200, epoch: 6 | loss: 0.2462386
	speed: 0.1841s/iter; left time: 4870.2760s
	iters: 300, epoch: 6 | loss: 0.7025146
	speed: 0.1683s/iter; left time: 4433.7184s
	iters: 400, epoch: 6 | loss: 1.1696962
	speed: 0.1984s/iter; left time: 5207.3304s
	iters: 500, epoch: 6 | loss: 0.2849250
	speed: 0.1854s/iter; left time: 4848.1500s
	iters: 600, epoch: 6 | loss: 0.2948431
	speed: 0.1386s/iter; left time: 3610.0351s
	iters: 700, epoch: 6 | loss: 0.3253731
	speed: 0.1531s/iter; left time: 3972.3410s
	iters: 800, epoch: 6 | loss: 0.4445593
	speed: 0.1448s/iter; left time: 3743.9807s
	iters: 900, epoch: 6 | loss: 0.5309433
	speed: 0.1687s/iter; left time: 4343.3578s
	iters: 1000, epoch: 6 | loss: 0.4843437
	speed: 0.1571s/iter; left time: 4029.0110s
Epoch: 6 cost time: 176.7422878742218
Epoch: 6, Steps: 1066 | Train Loss: 0.4121825 Vali Loss: 0.2233282 Test Loss: 0.3078309
Validation loss decreased (0.224420 --> 0.223328).  Saving model ...
Updating learning rate to 3.125e-06
	iters: 100, epoch: 7 | loss: 0.5471209
	speed: 5.5047s/iter; left time: 140288.5128s
	iters: 200, epoch: 7 | loss: 0.7310963
	speed: 0.1947s/iter; left time: 4941.2237s
	iters: 300, epoch: 7 | loss: 0.2292805
	speed: 0.1969s/iter; left time: 4977.6456s
	iters: 400, epoch: 7 | loss: 0.3662104
	speed: 0.1862s/iter; left time: 4688.4243s
	iters: 500, epoch: 7 | loss: 0.2433931
	speed: 0.1791s/iter; left time: 4491.8580s
	iters: 600, epoch: 7 | loss: 0.4118958
	speed: 0.1684s/iter; left time: 4207.7828s
	iters: 700, epoch: 7 | loss: 0.7625364
	speed: 0.1793s/iter; left time: 4462.2315s
	iters: 800, epoch: 7 | loss: 0.1870749
	speed: 0.1766s/iter; left time: 4377.5825s
	iters: 900, epoch: 7 | loss: 0.2109301
	speed: 0.1660s/iter; left time: 4097.3847s
	iters: 1000, epoch: 7 | loss: 0.3508271
	speed: 0.1739s/iter; left time: 4274.3610s
Epoch: 7 cost time: 199.23182106018066
Epoch: 7, Steps: 1066 | Train Loss: 0.4109549 Vali Loss: 0.2237928 Test Loss: 0.3079430
EarlyStopping counter: 1 out of 10
Updating learning rate to 1.5625e-06
	iters: 100, epoch: 8 | loss: 0.3418199
	speed: 4.3802s/iter; left time: 106959.5006s
	iters: 200, epoch: 8 | loss: 0.2935831
	speed: 0.1941s/iter; left time: 4721.2636s
	iters: 300, epoch: 8 | loss: 0.2073460
	speed: 0.2090s/iter; left time: 5060.6520s
	iters: 400, epoch: 8 | loss: 0.2204555
	speed: 0.1885s/iter; left time: 4546.9249s
	iters: 500, epoch: 8 | loss: 0.3141309
	speed: 0.2081s/iter; left time: 4997.2052s
	iters: 600, epoch: 8 | loss: 0.2981922
	speed: 0.2276s/iter; left time: 5444.6070s
	iters: 700, epoch: 8 | loss: 0.3030233
	speed: 0.2111s/iter; left time: 5028.6347s
	iters: 800, epoch: 8 | loss: 0.2841044
	speed: 0.2298s/iter; left time: 5450.3437s
	iters: 900, epoch: 8 | loss: 0.3197577
	speed: 0.2406s/iter; left time: 5682.8377s
	iters: 1000, epoch: 8 | loss: 0.7664676
	speed: 0.2506s/iter; left time: 5893.0354s
Epoch: 8 cost time: 231.51778721809387
Epoch: 8, Steps: 1066 | Train Loss: 0.4110406 Vali Loss: 0.2236865 Test Loss: 0.3079000
EarlyStopping counter: 2 out of 10
Updating learning rate to 7.8125e-07
	iters: 100, epoch: 9 | loss: 0.3284832
	speed: 3.7413s/iter; left time: 87369.4124s
	iters: 200, epoch: 9 | loss: 0.4764130
	speed: 0.1293s/iter; left time: 3007.4807s
	iters: 300, epoch: 9 | loss: 0.2317663
	speed: 0.1269s/iter; left time: 2938.0211s
	iters: 400, epoch: 9 | loss: 0.4957525
	speed: 0.1351s/iter; left time: 3114.2507s
	iters: 500, epoch: 9 | loss: 0.7248303
	speed: 0.1333s/iter; left time: 3059.3570s
	iters: 600, epoch: 9 | loss: 0.4796611
	speed: 0.1098s/iter; left time: 2509.3337s
	iters: 700, epoch: 9 | loss: 0.5038999
	speed: 0.1166s/iter; left time: 2653.8178s
	iters: 800, epoch: 9 | loss: 0.2784484
	speed: 0.1139s/iter; left time: 2580.9017s
	iters: 900, epoch: 9 | loss: 0.3658567
	speed: 0.1179s/iter; left time: 2659.1713s
	iters: 1000, epoch: 9 | loss: 0.5940985
	speed: 0.1131s/iter; left time: 2539.7432s
Epoch: 9 cost time: 133.54331398010254
Epoch: 9, Steps: 1066 | Train Loss: 0.4109021 Vali Loss: 0.2236893 Test Loss: 0.3079619
EarlyStopping counter: 3 out of 10
Updating learning rate to 3.90625e-07
	iters: 100, epoch: 10 | loss: 0.2795755
	speed: 3.4150s/iter; left time: 76110.4890s
	iters: 200, epoch: 10 | loss: 0.2834607
	speed: 0.0653s/iter; left time: 1448.5714s
	iters: 300, epoch: 10 | loss: 0.5915774
	speed: 0.0645s/iter; left time: 1424.8797s
	iters: 400, epoch: 10 | loss: 0.2601516
	speed: 0.0635s/iter; left time: 1395.1874s
	iters: 500, epoch: 10 | loss: 0.3427340
	speed: 0.0632s/iter; left time: 1383.4610s
	iters: 600, epoch: 10 | loss: 0.2560292
	speed: 0.0637s/iter; left time: 1387.8538s
	iters: 700, epoch: 10 | loss: 0.3981189
	speed: 0.0743s/iter; left time: 1610.5762s
	iters: 800, epoch: 10 | loss: 0.3609076
	speed: 0.0758s/iter; left time: 1635.2273s
	iters: 900, epoch: 10 | loss: 0.3895175
	speed: 0.0756s/iter; left time: 1624.3125s
	iters: 1000, epoch: 10 | loss: 0.3548281
	speed: 0.0760s/iter; left time: 1626.1446s
Epoch: 10 cost time: 74.89116382598877
Epoch: 10, Steps: 1066 | Train Loss: 0.4111716 Vali Loss: 0.2236954 Test Loss: 0.3079470
EarlyStopping counter: 4 out of 10
Updating learning rate to 1.953125e-07
	iters: 100, epoch: 11 | loss: 0.4332128
	speed: 2.2817s/iter; left time: 48420.9418s
	iters: 200, epoch: 11 | loss: 0.2409763
	speed: 0.1040s/iter; left time: 2197.6103s
	iters: 300, epoch: 11 | loss: 0.2658559
	speed: 0.1140s/iter; left time: 2396.3618s
	iters: 400, epoch: 11 | loss: 0.5438328
	speed: 0.1176s/iter; left time: 2461.3168s
	iters: 500, epoch: 11 | loss: 0.2949443
	speed: 0.1232s/iter; left time: 2564.5377s
	iters: 600, epoch: 11 | loss: 0.6981338
	speed: 0.1140s/iter; left time: 2362.1640s
	iters: 700, epoch: 11 | loss: 0.1969129
	speed: 0.1282s/iter; left time: 2644.4792s
	iters: 800, epoch: 11 | loss: 0.4720060
	speed: 0.1300s/iter; left time: 2667.0765s
	iters: 900, epoch: 11 | loss: 0.4134113
	speed: 0.1352s/iter; left time: 2760.2490s
	iters: 1000, epoch: 11 | loss: 0.2675312
	speed: 0.1324s/iter; left time: 2691.0871s
Epoch: 11 cost time: 129.98283886909485
Epoch: 11, Steps: 1066 | Train Loss: 0.4110179 Vali Loss: 0.2237879 Test Loss: 0.3079428
EarlyStopping counter: 5 out of 10
Updating learning rate to 9.765625e-08
	iters: 100, epoch: 12 | loss: 0.2356811
	speed: 2.7106s/iter; left time: 54632.4956s
	iters: 200, epoch: 12 | loss: 0.9750796
	speed: 0.1120s/iter; left time: 2246.6967s
	iters: 300, epoch: 12 | loss: 0.2998847
	speed: 0.1048s/iter; left time: 2091.9098s
	iters: 400, epoch: 12 | loss: 0.3460217
	speed: 0.1136s/iter; left time: 2256.1078s
	iters: 500, epoch: 12 | loss: 0.2500835
	speed: 0.1167s/iter; left time: 2305.7959s
	iters: 600, epoch: 12 | loss: 0.2246199
	speed: 0.1180s/iter; left time: 2318.5447s
	iters: 700, epoch: 12 | loss: 0.2901886
	speed: 0.1029s/iter; left time: 2012.1333s
	iters: 800, epoch: 12 | loss: 0.3495958
	speed: 0.1117s/iter; left time: 2172.2740s
	iters: 900, epoch: 12 | loss: 0.5328907
	speed: 0.1181s/iter; left time: 2284.9318s
	iters: 1000, epoch: 12 | loss: 0.8215453
	speed: 0.1591s/iter; left time: 3063.7858s
Epoch: 12 cost time: 135.87859630584717
Epoch: 12, Steps: 1066 | Train Loss: 0.4109521 Vali Loss: 0.2237963 Test Loss: 0.3079388
EarlyStopping counter: 6 out of 10
Updating learning rate to 4.8828125e-08
	iters: 100, epoch: 13 | loss: 0.2154221
	speed: 3.3444s/iter; left time: 63841.7793s
	iters: 200, epoch: 13 | loss: 0.4664240
	speed: 0.1212s/iter; left time: 2301.8852s
	iters: 300, epoch: 13 | loss: 0.2893357
	speed: 0.0993s/iter; left time: 1876.4720s
	iters: 400, epoch: 13 | loss: 0.1630767
	speed: 0.0982s/iter; left time: 1844.6748s
	iters: 500, epoch: 13 | loss: 0.4423381
	speed: 0.0944s/iter; left time: 1763.9172s
	iters: 600, epoch: 13 | loss: 0.2804622
	speed: 0.1012s/iter; left time: 1880.6917s
	iters: 700, epoch: 13 | loss: 0.2325247
	speed: 0.0814s/iter; left time: 1504.3394s
	iters: 800, epoch: 13 | loss: 0.2405909
	speed: 0.0815s/iter; left time: 1497.9428s
	iters: 900, epoch: 13 | loss: 0.2748620
	speed: 0.0853s/iter; left time: 1560.1883s
	iters: 1000, epoch: 13 | loss: 0.1920341
	speed: 0.0870s/iter; left time: 1581.8511s
Epoch: 13 cost time: 106.91280627250671
Epoch: 13, Steps: 1066 | Train Loss: 0.4106055 Vali Loss: 0.2237355 Test Loss: 0.3079370
EarlyStopping counter: 7 out of 10
Updating learning rate to 2.44140625e-08
	iters: 100, epoch: 14 | loss: 0.4833821
	speed: 2.0167s/iter; left time: 36347.2092s
	iters: 200, epoch: 14 | loss: 0.6358573
	speed: 0.1098s/iter; left time: 1967.2737s
	iters: 300, epoch: 14 | loss: 0.4719112
	speed: 0.1002s/iter; left time: 1786.0898s
	iters: 400, epoch: 14 | loss: 0.6360025
	speed: 0.1073s/iter; left time: 1902.2131s
	iters: 500, epoch: 14 | loss: 0.2075819
	speed: 0.1094s/iter; left time: 1927.3534s
	iters: 600, epoch: 14 | loss: 0.3645289
	speed: 0.1513s/iter; left time: 2652.1039s
	iters: 700, epoch: 14 | loss: 0.2772480
	speed: 0.1985s/iter; left time: 3457.8617s
	iters: 800, epoch: 14 | loss: 0.2613008
	speed: 0.1945s/iter; left time: 3369.2528s
	iters: 900, epoch: 14 | loss: 0.4802454
	speed: 0.1979s/iter; left time: 3409.0352s
	iters: 1000, epoch: 14 | loss: 0.5105411
	speed: 0.2029s/iter; left time: 3474.4299s
Epoch: 14 cost time: 163.43379735946655
Epoch: 14, Steps: 1066 | Train Loss: 0.4104467 Vali Loss: 0.2237571 Test Loss: 0.3079357
EarlyStopping counter: 8 out of 10
Updating learning rate to 1.220703125e-08
	iters: 100, epoch: 15 | loss: 0.5221418
	speed: 4.3793s/iter; left time: 74259.2476s
	iters: 200, epoch: 15 | loss: 0.3467270
	speed: 0.1950s/iter; left time: 3287.3816s
	iters: 300, epoch: 15 | loss: 0.2876296
	speed: 0.1986s/iter; left time: 3327.6206s
	iters: 400, epoch: 15 | loss: 0.4732963
	speed: 0.1813s/iter; left time: 3020.5774s
	iters: 500, epoch: 15 | loss: 0.2436048
	speed: 0.1705s/iter; left time: 2822.4131s
	iters: 600, epoch: 15 | loss: 0.3260204
	speed: 0.2272s/iter; left time: 3739.2710s
	iters: 700, epoch: 15 | loss: 0.2104563
	speed: 0.2288s/iter; left time: 3742.1693s
	iters: 800, epoch: 15 | loss: 0.6682765
	speed: 0.1976s/iter; left time: 3213.1482s
	iters: 900, epoch: 15 | loss: 0.3099506
	speed: 0.2169s/iter; left time: 3504.3217s
	iters: 1000, epoch: 15 | loss: 0.5511058
	speed: 0.2284s/iter; left time: 3667.2324s
Epoch: 15 cost time: 225.0525827407837
Epoch: 15, Steps: 1066 | Train Loss: 0.4109607 Vali Loss: 0.2236824 Test Loss: 0.3079350
EarlyStopping counter: 9 out of 10
Updating learning rate to 6.103515625e-09
	iters: 100, epoch: 16 | loss: 0.5571403
	speed: 4.0053s/iter; left time: 63647.5041s
	iters: 200, epoch: 16 | loss: 0.7052991
	speed: 0.2395s/iter; left time: 3782.0139s
	iters: 300, epoch: 16 | loss: 0.3130159
	speed: 0.2382s/iter; left time: 3737.2031s
	iters: 400, epoch: 16 | loss: 0.2783251
	speed: 0.2384s/iter; left time: 3717.0385s
	iters: 500, epoch: 16 | loss: 0.5877103
	speed: 0.2391s/iter; left time: 3704.3404s
	iters: 600, epoch: 16 | loss: 0.6021429
	speed: 0.2537s/iter; left time: 3904.4628s
	iters: 700, epoch: 16 | loss: 0.6361924
	speed: 0.2392s/iter; left time: 3658.3101s
	iters: 800, epoch: 16 | loss: 0.5462469
	speed: 0.2482s/iter; left time: 3771.0176s
	iters: 900, epoch: 16 | loss: 0.2003559
	speed: 0.2268s/iter; left time: 3422.4574s
	iters: 1000, epoch: 16 | loss: 0.8432011
	speed: 0.2030s/iter; left time: 3042.8425s
Epoch: 16 cost time: 250.80240535736084
Epoch: 16, Steps: 1066 | Train Loss: 0.4107391 Vali Loss: 0.2237708 Test Loss: 0.3079358
EarlyStopping counter: 10 out of 10
Early stopping
>>>>>>>testing : ETTm2_96_336_FCA_v1_ETTm2_M_ft96_sl48_ll336_pl147_dm3_nh2_el1_dl128_df1_fctimeF_ebTrue_dtExp_projection_0<<<<<<<<<<<<<<<<<<<<<<<<<<<<<<<<<
test 11185
test shape: (11185, 1, 336, 7) (11185, 1, 336, 7)
test shape: (11185, 336, 7) (11185, 336, 7)
mse:0.30783119797706604, mae:0.3469049036502838
