Args in experiment:
Namespace(Decomposition=1, activation='gelu', batch_size=32, c_out=7, channel_independence=False, checkpoints='./checkpoints/', class_strategy='projection', d_ff=128, d_layers=1, d_model=147, d_ortho=49, data='ETTm1', data_path='ETTm1.csv', dec_in=7, des='Exp', devices='0,1', distil=True, do_predict=False, dropout=0.1, e_layers=2, efficient_training=False, embed='timeF', enc_in=7, exp_name='MTSF', factor=1, features='M', freq='h', gpu=0, inverse=False, is_training=1, itr=1, kernel_size=25, label_len=48, learning_rate=0.0001, loss='MSE', lradj='type1', model='FCA_v1', model_id='ETTm1_96_192', moving_avg=25, n_heads=3, num_workers=10, output_attention=False, partial_start_index=0, patience=10, pred_len=192, root_path='/data1/mazc/whxProject/Dataset/', seq_len=96, target='OT', target_data_path='electricity.csv', target_root_path='./data/electricity/', train_epochs=30, use_amp=False, use_gpu=True, use_multi_gpu=False, use_norm=True)
Use GPU: cuda:0
>>>>>>>start training : ETTm1_96_192_FCA_v1_ETTm1_M_ft96_sl48_ll192_pl147_dm3_nh2_el1_dl128_df1_fctimeF_ebTrue_dtExp_projection_0>>>>>>>>>>>>>>>>>>>>>>>>>>
train 34273
val 11329
test 11329
	iters: 100, epoch: 1 | loss: 0.5016578
	speed: 0.0470s/iter; left time: 1503.9814s
	iters: 200, epoch: 1 | loss: 0.3523440
	speed: 0.0213s/iter; left time: 679.9629s
	iters: 300, epoch: 1 | loss: 0.3533164
	speed: 0.0203s/iter; left time: 645.6459s
	iters: 400, epoch: 1 | loss: 0.3853495
	speed: 0.0206s/iter; left time: 655.1265s
	iters: 500, epoch: 1 | loss: 0.3514699
	speed: 0.0192s/iter; left time: 605.7594s
	iters: 600, epoch: 1 | loss: 0.3320634
	speed: 0.0176s/iter; left time: 553.8998s
	iters: 700, epoch: 1 | loss: 0.3869187
	speed: 0.0146s/iter; left time: 457.6413s
	iters: 800, epoch: 1 | loss: 0.4148267
	speed: 0.0150s/iter; left time: 470.9882s
	iters: 900, epoch: 1 | loss: 0.3493390
	speed: 0.0175s/iter; left time: 545.4777s
	iters: 1000, epoch: 1 | loss: 0.3979619
	speed: 0.0198s/iter; left time: 617.1345s
Epoch: 1 cost time: 22.59759783744812
Epoch: 1, Steps: 1071 | Train Loss: 0.3860873 Vali Loss: 0.5245350 Test Loss: 0.3917173
Validation loss decreased (inf --> 0.524535).  Saving model ...
Updating learning rate to 0.0001
	iters: 100, epoch: 2 | loss: 0.3711402
	speed: 0.6912s/iter; left time: 21398.2953s
	iters: 200, epoch: 2 | loss: 0.3944423
	speed: 0.0140s/iter; left time: 431.8604s
	iters: 300, epoch: 2 | loss: 0.3324150
	speed: 0.0170s/iter; left time: 522.4163s
	iters: 400, epoch: 2 | loss: 0.3405873
	speed: 0.0233s/iter; left time: 715.7927s
	iters: 500, epoch: 2 | loss: 0.4272388
	speed: 0.0233s/iter; left time: 713.1743s
	iters: 600, epoch: 2 | loss: 0.4660597
	speed: 0.0232s/iter; left time: 706.6287s
	iters: 700, epoch: 2 | loss: 0.3682353
	speed: 0.0203s/iter; left time: 617.7421s
	iters: 800, epoch: 2 | loss: 0.3229154
	speed: 0.0205s/iter; left time: 621.6976s
	iters: 900, epoch: 2 | loss: 0.3471959
	speed: 0.0278s/iter; left time: 837.6185s
	iters: 1000, epoch: 2 | loss: 0.2560049
	speed: 0.0296s/iter; left time: 890.7345s
Epoch: 2 cost time: 24.53777050971985
Epoch: 2, Steps: 1071 | Train Loss: 0.3486728 Vali Loss: 0.5156969 Test Loss: 0.3835644
Validation loss decreased (0.524535 --> 0.515697).  Saving model ...
Updating learning rate to 5e-05
	iters: 100, epoch: 3 | loss: 0.3803022
	speed: 0.7969s/iter; left time: 23819.3325s
	iters: 200, epoch: 3 | loss: 0.3358429
	speed: 0.0224s/iter; left time: 668.1705s
	iters: 300, epoch: 3 | loss: 0.3684513
	speed: 0.0210s/iter; left time: 624.6829s
	iters: 400, epoch: 3 | loss: 0.2912836
	speed: 0.0201s/iter; left time: 593.3405s
	iters: 500, epoch: 3 | loss: 0.3926738
	speed: 0.0184s/iter; left time: 541.9612s
	iters: 600, epoch: 3 | loss: 0.3300346
	speed: 0.0170s/iter; left time: 500.0196s
	iters: 700, epoch: 3 | loss: 0.2804206
	speed: 0.0199s/iter; left time: 582.7698s
	iters: 800, epoch: 3 | loss: 0.2453611
	speed: 0.0150s/iter; left time: 438.7767s
	iters: 900, epoch: 3 | loss: 0.3577052
	speed: 0.0158s/iter; left time: 460.1044s
	iters: 1000, epoch: 3 | loss: 0.4507349
	speed: 0.0187s/iter; left time: 541.6051s
Epoch: 3 cost time: 21.291743993759155
Epoch: 3, Steps: 1071 | Train Loss: 0.3393806 Vali Loss: 0.5140150 Test Loss: 0.3762496
Validation loss decreased (0.515697 --> 0.514015).  Saving model ...
Updating learning rate to 2.5e-05
	iters: 100, epoch: 4 | loss: 0.3529902
	speed: 1.5912s/iter; left time: 45853.9964s
	iters: 200, epoch: 4 | loss: 0.3404264
	speed: 0.0570s/iter; left time: 1636.3326s
	iters: 300, epoch: 4 | loss: 0.3515524
	speed: 0.0558s/iter; left time: 1597.8497s
	iters: 400, epoch: 4 | loss: 0.4213659
	speed: 0.0411s/iter; left time: 1171.4165s
	iters: 500, epoch: 4 | loss: 0.2985213
	speed: 0.0431s/iter; left time: 1225.3611s
	iters: 600, epoch: 4 | loss: 0.2874204
	speed: 0.0481s/iter; left time: 1362.5358s
	iters: 700, epoch: 4 | loss: 0.3163112
	speed: 0.0505s/iter; left time: 1424.1472s
	iters: 800, epoch: 4 | loss: 0.2683236
	speed: 0.0525s/iter; left time: 1476.3907s
	iters: 900, epoch: 4 | loss: 0.3348924
	speed: 0.0550s/iter; left time: 1542.3729s
	iters: 1000, epoch: 4 | loss: 0.3336654
	speed: 0.0567s/iter; left time: 1584.2500s
Epoch: 4 cost time: 57.59480547904968
Epoch: 4, Steps: 1071 | Train Loss: 0.3354264 Vali Loss: 0.5106640 Test Loss: 0.3752592
Validation loss decreased (0.514015 --> 0.510664).  Saving model ...
Updating learning rate to 1.25e-05
	iters: 100, epoch: 5 | loss: 0.3647787
	speed: 2.7515s/iter; left time: 76346.9829s
	iters: 200, epoch: 5 | loss: 0.3743081
	speed: 0.0675s/iter; left time: 1864.8279s
	iters: 300, epoch: 5 | loss: 0.3031150
	speed: 0.0687s/iter; left time: 1891.1370s
	iters: 400, epoch: 5 | loss: 0.3702449
	speed: 0.0738s/iter; left time: 2026.2350s
	iters: 500, epoch: 5 | loss: 0.3951142
	speed: 0.0818s/iter; left time: 2237.7125s
	iters: 600, epoch: 5 | loss: 0.2679670
	speed: 0.0812s/iter; left time: 2211.1032s
	iters: 700, epoch: 5 | loss: 0.2828315
	speed: 0.0789s/iter; left time: 2140.7394s
	iters: 800, epoch: 5 | loss: 0.4172269
	speed: 0.0774s/iter; left time: 2092.2301s
	iters: 900, epoch: 5 | loss: 0.3055478
	speed: 0.0742s/iter; left time: 2000.3814s
	iters: 1000, epoch: 5 | loss: 0.3187656
	speed: 0.0748s/iter; left time: 2008.1715s
Epoch: 5 cost time: 82.4071798324585
Epoch: 5, Steps: 1071 | Train Loss: 0.3338102 Vali Loss: 0.5097340 Test Loss: 0.3740543
Validation loss decreased (0.510664 --> 0.509734).  Saving model ...
Updating learning rate to 6.25e-06
	iters: 100, epoch: 6 | loss: 0.3276585
	speed: 2.2887s/iter; left time: 61052.4298s
	iters: 200, epoch: 6 | loss: 0.2698193
	speed: 0.0748s/iter; left time: 1986.7454s
	iters: 300, epoch: 6 | loss: 0.3293661
	speed: 0.0707s/iter; left time: 1871.8882s
	iters: 400, epoch: 6 | loss: 0.4197175
	speed: 0.0715s/iter; left time: 1886.8889s
	iters: 500, epoch: 6 | loss: 0.2994125
	speed: 0.0884s/iter; left time: 2322.8009s
	iters: 600, epoch: 6 | loss: 0.3109316
	speed: 0.0786s/iter; left time: 2057.7008s
	iters: 700, epoch: 6 | loss: 0.3238263
	speed: 0.0790s/iter; left time: 2058.8442s
	iters: 800, epoch: 6 | loss: 0.3398666
	speed: 0.0848s/iter; left time: 2203.2531s
	iters: 900, epoch: 6 | loss: 0.2786397
	speed: 0.0768s/iter; left time: 1988.2808s
	iters: 1000, epoch: 6 | loss: 0.3152436
	speed: 0.0809s/iter; left time: 2085.7429s
Epoch: 6 cost time: 85.65689158439636
Epoch: 6, Steps: 1071 | Train Loss: 0.3329253 Vali Loss: 0.5095054 Test Loss: 0.3736607
Validation loss decreased (0.509734 --> 0.509505).  Saving model ...
Updating learning rate to 3.125e-06
	iters: 100, epoch: 7 | loss: 0.3196173
	speed: 3.0217s/iter; left time: 77371.2923s
	iters: 200, epoch: 7 | loss: 0.3033608
	speed: 0.0810s/iter; left time: 2066.3336s
	iters: 300, epoch: 7 | loss: 0.3018656
	speed: 0.0965s/iter; left time: 2451.4722s
	iters: 400, epoch: 7 | loss: 0.3772147
	speed: 0.0942s/iter; left time: 2382.8361s
	iters: 500, epoch: 7 | loss: 0.2743763
	speed: 0.0880s/iter; left time: 2218.1947s
	iters: 600, epoch: 7 | loss: 0.3074796
	speed: 0.0866s/iter; left time: 2175.1905s
	iters: 700, epoch: 7 | loss: 0.3266916
	speed: 0.0873s/iter; left time: 2184.0222s
	iters: 800, epoch: 7 | loss: 0.2862617
	speed: 0.1058s/iter; left time: 2635.2975s
	iters: 900, epoch: 7 | loss: 0.2745203
	speed: 0.0961s/iter; left time: 2382.5256s
	iters: 1000, epoch: 7 | loss: 0.2650229
	speed: 0.0866s/iter; left time: 2140.4911s
Epoch: 7 cost time: 97.26079940795898
Epoch: 7, Steps: 1071 | Train Loss: 0.3325186 Vali Loss: 0.5088934 Test Loss: 0.3736387
Validation loss decreased (0.509505 --> 0.508893).  Saving model ...
Updating learning rate to 1.5625e-06
	iters: 100, epoch: 8 | loss: 0.4213526
	speed: 2.9252s/iter; left time: 71767.8386s
	iters: 200, epoch: 8 | loss: 0.3092691
	speed: 0.1000s/iter; left time: 2442.7616s
	iters: 300, epoch: 8 | loss: 0.3093768
	speed: 0.0857s/iter; left time: 2085.7841s
	iters: 400, epoch: 8 | loss: 0.2929648
	speed: 0.1019s/iter; left time: 2470.3295s
	iters: 500, epoch: 8 | loss: 0.3703142
	speed: 0.1114s/iter; left time: 2689.5183s
	iters: 600, epoch: 8 | loss: 0.3240220
	speed: 0.0979s/iter; left time: 2353.6387s
	iters: 700, epoch: 8 | loss: 0.3383062
	speed: 0.0815s/iter; left time: 1950.7018s
	iters: 800, epoch: 8 | loss: 0.3023577
	speed: 0.0802s/iter; left time: 1911.2517s
	iters: 900, epoch: 8 | loss: 0.2744044
	speed: 0.0869s/iter; left time: 2062.6304s
	iters: 1000, epoch: 8 | loss: 0.3780839
	speed: 0.0952s/iter; left time: 2248.7826s
Epoch: 8 cost time: 102.55724501609802
Epoch: 8, Steps: 1071 | Train Loss: 0.3322834 Vali Loss: 0.5087705 Test Loss: 0.3735417
Validation loss decreased (0.508893 --> 0.508770).  Saving model ...
Updating learning rate to 7.8125e-07
	iters: 100, epoch: 9 | loss: 0.3034849
	speed: 3.6654s/iter; left time: 86000.9933s
	iters: 200, epoch: 9 | loss: 0.3779652
	speed: 0.1324s/iter; left time: 3092.5771s
	iters: 300, epoch: 9 | loss: 0.3790438
	speed: 0.1330s/iter; left time: 3094.4349s
	iters: 400, epoch: 9 | loss: 0.2889410
	speed: 0.1338s/iter; left time: 3098.3375s
	iters: 500, epoch: 9 | loss: 0.3442740
	speed: 0.1310s/iter; left time: 3021.8309s
	iters: 600, epoch: 9 | loss: 0.2658203
	speed: 0.1160s/iter; left time: 2663.0277s
	iters: 700, epoch: 9 | loss: 0.3958033
	speed: 0.1360s/iter; left time: 3110.4662s
	iters: 800, epoch: 9 | loss: 0.3201571
	speed: 0.1239s/iter; left time: 2821.3631s
	iters: 900, epoch: 9 | loss: 0.3078298
	speed: 0.1301s/iter; left time: 2947.4230s
	iters: 1000, epoch: 9 | loss: 0.3645577
	speed: 0.1488s/iter; left time: 3356.7216s
Epoch: 9 cost time: 144.53807044029236
Epoch: 9, Steps: 1071 | Train Loss: 0.3321555 Vali Loss: 0.5087311 Test Loss: 0.3734980
Validation loss decreased (0.508770 --> 0.508731).  Saving model ...
Updating learning rate to 3.90625e-07
	iters: 100, epoch: 10 | loss: 0.3911839
	speed: 2.6490s/iter; left time: 59315.8443s
	iters: 200, epoch: 10 | loss: 0.2834975
	speed: 0.0625s/iter; left time: 1393.9175s
	iters: 300, epoch: 10 | loss: 0.3120793
	speed: 0.0562s/iter; left time: 1247.4296s
	iters: 400, epoch: 10 | loss: 0.3178771
	speed: 0.0734s/iter; left time: 1622.4291s
	iters: 500, epoch: 10 | loss: 0.3601626
	speed: 0.0693s/iter; left time: 1524.4374s
	iters: 600, epoch: 10 | loss: 0.3228177
	speed: 0.0812s/iter; left time: 1776.7675s
	iters: 700, epoch: 10 | loss: 0.3384130
	speed: 0.0657s/iter; left time: 1432.6309s
	iters: 800, epoch: 10 | loss: 0.4212629
	speed: 0.0760s/iter; left time: 1649.3155s
	iters: 900, epoch: 10 | loss: 0.3084579
	speed: 0.0776s/iter; left time: 1675.0893s
	iters: 1000, epoch: 10 | loss: 0.2518467
	speed: 0.0781s/iter; left time: 1678.4245s
Epoch: 10 cost time: 79.44821119308472
Epoch: 10, Steps: 1071 | Train Loss: 0.3320664 Vali Loss: 0.5086745 Test Loss: 0.3734852
Validation loss decreased (0.508731 --> 0.508675).  Saving model ...
Updating learning rate to 1.953125e-07
	iters: 100, epoch: 11 | loss: 0.3560556
	speed: 3.6488s/iter; left time: 77795.1627s
	iters: 200, epoch: 11 | loss: 0.3951837
	speed: 0.1442s/iter; left time: 3061.0441s
	iters: 300, epoch: 11 | loss: 0.4409550
	speed: 0.1380s/iter; left time: 2914.1325s
	iters: 400, epoch: 11 | loss: 0.3292432
	speed: 0.1384s/iter; left time: 2909.2926s
	iters: 500, epoch: 11 | loss: 0.3563770
	speed: 0.1263s/iter; left time: 2641.9963s
	iters: 600, epoch: 11 | loss: 0.3095563
	speed: 0.1429s/iter; left time: 2976.0996s
	iters: 700, epoch: 11 | loss: 0.3302207
	speed: 0.1187s/iter; left time: 2459.5906s
	iters: 800, epoch: 11 | loss: 0.3252980
	speed: 0.0590s/iter; left time: 1216.8690s
	iters: 900, epoch: 11 | loss: 0.3026417
	speed: 0.0537s/iter; left time: 1101.0646s
	iters: 1000, epoch: 11 | loss: 0.4157633
	speed: 0.0649s/iter; left time: 1325.8226s
Epoch: 11 cost time: 120.49677395820618
Epoch: 11, Steps: 1071 | Train Loss: 0.3321497 Vali Loss: 0.5086617 Test Loss: 0.3734647
Validation loss decreased (0.508675 --> 0.508662).  Saving model ...
Updating learning rate to 9.765625e-08
	iters: 100, epoch: 12 | loss: 0.2936156
	speed: 2.3067s/iter; left time: 46710.8113s
	iters: 200, epoch: 12 | loss: 0.3083009
	speed: 0.0652s/iter; left time: 1314.1025s
	iters: 300, epoch: 12 | loss: 0.3538280
	speed: 0.0758s/iter; left time: 1519.2655s
	iters: 400, epoch: 12 | loss: 0.2918130
	speed: 0.0759s/iter; left time: 1513.4342s
	iters: 500, epoch: 12 | loss: 0.2772793
	speed: 0.0817s/iter; left time: 1620.8947s
	iters: 600, epoch: 12 | loss: 0.2762485
	speed: 0.0651s/iter; left time: 1286.0909s
	iters: 700, epoch: 12 | loss: 0.3723285
	speed: 0.0680s/iter; left time: 1335.5882s
	iters: 800, epoch: 12 | loss: 0.3045370
	speed: 0.0696s/iter; left time: 1360.1681s
	iters: 900, epoch: 12 | loss: 0.3262564
	speed: 0.0668s/iter; left time: 1299.6668s
	iters: 1000, epoch: 12 | loss: 0.3500437
	speed: 0.0716s/iter; left time: 1385.0374s
Epoch: 12 cost time: 76.7966697216034
Epoch: 12, Steps: 1071 | Train Loss: 0.3322222 Vali Loss: 0.5086395 Test Loss: 0.3734561
Validation loss decreased (0.508662 --> 0.508639).  Saving model ...
Updating learning rate to 4.8828125e-08
	iters: 100, epoch: 13 | loss: 0.3408027
	speed: 2.6911s/iter; left time: 51613.5028s
	iters: 200, epoch: 13 | loss: 0.2837286
	speed: 0.1193s/iter; left time: 2276.9935s
	iters: 300, epoch: 13 | loss: 0.2810128
	speed: 0.1078s/iter; left time: 2046.0128s
	iters: 400, epoch: 13 | loss: 0.3103679
	speed: 0.1199s/iter; left time: 2263.1921s
	iters: 500, epoch: 13 | loss: 0.2971371
	speed: 0.1220s/iter; left time: 2291.1852s
	iters: 600, epoch: 13 | loss: 0.3319775
	speed: 0.1414s/iter; left time: 2641.2936s
	iters: 700, epoch: 13 | loss: 0.3149975
	speed: 0.1393s/iter; left time: 2588.3460s
	iters: 800, epoch: 13 | loss: 0.3019477
	speed: 0.1344s/iter; left time: 2482.8324s
	iters: 900, epoch: 13 | loss: 0.3399642
	speed: 0.1451s/iter; left time: 2666.6493s
	iters: 1000, epoch: 13 | loss: 0.3679101
	speed: 0.1351s/iter; left time: 2470.0065s
Epoch: 13 cost time: 140.17430973052979
Epoch: 13, Steps: 1071 | Train Loss: 0.3322080 Vali Loss: 0.5086436 Test Loss: 0.3734547
EarlyStopping counter: 1 out of 10
Updating learning rate to 2.44140625e-08
	iters: 100, epoch: 14 | loss: 0.3118490
	speed: 4.0982s/iter; left time: 74209.9875s
	iters: 200, epoch: 14 | loss: 0.3594722
	speed: 0.1071s/iter; left time: 1928.0867s
	iters: 300, epoch: 14 | loss: 0.3689097
	speed: 0.1169s/iter; left time: 2094.1587s
	iters: 400, epoch: 14 | loss: 0.3083357
	speed: 0.1166s/iter; left time: 2076.3808s
	iters: 500, epoch: 14 | loss: 0.3784574
	speed: 0.1135s/iter; left time: 2009.3128s
	iters: 600, epoch: 14 | loss: 0.3781281
	speed: 0.1131s/iter; left time: 1991.3753s
	iters: 700, epoch: 14 | loss: 0.2989208
	speed: 0.1221s/iter; left time: 2137.4901s
	iters: 800, epoch: 14 | loss: 0.3053630
	speed: 0.1184s/iter; left time: 2061.3578s
	iters: 900, epoch: 14 | loss: 0.3762386
	speed: 0.1274s/iter; left time: 2204.3852s
	iters: 1000, epoch: 14 | loss: 0.3332084
	speed: 0.0989s/iter; left time: 1702.6251s
Epoch: 14 cost time: 124.665696144104
Epoch: 14, Steps: 1071 | Train Loss: 0.3322535 Vali Loss: 0.5086603 Test Loss: 0.3734531
EarlyStopping counter: 2 out of 10
Updating learning rate to 1.220703125e-08
	iters: 100, epoch: 15 | loss: 0.3016403
	speed: 4.5084s/iter; left time: 76810.0800s
	iters: 200, epoch: 15 | loss: 0.2924130
	speed: 0.1030s/iter; left time: 1744.4350s
	iters: 300, epoch: 15 | loss: 0.4250813
	speed: 0.1350s/iter; left time: 2273.1044s
	iters: 400, epoch: 15 | loss: 0.3053434
	speed: 0.1296s/iter; left time: 2168.2881s
	iters: 500, epoch: 15 | loss: 0.2967090
	speed: 0.1144s/iter; left time: 1903.7128s
	iters: 600, epoch: 15 | loss: 0.3922265
	speed: 0.1548s/iter; left time: 2559.7435s
	iters: 700, epoch: 15 | loss: 0.2626565
	speed: 0.1382s/iter; left time: 2271.7662s
	iters: 800, epoch: 15 | loss: 0.3297790
	speed: 0.1426s/iter; left time: 2330.0045s
	iters: 900, epoch: 15 | loss: 0.3110368
	speed: 0.1198s/iter; left time: 1945.7342s
	iters: 1000, epoch: 15 | loss: 0.3651479
	speed: 0.1385s/iter; left time: 2235.5757s
Epoch: 15 cost time: 146.4082841873169
Epoch: 15, Steps: 1071 | Train Loss: 0.3319826 Vali Loss: 0.5086487 Test Loss: 0.3734512
EarlyStopping counter: 3 out of 10
Updating learning rate to 6.103515625e-09
	iters: 100, epoch: 16 | loss: 0.3315080
	speed: 6.6988s/iter; left time: 106953.1823s
	iters: 200, epoch: 16 | loss: 0.3793459
	speed: 0.0546s/iter; left time: 865.8077s
	iters: 300, epoch: 16 | loss: 0.3210590
	speed: 0.0548s/iter; left time: 863.7800s
	iters: 400, epoch: 16 | loss: 0.3826610
	speed: 0.0588s/iter; left time: 920.4344s
	iters: 500, epoch: 16 | loss: 0.3101357
	speed: 0.0578s/iter; left time: 898.9500s
	iters: 600, epoch: 16 | loss: 0.3648929
	speed: 0.0549s/iter; left time: 848.9728s
	iters: 700, epoch: 16 | loss: 0.3179871
	speed: 0.0620s/iter; left time: 953.1456s
	iters: 800, epoch: 16 | loss: 0.3303902
	speed: 0.0601s/iter; left time: 917.2238s
	iters: 900, epoch: 16 | loss: 0.2765943
	speed: 0.0667s/iter; left time: 1012.2092s
	iters: 1000, epoch: 16 | loss: 0.2986524
	speed: 0.0726s/iter; left time: 1094.0494s
Epoch: 16 cost time: 65.7677538394928
Epoch: 16, Steps: 1071 | Train Loss: 0.3320937 Vali Loss: 0.5086285 Test Loss: 0.3734509
Validation loss decreased (0.508639 --> 0.508629).  Saving model ...
Updating learning rate to 3.0517578125e-09
	iters: 100, epoch: 17 | loss: 0.3443108
	speed: 2.4651s/iter; left time: 36717.0503s
	iters: 200, epoch: 17 | loss: 0.3308366
	speed: 0.0562s/iter; left time: 830.8819s
	iters: 300, epoch: 17 | loss: 0.2986533
	speed: 0.0559s/iter; left time: 822.1585s
	iters: 400, epoch: 17 | loss: 0.2709889
	speed: 0.0582s/iter; left time: 849.3470s
	iters: 500, epoch: 17 | loss: 0.3946543
	speed: 0.0642s/iter; left time: 930.4584s
	iters: 600, epoch: 17 | loss: 0.2715308
	speed: 0.0720s/iter; left time: 1036.0273s
	iters: 700, epoch: 17 | loss: 0.3980113
	speed: 0.0657s/iter; left time: 939.0744s
	iters: 800, epoch: 17 | loss: 0.3957418
	speed: 0.0641s/iter; left time: 909.1898s
	iters: 900, epoch: 17 | loss: 0.3346794
	speed: 0.0764s/iter; left time: 1076.8861s
	iters: 1000, epoch: 17 | loss: 0.3390082
	speed: 0.0752s/iter; left time: 1052.8279s
Epoch: 17 cost time: 70.60280323028564
Epoch: 17, Steps: 1071 | Train Loss: 0.3320424 Vali Loss: 0.5086436 Test Loss: 0.3734508
EarlyStopping counter: 1 out of 10
Updating learning rate to 1.52587890625e-09
	iters: 100, epoch: 18 | loss: 0.4141942
	speed: 2.4362s/iter; left time: 33677.6536s
	iters: 200, epoch: 18 | loss: 0.3098779
	speed: 0.0750s/iter; left time: 1028.7186s
	iters: 300, epoch: 18 | loss: 0.3256239
	speed: 0.0849s/iter; left time: 1157.0860s
	iters: 400, epoch: 18 | loss: 0.3554957
	speed: 0.0694s/iter; left time: 938.1327s
	iters: 500, epoch: 18 | loss: 0.3070698
	speed: 0.0780s/iter; left time: 1046.6041s
	iters: 600, epoch: 18 | loss: 0.3317636
	speed: 0.0729s/iter; left time: 971.6378s
	iters: 700, epoch: 18 | loss: 0.3044312
	speed: 0.0796s/iter; left time: 1052.2086s
	iters: 800, epoch: 18 | loss: 0.3681297
	speed: 0.0592s/iter; left time: 776.3890s
	iters: 900, epoch: 18 | loss: 0.3197684
	speed: 0.0588s/iter; left time: 765.4717s
	iters: 1000, epoch: 18 | loss: 0.2796247
	speed: 0.0779s/iter; left time: 1006.6838s
Epoch: 18 cost time: 79.70923328399658
Epoch: 18, Steps: 1071 | Train Loss: 0.3321368 Vali Loss: 0.5086226 Test Loss: 0.3734508
Validation loss decreased (0.508629 --> 0.508623).  Saving model ...
Updating learning rate to 7.62939453125e-10
	iters: 100, epoch: 19 | loss: 0.3002289
	speed: 3.8190s/iter; left time: 48703.7334s
	iters: 200, epoch: 19 | loss: 0.3551261
	speed: 0.1113s/iter; left time: 1407.9252s
	iters: 300, epoch: 19 | loss: 0.3000515
	speed: 0.1099s/iter; left time: 1379.8403s
	iters: 400, epoch: 19 | loss: 0.2913586
	speed: 0.1132s/iter; left time: 1409.3786s
	iters: 500, epoch: 19 | loss: 0.3529681
	speed: 0.1031s/iter; left time: 1274.0213s
	iters: 600, epoch: 19 | loss: 0.2624254
	speed: 0.0912s/iter; left time: 1117.3755s
	iters: 700, epoch: 19 | loss: 0.3198351
	speed: 0.1114s/iter; left time: 1354.3674s
	iters: 800, epoch: 19 | loss: 0.3863643
	speed: 0.1119s/iter; left time: 1348.2371s
	iters: 900, epoch: 19 | loss: 0.3051929
	speed: 0.1131s/iter; left time: 1351.7466s
	iters: 1000, epoch: 19 | loss: 0.3288385
	speed: 0.1108s/iter; left time: 1313.5701s
Epoch: 19 cost time: 116.33210492134094
Epoch: 19, Steps: 1071 | Train Loss: 0.3320820 Vali Loss: 0.5086503 Test Loss: 0.3734508
EarlyStopping counter: 1 out of 10
Updating learning rate to 3.814697265625e-10
	iters: 100, epoch: 20 | loss: 0.3205609
	speed: 2.6987s/iter; left time: 31526.5278s
	iters: 200, epoch: 20 | loss: 0.3836044
	speed: 0.1079s/iter; left time: 1249.8636s
	iters: 300, epoch: 20 | loss: 0.4402924
	speed: 0.0981s/iter; left time: 1126.6792s
	iters: 400, epoch: 20 | loss: 0.2875981
	speed: 0.0878s/iter; left time: 999.4068s
	iters: 500, epoch: 20 | loss: 0.3651814
	speed: 0.1091s/iter; left time: 1230.4702s
	iters: 600, epoch: 20 | loss: 0.2971418
	speed: 0.1102s/iter; left time: 1232.3218s
	iters: 700, epoch: 20 | loss: 0.3753557
	speed: 0.1144s/iter; left time: 1267.7060s
	iters: 800, epoch: 20 | loss: 0.2833686
	speed: 0.1088s/iter; left time: 1194.3765s
	iters: 900, epoch: 20 | loss: 0.3029231
	speed: 0.1073s/iter; left time: 1167.3987s
	iters: 1000, epoch: 20 | loss: 0.4144240
	speed: 0.1170s/iter; left time: 1261.4959s
Epoch: 20 cost time: 116.9341516494751
Epoch: 20, Steps: 1071 | Train Loss: 0.3320217 Vali Loss: 0.5086226 Test Loss: 0.3734508
Validation loss decreased (0.508623 --> 0.508623).  Saving model ...
Updating learning rate to 1.9073486328125e-10
	iters: 100, epoch: 21 | loss: 0.3618577
	speed: 3.4335s/iter; left time: 36432.6482s
	iters: 200, epoch: 21 | loss: 0.2761291
	speed: 0.0550s/iter; left time: 578.2429s
	iters: 300, epoch: 21 | loss: 0.2828137
	speed: 0.0696s/iter; left time: 724.1825s
	iters: 400, epoch: 21 | loss: 0.3865220
	speed: 0.0744s/iter; left time: 766.9276s
	iters: 500, epoch: 21 | loss: 0.3407563
	speed: 0.0724s/iter; left time: 738.8377s
	iters: 600, epoch: 21 | loss: 0.3105377
	speed: 0.0718s/iter; left time: 726.0198s
	iters: 700, epoch: 21 | loss: 0.3059833
	speed: 0.0708s/iter; left time: 708.5909s
	iters: 800, epoch: 21 | loss: 0.3211052
	speed: 0.0786s/iter; left time: 779.0923s
	iters: 900, epoch: 21 | loss: 0.3046037
	speed: 0.0613s/iter; left time: 601.7876s
	iters: 1000, epoch: 21 | loss: 0.3625717
	speed: 0.0776s/iter; left time: 753.5113s
Epoch: 21 cost time: 76.15810418128967
Epoch: 21, Steps: 1071 | Train Loss: 0.3319416 Vali Loss: 0.5086128 Test Loss: 0.3734508
Validation loss decreased (0.508623 --> 0.508613).  Saving model ...
Updating learning rate to 9.5367431640625e-11
	iters: 100, epoch: 22 | loss: 0.3869761
	speed: 4.0833s/iter; left time: 38954.8997s
	iters: 200, epoch: 22 | loss: 0.3633087
	speed: 0.1026s/iter; left time: 968.1664s
	iters: 300, epoch: 22 | loss: 0.3584510
	speed: 0.1120s/iter; left time: 1046.4659s
	iters: 400, epoch: 22 | loss: 0.3537448
	speed: 0.1163s/iter; left time: 1074.5188s
	iters: 500, epoch: 22 | loss: 0.3822664
	speed: 1.6775s/iter; left time: 15332.5489s
	iters: 600, epoch: 22 | loss: 0.3205596
	speed: 0.1141s/iter; left time: 1031.5840s
	iters: 700, epoch: 22 | loss: 0.3341486
	speed: 0.1077s/iter; left time: 962.7337s
	iters: 800, epoch: 22 | loss: 0.3362879
	speed: 0.1017s/iter; left time: 899.1614s
	iters: 900, epoch: 22 | loss: 0.3700556
	speed: 0.1172s/iter; left time: 1023.9608s
	iters: 1000, epoch: 22 | loss: 0.4870394
	speed: 0.1102s/iter; left time: 952.4478s
Epoch: 22 cost time: 280.1751272678375
Epoch: 22, Steps: 1071 | Train Loss: 0.3321739 Vali Loss: 0.5086411 Test Loss: 0.3734508
EarlyStopping counter: 1 out of 10
Updating learning rate to 4.76837158203125e-11
	iters: 100, epoch: 23 | loss: 0.3642651
	speed: 3.4756s/iter; left time: 29434.6753s
	iters: 200, epoch: 23 | loss: 0.4466788
	speed: 0.1283s/iter; left time: 1073.8383s
	iters: 300, epoch: 23 | loss: 0.3429786
	speed: 0.1424s/iter; left time: 1177.7792s
	iters: 400, epoch: 23 | loss: 0.3122593
	speed: 0.1372s/iter; left time: 1120.4048s
	iters: 500, epoch: 23 | loss: 0.3396967
	speed: 0.0972s/iter; left time: 784.0877s
	iters: 600, epoch: 23 | loss: 0.4004985
	speed: 0.0792s/iter; left time: 631.3484s
	iters: 700, epoch: 23 | loss: 0.3343322
	speed: 0.0768s/iter; left time: 604.0261s
	iters: 800, epoch: 23 | loss: 0.2510932
	speed: 0.0819s/iter; left time: 636.0952s
	iters: 900, epoch: 23 | loss: 0.3039296
	speed: 0.0738s/iter; left time: 565.9770s
	iters: 1000, epoch: 23 | loss: 0.2659356
	speed: 0.0756s/iter; left time: 572.0376s
Epoch: 23 cost time: 107.61256718635559
Epoch: 23, Steps: 1071 | Train Loss: 0.3321352 Vali Loss: 0.5086359 Test Loss: 0.3734508
EarlyStopping counter: 2 out of 10
Updating learning rate to 2.384185791015625e-11
	iters: 100, epoch: 24 | loss: 0.2978661
	speed: 3.2061s/iter; left time: 23718.5065s
	iters: 200, epoch: 24 | loss: 0.2968653
	speed: 0.0850s/iter; left time: 619.9858s
	iters: 300, epoch: 24 | loss: 0.2841262
	speed: 0.1020s/iter; left time: 734.3472s
	iters: 400, epoch: 24 | loss: 0.3194855
	speed: 0.1133s/iter; left time: 803.8829s
	iters: 500, epoch: 24 | loss: 0.3252195
	speed: 0.0892s/iter; left time: 624.2474s
	iters: 600, epoch: 24 | loss: 0.3339457
	speed: 0.1052s/iter; left time: 725.7259s
	iters: 700, epoch: 24 | loss: 0.3461858
	speed: 0.0843s/iter; left time: 573.2761s
	iters: 800, epoch: 24 | loss: 0.3054831
	speed: 0.0899s/iter; left time: 602.1770s
	iters: 900, epoch: 24 | loss: 0.3666810
	speed: 0.0850s/iter; left time: 560.7013s
	iters: 1000, epoch: 24 | loss: 0.4740286
	speed: 0.0752s/iter; left time: 488.8187s
Epoch: 24 cost time: 102.69145369529724
Epoch: 24, Steps: 1071 | Train Loss: 0.3320977 Vali Loss: 0.5086386 Test Loss: 0.3734508
EarlyStopping counter: 3 out of 10
Updating learning rate to 1.1920928955078126e-11
	iters: 100, epoch: 25 | loss: 0.3494138
	speed: 3.2802s/iter; left time: 20753.8200s
	iters: 200, epoch: 25 | loss: 0.3522566
	speed: 0.1109s/iter; left time: 690.5168s
	iters: 300, epoch: 25 | loss: 0.4684179
	speed: 0.1073s/iter; left time: 657.6564s
	iters: 400, epoch: 25 | loss: 0.3593853
	speed: 0.0876s/iter; left time: 528.1636s
	iters: 500, epoch: 25 | loss: 0.2980282
	speed: 0.0582s/iter; left time: 345.1564s
	iters: 600, epoch: 25 | loss: 0.3445296
	speed: 0.0552s/iter; left time: 321.5868s
	iters: 700, epoch: 25 | loss: 0.3550924
	speed: 0.0577s/iter; left time: 330.2499s
	iters: 800, epoch: 25 | loss: 0.3661357
	speed: 0.0478s/iter; left time: 268.8097s
	iters: 900, epoch: 25 | loss: 0.2979573
	speed: 0.0515s/iter; left time: 284.8136s
	iters: 1000, epoch: 25 | loss: 0.3342498
	speed: 0.0556s/iter; left time: 301.7547s
Epoch: 25 cost time: 79.754629611969
Epoch: 25, Steps: 1071 | Train Loss: 0.3321770 Vali Loss: 0.5086467 Test Loss: 0.3734508
EarlyStopping counter: 4 out of 10
Updating learning rate to 5.960464477539063e-12
	iters: 100, epoch: 26 | loss: 0.3071024
	speed: 3.4028s/iter; left time: 17885.0099s
	iters: 200, epoch: 26 | loss: 0.3164545
	speed: 0.0781s/iter; left time: 402.7846s
	iters: 300, epoch: 26 | loss: 0.3173764
	speed: 0.0567s/iter; left time: 286.4344s
	iters: 400, epoch: 26 | loss: 0.4239213
	speed: 0.0574s/iter; left time: 284.4834s
	iters: 500, epoch: 26 | loss: 0.2649238
	speed: 0.0525s/iter; left time: 255.0590s
	iters: 600, epoch: 26 | loss: 0.3604161
	speed: 0.0509s/iter; left time: 241.8730s
	iters: 700, epoch: 26 | loss: 0.2993512
	speed: 0.0522s/iter; left time: 242.8996s
	iters: 800, epoch: 26 | loss: 0.3155414
	speed: 0.0517s/iter; left time: 235.6497s
	iters: 900, epoch: 26 | loss: 0.2665771
	speed: 0.0466s/iter; left time: 207.7951s
	iters: 1000, epoch: 26 | loss: 0.3453975
	speed: 0.0481s/iter; left time: 209.3898s
Epoch: 26 cost time: 139.5117928981781
Epoch: 26, Steps: 1071 | Train Loss: 0.3321663 Vali Loss: 0.5086499 Test Loss: 0.3734508
EarlyStopping counter: 5 out of 10
Updating learning rate to 2.9802322387695314e-12
	iters: 100, epoch: 27 | loss: 0.2895092
	speed: 1.7682s/iter; left time: 7399.7673s
	iters: 200, epoch: 27 | loss: 0.2908523
	speed: 0.0509s/iter; left time: 207.9855s
	iters: 300, epoch: 27 | loss: 0.2896139
	speed: 0.0511s/iter; left time: 203.6255s
	iters: 400, epoch: 27 | loss: 0.2732370
	speed: 0.0454s/iter; left time: 176.4016s
	iters: 500, epoch: 27 | loss: 0.3100459
	speed: 0.0489s/iter; left time: 185.2232s
	iters: 600, epoch: 27 | loss: 0.2610177
	speed: 0.0468s/iter; left time: 172.3546s
	iters: 700, epoch: 27 | loss: 0.3432872
	speed: 0.0470s/iter; left time: 168.6164s
	iters: 800, epoch: 27 | loss: 0.3151384
	speed: 0.0493s/iter; left time: 171.7901s
	iters: 900, epoch: 27 | loss: 0.3490747
	speed: 0.0485s/iter; left time: 164.3135s
	iters: 1000, epoch: 27 | loss: 0.3177561
	speed: 0.0483s/iter; left time: 158.6947s
Epoch: 27 cost time: 54.00347280502319
Epoch: 27, Steps: 1071 | Train Loss: 0.3320093 Vali Loss: 0.5086534 Test Loss: 0.3734508
EarlyStopping counter: 6 out of 10
Updating learning rate to 1.4901161193847657e-12
	iters: 100, epoch: 28 | loss: 0.3189487
	speed: 2.1786s/iter; left time: 6784.1019s
	iters: 200, epoch: 28 | loss: 0.3957279
	speed: 0.0744s/iter; left time: 224.3705s
	iters: 300, epoch: 28 | loss: 0.3581034
	speed: 0.0649s/iter; left time: 189.1967s
	iters: 400, epoch: 28 | loss: 0.3079912
	speed: 0.0748s/iter; left time: 210.3853s
	iters: 500, epoch: 28 | loss: 0.2837614
	speed: 0.0751s/iter; left time: 203.8347s
	iters: 600, epoch: 28 | loss: 0.3235546
	speed: 0.0793s/iter; left time: 207.2996s
	iters: 700, epoch: 28 | loss: 0.3167505
	speed: 0.0762s/iter; left time: 191.5610s
	iters: 800, epoch: 28 | loss: 0.3153907
	speed: 0.0771s/iter; left time: 186.2206s
	iters: 900, epoch: 28 | loss: 0.3150862
	speed: 0.0797s/iter; left time: 184.4003s
	iters: 1000, epoch: 28 | loss: 0.3001816
	speed: 0.0823s/iter; left time: 182.1188s
Epoch: 28 cost time: 83.20670342445374
Epoch: 28, Steps: 1071 | Train Loss: 0.3321540 Vali Loss: 0.5086415 Test Loss: 0.3734508
EarlyStopping counter: 7 out of 10
Updating learning rate to 7.450580596923828e-13
	iters: 100, epoch: 29 | loss: 0.3176910
	speed: 2.5661s/iter; left time: 5242.5065s
	iters: 200, epoch: 29 | loss: 0.3175268
	speed: 0.0643s/iter; left time: 124.9135s
	iters: 300, epoch: 29 | loss: 0.3031214
	speed: 0.0618s/iter; left time: 113.8306s
	iters: 400, epoch: 29 | loss: 0.2566445
	speed: 0.0638s/iter; left time: 111.1344s
	iters: 500, epoch: 29 | loss: 0.3096192
	speed: 0.0637s/iter; left time: 104.5884s
	iters: 600, epoch: 29 | loss: 0.3517371
	speed: 0.0607s/iter; left time: 93.6027s
	iters: 700, epoch: 29 | loss: 0.3109320
	speed: 0.0766s/iter; left time: 110.5018s
	iters: 800, epoch: 29 | loss: 0.2659459
	speed: 0.0679s/iter; left time: 91.2130s
	iters: 900, epoch: 29 | loss: 0.3320082
	speed: 0.0696s/iter; left time: 86.5684s
	iters: 1000, epoch: 29 | loss: 0.2535273
	speed: 0.0646s/iter; left time: 73.8393s
Epoch: 29 cost time: 72.56468200683594
Epoch: 29, Steps: 1071 | Train Loss: 0.3320856 Vali Loss: 0.5086501 Test Loss: 0.3734508
EarlyStopping counter: 8 out of 10
Updating learning rate to 3.725290298461914e-13
	iters: 100, epoch: 30 | loss: 0.2911494
	speed: 3.0051s/iter; left time: 2920.9264s
	iters: 200, epoch: 30 | loss: 0.3310205
	speed: 0.0715s/iter; left time: 62.3223s
	iters: 300, epoch: 30 | loss: 0.3133112
	speed: 0.0737s/iter; left time: 56.9304s
	iters: 400, epoch: 30 | loss: 0.3439978
	speed: 0.0676s/iter; left time: 45.4248s
	iters: 500, epoch: 30 | loss: 0.3038807
	speed: 0.0738s/iter; left time: 42.2200s
	iters: 600, epoch: 30 | loss: 0.3562688
	speed: 0.0646s/iter; left time: 30.4906s
	iters: 700, epoch: 30 | loss: 0.2845088
	speed: 0.0666s/iter; left time: 24.7767s
	iters: 800, epoch: 30 | loss: 0.4007428
	speed: 0.0731s/iter; left time: 19.8957s
	iters: 900, epoch: 30 | loss: 0.3651595
	speed: 0.0703s/iter; left time: 12.0883s
	iters: 1000, epoch: 30 | loss: 0.3785186
	speed: 0.0717s/iter; left time: 5.1605s
Epoch: 30 cost time: 77.69912028312683
Epoch: 30, Steps: 1071 | Train Loss: 0.3322091 Vali Loss: 0.5086030 Test Loss: 0.3734508
Validation loss decreased (0.508613 --> 0.508603).  Saving model ...
Updating learning rate to 1.862645149230957e-13
>>>>>>>testing : ETTm1_96_192_FCA_v1_ETTm1_M_ft96_sl48_ll192_pl147_dm3_nh2_el1_dl128_df1_fctimeF_ebTrue_dtExp_projection_0<<<<<<<<<<<<<<<<<<<<<<<<<<<<<<<<<
test 11329
test shape: (11329, 1, 192, 7) (11329, 1, 192, 7)
test shape: (11329, 192, 7) (11329, 192, 7)
mse:0.3734505772590637, mae:0.3911483883857727
