Args in experiment:
Namespace(Decomposition=1, activation='gelu', batch_size=32, c_out=137, channel_independence=False, checkpoints='./checkpoints/', class_strategy='projection', d_ff=512, d_layers=1, d_model=640, d_ortho=49, data='Solar', data_path='solar_AL.txt', dec_in=137, des='Exp', devices='0,1', distil=True, do_predict=False, dropout=0.1, e_layers=2, efficient_training=False, embed='timeF', enc_in=137, exp_name='MTSF', factor=1, features='M', freq='h', gpu=0, inverse=False, is_training=1, itr=1, kernel_size=25, label_len=48, learning_rate=0.0005, loss='MSE', lradj='type1', model='FCA_v1', model_id='solar_96_336', moving_avg=25, n_heads=10, num_workers=10, output_attention=False, partial_start_index=0, patience=10, pred_len=336, root_path='/data1/mazc/whxProject/Dataset/', seq_len=96, target='OT', target_data_path='electricity.csv', target_root_path='./data/electricity/', train_epochs=30, use_amp=False, use_gpu=True, use_multi_gpu=False, use_norm=True)
Use GPU: cuda:0
>>>>>>>start training : solar_96_336_FCA_v1_Solar_M_ft96_sl48_ll336_pl640_dm10_nh2_el1_dl512_df1_fctimeF_ebTrue_dtExp_projection_0>>>>>>>>>>>>>>>>>>>>>>>>>>
train 36361
val 4921
test 10177
	iters: 100, epoch: 1 | loss: 0.3059291
	speed: 0.1170s/iter; left time: 3975.0295s
	iters: 200, epoch: 1 | loss: 0.3635121
	speed: 0.0802s/iter; left time: 2717.3533s
	iters: 300, epoch: 1 | loss: 0.3988447
	speed: 0.0850s/iter; left time: 2870.4012s
	iters: 400, epoch: 1 | loss: 0.2477427
	speed: 0.0898s/iter; left time: 3025.7881s
	iters: 500, epoch: 1 | loss: 0.2505392
	speed: 0.0908s/iter; left time: 3047.6488s
	iters: 600, epoch: 1 | loss: 0.2491738
	speed: 0.0930s/iter; left time: 3113.3775s
	iters: 700, epoch: 1 | loss: 0.2720961
	speed: 0.0889s/iter; left time: 2968.0529s
	iters: 800, epoch: 1 | loss: 0.2091622
	speed: 0.0887s/iter; left time: 2953.5656s
	iters: 900, epoch: 1 | loss: 0.2113984
	speed: 0.0895s/iter; left time: 2969.6619s
	iters: 1000, epoch: 1 | loss: 0.2012709
	speed: 0.1009s/iter; left time: 3336.8735s
	iters: 1100, epoch: 1 | loss: 0.2107493
	speed: 0.1039s/iter; left time: 3427.0148s
Epoch: 1 cost time: 106.56145739555359
Epoch: 1, Steps: 1136 | Train Loss: 0.2990920 Vali Loss: 0.2224214 Test Loss: 0.3153962
Validation loss decreased (inf --> 0.222421).  Saving model ...
Updating learning rate to 0.0005
	iters: 100, epoch: 2 | loss: 0.2424205
	speed: 15.1799s/iter; left time: 498585.3168s
	iters: 200, epoch: 2 | loss: 0.2324688
	speed: 0.0498s/iter; left time: 1631.9791s
	iters: 300, epoch: 2 | loss: 0.2229097
	speed: 0.0458s/iter; left time: 1495.9011s
	iters: 400, epoch: 2 | loss: 0.2415822
	speed: 0.0435s/iter; left time: 1416.7093s
	iters: 500, epoch: 2 | loss: 0.2211681
	speed: 0.0469s/iter; left time: 1521.8005s
	iters: 600, epoch: 2 | loss: 0.2722890
	speed: 0.0471s/iter; left time: 1524.9361s
	iters: 700, epoch: 2 | loss: 0.2093216
	speed: 0.0458s/iter; left time: 1477.2890s
	iters: 800, epoch: 2 | loss: 0.2621006
	speed: 0.0445s/iter; left time: 1431.1437s
	iters: 900, epoch: 2 | loss: 0.2507422
	speed: 0.0455s/iter; left time: 1459.1919s
	iters: 1000, epoch: 2 | loss: 0.2048816
	speed: 0.0465s/iter; left time: 1485.4820s
	iters: 1100, epoch: 2 | loss: 0.2224018
	speed: 0.0459s/iter; left time: 1461.4320s
Epoch: 2 cost time: 56.045369148254395
Epoch: 2, Steps: 1136 | Train Loss: 0.2431867 Vali Loss: 0.2006127 Test Loss: 0.2840912
Validation loss decreased (0.222421 --> 0.200613).  Saving model ...
Updating learning rate to 0.00025
	iters: 100, epoch: 3 | loss: 0.2207977
	speed: 1.9300s/iter; left time: 61199.4688s
	iters: 200, epoch: 3 | loss: 0.2085578
	speed: 0.0211s/iter; left time: 667.0624s
	iters: 300, epoch: 3 | loss: 0.2323224
	speed: 0.0209s/iter; left time: 659.9310s
	iters: 400, epoch: 3 | loss: 0.2159895
	speed: 0.0214s/iter; left time: 672.6657s
	iters: 500, epoch: 3 | loss: 0.2565090
	speed: 0.0213s/iter; left time: 666.1413s
	iters: 600, epoch: 3 | loss: 0.2747974
	speed: 0.0397s/iter; left time: 1240.3756s
	iters: 700, epoch: 3 | loss: 0.1982061
	speed: 0.0441s/iter; left time: 1371.7309s
	iters: 800, epoch: 3 | loss: 0.2417744
	speed: 0.0374s/iter; left time: 1159.9925s
	iters: 900, epoch: 3 | loss: 0.1751520
	speed: 0.0371s/iter; left time: 1147.7692s
	iters: 1000, epoch: 3 | loss: 0.2254245
	speed: 0.0377s/iter; left time: 1161.4172s
	iters: 1100, epoch: 3 | loss: 0.2546082
	speed: 0.0331s/iter; left time: 1017.9769s
Epoch: 3 cost time: 36.4650993347168
Epoch: 3, Steps: 1136 | Train Loss: 0.2152383 Vali Loss: 0.1976490 Test Loss: 0.2544527
Validation loss decreased (0.200613 --> 0.197649).  Saving model ...
Updating learning rate to 0.000125
	iters: 100, epoch: 4 | loss: 0.2085456
	speed: 1.1522s/iter; left time: 35225.0626s
	iters: 200, epoch: 4 | loss: 0.2474981
	speed: 0.0302s/iter; left time: 920.4199s
	iters: 300, epoch: 4 | loss: 0.2029443
	speed: 0.0263s/iter; left time: 799.0876s
	iters: 400, epoch: 4 | loss: 0.2018800
	speed: 0.0264s/iter; left time: 798.7418s
	iters: 500, epoch: 4 | loss: 0.1841249
	speed: 0.0292s/iter; left time: 882.0198s
	iters: 600, epoch: 4 | loss: 0.2026605
	speed: 0.0299s/iter; left time: 898.4826s
	iters: 700, epoch: 4 | loss: 0.2191163
	speed: 0.0307s/iter; left time: 920.5160s
	iters: 800, epoch: 4 | loss: 0.2805163
	speed: 0.0272s/iter; left time: 811.6612s
	iters: 900, epoch: 4 | loss: 0.1906420
	speed: 0.0254s/iter; left time: 757.5715s
	iters: 1000, epoch: 4 | loss: 0.2230403
	speed: 0.0273s/iter; left time: 809.2502s
	iters: 1100, epoch: 4 | loss: 0.1582952
	speed: 0.0264s/iter; left time: 781.6289s
Epoch: 4 cost time: 33.408945083618164
Epoch: 4, Steps: 1136 | Train Loss: 0.2019069 Vali Loss: 0.1839319 Test Loss: 0.2448909
Validation loss decreased (0.197649 --> 0.183932).  Saving model ...
Updating learning rate to 6.25e-05
	iters: 100, epoch: 5 | loss: 0.1621293
	speed: 0.8009s/iter; left time: 23575.2982s
	iters: 200, epoch: 5 | loss: 0.1833845
	speed: 0.0263s/iter; left time: 771.6907s
	iters: 300, epoch: 5 | loss: 0.1837624
	speed: 0.0282s/iter; left time: 825.2258s
	iters: 400, epoch: 5 | loss: 0.1681455
	speed: 0.0259s/iter; left time: 753.9455s
	iters: 500, epoch: 5 | loss: 0.1786226
	speed: 0.0315s/iter; left time: 914.1562s
	iters: 600, epoch: 5 | loss: 0.1764210
	speed: 0.0279s/iter; left time: 806.8400s
	iters: 700, epoch: 5 | loss: 0.2062485
	speed: 0.0271s/iter; left time: 780.0703s
	iters: 800, epoch: 5 | loss: 0.1628889
	speed: 0.0245s/iter; left time: 704.0898s
	iters: 900, epoch: 5 | loss: 0.2472378
	speed: 0.0253s/iter; left time: 723.1007s
	iters: 1000, epoch: 5 | loss: 0.1923577
	speed: 0.0303s/iter; left time: 864.4920s
	iters: 1100, epoch: 5 | loss: 0.2286436
	speed: 0.0273s/iter; left time: 777.0555s
Epoch: 5 cost time: 33.20109248161316
Epoch: 5, Steps: 1136 | Train Loss: 0.1941933 Vali Loss: 0.1796439 Test Loss: 0.2413486
Validation loss decreased (0.183932 --> 0.179644).  Saving model ...
Updating learning rate to 3.125e-05
	iters: 100, epoch: 6 | loss: 0.2284407
	speed: 1.5560s/iter; left time: 44036.7612s
	iters: 200, epoch: 6 | loss: 0.2145639
	speed: 0.0229s/iter; left time: 645.2488s
	iters: 300, epoch: 6 | loss: 0.2015728
	speed: 0.0234s/iter; left time: 658.3884s
	iters: 400, epoch: 6 | loss: 0.2147444
	speed: 0.0234s/iter; left time: 654.2869s
	iters: 500, epoch: 6 | loss: 0.1737364
	speed: 0.0224s/iter; left time: 624.4664s
	iters: 600, epoch: 6 | loss: 0.2080105
	speed: 0.0233s/iter; left time: 646.6410s
	iters: 700, epoch: 6 | loss: 0.2332965
	speed: 0.0232s/iter; left time: 643.2979s
	iters: 800, epoch: 6 | loss: 0.1824306
	speed: 0.0243s/iter; left time: 670.4381s
	iters: 900, epoch: 6 | loss: 0.1670405
	speed: 0.0246s/iter; left time: 677.4815s
	iters: 1000, epoch: 6 | loss: 0.1628478
	speed: 0.0233s/iter; left time: 637.5134s
	iters: 1100, epoch: 6 | loss: 0.1789891
	speed: 0.0228s/iter; left time: 622.9316s
Epoch: 6 cost time: 27.997222423553467
Epoch: 6, Steps: 1136 | Train Loss: 0.1896224 Vali Loss: 0.1760894 Test Loss: 0.2457159
Validation loss decreased (0.179644 --> 0.176089).  Saving model ...
Updating learning rate to 1.5625e-05
	iters: 100, epoch: 7 | loss: 0.2136922
	speed: 1.5325s/iter; left time: 41631.4696s
	iters: 200, epoch: 7 | loss: 0.1993936
	speed: 0.0236s/iter; left time: 638.9233s
	iters: 300, epoch: 7 | loss: 0.2601581
	speed: 0.0232s/iter; left time: 626.2972s
	iters: 400, epoch: 7 | loss: 0.2129519
	speed: 0.0386s/iter; left time: 1036.0003s
	iters: 500, epoch: 7 | loss: 0.1724216
	speed: 0.0447s/iter; left time: 1195.5494s
	iters: 600, epoch: 7 | loss: 0.1731924
	speed: 0.0409s/iter; left time: 1090.3866s
	iters: 700, epoch: 7 | loss: 0.1865733
	speed: 0.0396s/iter; left time: 1050.7682s
	iters: 800, epoch: 7 | loss: 0.2082102
	speed: 0.0369s/iter; left time: 975.9783s
	iters: 900, epoch: 7 | loss: 0.1672847
	speed: 0.0447s/iter; left time: 1178.9935s
	iters: 1000, epoch: 7 | loss: 0.1621782
	speed: 0.0370s/iter; left time: 973.0543s
	iters: 1100, epoch: 7 | loss: 0.1714909
	speed: 0.0377s/iter; left time: 985.8790s
Epoch: 7 cost time: 41.99215888977051
Epoch: 7, Steps: 1136 | Train Loss: 0.1871364 Vali Loss: 0.1757600 Test Loss: 0.2476978
Validation loss decreased (0.176089 --> 0.175760).  Saving model ...
Updating learning rate to 7.8125e-06
	iters: 100, epoch: 8 | loss: 0.1748475
	speed: 1.0520s/iter; left time: 27381.2899s
	iters: 200, epoch: 8 | loss: 0.2013436
	speed: 0.0415s/iter; left time: 1075.4103s
	iters: 300, epoch: 8 | loss: 0.1764867
	speed: 0.0405s/iter; left time: 1044.8425s
	iters: 400, epoch: 8 | loss: 0.1844961
	speed: 0.0384s/iter; left time: 987.8951s
	iters: 500, epoch: 8 | loss: 0.1611365
	speed: 0.0375s/iter; left time: 962.3568s
	iters: 600, epoch: 8 | loss: 0.1827209
	speed: 0.0354s/iter; left time: 904.5704s
	iters: 700, epoch: 8 | loss: 0.1862671
	speed: 0.0356s/iter; left time: 904.5253s
	iters: 800, epoch: 8 | loss: 0.1652822
	speed: 0.0394s/iter; left time: 998.6702s
	iters: 900, epoch: 8 | loss: 0.1800157
	speed: 0.0385s/iter; left time: 972.3623s
	iters: 1000, epoch: 8 | loss: 0.1742239
	speed: 0.0375s/iter; left time: 942.6144s
	iters: 1100, epoch: 8 | loss: 0.2061936
	speed: 0.0354s/iter; left time: 887.0160s
Epoch: 8 cost time: 45.16975975036621
Epoch: 8, Steps: 1136 | Train Loss: 0.1857998 Vali Loss: 0.1739316 Test Loss: 0.2466539
Validation loss decreased (0.175760 --> 0.173932).  Saving model ...
Updating learning rate to 3.90625e-06
	iters: 100, epoch: 9 | loss: 0.1597768
	speed: 1.4476s/iter; left time: 36034.5786s
	iters: 200, epoch: 9 | loss: 0.2101022
	speed: 0.0441s/iter; left time: 1093.8238s
	iters: 300, epoch: 9 | loss: 0.2095767
	speed: 0.0525s/iter; left time: 1296.8190s
	iters: 400, epoch: 9 | loss: 0.1396517
	speed: 0.0432s/iter; left time: 1062.4620s
	iters: 500, epoch: 9 | loss: 0.1718696
	speed: 0.0256s/iter; left time: 625.8002s
	iters: 600, epoch: 9 | loss: 0.1721962
	speed: 0.0231s/iter; left time: 562.5000s
	iters: 700, epoch: 9 | loss: 0.1673078
	speed: 0.0232s/iter; left time: 562.6803s
	iters: 800, epoch: 9 | loss: 0.1593744
	speed: 0.0249s/iter; left time: 602.7588s
	iters: 900, epoch: 9 | loss: 0.1682761
	speed: 0.0251s/iter; left time: 603.5839s
	iters: 1000, epoch: 9 | loss: 0.1673025
	speed: 0.0266s/iter; left time: 638.8919s
	iters: 1100, epoch: 9 | loss: 0.1482998
	speed: 0.0218s/iter; left time: 519.8526s
Epoch: 9 cost time: 37.09831357002258
Epoch: 9, Steps: 1136 | Train Loss: 0.1851257 Vali Loss: 0.1749510 Test Loss: 0.2474634
EarlyStopping counter: 1 out of 10
Updating learning rate to 1.953125e-06
	iters: 100, epoch: 10 | loss: 0.1973966
	speed: 1.5360s/iter; left time: 36491.6912s
	iters: 200, epoch: 10 | loss: 0.1705647
	speed: 0.0200s/iter; left time: 474.2301s
	iters: 300, epoch: 10 | loss: 0.1550062
	speed: 0.0216s/iter; left time: 509.5429s
	iters: 400, epoch: 10 | loss: 0.1763056
	speed: 0.0228s/iter; left time: 535.6593s
	iters: 500, epoch: 10 | loss: 0.1615295
	speed: 0.0239s/iter; left time: 557.9815s
	iters: 600, epoch: 10 | loss: 0.1817628
	speed: 0.0227s/iter; left time: 527.9509s
	iters: 700, epoch: 10 | loss: 0.1776410
	speed: 0.0230s/iter; left time: 533.1495s
	iters: 800, epoch: 10 | loss: 0.1836825
	speed: 0.0227s/iter; left time: 523.7360s
	iters: 900, epoch: 10 | loss: 0.1541995
	speed: 0.0269s/iter; left time: 617.0701s
	iters: 1000, epoch: 10 | loss: 0.1595073
	speed: 0.0228s/iter; left time: 521.2543s
	iters: 1100, epoch: 10 | loss: 0.2385982
	speed: 0.0220s/iter; left time: 501.7064s
Epoch: 10 cost time: 27.60452675819397
Epoch: 10, Steps: 1136 | Train Loss: 0.1847211 Vali Loss: 0.1743960 Test Loss: 0.2466237
EarlyStopping counter: 2 out of 10
Updating learning rate to 9.765625e-07
	iters: 100, epoch: 11 | loss: 0.1655609
	speed: 1.5411s/iter; left time: 34860.6861s
	iters: 200, epoch: 11 | loss: 0.2004712
	speed: 0.0226s/iter; left time: 510.0404s
	iters: 300, epoch: 11 | loss: 0.2020391
	speed: 0.0224s/iter; left time: 501.7094s
	iters: 400, epoch: 11 | loss: 0.2661832
	speed: 0.0221s/iter; left time: 492.7722s
	iters: 500, epoch: 11 | loss: 0.1876036
	speed: 0.0231s/iter; left time: 513.7577s
	iters: 600, epoch: 11 | loss: 0.1889493
	speed: 0.0276s/iter; left time: 610.7119s
	iters: 700, epoch: 11 | loss: 0.1760790
	speed: 0.0464s/iter; left time: 1021.5605s
	iters: 800, epoch: 11 | loss: 0.1675608
	speed: 0.0438s/iter; left time: 960.0547s
	iters: 900, epoch: 11 | loss: 0.1813912
	speed: 0.0406s/iter; left time: 885.2429s
	iters: 1000, epoch: 11 | loss: 0.1660729
	speed: 0.0409s/iter; left time: 888.3869s
	iters: 1100, epoch: 11 | loss: 0.1747294
	speed: 0.0394s/iter; left time: 850.9417s
Epoch: 11 cost time: 37.82201814651489
Epoch: 11, Steps: 1136 | Train Loss: 0.1845121 Vali Loss: 0.1743524 Test Loss: 0.2462180
EarlyStopping counter: 3 out of 10
Updating learning rate to 4.8828125e-07
	iters: 100, epoch: 12 | loss: 0.2052081
	speed: 1.2142s/iter; left time: 26086.6928s
	iters: 200, epoch: 12 | loss: 0.1515596
	speed: 0.0382s/iter; left time: 816.4154s
	iters: 300, epoch: 12 | loss: 0.2225657
	speed: 0.0386s/iter; left time: 821.6024s
	iters: 400, epoch: 12 | loss: 0.1772780
	speed: 0.0375s/iter; left time: 793.4534s
	iters: 500, epoch: 12 | loss: 0.1487387
	speed: 0.0383s/iter; left time: 808.0108s
	iters: 600, epoch: 12 | loss: 0.1759333
	speed: 0.0393s/iter; left time: 825.7122s
	iters: 700, epoch: 12 | loss: 0.1555692
	speed: 0.0391s/iter; left time: 817.1549s
	iters: 800, epoch: 12 | loss: 0.1829077
	speed: 0.0360s/iter; left time: 748.2665s
	iters: 900, epoch: 12 | loss: 0.2028330
	speed: 0.0417s/iter; left time: 861.6768s
	iters: 1000, epoch: 12 | loss: 0.2110862
	speed: 0.0438s/iter; left time: 902.3492s
	iters: 1100, epoch: 12 | loss: 0.2244781
	speed: 0.0461s/iter; left time: 944.4548s
Epoch: 12 cost time: 46.80029082298279
Epoch: 12, Steps: 1136 | Train Loss: 0.1843890 Vali Loss: 0.1746403 Test Loss: 0.2465742
EarlyStopping counter: 4 out of 10
Updating learning rate to 2.44140625e-07
	iters: 100, epoch: 13 | loss: 0.1930217
	speed: 1.1250s/iter; left time: 22892.5699s
	iters: 200, epoch: 13 | loss: 0.2117342
	speed: 0.0416s/iter; left time: 841.5946s
	iters: 300, epoch: 13 | loss: 0.1951730
	speed: 0.0381s/iter; left time: 768.6374s
	iters: 400, epoch: 13 | loss: 0.1435597
	speed: 0.0411s/iter; left time: 823.0544s
	iters: 500, epoch: 13 | loss: 0.1863175
	speed: 0.0347s/iter; left time: 692.1050s
	iters: 600, epoch: 13 | loss: 0.2026545
	speed: 0.0368s/iter; left time: 730.1421s
	iters: 700, epoch: 13 | loss: 0.2005198
	speed: 0.0419s/iter; left time: 826.6331s
	iters: 800, epoch: 13 | loss: 0.2028746
	speed: 0.0503s/iter; left time: 988.9018s
	iters: 900, epoch: 13 | loss: 0.1516711
	speed: 0.0526s/iter; left time: 1028.2613s
	iters: 1000, epoch: 13 | loss: 0.2075882
	speed: 0.0328s/iter; left time: 638.0498s
	iters: 1100, epoch: 13 | loss: 0.1957246
	speed: 0.0243s/iter; left time: 469.9884s
Epoch: 13 cost time: 46.52769136428833
Epoch: 13, Steps: 1136 | Train Loss: 0.1843856 Vali Loss: 0.1745540 Test Loss: 0.2464730
EarlyStopping counter: 5 out of 10
Updating learning rate to 1.220703125e-07
	iters: 100, epoch: 14 | loss: 0.1928626
	speed: 1.5594s/iter; left time: 29961.5091s
	iters: 200, epoch: 14 | loss: 0.2079661
	speed: 0.0238s/iter; left time: 453.9631s
	iters: 300, epoch: 14 | loss: 0.1848319
	speed: 0.0228s/iter; left time: 432.6051s
	iters: 400, epoch: 14 | loss: 0.1959175
	speed: 0.0244s/iter; left time: 462.2716s
	iters: 500, epoch: 14 | loss: 0.1644024
	speed: 0.0225s/iter; left time: 423.0907s
	iters: 600, epoch: 14 | loss: 0.1756250
	speed: 0.0241s/iter; left time: 451.1935s
	iters: 700, epoch: 14 | loss: 0.1604411
	speed: 0.0272s/iter; left time: 507.0080s
	iters: 800, epoch: 14 | loss: 0.1724376
	speed: 0.0236s/iter; left time: 437.2822s
	iters: 900, epoch: 14 | loss: 0.2197177
	speed: 0.0259s/iter; left time: 477.7549s
	iters: 1000, epoch: 14 | loss: 0.1789516
	speed: 0.0281s/iter; left time: 514.8483s
	iters: 1100, epoch: 14 | loss: 0.1559008
	speed: 0.0262s/iter; left time: 476.5265s
Epoch: 14 cost time: 29.515000820159912
Epoch: 14, Steps: 1136 | Train Loss: 0.1843540 Vali Loss: 0.1747009 Test Loss: 0.2464054
EarlyStopping counter: 6 out of 10
Updating learning rate to 6.103515625e-08
	iters: 100, epoch: 15 | loss: 0.1708543
	speed: 1.5519s/iter; left time: 28053.1533s
	iters: 200, epoch: 15 | loss: 0.1521046
	speed: 0.0240s/iter; left time: 430.5722s
	iters: 300, epoch: 15 | loss: 0.1823785
	speed: 0.0241s/iter; left time: 430.5114s
	iters: 400, epoch: 15 | loss: 0.1451104
	speed: 0.0222s/iter; left time: 394.9348s
	iters: 500, epoch: 15 | loss: 0.1861066
	speed: 0.0243s/iter; left time: 428.6951s
	iters: 600, epoch: 15 | loss: 0.1775350
	speed: 0.0228s/iter; left time: 400.5275s
	iters: 700, epoch: 15 | loss: 0.1541954
	speed: 0.0265s/iter; left time: 463.6733s
	iters: 800, epoch: 15 | loss: 0.1722737
	speed: 0.0353s/iter; left time: 613.4421s
	iters: 900, epoch: 15 | loss: 0.2082014
	speed: 0.0453s/iter; left time: 782.0243s
	iters: 1000, epoch: 15 | loss: 0.2344734
	speed: 0.0447s/iter; left time: 768.0082s
	iters: 1100, epoch: 15 | loss: 0.1626238
	speed: 0.0473s/iter; left time: 807.3099s
Epoch: 15 cost time: 36.77869153022766
Epoch: 15, Steps: 1136 | Train Loss: 0.1843302 Vali Loss: 0.1743866 Test Loss: 0.2463975
EarlyStopping counter: 7 out of 10
Updating learning rate to 3.0517578125e-08
	iters: 100, epoch: 16 | loss: 0.1594904
	speed: 1.2988s/iter; left time: 22003.2340s
	iters: 200, epoch: 16 | loss: 0.1915423
	speed: 0.0409s/iter; left time: 688.2194s
	iters: 300, epoch: 16 | loss: 0.1537935
	speed: 0.0425s/iter; left time: 710.7292s
	iters: 400, epoch: 16 | loss: 0.1979106
	speed: 0.0423s/iter; left time: 703.5951s
	iters: 500, epoch: 16 | loss: 0.1653987
	speed: 0.0446s/iter; left time: 737.6038s
	iters: 600, epoch: 16 | loss: 0.1593825
	speed: 0.0389s/iter; left time: 639.4130s
	iters: 700, epoch: 16 | loss: 0.1864182
	speed: 0.0423s/iter; left time: 691.9144s
	iters: 800, epoch: 16 | loss: 0.1699032
	speed: 0.0462s/iter; left time: 749.6691s
	iters: 900, epoch: 16 | loss: 0.2196553
	speed: 0.0442s/iter; left time: 713.6137s
	iters: 1000, epoch: 16 | loss: 0.1996915
	speed: 0.0413s/iter; left time: 662.0128s
	iters: 1100, epoch: 16 | loss: 0.1651435
	speed: 0.0430s/iter; left time: 685.7310s
Epoch: 16 cost time: 47.98571443557739
Epoch: 16, Steps: 1136 | Train Loss: 0.1843195 Vali Loss: 0.1746656 Test Loss: 0.2464069
EarlyStopping counter: 8 out of 10
Updating learning rate to 1.52587890625e-08
	iters: 100, epoch: 17 | loss: 0.1978285
	speed: 1.3169s/iter; left time: 20814.3422s
	iters: 200, epoch: 17 | loss: 0.1993378
	speed: 0.0466s/iter; left time: 731.8276s
	iters: 300, epoch: 17 | loss: 0.2421882
	speed: 0.0419s/iter; left time: 653.3503s
	iters: 400, epoch: 17 | loss: 0.1501429
	speed: 0.0414s/iter; left time: 642.1896s
	iters: 500, epoch: 17 | loss: 0.1685597
	speed: 0.0481s/iter; left time: 741.3783s
	iters: 600, epoch: 17 | loss: 0.1935604
	speed: 0.0537s/iter; left time: 821.3354s
	iters: 700, epoch: 17 | loss: 0.1874556
	speed: 0.0317s/iter; left time: 482.1583s
	iters: 800, epoch: 17 | loss: 0.1752451
	speed: 0.0237s/iter; left time: 357.8538s
	iters: 900, epoch: 17 | loss: 0.2501399
	speed: 0.0261s/iter; left time: 392.1025s
	iters: 1000, epoch: 17 | loss: 0.1620944
	speed: 0.0242s/iter; left time: 361.1965s
	iters: 1100, epoch: 17 | loss: 0.1773344
	speed: 0.0263s/iter; left time: 389.6215s
Epoch: 17 cost time: 42.414610385894775
Epoch: 17, Steps: 1136 | Train Loss: 0.1843467 Vali Loss: 0.1748145 Test Loss: 0.2464111
EarlyStopping counter: 9 out of 10
Updating learning rate to 7.62939453125e-09
	iters: 100, epoch: 18 | loss: 0.1598287
	speed: 1.5946s/iter; left time: 23390.8477s
	iters: 200, epoch: 18 | loss: 0.1764233
	speed: 0.0222s/iter; left time: 323.9341s
	iters: 300, epoch: 18 | loss: 0.1812709
	speed: 0.0226s/iter; left time: 327.5118s
	iters: 400, epoch: 18 | loss: 0.1939149
	speed: 0.0224s/iter; left time: 322.2665s
	iters: 500, epoch: 18 | loss: 0.1759430
	speed: 0.0225s/iter; left time: 320.8666s
	iters: 600, epoch: 18 | loss: 0.2018478
	speed: 0.0230s/iter; left time: 326.2459s
	iters: 700, epoch: 18 | loss: 0.1984420
	speed: 0.0233s/iter; left time: 327.8886s
	iters: 800, epoch: 18 | loss: 0.1638158
	speed: 0.0217s/iter; left time: 303.8066s
	iters: 900, epoch: 18 | loss: 0.2046129
	speed: 0.0221s/iter; left time: 306.3769s
	iters: 1000, epoch: 18 | loss: 0.1854239
	speed: 0.0248s/iter; left time: 341.6911s
	iters: 1100, epoch: 18 | loss: 0.1892480
	speed: 0.0230s/iter; left time: 314.0334s
Epoch: 18 cost time: 27.44264006614685
Epoch: 18, Steps: 1136 | Train Loss: 0.1842640 Vali Loss: 0.1748049 Test Loss: 0.2464150
EarlyStopping counter: 10 out of 10
Early stopping
>>>>>>>testing : solar_96_336_FCA_v1_Solar_M_ft96_sl48_ll336_pl640_dm10_nh2_el1_dl512_df1_fctimeF_ebTrue_dtExp_projection_0<<<<<<<<<<<<<<<<<<<<<<<<<<<<<<<<<
test 10177
test shape: (10177, 1, 336, 137) (10177, 1, 336, 137)
test shape: (10177, 336, 137) (10177, 336, 137)
mse:0.24665391445159912, mae:0.2712543308734894
