Args in experiment:
Namespace(Decomposition=1, activation='gelu', batch_size=32, c_out=137, channel_independence=False, checkpoints='./checkpoints/', class_strategy='projection', d_ff=512, d_layers=1, d_model=512, d_ortho=49, data='Solar', data_path='solar_AL.txt', dec_in=137, des='Exp', devices='0,1', distil=True, do_predict=False, dropout=0.1, e_layers=2, efficient_training=False, embed='timeF', enc_in=137, exp_name='MTSF', factor=1, features='M', freq='h', gpu=0, inverse=False, is_training=1, itr=1, kernel_size=25, label_len=48, learning_rate=0.0005, loss='MSE', lradj='type1', model='orthoCA_AConv_v2', model_id='solar_96_336', moving_avg=25, n_heads=8, num_workers=10, output_attention=False, partial_start_index=0, patience=10, pred_len=336, root_path='/data1/mazc/whxProject/Dataset/', seq_len=96, target='OT', target_data_path='electricity.csv', target_root_path='./data/electricity/', train_epochs=30, use_amp=False, use_gpu=True, use_multi_gpu=False, use_norm=True)
Use GPU: cuda:0
>>>>>>>start training : solar_96_336_orthoCA_AConv_v2_Solar_M_ft96_sl48_ll336_pl512_dm8_nh2_el1_dl512_df1_fctimeF_ebTrue_dtExp_projection_0>>>>>>>>>>>>>>>>>>>>>>>>>>
train 36361
val 4921
test 10177
	iters: 100, epoch: 1 | loss: 0.3952382
	speed: 0.0621s/iter; left time: 2111.2900s
	iters: 200, epoch: 1 | loss: 0.3852885
	speed: 0.0306s/iter; left time: 1037.7850s
	iters: 300, epoch: 1 | loss: 0.3044470
	speed: 0.0286s/iter; left time: 964.7974s
	iters: 400, epoch: 1 | loss: 0.2544858
	speed: 0.0299s/iter; left time: 1007.0226s
	iters: 500, epoch: 1 | loss: 0.2575624
	speed: 0.0264s/iter; left time: 885.2906s
	iters: 600, epoch: 1 | loss: 0.3809021
	speed: 0.0299s/iter; left time: 999.8441s
	iters: 700, epoch: 1 | loss: 0.2846870
	speed: 0.0285s/iter; left time: 951.9557s
	iters: 800, epoch: 1 | loss: 0.2410589
	speed: 0.0281s/iter; left time: 936.2328s
	iters: 900, epoch: 1 | loss: 0.2380734
	speed: 0.0322s/iter; left time: 1067.7320s
	iters: 1000, epoch: 1 | loss: 0.2374358
	speed: 0.0291s/iter; left time: 962.2116s
	iters: 1100, epoch: 1 | loss: 0.2212016
	speed: 0.0307s/iter; left time: 1012.2133s
Epoch: 1 cost time: 36.701693296432495
Epoch: 1, Steps: 1136 | Train Loss: 0.2974782 Vali Loss: 0.2260274 Test Loss: 0.3240058
Validation loss decreased (inf --> 0.226027).  Saving model ...
Updating learning rate to 0.0005
	iters: 100, epoch: 2 | loss: 0.2159968
	speed: 5.5579s/iter; left time: 182547.9236s
	iters: 200, epoch: 2 | loss: 0.2428783
	speed: 0.0510s/iter; left time: 1670.1352s
	iters: 300, epoch: 2 | loss: 0.2543607
	speed: 0.0517s/iter; left time: 1686.2125s
	iters: 400, epoch: 2 | loss: 0.2623190
	speed: 0.0511s/iter; left time: 1664.6195s
	iters: 500, epoch: 2 | loss: 0.2879732
	speed: 0.0518s/iter; left time: 1680.5376s
	iters: 600, epoch: 2 | loss: 0.1804398
	speed: 0.0516s/iter; left time: 1669.5745s
	iters: 700, epoch: 2 | loss: 0.1883527
	speed: 0.0513s/iter; left time: 1655.4738s
	iters: 800, epoch: 2 | loss: 0.2964044
	speed: 0.0524s/iter; left time: 1684.4612s
	iters: 900, epoch: 2 | loss: 0.2030674
	speed: 0.0529s/iter; left time: 1696.0768s
	iters: 1000, epoch: 2 | loss: 0.2396321
	speed: 0.0516s/iter; left time: 1648.7291s
	iters: 1100, epoch: 2 | loss: 0.2426790
	speed: 0.0528s/iter; left time: 1682.6321s
Epoch: 2 cost time: 60.79005408287048
Epoch: 2, Steps: 1136 | Train Loss: 0.2539180 Vali Loss: 0.2017874 Test Loss: 0.2868276
Validation loss decreased (0.226027 --> 0.201787).  Saving model ...
Updating learning rate to 0.00025
	iters: 100, epoch: 3 | loss: 0.2050367
	speed: 4.6094s/iter; left time: 146159.2194s
	iters: 200, epoch: 3 | loss: 0.2993108
	speed: 0.0279s/iter; left time: 881.6709s
	iters: 300, epoch: 3 | loss: 0.2262069
	speed: 0.0285s/iter; left time: 899.5233s
	iters: 400, epoch: 3 | loss: 0.2052042
	speed: 0.0311s/iter; left time: 976.4848s
	iters: 500, epoch: 3 | loss: 0.2737808
	speed: 0.0340s/iter; left time: 1064.1591s
	iters: 600, epoch: 3 | loss: 0.2050401
	speed: 0.0308s/iter; left time: 962.4686s
	iters: 700, epoch: 3 | loss: 0.2462746
	speed: 0.0334s/iter; left time: 1039.7642s
	iters: 800, epoch: 3 | loss: 0.2272833
	speed: 0.0280s/iter; left time: 869.0296s
	iters: 900, epoch: 3 | loss: 0.2525471
	speed: 0.0321s/iter; left time: 992.8382s
	iters: 1000, epoch: 3 | loss: 0.1870087
	speed: 0.0335s/iter; left time: 1033.2577s
	iters: 1100, epoch: 3 | loss: 0.2014248
	speed: 0.0467s/iter; left time: 1433.2490s
Epoch: 3 cost time: 38.85143733024597
Epoch: 3, Steps: 1136 | Train Loss: 0.2300427 Vali Loss: 0.1910710 Test Loss: 0.2694414
Validation loss decreased (0.201787 --> 0.191071).  Saving model ...
Updating learning rate to 0.000125
	iters: 100, epoch: 4 | loss: 0.2173372
	speed: 4.1628s/iter; left time: 127270.7415s
	iters: 200, epoch: 4 | loss: 0.2276250
	speed: 0.0595s/iter; left time: 1811.9665s
	iters: 300, epoch: 4 | loss: 0.2263479
	speed: 0.0541s/iter; left time: 1642.6946s
	iters: 400, epoch: 4 | loss: 0.2305202
	speed: 0.0517s/iter; left time: 1565.4329s
	iters: 500, epoch: 4 | loss: 0.2101387
	speed: 0.0520s/iter; left time: 1570.4099s
	iters: 600, epoch: 4 | loss: 0.2011397
	speed: 0.0517s/iter; left time: 1555.2536s
	iters: 700, epoch: 4 | loss: 0.2174019
	speed: 0.0512s/iter; left time: 1533.5899s
	iters: 800, epoch: 4 | loss: 0.3119134
	speed: 0.0509s/iter; left time: 1520.4607s
	iters: 900, epoch: 4 | loss: 0.2494410
	speed: 0.0528s/iter; left time: 1572.2251s
	iters: 1000, epoch: 4 | loss: 0.1995648
	speed: 0.0493s/iter; left time: 1461.4392s
	iters: 1100, epoch: 4 | loss: 0.2246734
	speed: 0.0520s/iter; left time: 1538.5750s
Epoch: 4 cost time: 61.83789563179016
Epoch: 4, Steps: 1136 | Train Loss: 0.2186245 Vali Loss: 0.1865764 Test Loss: 0.2610992
Validation loss decreased (0.191071 --> 0.186576).  Saving model ...
Updating learning rate to 6.25e-05
	iters: 100, epoch: 5 | loss: 0.2034830
	speed: 1.5874s/iter; left time: 46729.1448s
	iters: 200, epoch: 5 | loss: 0.2390158
	speed: 0.0342s/iter; left time: 1002.8759s
	iters: 300, epoch: 5 | loss: 0.2264887
	speed: 0.0330s/iter; left time: 963.5139s
	iters: 400, epoch: 5 | loss: 0.1837234
	speed: 0.0317s/iter; left time: 923.1772s
	iters: 500, epoch: 5 | loss: 0.2099948
	speed: 0.0318s/iter; left time: 922.1688s
	iters: 600, epoch: 5 | loss: 0.2648067
	speed: 0.0302s/iter; left time: 875.3095s
	iters: 700, epoch: 5 | loss: 0.2196378
	speed: 0.0288s/iter; left time: 831.2456s
	iters: 800, epoch: 5 | loss: 0.1869453
	speed: 0.0383s/iter; left time: 1101.9715s
	iters: 900, epoch: 5 | loss: 0.1999260
	speed: 0.0326s/iter; left time: 934.9549s
	iters: 1000, epoch: 5 | loss: 0.2201591
	speed: 0.0349s/iter; left time: 995.6187s
	iters: 1100, epoch: 5 | loss: 0.1987552
	speed: 0.0345s/iter; left time: 980.2277s
Epoch: 5 cost time: 39.3402841091156
Epoch: 5, Steps: 1136 | Train Loss: 0.2128010 Vali Loss: 0.1874130 Test Loss: 0.2558922
EarlyStopping counter: 1 out of 10
Updating learning rate to 3.125e-05
	iters: 100, epoch: 6 | loss: 0.2005846
	speed: 0.7249s/iter; left time: 20514.8426s
	iters: 200, epoch: 6 | loss: 0.2234856
	speed: 0.0345s/iter; left time: 972.6543s
	iters: 300, epoch: 6 | loss: 0.1964351
	speed: 0.0340s/iter; left time: 955.0234s
	iters: 400, epoch: 6 | loss: 0.1719798
	speed: 0.0266s/iter; left time: 746.1432s
	iters: 500, epoch: 6 | loss: 0.2504724
	speed: 0.0291s/iter; left time: 811.3136s
	iters: 600, epoch: 6 | loss: 0.2163000
	speed: 0.0345s/iter; left time: 959.2375s
	iters: 700, epoch: 6 | loss: 0.1888585
	speed: 0.0353s/iter; left time: 978.7833s
	iters: 800, epoch: 6 | loss: 0.2066107
	speed: 0.0340s/iter; left time: 937.8024s
	iters: 900, epoch: 6 | loss: 0.1993937
	speed: 0.0326s/iter; left time: 896.2337s
	iters: 1000, epoch: 6 | loss: 0.2038559
	speed: 0.0304s/iter; left time: 832.6758s
	iters: 1100, epoch: 6 | loss: 0.2216727
	speed: 0.0300s/iter; left time: 819.3212s
Epoch: 6 cost time: 38.16064715385437
Epoch: 6, Steps: 1136 | Train Loss: 0.2095288 Vali Loss: 0.1828768 Test Loss: 0.2555151
Validation loss decreased (0.186576 --> 0.182877).  Saving model ...
Updating learning rate to 1.5625e-05
	iters: 100, epoch: 7 | loss: 0.1905860
	speed: 0.8121s/iter; left time: 22060.9860s
	iters: 200, epoch: 7 | loss: 0.1734292
	speed: 0.0323s/iter; left time: 875.2952s
	iters: 300, epoch: 7 | loss: 0.2042112
	speed: 0.0325s/iter; left time: 875.4520s
	iters: 400, epoch: 7 | loss: 0.1930939
	speed: 0.0318s/iter; left time: 854.4200s
	iters: 500, epoch: 7 | loss: 0.2346289
	speed: 0.0318s/iter; left time: 851.9660s
	iters: 600, epoch: 7 | loss: 0.1957081
	speed: 0.0323s/iter; left time: 861.4291s
	iters: 700, epoch: 7 | loss: 0.2136645
	speed: 0.0323s/iter; left time: 858.2249s
	iters: 800, epoch: 7 | loss: 0.1808632
	speed: 0.0321s/iter; left time: 848.5219s
	iters: 900, epoch: 7 | loss: 0.2005413
	speed: 0.0314s/iter; left time: 828.4488s
	iters: 1000, epoch: 7 | loss: 0.1986781
	speed: 0.0340s/iter; left time: 892.8479s
	iters: 1100, epoch: 7 | loss: 0.2324017
	speed: 0.0330s/iter; left time: 862.5004s
Epoch: 7 cost time: 37.69767618179321
Epoch: 7, Steps: 1136 | Train Loss: 0.2079185 Vali Loss: 0.1848384 Test Loss: 0.2537405
EarlyStopping counter: 1 out of 10
Updating learning rate to 7.8125e-06
	iters: 100, epoch: 8 | loss: 0.2429945
	speed: 0.7923s/iter; left time: 20622.7886s
	iters: 200, epoch: 8 | loss: 0.1913887
	speed: 0.0326s/iter; left time: 844.4307s
	iters: 300, epoch: 8 | loss: 0.2146486
	speed: 0.0329s/iter; left time: 848.7021s
	iters: 400, epoch: 8 | loss: 0.1863617
	speed: 0.0331s/iter; left time: 852.0374s
	iters: 500, epoch: 8 | loss: 0.1932794
	speed: 0.0341s/iter; left time: 873.4411s
	iters: 600, epoch: 8 | loss: 0.2478065
	speed: 0.0324s/iter; left time: 826.1997s
	iters: 700, epoch: 8 | loss: 0.2410915
	speed: 0.0328s/iter; left time: 835.0052s
	iters: 800, epoch: 8 | loss: 0.1814068
	speed: 0.0311s/iter; left time: 788.3010s
	iters: 900, epoch: 8 | loss: 0.1961400
	speed: 0.0362s/iter; left time: 912.5500s
	iters: 1000, epoch: 8 | loss: 0.1868282
	speed: 0.0361s/iter; left time: 905.9331s
	iters: 1100, epoch: 8 | loss: 0.2054337
	speed: 0.0362s/iter; left time: 906.5181s
Epoch: 8 cost time: 39.35834550857544
Epoch: 8, Steps: 1136 | Train Loss: 0.2070087 Vali Loss: 0.1815961 Test Loss: 0.2513967
Validation loss decreased (0.182877 --> 0.181596).  Saving model ...
Updating learning rate to 3.90625e-06
	iters: 100, epoch: 9 | loss: 0.1926823
	speed: 0.9894s/iter; left time: 24628.0288s
	iters: 200, epoch: 9 | loss: 0.1736366
	speed: 0.0296s/iter; left time: 735.0608s
	iters: 300, epoch: 9 | loss: 0.1733965
	speed: 0.0273s/iter; left time: 673.7616s
	iters: 400, epoch: 9 | loss: 0.2035202
	speed: 0.0280s/iter; left time: 687.7509s
	iters: 500, epoch: 9 | loss: 0.1806889
	speed: 0.0477s/iter; left time: 1168.1695s
	iters: 600, epoch: 9 | loss: 0.2013744
	speed: 0.0426s/iter; left time: 1038.1183s
	iters: 700, epoch: 9 | loss: 0.1716674
	speed: 0.0429s/iter; left time: 1043.0192s
	iters: 800, epoch: 9 | loss: 0.1588022
	speed: 0.0444s/iter; left time: 1074.6552s
	iters: 900, epoch: 9 | loss: 0.1799162
	speed: 0.0444s/iter; left time: 1069.3025s
	iters: 1000, epoch: 9 | loss: 0.2101535
	speed: 0.0439s/iter; left time: 1053.3404s
	iters: 1100, epoch: 9 | loss: 0.2013492
	speed: 0.0456s/iter; left time: 1090.3109s
Epoch: 9 cost time: 45.32613515853882
Epoch: 9, Steps: 1136 | Train Loss: 0.2065605 Vali Loss: 0.1824317 Test Loss: 0.2516404
EarlyStopping counter: 1 out of 10
Updating learning rate to 1.953125e-06
	iters: 100, epoch: 10 | loss: 0.2300593
	speed: 1.1187s/iter; left time: 26576.4126s
	iters: 200, epoch: 10 | loss: 0.1986431
	speed: 0.0241s/iter; left time: 570.6333s
	iters: 300, epoch: 10 | loss: 0.1548700
	speed: 0.0243s/iter; left time: 572.9097s
	iters: 400, epoch: 10 | loss: 0.1836545
	speed: 0.0251s/iter; left time: 588.4230s
	iters: 500, epoch: 10 | loss: 0.2268845
	speed: 0.0235s/iter; left time: 549.0766s
	iters: 600, epoch: 10 | loss: 0.1949983
	speed: 0.0246s/iter; left time: 571.5058s
	iters: 700, epoch: 10 | loss: 0.2446584
	speed: 0.0264s/iter; left time: 612.2858s
	iters: 800, epoch: 10 | loss: 0.1610252
	speed: 0.0256s/iter; left time: 589.1166s
	iters: 900, epoch: 10 | loss: 0.1929356
	speed: 0.0252s/iter; left time: 579.2060s
	iters: 1000, epoch: 10 | loss: 0.1983650
	speed: 0.0285s/iter; left time: 651.6641s
	iters: 1100, epoch: 10 | loss: 0.1886725
	speed: 0.0286s/iter; left time: 650.7567s
Epoch: 10 cost time: 31.190348863601685
Epoch: 10, Steps: 1136 | Train Loss: 0.2062553 Vali Loss: 0.1817174 Test Loss: 0.2519851
EarlyStopping counter: 2 out of 10
Updating learning rate to 9.765625e-07
	iters: 100, epoch: 11 | loss: 0.2070840
	speed: 4.3031s/iter; left time: 97340.1680s
	iters: 200, epoch: 11 | loss: 0.2171987
	speed: 0.0342s/iter; left time: 771.1125s
	iters: 300, epoch: 11 | loss: 0.1811805
	speed: 0.0328s/iter; left time: 734.7273s
	iters: 400, epoch: 11 | loss: 0.2415861
	speed: 0.0333s/iter; left time: 743.0513s
	iters: 500, epoch: 11 | loss: 0.1866440
	speed: 0.0308s/iter; left time: 684.5856s
	iters: 600, epoch: 11 | loss: 0.2062329
	speed: 0.0316s/iter; left time: 698.3578s
	iters: 700, epoch: 11 | loss: 0.1843798
	speed: 0.0315s/iter; left time: 693.5903s
	iters: 800, epoch: 11 | loss: 0.2008610
	speed: 0.0319s/iter; left time: 700.1599s
	iters: 900, epoch: 11 | loss: 0.1982822
	speed: 0.0325s/iter; left time: 709.8127s
	iters: 1000, epoch: 11 | loss: 0.1991563
	speed: 0.0346s/iter; left time: 751.5910s
	iters: 1100, epoch: 11 | loss: 0.1881864
	speed: 0.0369s/iter; left time: 797.3847s
Epoch: 11 cost time: 39.58668923377991
Epoch: 11, Steps: 1136 | Train Loss: 0.2061418 Vali Loss: 0.1822783 Test Loss: 0.2513382
EarlyStopping counter: 3 out of 10
Updating learning rate to 4.8828125e-07
	iters: 100, epoch: 12 | loss: 0.1994175
	speed: 4.4698s/iter; left time: 96033.8319s
	iters: 200, epoch: 12 | loss: 0.1913508
	speed: 0.0511s/iter; left time: 1093.3498s
	iters: 300, epoch: 12 | loss: 0.2177262
	speed: 0.0517s/iter; left time: 1100.5457s
	iters: 400, epoch: 12 | loss: 0.2175047
	speed: 0.0523s/iter; left time: 1107.4521s
	iters: 500, epoch: 12 | loss: 0.1884333
	speed: 0.0492s/iter; left time: 1036.7063s
	iters: 600, epoch: 12 | loss: 0.2072729
	speed: 0.0515s/iter; left time: 1080.9154s
	iters: 700, epoch: 12 | loss: 0.1668641
	speed: 0.0515s/iter; left time: 1075.1376s
	iters: 800, epoch: 12 | loss: 0.1813064
	speed: 0.0509s/iter; left time: 1058.9848s
	iters: 900, epoch: 12 | loss: 0.2294789
	speed: 0.0503s/iter; left time: 1041.3562s
	iters: 1000, epoch: 12 | loss: 0.1990747
	speed: 0.0513s/iter; left time: 1055.0403s
	iters: 1100, epoch: 12 | loss: 0.1911484
	speed: 0.0520s/iter; left time: 1066.0216s
Epoch: 12 cost time: 59.74783992767334
Epoch: 12, Steps: 1136 | Train Loss: 0.2060858 Vali Loss: 0.1824495 Test Loss: 0.2516555
EarlyStopping counter: 4 out of 10
Updating learning rate to 2.44140625e-07
	iters: 100, epoch: 13 | loss: 0.1638793
	speed: 3.4915s/iter; left time: 71047.7060s
	iters: 200, epoch: 13 | loss: 0.2064795
	speed: 0.0502s/iter; left time: 1016.4431s
	iters: 300, epoch: 13 | loss: 0.1947510
	speed: 0.0522s/iter; left time: 1051.5935s
	iters: 400, epoch: 13 | loss: 0.1878522
	speed: 0.0511s/iter; left time: 1025.2285s
	iters: 500, epoch: 13 | loss: 0.2091122
	speed: 0.0517s/iter; left time: 1030.5532s
	iters: 600, epoch: 13 | loss: 0.1819499
	speed: 0.0502s/iter; left time: 995.7803s
	iters: 700, epoch: 13 | loss: 0.2011916
	speed: 0.0520s/iter; left time: 1027.8011s
	iters: 800, epoch: 13 | loss: 0.2022939
	speed: 0.0502s/iter; left time: 987.2004s
	iters: 900, epoch: 13 | loss: 0.1725636
	speed: 0.0515s/iter; left time: 1007.4496s
	iters: 1000, epoch: 13 | loss: 0.2422062
	speed: 0.0521s/iter; left time: 1012.9708s
	iters: 1100, epoch: 13 | loss: 0.1892310
	speed: 0.0501s/iter; left time: 969.2255s
Epoch: 13 cost time: 60.087443113327026
Epoch: 13, Steps: 1136 | Train Loss: 0.2061047 Vali Loss: 0.1826341 Test Loss: 0.2516711
EarlyStopping counter: 5 out of 10
Updating learning rate to 1.220703125e-07
	iters: 100, epoch: 14 | loss: 0.2231492
	speed: 3.6731s/iter; left time: 70571.7482s
	iters: 200, epoch: 14 | loss: 0.2027346
	speed: 0.0509s/iter; left time: 972.1764s
	iters: 300, epoch: 14 | loss: 0.1925955
	speed: 0.0509s/iter; left time: 968.5578s
	iters: 400, epoch: 14 | loss: 0.1763646
	speed: 0.0369s/iter; left time: 697.0794s
	iters: 500, epoch: 14 | loss: 0.2209345
	speed: 0.0310s/iter; left time: 582.4492s
	iters: 600, epoch: 14 | loss: 0.1806114
	speed: 0.0321s/iter; left time: 600.1752s
	iters: 700, epoch: 14 | loss: 0.2042185
	speed: 0.0307s/iter; left time: 571.4316s
	iters: 800, epoch: 14 | loss: 0.2128609
	speed: 0.0301s/iter; left time: 556.8315s
	iters: 900, epoch: 14 | loss: 0.1951865
	speed: 0.0320s/iter; left time: 588.9857s
	iters: 1000, epoch: 14 | loss: 0.1405400
	speed: 0.0311s/iter; left time: 569.6038s
	iters: 1100, epoch: 14 | loss: 0.1658836
	speed: 0.0305s/iter; left time: 554.8941s
Epoch: 14 cost time: 43.96169638633728
Epoch: 14, Steps: 1136 | Train Loss: 0.2060419 Vali Loss: 0.1823619 Test Loss: 0.2516849
EarlyStopping counter: 6 out of 10
Updating learning rate to 6.103515625e-08
	iters: 100, epoch: 15 | loss: 0.2103492
	speed: 4.0237s/iter; left time: 72736.5737s
	iters: 200, epoch: 15 | loss: 0.1959998
	speed: 0.0315s/iter; left time: 566.2710s
	iters: 300, epoch: 15 | loss: 0.1653013
	speed: 0.0300s/iter; left time: 536.9533s
	iters: 400, epoch: 15 | loss: 0.1790305
	speed: 0.0304s/iter; left time: 541.1766s
	iters: 500, epoch: 15 | loss: 0.2699971
	speed: 0.0305s/iter; left time: 538.8369s
	iters: 600, epoch: 15 | loss: 0.2072707
	speed: 0.0304s/iter; left time: 534.8428s
	iters: 700, epoch: 15 | loss: 0.2182722
	speed: 0.0303s/iter; left time: 530.3478s
	iters: 800, epoch: 15 | loss: 0.1731620
	speed: 0.0292s/iter; left time: 506.8433s
	iters: 900, epoch: 15 | loss: 0.2058394
	speed: 0.0302s/iter; left time: 521.3726s
	iters: 1000, epoch: 15 | loss: 0.1807465
	speed: 0.0307s/iter; left time: 527.6248s
	iters: 1100, epoch: 15 | loss: 0.1973923
	speed: 0.0298s/iter; left time: 508.2253s
Epoch: 15 cost time: 36.73797965049744
Epoch: 15, Steps: 1136 | Train Loss: 0.2060416 Vali Loss: 0.1823761 Test Loss: 0.2517052
EarlyStopping counter: 7 out of 10
Updating learning rate to 3.0517578125e-08
	iters: 100, epoch: 16 | loss: 0.2236348
	speed: 4.2329s/iter; left time: 71710.1499s
	iters: 200, epoch: 16 | loss: 0.1605079
	speed: 0.0515s/iter; left time: 868.0776s
	iters: 300, epoch: 16 | loss: 0.1993318
	speed: 0.0524s/iter; left time: 877.5714s
	iters: 400, epoch: 16 | loss: 0.2043384
	speed: 0.0519s/iter; left time: 864.2278s
	iters: 500, epoch: 16 | loss: 0.2209053
	speed: 0.0486s/iter; left time: 804.2056s
	iters: 600, epoch: 16 | loss: 0.2509491
	speed: 0.0505s/iter; left time: 829.8904s
	iters: 700, epoch: 16 | loss: 0.1909752
	speed: 0.0511s/iter; left time: 835.5618s
	iters: 800, epoch: 16 | loss: 0.2163969
	speed: 0.0516s/iter; left time: 838.1136s
	iters: 900, epoch: 16 | loss: 0.2005467
	speed: 0.0514s/iter; left time: 830.4386s
	iters: 1000, epoch: 16 | loss: 0.2542464
	speed: 0.0510s/iter; left time: 818.0843s
	iters: 1100, epoch: 16 | loss: 0.2221749
	speed: 0.0505s/iter; left time: 805.0195s
Epoch: 16 cost time: 59.50643301010132
Epoch: 16, Steps: 1136 | Train Loss: 0.2060266 Vali Loss: 0.1824144 Test Loss: 0.2517087
EarlyStopping counter: 8 out of 10
Updating learning rate to 1.52587890625e-08
	iters: 100, epoch: 17 | loss: 0.2291679
	speed: 5.5076s/iter; left time: 87047.8710s
	iters: 200, epoch: 17 | loss: 0.1903858
	speed: 0.0504s/iter; left time: 790.8598s
	iters: 300, epoch: 17 | loss: 0.2274252
	speed: 0.0512s/iter; left time: 799.1238s
	iters: 400, epoch: 17 | loss: 0.1985399
	speed: 0.0507s/iter; left time: 786.7873s
	iters: 500, epoch: 17 | loss: 0.2032247
	speed: 0.0518s/iter; left time: 798.4746s
	iters: 600, epoch: 17 | loss: 0.2171317
	speed: 0.0515s/iter; left time: 788.4046s
	iters: 700, epoch: 17 | loss: 0.2050148
	speed: 0.0506s/iter; left time: 769.1977s
	iters: 800, epoch: 17 | loss: 0.2206199
	speed: 0.0525s/iter; left time: 792.7581s
	iters: 900, epoch: 17 | loss: 0.2148713
	speed: 0.0517s/iter; left time: 775.7695s
	iters: 1000, epoch: 17 | loss: 0.1925958
	speed: 0.0507s/iter; left time: 755.8673s
	iters: 1100, epoch: 17 | loss: 0.1730358
	speed: 0.0507s/iter; left time: 750.0422s
Epoch: 17 cost time: 60.21020579338074
Epoch: 17, Steps: 1136 | Train Loss: 0.2060413 Vali Loss: 0.1823672 Test Loss: 0.2517090
EarlyStopping counter: 9 out of 10
Updating learning rate to 7.62939453125e-09
	iters: 100, epoch: 18 | loss: 0.2202997
	speed: 5.3973s/iter; left time: 79172.8403s
	iters: 200, epoch: 18 | loss: 0.1955743
	speed: 0.0302s/iter; left time: 440.4503s
	iters: 300, epoch: 18 | loss: 0.2503497
	speed: 0.0326s/iter; left time: 471.7673s
	iters: 400, epoch: 18 | loss: 0.2013959
	speed: 0.0308s/iter; left time: 442.8428s
	iters: 500, epoch: 18 | loss: 0.2068276
	speed: 0.0401s/iter; left time: 571.8135s
	iters: 600, epoch: 18 | loss: 0.2056247
	speed: 0.0439s/iter; left time: 622.2260s
	iters: 700, epoch: 18 | loss: 0.2544214
	speed: 0.0402s/iter; left time: 565.8938s
	iters: 800, epoch: 18 | loss: 0.2264747
	speed: 0.0473s/iter; left time: 660.9994s
	iters: 900, epoch: 18 | loss: 0.2117612
	speed: 0.0527s/iter; left time: 730.7837s
	iters: 1000, epoch: 18 | loss: 0.2183589
	speed: 0.0507s/iter; left time: 698.3059s
	iters: 1100, epoch: 18 | loss: 0.2313311
	speed: 0.0514s/iter; left time: 702.8613s
Epoch: 18 cost time: 48.79125642776489
Epoch: 18, Steps: 1136 | Train Loss: 0.2060556 Vali Loss: 0.1822669 Test Loss: 0.2517097
EarlyStopping counter: 10 out of 10
Early stopping
>>>>>>>testing : solar_96_336_orthoCA_AConv_v2_Solar_M_ft96_sl48_ll336_pl512_dm8_nh2_el1_dl512_df1_fctimeF_ebTrue_dtExp_projection_0<<<<<<<<<<<<<<<<<<<<<<<<<<<<<<<<<
test 10177
test shape: (10177, 1, 336, 137) (10177, 1, 336, 137)
test shape: (10177, 336, 137) (10177, 336, 137)
mse:0.2513967752456665, mae:0.2783161699771881
