Args in experiment:
Namespace(Decomposition=1, activation='gelu', batch_size=32, c_out=21, channel_independence=False, checkpoints='./checkpoints/', class_strategy='projection', d_ff=512, d_layers=1, d_model=640, d_ortho=32, data='custom', data_path='weather.csv', dec_in=21, des='Exp', devices='0,1', distil=True, do_predict=False, dropout=0.1, e_layers=3, efficient_training=False, embed='timeF', enc_in=21, exp_name='MTSF', factor=1, features='M', freq='h', gpu=0, inverse=False, is_training=1, itr=1, kernel_size=25, label_len=48, learning_rate=0.0001, loss='MSE', lradj='type1', model='orthoCA_AConv', model_id='weather_96_192', moving_avg=25, n_heads=10, num_workers=10, output_attention=False, partial_start_index=0, patience=10, pred_len=192, root_path='/data1/mazc/whxProject/Dataset', seq_len=96, target='OT', target_data_path='electricity.csv', target_root_path='./data/electricity/', train_epochs=30, use_amp=False, use_gpu=True, use_multi_gpu=False, use_norm=True)
Use GPU: cuda:0
>>>>>>>start training : weather_96_192_orthoCA_AConv_custom_M_ft96_sl48_ll192_pl640_dm10_nh3_el1_dl512_df1_fctimeF_ebTrue_dtExp_projection_0>>>>>>>>>>>>>>>>>>>>>>>>>>
train 36600
val 5079
test 10348
	iters: 100, epoch: 1 | loss: 0.4920245
	speed: 0.1374s/iter; left time: 4698.7393s
	iters: 200, epoch: 1 | loss: 0.3744047
	speed: 0.0572s/iter; left time: 1948.6581s
	iters: 300, epoch: 1 | loss: 0.6002507
	speed: 0.0519s/iter; left time: 1765.5809s
	iters: 400, epoch: 1 | loss: 0.6514491
	speed: 0.0579s/iter; left time: 1962.9785s
	iters: 500, epoch: 1 | loss: 0.5678985
	speed: 0.0596s/iter; left time: 2014.0950s
	iters: 600, epoch: 1 | loss: 0.3984436
	speed: 0.0607s/iter; left time: 2046.2793s
	iters: 700, epoch: 1 | loss: 0.3628170
	speed: 0.0591s/iter; left time: 1986.8562s
	iters: 800, epoch: 1 | loss: 0.3501358
	speed: 0.0616s/iter; left time: 2063.5639s
	iters: 900, epoch: 1 | loss: 0.8633503
	speed: 0.0599s/iter; left time: 1999.9490s
	iters: 1000, epoch: 1 | loss: 0.3252792
	speed: 0.0590s/iter; left time: 1965.4326s
	iters: 1100, epoch: 1 | loss: 0.4234367
	speed: 0.0562s/iter; left time: 1864.6385s
Epoch: 1 cost time: 74.6225233078003
Epoch: 1, Steps: 1143 | Train Loss: 0.5525014 Vali Loss: 0.4968098 Test Loss: 0.2226574
Validation loss decreased (inf --> 0.496810).  Saving model ...
Updating learning rate to 0.0001
	iters: 100, epoch: 2 | loss: 0.3838956
	speed: 1.8253s/iter; left time: 60321.3135s
	iters: 200, epoch: 2 | loss: 0.4042136
	speed: 0.0562s/iter; left time: 1850.6900s
	iters: 300, epoch: 2 | loss: 0.4331757
	speed: 0.0586s/iter; left time: 1924.2042s
	iters: 400, epoch: 2 | loss: 0.4840622
	speed: 0.0584s/iter; left time: 1913.6815s
	iters: 500, epoch: 2 | loss: 0.3111373
	speed: 0.0598s/iter; left time: 1951.2753s
	iters: 600, epoch: 2 | loss: 0.2820294
	speed: 0.0580s/iter; left time: 1887.0751s
	iters: 700, epoch: 2 | loss: 0.4714578
	speed: 0.0464s/iter; left time: 1505.1079s
	iters: 800, epoch: 2 | loss: 0.3803569
	speed: 0.0537s/iter; left time: 1735.6846s
	iters: 900, epoch: 2 | loss: 0.3048074
	speed: 0.0516s/iter; left time: 1664.1473s
	iters: 1000, epoch: 2 | loss: 1.0365877
	speed: 0.0520s/iter; left time: 1672.6031s
	iters: 1100, epoch: 2 | loss: 0.3403412
	speed: 0.0515s/iter; left time: 1651.2742s
Epoch: 2 cost time: 63.76159977912903
Epoch: 2, Steps: 1143 | Train Loss: 0.5019600 Vali Loss: 0.4721248 Test Loss: 0.2124423
Validation loss decreased (0.496810 --> 0.472125).  Saving model ...
Updating learning rate to 5e-05
	iters: 100, epoch: 3 | loss: 0.3966136
	speed: 1.8085s/iter; left time: 57700.4471s
	iters: 200, epoch: 3 | loss: 0.3411143
	speed: 0.0576s/iter; left time: 1831.1699s
	iters: 300, epoch: 3 | loss: 0.3386793
	speed: 0.0578s/iter; left time: 1831.9767s
	iters: 400, epoch: 3 | loss: 0.3307064
	speed: 0.0589s/iter; left time: 1863.0919s
	iters: 500, epoch: 3 | loss: 0.3634666
	speed: 0.0590s/iter; left time: 1857.9199s
	iters: 600, epoch: 3 | loss: 0.3899051
	speed: 0.0600s/iter; left time: 1882.8308s
	iters: 700, epoch: 3 | loss: 0.4525869
	speed: 0.0579s/iter; left time: 1813.5345s
	iters: 800, epoch: 3 | loss: 0.8694198
	speed: 0.0587s/iter; left time: 1830.2982s
	iters: 900, epoch: 3 | loss: 0.4189192
	speed: 0.0594s/iter; left time: 1846.6119s
	iters: 1000, epoch: 3 | loss: 0.3875827
	speed: 0.0580s/iter; left time: 1797.1514s
	iters: 1100, epoch: 3 | loss: 0.3363634
	speed: 0.0587s/iter; left time: 1814.0578s
Epoch: 3 cost time: 68.12032127380371
Epoch: 3, Steps: 1143 | Train Loss: 0.4822192 Vali Loss: 0.4689139 Test Loss: 0.2103437
Validation loss decreased (0.472125 --> 0.468914).  Saving model ...
Updating learning rate to 2.5e-05
	iters: 100, epoch: 4 | loss: 0.3593124
	speed: 1.8375s/iter; left time: 56524.5342s
	iters: 200, epoch: 4 | loss: 0.4302931
	speed: 0.0529s/iter; left time: 1623.2063s
	iters: 300, epoch: 4 | loss: 0.5328648
	speed: 0.0519s/iter; left time: 1585.1510s
	iters: 400, epoch: 4 | loss: 0.3416301
	speed: 0.0511s/iter; left time: 1556.5571s
	iters: 500, epoch: 4 | loss: 0.4305784
	speed: 0.0515s/iter; left time: 1562.8053s
	iters: 600, epoch: 4 | loss: 0.3699715
	speed: 0.0510s/iter; left time: 1542.7642s
	iters: 700, epoch: 4 | loss: 0.4357921
	speed: 0.0508s/iter; left time: 1530.8852s
	iters: 800, epoch: 4 | loss: 0.3481251
	speed: 0.0569s/iter; left time: 1709.2304s
	iters: 900, epoch: 4 | loss: 0.3508065
	speed: 0.0573s/iter; left time: 1715.6479s
	iters: 1000, epoch: 4 | loss: 0.8792644
	speed: 0.0577s/iter; left time: 1721.7225s
	iters: 1100, epoch: 4 | loss: 0.3452554
	speed: 0.0507s/iter; left time: 1508.5694s
Epoch: 4 cost time: 62.26080799102783
Epoch: 4, Steps: 1143 | Train Loss: 0.4724607 Vali Loss: 0.4672086 Test Loss: 0.2097919
Validation loss decreased (0.468914 --> 0.467209).  Saving model ...
Updating learning rate to 1.25e-05
	iters: 100, epoch: 5 | loss: 0.3101681
	speed: 1.8286s/iter; left time: 54161.7449s
	iters: 200, epoch: 5 | loss: 0.8197412
	speed: 0.0572s/iter; left time: 1687.0690s
	iters: 300, epoch: 5 | loss: 0.3929950
	speed: 0.0577s/iter; left time: 1696.4818s
	iters: 400, epoch: 5 | loss: 0.3633599
	speed: 0.0572s/iter; left time: 1677.5119s
	iters: 500, epoch: 5 | loss: 0.4348765
	speed: 0.0583s/iter; left time: 1703.1040s
	iters: 600, epoch: 5 | loss: 0.2565216
	speed: 0.0567s/iter; left time: 1649.8819s
	iters: 700, epoch: 5 | loss: 0.3287519
	speed: 0.0572s/iter; left time: 1660.8012s
	iters: 800, epoch: 5 | loss: 0.3732604
	speed: 0.0581s/iter; left time: 1680.8234s
	iters: 900, epoch: 5 | loss: 0.8969309
	speed: 0.0577s/iter; left time: 1663.0236s
	iters: 1000, epoch: 5 | loss: 0.3825208
	speed: 0.0588s/iter; left time: 1689.4764s
	iters: 1100, epoch: 5 | loss: 0.4358684
	speed: 0.0579s/iter; left time: 1655.9990s
Epoch: 5 cost time: 67.03866839408875
Epoch: 5, Steps: 1143 | Train Loss: 0.4671300 Vali Loss: 0.4644892 Test Loss: 0.2086763
Validation loss decreased (0.467209 --> 0.464489).  Saving model ...
Updating learning rate to 6.25e-06
	iters: 100, epoch: 6 | loss: 0.9450269
	speed: 1.8186s/iter; left time: 51787.7459s
	iters: 200, epoch: 6 | loss: 0.3227398
	speed: 0.0574s/iter; left time: 1630.0601s
	iters: 300, epoch: 6 | loss: 0.4704069
	speed: 0.0568s/iter; left time: 1606.8300s
	iters: 400, epoch: 6 | loss: 0.4031775
	speed: 0.0568s/iter; left time: 1600.7801s
	iters: 500, epoch: 6 | loss: 0.4244418
	speed: 0.0573s/iter; left time: 1607.5365s
	iters: 600, epoch: 6 | loss: 0.3758958
	speed: 0.0578s/iter; left time: 1618.0344s
	iters: 700, epoch: 6 | loss: 0.3342163
	speed: 0.0585s/iter; left time: 1629.7823s
	iters: 800, epoch: 6 | loss: 0.3821942
	speed: 0.0591s/iter; left time: 1641.1036s
	iters: 900, epoch: 6 | loss: 0.4633672
	speed: 0.0565s/iter; left time: 1562.5269s
	iters: 1000, epoch: 6 | loss: 0.3865528
	speed: 0.0574s/iter; left time: 1582.6402s
	iters: 1100, epoch: 6 | loss: 0.9381616
	speed: 0.0571s/iter; left time: 1568.2342s
Epoch: 6 cost time: 67.09691548347473
Epoch: 6, Steps: 1143 | Train Loss: 0.4643607 Vali Loss: 0.4648590 Test Loss: 0.2085295
EarlyStopping counter: 1 out of 10
Updating learning rate to 3.125e-06
	iters: 100, epoch: 7 | loss: 0.3908301
	speed: 1.8367s/iter; left time: 50202.9552s
	iters: 200, epoch: 7 | loss: 0.3694125
	speed: 0.0539s/iter; left time: 1467.1329s
	iters: 300, epoch: 7 | loss: 0.3946747
	speed: 0.0531s/iter; left time: 1441.8362s
	iters: 400, epoch: 7 | loss: 0.2787740
	speed: 0.0530s/iter; left time: 1431.4703s
	iters: 500, epoch: 7 | loss: 0.4570996
	speed: 0.0523s/iter; left time: 1407.3369s
	iters: 600, epoch: 7 | loss: 0.4384150
	speed: 0.0502s/iter; left time: 1347.7610s
	iters: 700, epoch: 7 | loss: 0.3664953
	speed: 0.0519s/iter; left time: 1387.3226s
	iters: 800, epoch: 7 | loss: 0.2934593
	speed: 0.0504s/iter; left time: 1343.2981s
	iters: 900, epoch: 7 | loss: 0.4472667
	speed: 0.0510s/iter; left time: 1353.9564s
	iters: 1000, epoch: 7 | loss: 1.2532133
	speed: 0.0522s/iter; left time: 1381.0500s
	iters: 1100, epoch: 7 | loss: 0.3796375
	speed: 0.0537s/iter; left time: 1414.6202s
Epoch: 7 cost time: 60.90512943267822
Epoch: 7, Steps: 1143 | Train Loss: 0.4629939 Vali Loss: 0.4643009 Test Loss: 0.2082489
Validation loss decreased (0.464489 --> 0.464301).  Saving model ...
Updating learning rate to 1.5625e-06
	iters: 100, epoch: 8 | loss: 0.3929865
	speed: 1.7701s/iter; left time: 46357.8203s
	iters: 200, epoch: 8 | loss: 0.3359677
	speed: 0.0592s/iter; left time: 1544.6861s
	iters: 300, epoch: 8 | loss: 0.3922676
	speed: 0.0599s/iter; left time: 1557.7206s
	iters: 400, epoch: 8 | loss: 0.3193309
	speed: 0.0578s/iter; left time: 1496.7853s
	iters: 500, epoch: 8 | loss: 0.4208825
	speed: 0.0584s/iter; left time: 1505.2967s
	iters: 600, epoch: 8 | loss: 0.4552140
	speed: 0.0571s/iter; left time: 1466.2706s
	iters: 700, epoch: 8 | loss: 0.9098046
	speed: 0.0583s/iter; left time: 1491.2938s
	iters: 800, epoch: 8 | loss: 0.3148531
	speed: 0.0601s/iter; left time: 1533.1867s
	iters: 900, epoch: 8 | loss: 0.4165169
	speed: 0.0615s/iter; left time: 1561.6008s
	iters: 1000, epoch: 8 | loss: 0.3631740
	speed: 0.0605s/iter; left time: 1530.1255s
	iters: 1100, epoch: 8 | loss: 0.3322330
	speed: 0.0581s/iter; left time: 1462.5453s
Epoch: 8 cost time: 68.97695088386536
Epoch: 8, Steps: 1143 | Train Loss: 0.4623621 Vali Loss: 0.4641167 Test Loss: 0.2082417
Validation loss decreased (0.464301 --> 0.464117).  Saving model ...
Updating learning rate to 7.8125e-07
	iters: 100, epoch: 9 | loss: 0.2926576
	speed: 1.8551s/iter; left time: 46463.9416s
	iters: 200, epoch: 9 | loss: 0.3729267
	speed: 0.0584s/iter; left time: 1457.2784s
	iters: 300, epoch: 9 | loss: 0.3883642
	speed: 0.0569s/iter; left time: 1414.8456s
	iters: 400, epoch: 9 | loss: 0.3258322
	speed: 0.0577s/iter; left time: 1427.4113s
	iters: 500, epoch: 9 | loss: 0.3760130
	speed: 0.0579s/iter; left time: 1428.2246s
	iters: 600, epoch: 9 | loss: 0.3428659
	speed: 0.0599s/iter; left time: 1469.2203s
	iters: 700, epoch: 9 | loss: 0.3974583
	speed: 0.0615s/iter; left time: 1504.2892s
	iters: 800, epoch: 9 | loss: 0.4499729
	speed: 0.0610s/iter; left time: 1485.1388s
	iters: 900, epoch: 9 | loss: 0.3725903
	speed: 0.0580s/iter; left time: 1405.5307s
	iters: 1000, epoch: 9 | loss: 0.3936151
	speed: 0.0624s/iter; left time: 1507.3015s
	iters: 1100, epoch: 9 | loss: 0.3594900
	speed: 0.0602s/iter; left time: 1446.8776s
Epoch: 9 cost time: 68.86683535575867
Epoch: 9, Steps: 1143 | Train Loss: 0.4620193 Vali Loss: 0.4645621 Test Loss: 0.2081916
EarlyStopping counter: 1 out of 10
Updating learning rate to 3.90625e-07
	iters: 100, epoch: 10 | loss: 0.4179916
	speed: 1.7918s/iter; left time: 42831.0169s
	iters: 200, epoch: 10 | loss: 0.3188422
	speed: 0.0593s/iter; left time: 1411.8343s
	iters: 300, epoch: 10 | loss: 0.2894417
	speed: 0.0470s/iter; left time: 1114.2377s
	iters: 400, epoch: 10 | loss: 0.2955926
	speed: 0.0515s/iter; left time: 1215.8722s
	iters: 500, epoch: 10 | loss: 0.3884321
	speed: 0.0517s/iter; left time: 1214.8468s
	iters: 600, epoch: 10 | loss: 0.3355728
	speed: 0.0512s/iter; left time: 1198.6169s
	iters: 700, epoch: 10 | loss: 0.3655213
	speed: 0.0509s/iter; left time: 1187.3145s
	iters: 800, epoch: 10 | loss: 0.3080009
	speed: 0.0514s/iter; left time: 1193.1015s
	iters: 900, epoch: 10 | loss: 0.3881042
	speed: 0.0535s/iter; left time: 1236.0399s
	iters: 1000, epoch: 10 | loss: 0.4172635
	speed: 0.0506s/iter; left time: 1163.5489s
	iters: 1100, epoch: 10 | loss: 0.3256091
	speed: 0.0507s/iter; left time: 1160.1152s
Epoch: 10 cost time: 60.86764097213745
Epoch: 10, Steps: 1143 | Train Loss: 0.4616893 Vali Loss: 0.4643176 Test Loss: 0.2081860
EarlyStopping counter: 2 out of 10
Updating learning rate to 1.953125e-07
	iters: 100, epoch: 11 | loss: 0.4973508
	speed: 1.7677s/iter; left time: 40234.8857s
	iters: 200, epoch: 11 | loss: 0.3896548
	speed: 0.0579s/iter; left time: 1312.1032s
	iters: 300, epoch: 11 | loss: 0.4580279
	speed: 0.0580s/iter; left time: 1307.4387s
	iters: 400, epoch: 11 | loss: 0.7610973
	speed: 0.0575s/iter; left time: 1290.8745s
	iters: 500, epoch: 11 | loss: 0.3925799
	speed: 0.0584s/iter; left time: 1306.9671s
	iters: 600, epoch: 11 | loss: 0.7852957
	speed: 0.0568s/iter; left time: 1263.5455s
	iters: 700, epoch: 11 | loss: 0.8262087
	speed: 0.0594s/iter; left time: 1316.9423s
	iters: 800, epoch: 11 | loss: 0.3515326
	speed: 0.0589s/iter; left time: 1298.6282s
	iters: 900, epoch: 11 | loss: 0.4460474
	speed: 0.0593s/iter; left time: 1303.1438s
	iters: 1000, epoch: 11 | loss: 0.4292343
	speed: 0.0598s/iter; left time: 1307.0937s
	iters: 1100, epoch: 11 | loss: 0.3273112
	speed: 0.0581s/iter; left time: 1263.7489s
Epoch: 11 cost time: 67.75244188308716
Epoch: 11, Steps: 1143 | Train Loss: 0.4617335 Vali Loss: 0.4638633 Test Loss: 0.2081974
Validation loss decreased (0.464117 --> 0.463863).  Saving model ...
Updating learning rate to 9.765625e-08
	iters: 100, epoch: 12 | loss: 0.4064115
	speed: 1.8099s/iter; left time: 39125.8277s
	iters: 200, epoch: 12 | loss: 0.4081524
	speed: 0.0529s/iter; left time: 1139.1742s
	iters: 300, epoch: 12 | loss: 0.3255973
	speed: 0.0543s/iter; left time: 1162.4381s
	iters: 400, epoch: 12 | loss: 0.4234481
	speed: 0.0524s/iter; left time: 1118.0248s
	iters: 500, epoch: 12 | loss: 0.4570010
	speed: 0.0588s/iter; left time: 1247.4753s
	iters: 600, epoch: 12 | loss: 1.2787127
	speed: 0.0575s/iter; left time: 1213.4525s
	iters: 700, epoch: 12 | loss: 0.4119794
	speed: 0.0554s/iter; left time: 1165.2714s
	iters: 800, epoch: 12 | loss: 0.8112396
	speed: 0.0492s/iter; left time: 1028.8351s
	iters: 900, epoch: 12 | loss: 0.3587181
	speed: 0.0583s/iter; left time: 1213.0660s
	iters: 1000, epoch: 12 | loss: 0.4399270
	speed: 0.0588s/iter; left time: 1217.6351s
	iters: 1100, epoch: 12 | loss: 0.3843073
	speed: 0.0587s/iter; left time: 1209.2509s
Epoch: 12 cost time: 64.61757707595825
Epoch: 12, Steps: 1143 | Train Loss: 0.4615975 Vali Loss: 0.4633442 Test Loss: 0.2082153
Validation loss decreased (0.463863 --> 0.463344).  Saving model ...
Updating learning rate to 4.8828125e-08
	iters: 100, epoch: 13 | loss: 0.3501506
	speed: 1.7716s/iter; left time: 36272.9375s
	iters: 200, epoch: 13 | loss: 0.3103476
	speed: 0.0585s/iter; left time: 1191.8929s
	iters: 300, epoch: 13 | loss: 0.4675763
	speed: 0.0586s/iter; left time: 1187.2407s
	iters: 400, epoch: 13 | loss: 0.2938931
	speed: 0.0577s/iter; left time: 1163.6558s
	iters: 500, epoch: 13 | loss: 0.4432235
	speed: 0.0592s/iter; left time: 1188.8641s
	iters: 600, epoch: 13 | loss: 0.3313058
	speed: 0.0602s/iter; left time: 1202.2988s
	iters: 700, epoch: 13 | loss: 0.3236057
	speed: 0.0595s/iter; left time: 1183.4283s
	iters: 800, epoch: 13 | loss: 0.2722742
	speed: 0.0598s/iter; left time: 1181.6255s
	iters: 900, epoch: 13 | loss: 0.4411868
	speed: 0.0598s/iter; left time: 1175.7456s
	iters: 1000, epoch: 13 | loss: 0.3905568
	speed: 0.0584s/iter; left time: 1142.5716s
	iters: 1100, epoch: 13 | loss: 0.3683011
	speed: 0.0598s/iter; left time: 1164.8118s
Epoch: 13 cost time: 68.7551782131195
Epoch: 13, Steps: 1143 | Train Loss: 0.4616773 Vali Loss: 0.4638021 Test Loss: 0.2082094
EarlyStopping counter: 1 out of 10
Updating learning rate to 2.44140625e-08
	iters: 100, epoch: 14 | loss: 0.3451903
	speed: 1.8258s/iter; left time: 35296.7905s
	iters: 200, epoch: 14 | loss: 0.3589087
	speed: 0.0568s/iter; left time: 1091.8421s
	iters: 300, epoch: 14 | loss: 0.5559411
	speed: 0.0596s/iter; left time: 1139.3560s
	iters: 400, epoch: 14 | loss: 0.3688999
	speed: 0.0577s/iter; left time: 1098.3676s
	iters: 500, epoch: 14 | loss: 0.9089167
	speed: 0.0576s/iter; left time: 1090.1063s
	iters: 600, epoch: 14 | loss: 0.3090355
	speed: 0.0579s/iter; left time: 1090.3619s
	iters: 700, epoch: 14 | loss: 0.3828795
	speed: 0.0598s/iter; left time: 1119.8877s
	iters: 800, epoch: 14 | loss: 0.2735686
	speed: 0.0560s/iter; left time: 1043.6722s
	iters: 900, epoch: 14 | loss: 0.3039139
	speed: 0.0599s/iter; left time: 1109.4367s
	iters: 1000, epoch: 14 | loss: 0.3638198
	speed: 0.0575s/iter; left time: 1059.5175s
	iters: 1100, epoch: 14 | loss: 0.5135093
	speed: 0.0595s/iter; left time: 1090.8793s
Epoch: 14 cost time: 67.94520092010498
Epoch: 14, Steps: 1143 | Train Loss: 0.4614010 Vali Loss: 0.4642170 Test Loss: 0.2082118
EarlyStopping counter: 2 out of 10
Updating learning rate to 1.220703125e-08
	iters: 100, epoch: 15 | loss: 0.8616768
	speed: 1.7649s/iter; left time: 32101.5832s
	iters: 200, epoch: 15 | loss: 0.2955390
	speed: 0.0512s/iter; left time: 926.8972s
	iters: 300, epoch: 15 | loss: 0.4608780
	speed: 0.0514s/iter; left time: 924.6907s
	iters: 400, epoch: 15 | loss: 0.2860056
	speed: 0.0520s/iter; left time: 929.3532s
	iters: 500, epoch: 15 | loss: 0.3488985
	speed: 0.0510s/iter; left time: 906.3527s
	iters: 600, epoch: 15 | loss: 0.3572001
	speed: 0.0515s/iter; left time: 911.4815s
	iters: 700, epoch: 15 | loss: 0.4961993
	speed: 0.0507s/iter; left time: 891.0896s
	iters: 800, epoch: 15 | loss: 0.3347839
	speed: 0.0518s/iter; left time: 905.9658s
	iters: 900, epoch: 15 | loss: 0.9110221
	speed: 0.0513s/iter; left time: 891.5352s
	iters: 1000, epoch: 15 | loss: 0.5076742
	speed: 0.0524s/iter; left time: 905.5503s
	iters: 1100, epoch: 15 | loss: 0.3444128
	speed: 0.0520s/iter; left time: 894.6787s
Epoch: 15 cost time: 60.49461007118225
Epoch: 15, Steps: 1143 | Train Loss: 0.4610448 Vali Loss: 0.4637571 Test Loss: 0.2082133
EarlyStopping counter: 3 out of 10
Updating learning rate to 6.103515625e-09
	iters: 100, epoch: 16 | loss: 0.9215810
	speed: 2.0697s/iter; left time: 35279.7707s
	iters: 200, epoch: 16 | loss: 0.2832259
	speed: 0.0846s/iter; left time: 1433.5978s
	iters: 300, epoch: 16 | loss: 0.3055855
	speed: 0.0882s/iter; left time: 1485.1326s
	iters: 400, epoch: 16 | loss: 0.3443572
	speed: 0.0846s/iter; left time: 1416.6174s
	iters: 500, epoch: 16 | loss: 0.6460187
	speed: 0.0863s/iter; left time: 1436.5844s
	iters: 600, epoch: 16 | loss: 0.3612648
	speed: 0.0878s/iter; left time: 1453.0697s
	iters: 700, epoch: 16 | loss: 0.9848146
	speed: 0.0850s/iter; left time: 1398.2808s
	iters: 800, epoch: 16 | loss: 0.3739908
	speed: 0.0899s/iter; left time: 1469.5421s
	iters: 900, epoch: 16 | loss: 0.3287859
	speed: 0.0906s/iter; left time: 1471.7760s
	iters: 1000, epoch: 16 | loss: 0.2962513
	speed: 0.0854s/iter; left time: 1379.0314s
	iters: 1100, epoch: 16 | loss: 0.2842972
	speed: 0.0886s/iter; left time: 1422.1041s
Epoch: 16 cost time: 100.75279521942139
Epoch: 16, Steps: 1143 | Train Loss: 0.4616091 Vali Loss: 0.4645702 Test Loss: 0.2082130
EarlyStopping counter: 4 out of 10
Updating learning rate to 3.0517578125e-09
	iters: 100, epoch: 17 | loss: 0.2762210
	speed: 2.1755s/iter; left time: 34597.4097s
	iters: 200, epoch: 17 | loss: 0.3697657
	speed: 0.0886s/iter; left time: 1400.3457s
	iters: 300, epoch: 17 | loss: 0.3989823
	speed: 0.0880s/iter; left time: 1382.1698s
	iters: 400, epoch: 17 | loss: 0.4601510
	speed: 0.0873s/iter; left time: 1361.8309s
	iters: 500, epoch: 17 | loss: 1.2994865
	speed: 0.0866s/iter; left time: 1343.0485s
	iters: 600, epoch: 17 | loss: 0.4587169
	speed: 0.0715s/iter; left time: 1101.5842s
	iters: 700, epoch: 17 | loss: 0.3214155
	speed: 0.0734s/iter; left time: 1123.8404s
	iters: 800, epoch: 17 | loss: 0.4303772
	speed: 0.0776s/iter; left time: 1179.6527s
	iters: 900, epoch: 17 | loss: 0.8732015
	speed: 0.0755s/iter; left time: 1140.5319s
	iters: 1000, epoch: 17 | loss: 0.3746958
	speed: 0.0752s/iter; left time: 1128.2848s
	iters: 1100, epoch: 17 | loss: 0.3341264
	speed: 0.0755s/iter; left time: 1125.8960s
Epoch: 17 cost time: 93.75554084777832
Epoch: 17, Steps: 1143 | Train Loss: 0.4616676 Vali Loss: 0.4648986 Test Loss: 0.2082133
EarlyStopping counter: 5 out of 10
Updating learning rate to 1.52587890625e-09
	iters: 100, epoch: 18 | loss: 0.5271891
	speed: 2.1345s/iter; left time: 31505.5024s
	iters: 200, epoch: 18 | loss: 0.3904866
	speed: 0.0891s/iter; left time: 1306.1064s
	iters: 300, epoch: 18 | loss: 0.8558818
	speed: 0.0914s/iter; left time: 1330.1511s
	iters: 400, epoch: 18 | loss: 0.8661978
	speed: 0.0889s/iter; left time: 1284.9298s
	iters: 500, epoch: 18 | loss: 0.4597263
	speed: 0.0879s/iter; left time: 1262.5874s
	iters: 600, epoch: 18 | loss: 0.8161739
	speed: 0.0890s/iter; left time: 1268.9041s
	iters: 700, epoch: 18 | loss: 0.3029662
	speed: 0.0858s/iter; left time: 1214.3915s
	iters: 800, epoch: 18 | loss: 0.7922273
	speed: 0.0875s/iter; left time: 1229.6547s
	iters: 900, epoch: 18 | loss: 0.3594311
	speed: 0.0824s/iter; left time: 1150.4435s
	iters: 1000, epoch: 18 | loss: 0.3856783
	speed: 0.0853s/iter; left time: 1181.6452s
	iters: 1100, epoch: 18 | loss: 0.3531253
	speed: 0.0847s/iter; left time: 1165.8677s
Epoch: 18 cost time: 100.99332427978516
Epoch: 18, Steps: 1143 | Train Loss: 0.4616227 Vali Loss: 0.4646269 Test Loss: 0.2082132
EarlyStopping counter: 6 out of 10
Updating learning rate to 7.62939453125e-10
	iters: 100, epoch: 19 | loss: 0.3694444
	speed: 1.8022s/iter; left time: 24540.7156s
	iters: 200, epoch: 19 | loss: 0.4590312
	speed: 0.0401s/iter; left time: 542.2828s
	iters: 300, epoch: 19 | loss: 0.4101531
	speed: 0.0404s/iter; left time: 542.5633s
	iters: 400, epoch: 19 | loss: 0.7911586
	speed: 0.0408s/iter; left time: 543.7197s
	iters: 500, epoch: 19 | loss: 0.4245952
	speed: 0.0395s/iter; left time: 521.4806s
	iters: 600, epoch: 19 | loss: 0.4162406
	speed: 0.0386s/iter; left time: 506.1601s
	iters: 700, epoch: 19 | loss: 0.4098648
	speed: 0.0382s/iter; left time: 497.3234s
	iters: 800, epoch: 19 | loss: 0.4843988
	speed: 0.0391s/iter; left time: 505.3365s
	iters: 900, epoch: 19 | loss: 0.3782019
	speed: 0.0390s/iter; left time: 500.4317s
	iters: 1000, epoch: 19 | loss: 0.3394143
	speed: 0.0384s/iter; left time: 488.5918s
	iters: 1100, epoch: 19 | loss: 0.3494385
	speed: 0.0379s/iter; left time: 477.8355s
Epoch: 19 cost time: 45.51892876625061
Epoch: 19, Steps: 1143 | Train Loss: 0.4617685 Vali Loss: 0.4642048 Test Loss: 0.2082133
EarlyStopping counter: 7 out of 10
Updating learning rate to 3.814697265625e-10
	iters: 100, epoch: 20 | loss: 0.4317777
	speed: 1.3216s/iter; left time: 16486.1897s
	iters: 200, epoch: 20 | loss: 0.4002042
	speed: 0.0286s/iter; left time: 353.8489s
	iters: 300, epoch: 20 | loss: 0.3306876
	speed: 0.0323s/iter; left time: 396.1587s
	iters: 400, epoch: 20 | loss: 0.3978564
	speed: 0.0283s/iter; left time: 344.0193s
	iters: 500, epoch: 20 | loss: 0.5201691
	speed: 0.0293s/iter; left time: 353.9082s
	iters: 600, epoch: 20 | loss: 0.4257528
	speed: 0.0265s/iter; left time: 317.6656s
	iters: 700, epoch: 20 | loss: 0.4712099
	speed: 0.0293s/iter; left time: 348.0811s
	iters: 800, epoch: 20 | loss: 0.3374290
	speed: 0.0319s/iter; left time: 376.1720s
	iters: 900, epoch: 20 | loss: 0.4850728
	speed: 0.0319s/iter; left time: 371.9155s
	iters: 1000, epoch: 20 | loss: 0.8987814
	speed: 0.0296s/iter; left time: 342.3034s
	iters: 1100, epoch: 20 | loss: 1.2820952
	speed: 0.0324s/iter; left time: 371.6456s
Epoch: 20 cost time: 34.49334502220154
Epoch: 20, Steps: 1143 | Train Loss: 0.4615939 Vali Loss: 0.4642183 Test Loss: 0.2082133
EarlyStopping counter: 8 out of 10
Updating learning rate to 1.9073486328125e-10
	iters: 100, epoch: 21 | loss: 0.4051596
	speed: 1.2984s/iter; left time: 14711.7111s
	iters: 200, epoch: 21 | loss: 0.3964742
	speed: 0.0283s/iter; left time: 317.7618s
	iters: 300, epoch: 21 | loss: 0.3667649
	speed: 0.0320s/iter; left time: 356.7229s
	iters: 400, epoch: 21 | loss: 0.3150439
	speed: 0.0427s/iter; left time: 471.0097s
	iters: 500, epoch: 21 | loss: 0.4259578
	speed: 0.0421s/iter; left time: 460.4493s
	iters: 600, epoch: 21 | loss: 0.3696163
	speed: 0.0417s/iter; left time: 451.3839s
	iters: 700, epoch: 21 | loss: 0.9720974
	speed: 0.0399s/iter; left time: 427.8515s
	iters: 800, epoch: 21 | loss: 0.3902964
	speed: 0.0393s/iter; left time: 417.4939s
	iters: 900, epoch: 21 | loss: 0.3752648
	speed: 0.0435s/iter; left time: 458.1349s
	iters: 1000, epoch: 21 | loss: 0.8322064
	speed: 0.0421s/iter; left time: 439.5358s
	iters: 1100, epoch: 21 | loss: 0.4123648
	speed: 0.0422s/iter; left time: 436.2629s
Epoch: 21 cost time: 45.03801083564758
Epoch: 21, Steps: 1143 | Train Loss: 0.4615290 Vali Loss: 0.4643015 Test Loss: 0.2082133
EarlyStopping counter: 9 out of 10
Updating learning rate to 9.5367431640625e-11
	iters: 100, epoch: 22 | loss: 0.3486586
	speed: 1.5565s/iter; left time: 15857.8945s
	iters: 200, epoch: 22 | loss: 0.8485523
	speed: 0.0397s/iter; left time: 400.8700s
	iters: 300, epoch: 22 | loss: 0.4206650
	speed: 0.0396s/iter; left time: 395.5381s
	iters: 400, epoch: 22 | loss: 0.4211785
	speed: 0.0388s/iter; left time: 383.6323s
	iters: 500, epoch: 22 | loss: 0.3533739
	speed: 0.0380s/iter; left time: 372.1603s
	iters: 600, epoch: 22 | loss: 0.8507260
	speed: 0.0410s/iter; left time: 397.3756s
	iters: 700, epoch: 22 | loss: 0.4001531
	speed: 0.0402s/iter; left time: 385.2071s
	iters: 800, epoch: 22 | loss: 0.3371395
	speed: 0.0395s/iter; left time: 374.4789s
	iters: 900, epoch: 22 | loss: 0.9233856
	speed: 0.0391s/iter; left time: 366.8682s
	iters: 1000, epoch: 22 | loss: 0.3527675
	speed: 0.0396s/iter; left time: 367.9149s
	iters: 1100, epoch: 22 | loss: 0.3705631
	speed: 0.0396s/iter; left time: 364.0875s
Epoch: 22 cost time: 46.71620988845825
Epoch: 22, Steps: 1143 | Train Loss: 0.4616671 Vali Loss: 0.4636631 Test Loss: 0.2082133
EarlyStopping counter: 10 out of 10
Early stopping
>>>>>>>testing : weather_96_192_orthoCA_AConv_custom_M_ft96_sl48_ll192_pl640_dm10_nh3_el1_dl512_df1_fctimeF_ebTrue_dtExp_projection_0<<<<<<<<<<<<<<<<<<<<<<<<<<<<<<<<<
test 10348
test shape: (10348, 1, 192, 21) (10348, 1, 192, 21)
test shape: (10348, 192, 21) (10348, 192, 21)
mse:0.20821529626846313, mae:0.24983592331409454
