Args in experiment:
Namespace(Decomposition=1, activation='gelu', batch_size=32, c_out=7, channel_independence=False, checkpoints='./checkpoints/', class_strategy='projection', d_ff=256, d_layers=1, d_model=245, d_ortho=49, data='ETTh1', data_path='ETTh1.csv', dec_in=7, des='Exp', devices='0,1', distil=True, do_predict=False, dropout=0.1, e_layers=2, efficient_training=False, embed='timeF', enc_in=7, exp_name='MTSF', factor=1, features='M', freq='h', gpu=0, inverse=False, is_training=1, itr=1, kernel_size=25, label_len=48, learning_rate=0.0001, loss='MSE', lradj='type1', model='orthoCA_AConv', model_id='ETTh1_96_192', moving_avg=25, n_heads=5, num_workers=10, output_attention=False, partial_start_index=0, patience=10, pred_len=192, root_path='/data1/mazc/whxProject/Dataset/', seq_len=96, target='OT', target_data_path='electricity.csv', target_root_path='./data/electricity/', train_epochs=30, use_amp=False, use_gpu=True, use_multi_gpu=False, use_norm=True)
Use GPU: cuda:0
>>>>>>>start training : ETTh1_96_192_orthoCA_AConv_ETTh1_M_ft96_sl48_ll192_pl245_dm5_nh2_el1_dl256_df1_fctimeF_ebTrue_dtExp_projection_0>>>>>>>>>>>>>>>>>>>>>>>>>>
train 8353
val 2689
test 2689
	iters: 100, epoch: 1 | loss: 0.4709778
	speed: 0.0844s/iter; left time: 652.2154s
	iters: 200, epoch: 1 | loss: 0.4903806
	speed: 0.0406s/iter; left time: 309.7322s
Epoch: 1 cost time: 15.468108892440796
Epoch: 1, Steps: 261 | Train Loss: 0.4896746 Vali Loss: 1.0175010 Test Loss: 0.4518422
Validation loss decreased (inf --> 1.017501).  Saving model ...
Updating learning rate to 0.0001
	iters: 100, epoch: 2 | loss: 0.3985044
	speed: 0.4748s/iter; left time: 3546.9238s
	iters: 200, epoch: 2 | loss: 0.4612208
	speed: 0.0509s/iter; left time: 375.4618s
Epoch: 2 cost time: 13.412818431854248
Epoch: 2, Steps: 261 | Train Loss: 0.4376047 Vali Loss: 1.0053833 Test Loss: 0.4429682
Validation loss decreased (1.017501 --> 1.005383).  Saving model ...
Updating learning rate to 5e-05
	iters: 100, epoch: 3 | loss: 0.4286858
	speed: 0.4087s/iter; left time: 2946.2755s
	iters: 200, epoch: 3 | loss: 0.3162141
	speed: 0.0312s/iter; left time: 222.1414s
Epoch: 3 cost time: 9.9251127243042
Epoch: 3, Steps: 261 | Train Loss: 0.4281208 Vali Loss: 0.9924488 Test Loss: 0.4402260
Validation loss decreased (1.005383 --> 0.992449).  Saving model ...
Updating learning rate to 2.5e-05
	iters: 100, epoch: 4 | loss: 0.3371885
	speed: 0.4711s/iter; left time: 3273.5056s
	iters: 200, epoch: 4 | loss: 0.4358450
	speed: 0.0437s/iter; left time: 298.9397s
Epoch: 4 cost time: 12.666793823242188
Epoch: 4, Steps: 261 | Train Loss: 0.4243350 Vali Loss: 0.9982291 Test Loss: 0.4384295
EarlyStopping counter: 1 out of 10
Updating learning rate to 1.25e-05
	iters: 100, epoch: 5 | loss: 0.3601174
	speed: 0.4691s/iter; left time: 3136.9646s
	iters: 200, epoch: 5 | loss: 0.4480003
	speed: 0.0519s/iter; left time: 342.1639s
Epoch: 5 cost time: 16.2555730342865
Epoch: 5, Steps: 261 | Train Loss: 0.4223371 Vali Loss: 0.9967095 Test Loss: 0.4368698
EarlyStopping counter: 2 out of 10
Updating learning rate to 6.25e-06
	iters: 100, epoch: 6 | loss: 0.3531462
	speed: 0.5334s/iter; left time: 3427.7545s
	iters: 200, epoch: 6 | loss: 0.3733355
	speed: 0.0579s/iter; left time: 366.1269s
Epoch: 6 cost time: 15.621630907058716
Epoch: 6, Steps: 261 | Train Loss: 0.4211189 Vali Loss: 0.9951637 Test Loss: 0.4370242
EarlyStopping counter: 3 out of 10
Updating learning rate to 3.125e-06
	iters: 100, epoch: 7 | loss: 0.3725683
	speed: 0.4891s/iter; left time: 3015.3093s
	iters: 200, epoch: 7 | loss: 0.3997256
	speed: 0.0480s/iter; left time: 291.3564s
Epoch: 7 cost time: 13.884217739105225
Epoch: 7, Steps: 261 | Train Loss: 0.4207215 Vali Loss: 0.9954466 Test Loss: 0.4364231
EarlyStopping counter: 4 out of 10
Updating learning rate to 1.5625e-06
	iters: 100, epoch: 8 | loss: 0.3781833
	speed: 0.5424s/iter; left time: 3202.4883s
	iters: 200, epoch: 8 | loss: 0.4193288
	speed: 0.0326s/iter; left time: 189.1346s
Epoch: 8 cost time: 10.117282629013062
Epoch: 8, Steps: 261 | Train Loss: 0.4204708 Vali Loss: 0.9952729 Test Loss: 0.4363696
EarlyStopping counter: 5 out of 10
Updating learning rate to 7.8125e-07
	iters: 100, epoch: 9 | loss: 0.4333940
	speed: 0.6044s/iter; left time: 3410.9101s
	iters: 200, epoch: 9 | loss: 0.4124227
	speed: 0.0390s/iter; left time: 216.2736s
Epoch: 9 cost time: 11.9211905002594
Epoch: 9, Steps: 261 | Train Loss: 0.4203073 Vali Loss: 0.9952699 Test Loss: 0.4363347
EarlyStopping counter: 6 out of 10
Updating learning rate to 3.90625e-07
	iters: 100, epoch: 10 | loss: 0.4707581
	speed: 0.3692s/iter; left time: 1986.9145s
	iters: 200, epoch: 10 | loss: 0.4237954
	speed: 0.0426s/iter; left time: 225.2579s
Epoch: 10 cost time: 11.8253333568573
Epoch: 10, Steps: 261 | Train Loss: 0.4202327 Vali Loss: 0.9952906 Test Loss: 0.4363076
EarlyStopping counter: 7 out of 10
Updating learning rate to 1.953125e-07
	iters: 100, epoch: 11 | loss: 0.4568870
	speed: 0.3833s/iter; left time: 1962.9876s
	iters: 200, epoch: 11 | loss: 0.3840560
	speed: 0.0336s/iter; left time: 168.8997s
Epoch: 11 cost time: 9.482252359390259
Epoch: 11, Steps: 261 | Train Loss: 0.4204044 Vali Loss: 0.9953687 Test Loss: 0.4362998
EarlyStopping counter: 8 out of 10
Updating learning rate to 9.765625e-08
	iters: 100, epoch: 12 | loss: 0.4242460
	speed: 0.4919s/iter; left time: 2390.4892s
	iters: 200, epoch: 12 | loss: 0.4308307
	speed: 0.0318s/iter; left time: 151.1321s
Epoch: 12 cost time: 9.524803161621094
Epoch: 12, Steps: 261 | Train Loss: 0.4202957 Vali Loss: 0.9949847 Test Loss: 0.4362967
EarlyStopping counter: 9 out of 10
Updating learning rate to 4.8828125e-08
	iters: 100, epoch: 13 | loss: 0.4279428
	speed: 0.3221s/iter; left time: 1481.3002s
	iters: 200, epoch: 13 | loss: 0.3578949
	speed: 0.0382s/iter; left time: 171.7159s
Epoch: 13 cost time: 10.569960832595825
Epoch: 13, Steps: 261 | Train Loss: 0.4201704 Vali Loss: 0.9953817 Test Loss: 0.4362948
EarlyStopping counter: 10 out of 10
Early stopping
>>>>>>>testing : ETTh1_96_192_orthoCA_AConv_ETTh1_M_ft96_sl48_ll192_pl245_dm5_nh2_el1_dl256_df1_fctimeF_ebTrue_dtExp_projection_0<<<<<<<<<<<<<<<<<<<<<<<<<<<<<<<<<
test 2689
test shape: (2689, 1, 192, 7) (2689, 1, 192, 7)
test shape: (2689, 192, 7) (2689, 192, 7)
mse:0.4402260184288025, mae:0.4328223466873169
