Args in experiment:
Namespace(Decomposition=1, activation='gelu', batch_size=32, c_out=7, channel_independence=False, checkpoints='./checkpoints/', class_strategy='projection', d_ff=256, d_layers=1, d_model=245, d_ortho=49, data='ETTh1', data_path='ETTh1.csv', dec_in=7, des='Exp', devices='0,1', distil=True, do_predict=False, dropout=0.1, e_layers=2, efficient_training=False, embed='timeF', enc_in=7, exp_name='MTSF', factor=1, features='M', freq='h', gpu=0, inverse=False, is_training=1, itr=1, kernel_size=25, label_len=48, learning_rate=0.0001, loss='MSE', lradj='type1', model='FCA_v1', model_id='ETTh1_96_96', moving_avg=25, n_heads=5, num_workers=10, output_attention=False, partial_start_index=0, patience=10, pred_len=96, root_path='/data1/mazc/whxProject/Dataset/', seq_len=96, target='OT', target_data_path='electricity.csv', target_root_path='./data/electricity/', train_epochs=30, use_amp=False, use_gpu=True, use_multi_gpu=False, use_norm=True)
Use GPU: cuda:0
>>>>>>>start training : ETTh1_96_96_FCA_v1_ETTh1_M_ft96_sl48_ll96_pl245_dm5_nh2_el1_dl256_df1_fctimeF_ebTrue_dtExp_projection_0>>>>>>>>>>>>>>>>>>>>>>>>>>
train 8449
val 2785
test 2785
	iters: 100, epoch: 1 | loss: 0.3865883
	speed: 0.0413s/iter; left time: 323.1065s
	iters: 200, epoch: 1 | loss: 0.4354695
	speed: 0.0225s/iter; left time: 173.5776s
Epoch: 1 cost time: 7.573163986206055
Epoch: 1, Steps: 264 | Train Loss: 0.4176653 Vali Loss: 0.7140554 Test Loss: 0.3982898
Validation loss decreased (inf --> 0.714055).  Saving model ...
Updating learning rate to 0.0001
	iters: 100, epoch: 2 | loss: 0.5128381
	speed: 0.2002s/iter; left time: 1512.6146s
	iters: 200, epoch: 2 | loss: 0.3118449
	speed: 0.0177s/iter; left time: 132.1131s
Epoch: 2 cost time: 5.175302982330322
Epoch: 2, Steps: 264 | Train Loss: 0.3700612 Vali Loss: 0.7025554 Test Loss: 0.3877006
Validation loss decreased (0.714055 --> 0.702555).  Saving model ...
Updating learning rate to 5e-05
	iters: 100, epoch: 3 | loss: 0.3677496
	speed: 0.2012s/iter; left time: 1467.4124s
	iters: 200, epoch: 3 | loss: 0.3563510
	speed: 0.0191s/iter; left time: 137.1244s
Epoch: 3 cost time: 5.330756425857544
Epoch: 3, Steps: 264 | Train Loss: 0.3603529 Vali Loss: 0.6930940 Test Loss: 0.3843122
Validation loss decreased (0.702555 --> 0.693094).  Saving model ...
Updating learning rate to 2.5e-05
	iters: 100, epoch: 4 | loss: 0.4255485
	speed: 0.2071s/iter; left time: 1455.8548s
	iters: 200, epoch: 4 | loss: 0.3891707
	speed: 0.0187s/iter; left time: 129.3184s
Epoch: 4 cost time: 5.827037811279297
Epoch: 4, Steps: 264 | Train Loss: 0.3562809 Vali Loss: 0.6908278 Test Loss: 0.3845050
Validation loss decreased (0.693094 --> 0.690828).  Saving model ...
Updating learning rate to 1.25e-05
	iters: 100, epoch: 5 | loss: 0.3448404
	speed: 0.2074s/iter; left time: 1402.7595s
	iters: 200, epoch: 5 | loss: 0.3302906
	speed: 0.0216s/iter; left time: 143.7435s
Epoch: 5 cost time: 6.85629677772522
Epoch: 5, Steps: 264 | Train Loss: 0.3542225 Vali Loss: 0.6929711 Test Loss: 0.3829685
EarlyStopping counter: 1 out of 10
Updating learning rate to 6.25e-06
	iters: 100, epoch: 6 | loss: 0.3753332
	speed: 0.2144s/iter; left time: 1394.0128s
	iters: 200, epoch: 6 | loss: 0.3998649
	speed: 0.0236s/iter; left time: 151.2330s
Epoch: 6 cost time: 6.489529132843018
Epoch: 6, Steps: 264 | Train Loss: 0.3534669 Vali Loss: 0.6917134 Test Loss: 0.3831616
EarlyStopping counter: 2 out of 10
Updating learning rate to 3.125e-06
	iters: 100, epoch: 7 | loss: 0.3549890
	speed: 0.2127s/iter; left time: 1326.5595s
	iters: 200, epoch: 7 | loss: 0.2913111
	speed: 0.0195s/iter; left time: 119.4405s
Epoch: 7 cost time: 6.029588460922241
Epoch: 7, Steps: 264 | Train Loss: 0.3527410 Vali Loss: 0.6918503 Test Loss: 0.3828363
EarlyStopping counter: 3 out of 10
Updating learning rate to 1.5625e-06
	iters: 100, epoch: 8 | loss: 0.3872618
	speed: 0.2133s/iter; left time: 1274.0407s
	iters: 200, epoch: 8 | loss: 0.3407519
	speed: 0.0213s/iter; left time: 125.3022s
Epoch: 8 cost time: 6.638757705688477
Epoch: 8, Steps: 264 | Train Loss: 0.3527280 Vali Loss: 0.6917012 Test Loss: 0.3827694
EarlyStopping counter: 4 out of 10
Updating learning rate to 7.8125e-07
	iters: 100, epoch: 9 | loss: 0.3642206
	speed: 0.2141s/iter; left time: 1222.4665s
	iters: 200, epoch: 9 | loss: 0.3249467
	speed: 0.0128s/iter; left time: 71.5697s
Epoch: 9 cost time: 5.005473375320435
Epoch: 9, Steps: 264 | Train Loss: 0.3525575 Vali Loss: 0.6914290 Test Loss: 0.3827250
EarlyStopping counter: 5 out of 10
Updating learning rate to 3.90625e-07
	iters: 100, epoch: 10 | loss: 0.3108324
	speed: 0.1985s/iter; left time: 1080.9077s
	iters: 200, epoch: 10 | loss: 0.3216274
	speed: 0.0220s/iter; left time: 117.4691s
Epoch: 10 cost time: 6.521579265594482
Epoch: 10, Steps: 264 | Train Loss: 0.3524468 Vali Loss: 0.6916463 Test Loss: 0.3827254
EarlyStopping counter: 6 out of 10
Updating learning rate to 1.953125e-07
	iters: 100, epoch: 11 | loss: 0.2675902
	speed: 0.2138s/iter; left time: 1107.5326s
	iters: 200, epoch: 11 | loss: 0.3707434
	speed: 0.0156s/iter; left time: 79.4175s
Epoch: 11 cost time: 5.529079437255859
Epoch: 11, Steps: 264 | Train Loss: 0.3524143 Vali Loss: 0.6915320 Test Loss: 0.3827102
EarlyStopping counter: 7 out of 10
Updating learning rate to 9.765625e-08
	iters: 100, epoch: 12 | loss: 0.3461362
	speed: 0.2202s/iter; left time: 1082.5105s
	iters: 200, epoch: 12 | loss: 0.3746482
	speed: 0.0186s/iter; left time: 89.4141s
Epoch: 12 cost time: 5.868390798568726
Epoch: 12, Steps: 264 | Train Loss: 0.3524905 Vali Loss: 0.6917753 Test Loss: 0.3827045
EarlyStopping counter: 8 out of 10
Updating learning rate to 4.8828125e-08
	iters: 100, epoch: 13 | loss: 0.2708657
	speed: 0.2086s/iter; left time: 970.4018s
	iters: 200, epoch: 13 | loss: 0.3762264
	speed: 0.0163s/iter; left time: 74.2618s
Epoch: 13 cost time: 5.574683904647827
Epoch: 13, Steps: 264 | Train Loss: 0.3525044 Vali Loss: 0.6917120 Test Loss: 0.3827023
EarlyStopping counter: 9 out of 10
Updating learning rate to 2.44140625e-08
	iters: 100, epoch: 14 | loss: 0.3365285
	speed: 0.2011s/iter; left time: 882.4884s
	iters: 200, epoch: 14 | loss: 0.3901417
	speed: 0.0191s/iter; left time: 81.9815s
Epoch: 14 cost time: 5.791402339935303
Epoch: 14, Steps: 264 | Train Loss: 0.3522096 Vali Loss: 0.6917159 Test Loss: 0.3827022
EarlyStopping counter: 10 out of 10
Early stopping
>>>>>>>testing : ETTh1_96_96_FCA_v1_ETTh1_M_ft96_sl48_ll96_pl245_dm5_nh2_el1_dl256_df1_fctimeF_ebTrue_dtExp_projection_0<<<<<<<<<<<<<<<<<<<<<<<<<<<<<<<<<
test 2785
test shape: (2785, 1, 96, 7) (2785, 1, 96, 7)
test shape: (2785, 96, 7) (2785, 96, 7)
mse:0.38450512290000916, mae:0.4009937644004822
