Args in experiment:
Namespace(Decomposition=1, activation='gelu', batch_size=16, c_out=321, channel_independence=False, checkpoints='./checkpoints/', class_strategy='projection', d_ff=512, d_layers=1, d_model=512, d_ortho=52, data='custom', data_path='electricity.csv', dec_in=321, des='Exp', devices='0,1', distil=True, do_predict=False, dropout=0.1, e_layers=3, efficient_training=False, embed='timeF', enc_in=321, exp_name='MTSF', factor=1, features='M', freq='h', gpu=0, inverse=False, is_training=1, itr=1, kernel_size=25, label_len=48, learning_rate=0.0005, loss='MSE', lradj='type1', model='FCA_v1', model_id='ECL_96_336', moving_avg=25, n_heads=8, num_workers=10, output_attention=False, partial_start_index=0, patience=10, pred_len=336, root_path='/data1/mazc/whxProject/Dataset', seq_len=96, target='OT', target_data_path='electricity.csv', target_root_path='./data/electricity/', train_epochs=30, use_amp=False, use_gpu=True, use_multi_gpu=False, use_norm=True)
Use GPU: cuda:0
>>>>>>>start training : ECL_96_336_FCA_v1_custom_M_ft96_sl48_ll336_pl512_dm8_nh3_el1_dl512_df1_fctimeF_ebTrue_dtExp_projection_0>>>>>>>>>>>>>>>>>>>>>>>>>>
train 17981
val 2297
test 4925
	iters: 100, epoch: 1 | loss: 0.2372065
	speed: 0.0732s/iter; left time: 2460.1543s
	iters: 200, epoch: 1 | loss: 0.2532771
	speed: 0.0470s/iter; left time: 1573.7701s
	iters: 300, epoch: 1 | loss: 0.2505943
	speed: 0.0473s/iter; left time: 1578.9889s
	iters: 400, epoch: 1 | loss: 0.2090294
	speed: 0.0469s/iter; left time: 1562.4287s
	iters: 500, epoch: 1 | loss: 0.2112977
	speed: 0.0465s/iter; left time: 1544.8992s
	iters: 600, epoch: 1 | loss: 0.1786464
	speed: 0.0456s/iter; left time: 1509.4027s
	iters: 700, epoch: 1 | loss: 0.2144045
	speed: 0.0462s/iter; left time: 1524.4296s
	iters: 800, epoch: 1 | loss: 0.2075599
	speed: 0.0456s/iter; left time: 1498.8120s
	iters: 900, epoch: 1 | loss: 0.2239968
	speed: 0.0482s/iter; left time: 1578.9598s
	iters: 1000, epoch: 1 | loss: 0.2264177
	speed: 0.0462s/iter; left time: 1510.5857s
	iters: 1100, epoch: 1 | loss: 0.2054788
	speed: 0.0474s/iter; left time: 1545.8477s
Epoch: 1 cost time: 54.93780755996704
Epoch: 1, Steps: 1123 | Train Loss: 0.2286515 Vali Loss: 0.1689616 Test Loss: 0.1925074
Validation loss decreased (inf --> 0.168962).  Saving model ...
Updating learning rate to 0.0005
	iters: 100, epoch: 2 | loss: 0.2130590
	speed: 2.6604s/iter; left time: 86377.6504s
	iters: 200, epoch: 2 | loss: 0.2157818
	speed: 0.0644s/iter; left time: 2085.3141s
	iters: 300, epoch: 2 | loss: 0.2399942
	speed: 0.0616s/iter; left time: 1986.1575s
	iters: 400, epoch: 2 | loss: 0.1758061
	speed: 0.0616s/iter; left time: 1982.8128s
	iters: 500, epoch: 2 | loss: 0.2040245
	speed: 0.0626s/iter; left time: 2006.9887s
	iters: 600, epoch: 2 | loss: 0.1805708
	speed: 0.0594s/iter; left time: 1898.6014s
	iters: 700, epoch: 2 | loss: 0.1608725
	speed: 0.0618s/iter; left time: 1968.7556s
	iters: 800, epoch: 2 | loss: 0.1785653
	speed: 0.0617s/iter; left time: 1958.6166s
	iters: 900, epoch: 2 | loss: 0.1598523
	speed: 0.0704s/iter; left time: 2229.0482s
	iters: 1000, epoch: 2 | loss: 0.1761638
	speed: 0.0762s/iter; left time: 2406.3695s
	iters: 1100, epoch: 2 | loss: 0.1625425
	speed: 0.0662s/iter; left time: 2081.7474s
Epoch: 2 cost time: 73.91707420349121
Epoch: 2, Steps: 1123 | Train Loss: 0.1928772 Vali Loss: 0.1582155 Test Loss: 0.1801701
Validation loss decreased (0.168962 --> 0.158216).  Saving model ...
Updating learning rate to 0.00025
	iters: 100, epoch: 3 | loss: 0.1612324
	speed: 2.3723s/iter; left time: 74360.9326s
	iters: 200, epoch: 3 | loss: 0.2052853
	speed: 0.0303s/iter; left time: 946.9654s
	iters: 300, epoch: 3 | loss: 0.2029007
	speed: 0.0295s/iter; left time: 917.5202s
	iters: 400, epoch: 3 | loss: 0.2459452
	speed: 0.0305s/iter; left time: 946.1005s
	iters: 500, epoch: 3 | loss: 0.2149327
	speed: 0.0383s/iter; left time: 1185.5583s
	iters: 600, epoch: 3 | loss: 0.1496754
	speed: 0.0486s/iter; left time: 1499.2283s
	iters: 700, epoch: 3 | loss: 0.1709035
	speed: 0.0487s/iter; left time: 1498.3737s
	iters: 800, epoch: 3 | loss: 0.1628847
	speed: 0.0484s/iter; left time: 1481.7187s
	iters: 900, epoch: 3 | loss: 0.1926442
	speed: 0.0493s/iter; left time: 1505.0487s
	iters: 1000, epoch: 3 | loss: 0.1620445
	speed: 0.0490s/iter; left time: 1491.8378s
	iters: 1100, epoch: 3 | loss: 0.1701663
	speed: 0.0485s/iter; left time: 1472.6817s
Epoch: 3 cost time: 48.37596535682678
Epoch: 3, Steps: 1123 | Train Loss: 0.1803165 Vali Loss: 0.1515365 Test Loss: 0.1744584
Validation loss decreased (0.158216 --> 0.151536).  Saving model ...
Updating learning rate to 0.000125
	iters: 100, epoch: 4 | loss: 0.1928778
	speed: 2.5457s/iter; left time: 76935.2898s
	iters: 200, epoch: 4 | loss: 0.1751942
	speed: 0.0589s/iter; left time: 1773.9754s
	iters: 300, epoch: 4 | loss: 0.1698465
	speed: 0.0597s/iter; left time: 1793.5128s
	iters: 400, epoch: 4 | loss: 0.1633845
	speed: 0.0578s/iter; left time: 1728.0103s
	iters: 500, epoch: 4 | loss: 0.1856383
	speed: 0.0590s/iter; left time: 1760.2676s
	iters: 600, epoch: 4 | loss: 0.1906177
	speed: 0.0582s/iter; left time: 1730.3187s
	iters: 700, epoch: 4 | loss: 0.1480121
	speed: 0.0586s/iter; left time: 1737.2052s
	iters: 800, epoch: 4 | loss: 0.2081960
	speed: 0.0572s/iter; left time: 1687.1963s
	iters: 900, epoch: 4 | loss: 0.2115483
	speed: 0.0575s/iter; left time: 1693.1842s
	iters: 1000, epoch: 4 | loss: 0.1738428
	speed: 0.0584s/iter; left time: 1713.4661s
	iters: 1100, epoch: 4 | loss: 0.1734757
	speed: 0.0610s/iter; left time: 1781.6654s
Epoch: 4 cost time: 68.23869156837463
Epoch: 4, Steps: 1123 | Train Loss: 0.1730564 Vali Loss: 0.1491498 Test Loss: 0.1700705
Validation loss decreased (0.151536 --> 0.149150).  Saving model ...
Updating learning rate to 6.25e-05
	iters: 100, epoch: 5 | loss: 0.1605111
	speed: 2.5404s/iter; left time: 73924.4502s
	iters: 200, epoch: 5 | loss: 0.1674238
	speed: 0.0463s/iter; left time: 1343.6548s
	iters: 300, epoch: 5 | loss: 0.1946012
	speed: 0.0449s/iter; left time: 1298.0039s
	iters: 400, epoch: 5 | loss: 0.1823311
	speed: 0.0447s/iter; left time: 1287.0829s
	iters: 500, epoch: 5 | loss: 0.1526845
	speed: 0.0446s/iter; left time: 1278.7222s
	iters: 600, epoch: 5 | loss: 0.1644088
	speed: 0.0448s/iter; left time: 1282.2797s
	iters: 700, epoch: 5 | loss: 0.1612826
	speed: 0.0440s/iter; left time: 1254.1321s
	iters: 800, epoch: 5 | loss: 0.1760702
	speed: 0.0450s/iter; left time: 1278.2026s
	iters: 900, epoch: 5 | loss: 0.2084966
	speed: 0.0451s/iter; left time: 1276.3220s
	iters: 1000, epoch: 5 | loss: 0.1806510
	speed: 0.0448s/iter; left time: 1263.5992s
	iters: 1100, epoch: 5 | loss: 0.1724784
	speed: 0.0451s/iter; left time: 1266.3484s
Epoch: 5 cost time: 52.386563777923584
Epoch: 5, Steps: 1123 | Train Loss: 0.1682386 Vali Loss: 0.1491226 Test Loss: 0.1687521
Validation loss decreased (0.149150 --> 0.149123).  Saving model ...
Updating learning rate to 3.125e-05
	iters: 100, epoch: 6 | loss: 0.1609764
	speed: 2.2714s/iter; left time: 63544.5622s
	iters: 200, epoch: 6 | loss: 0.1928749
	speed: 0.0315s/iter; left time: 879.4435s
	iters: 300, epoch: 6 | loss: 0.1674390
	speed: 0.0301s/iter; left time: 836.5284s
	iters: 400, epoch: 6 | loss: 0.1641308
	speed: 0.0304s/iter; left time: 841.5080s
	iters: 500, epoch: 6 | loss: 0.1690145
	speed: 0.0318s/iter; left time: 875.8872s
	iters: 600, epoch: 6 | loss: 0.1641271
	speed: 0.0329s/iter; left time: 902.9090s
	iters: 700, epoch: 6 | loss: 0.1798906
	speed: 0.0413s/iter; left time: 1129.4125s
	iters: 800, epoch: 6 | loss: 0.1595782
	speed: 0.0426s/iter; left time: 1162.9453s
	iters: 900, epoch: 6 | loss: 0.1958098
	speed: 0.0508s/iter; left time: 1379.4247s
	iters: 1000, epoch: 6 | loss: 0.1507438
	speed: 0.0430s/iter; left time: 1165.0396s
	iters: 1100, epoch: 6 | loss: 0.1943944
	speed: 0.0434s/iter; left time: 1170.0086s
Epoch: 6 cost time: 43.21070575714111
Epoch: 6, Steps: 1123 | Train Loss: 0.1652158 Vali Loss: 0.1486311 Test Loss: 0.1674076
Validation loss decreased (0.149123 --> 0.148631).  Saving model ...
Updating learning rate to 1.5625e-05
	iters: 100, epoch: 7 | loss: 0.1460623
	speed: 0.8164s/iter; left time: 21923.5850s
	iters: 200, epoch: 7 | loss: 0.1642901
	speed: 0.0282s/iter; left time: 753.8249s
	iters: 300, epoch: 7 | loss: 0.1409738
	speed: 0.0287s/iter; left time: 764.8873s
	iters: 400, epoch: 7 | loss: 0.1505574
	speed: 0.0287s/iter; left time: 762.5258s
	iters: 500, epoch: 7 | loss: 0.1711342
	speed: 0.0277s/iter; left time: 733.4916s
	iters: 600, epoch: 7 | loss: 0.1471077
	speed: 0.0289s/iter; left time: 762.2717s
	iters: 700, epoch: 7 | loss: 0.1492052
	speed: 0.0291s/iter; left time: 763.7695s
	iters: 800, epoch: 7 | loss: 0.1599950
	speed: 0.0297s/iter; left time: 776.1622s
	iters: 900, epoch: 7 | loss: 0.1587456
	speed: 0.0276s/iter; left time: 719.4120s
	iters: 1000, epoch: 7 | loss: 0.1765693
	speed: 0.0353s/iter; left time: 915.8311s
	iters: 1100, epoch: 7 | loss: 0.1509907
	speed: 0.0433s/iter; left time: 1119.6980s
Epoch: 7 cost time: 36.03311252593994
Epoch: 7, Steps: 1123 | Train Loss: 0.1634745 Vali Loss: 0.1502957 Test Loss: 0.1682074
EarlyStopping counter: 1 out of 10
Updating learning rate to 7.8125e-06
	iters: 100, epoch: 8 | loss: 0.1885570
	speed: 0.9730s/iter; left time: 25036.1682s
	iters: 200, epoch: 8 | loss: 0.1837087
	speed: 0.0287s/iter; left time: 736.2154s
	iters: 300, epoch: 8 | loss: 0.1387085
	speed: 0.0269s/iter; left time: 687.8232s
	iters: 400, epoch: 8 | loss: 0.1595903
	speed: 0.0286s/iter; left time: 728.4530s
	iters: 500, epoch: 8 | loss: 0.1409475
	speed: 0.0286s/iter; left time: 724.9876s
	iters: 600, epoch: 8 | loss: 0.1410399
	speed: 0.0306s/iter; left time: 772.4310s
	iters: 700, epoch: 8 | loss: 0.1545955
	speed: 0.0269s/iter; left time: 675.9424s
	iters: 800, epoch: 8 | loss: 0.1505633
	speed: 0.0265s/iter; left time: 662.9058s
	iters: 900, epoch: 8 | loss: 0.1654651
	speed: 0.0399s/iter; left time: 994.0771s
	iters: 1000, epoch: 8 | loss: 0.1631267
	speed: 0.0456s/iter; left time: 1132.9561s
	iters: 1100, epoch: 8 | loss: 0.1487983
	speed: 0.0434s/iter; left time: 1073.2916s
Epoch: 8 cost time: 37.799314975738525
Epoch: 8, Steps: 1123 | Train Loss: 0.1625877 Vali Loss: 0.1490432 Test Loss: 0.1675627
EarlyStopping counter: 2 out of 10
Updating learning rate to 3.90625e-06
	iters: 100, epoch: 9 | loss: 0.1565021
	speed: 0.8935s/iter; left time: 21986.2682s
	iters: 200, epoch: 9 | loss: 0.1655728
	speed: 0.0280s/iter; left time: 686.5945s
	iters: 300, epoch: 9 | loss: 0.1591803
	speed: 0.0277s/iter; left time: 676.2701s
	iters: 400, epoch: 9 | loss: 0.1644118
	speed: 0.0281s/iter; left time: 683.8144s
	iters: 500, epoch: 9 | loss: 0.1754172
	speed: 0.0296s/iter; left time: 717.1266s
	iters: 600, epoch: 9 | loss: 0.1672282
	speed: 0.0275s/iter; left time: 663.2273s
	iters: 700, epoch: 9 | loss: 0.1794098
	speed: 0.0264s/iter; left time: 633.1624s
	iters: 800, epoch: 9 | loss: 0.1724076
	speed: 0.0296s/iter; left time: 706.5494s
	iters: 900, epoch: 9 | loss: 0.1998449
	speed: 0.0448s/iter; left time: 1065.9097s
	iters: 1000, epoch: 9 | loss: 0.1608045
	speed: 0.0431s/iter; left time: 1022.5135s
	iters: 1100, epoch: 9 | loss: 0.1513072
	speed: 0.0419s/iter; left time: 988.0436s
Epoch: 9 cost time: 37.71504998207092
Epoch: 9, Steps: 1123 | Train Loss: 0.1620807 Vali Loss: 0.1493324 Test Loss: 0.1682559
EarlyStopping counter: 3 out of 10
Updating learning rate to 1.953125e-06
	iters: 100, epoch: 10 | loss: 0.1593109
	speed: 0.8419s/iter; left time: 19770.4870s
	iters: 200, epoch: 10 | loss: 0.1399049
	speed: 0.0307s/iter; left time: 717.5585s
	iters: 300, epoch: 10 | loss: 0.1468907
	speed: 0.0271s/iter; left time: 631.7897s
	iters: 400, epoch: 10 | loss: 0.1487971
	speed: 0.0294s/iter; left time: 682.6539s
	iters: 500, epoch: 10 | loss: 0.1824471
	speed: 0.0280s/iter; left time: 646.7929s
	iters: 600, epoch: 10 | loss: 0.1775674
	speed: 0.0280s/iter; left time: 642.5176s
	iters: 700, epoch: 10 | loss: 0.1560659
	speed: 0.0300s/iter; left time: 685.8772s
	iters: 800, epoch: 10 | loss: 0.1488260
	speed: 0.0280s/iter; left time: 637.8160s
	iters: 900, epoch: 10 | loss: 0.1621884
	speed: 0.0355s/iter; left time: 806.4036s
	iters: 1000, epoch: 10 | loss: 0.1536539
	speed: 0.0286s/iter; left time: 646.8274s
	iters: 1100, epoch: 10 | loss: 0.1665056
	speed: 0.0287s/iter; left time: 644.5094s
Epoch: 10 cost time: 34.464147329330444
Epoch: 10, Steps: 1123 | Train Loss: 0.1618373 Vali Loss: 0.1502687 Test Loss: 0.1693991
EarlyStopping counter: 4 out of 10
Updating learning rate to 9.765625e-07
	iters: 100, epoch: 11 | loss: 0.1694602
	speed: 0.4993s/iter; left time: 11164.8782s
	iters: 200, epoch: 11 | loss: 0.1594358
	speed: 0.0288s/iter; left time: 642.1935s
	iters: 300, epoch: 11 | loss: 0.1669686
	speed: 0.0278s/iter; left time: 616.8461s
	iters: 400, epoch: 11 | loss: 0.1576678
	speed: 0.0295s/iter; left time: 650.5501s
	iters: 500, epoch: 11 | loss: 0.1442855
	speed: 0.0310s/iter; left time: 680.4460s
	iters: 600, epoch: 11 | loss: 0.1917244
	speed: 0.0290s/iter; left time: 633.6439s
	iters: 700, epoch: 11 | loss: 0.1899426
	speed: 0.0275s/iter; left time: 599.2620s
	iters: 800, epoch: 11 | loss: 0.1543286
	speed: 0.0268s/iter; left time: 579.5524s
	iters: 900, epoch: 11 | loss: 0.1465731
	speed: 0.0287s/iter; left time: 619.7405s
	iters: 1000, epoch: 11 | loss: 0.1872108
	speed: 0.0288s/iter; left time: 617.0557s
	iters: 1100, epoch: 11 | loss: 0.1385901
	speed: 0.0292s/iter; left time: 622.7430s
Epoch: 11 cost time: 33.89577317237854
Epoch: 11, Steps: 1123 | Train Loss: 0.1617225 Vali Loss: 0.1505093 Test Loss: 0.1696287
EarlyStopping counter: 5 out of 10
Updating learning rate to 4.8828125e-07
	iters: 100, epoch: 12 | loss: 0.1793205
	speed: 0.4998s/iter; left time: 10614.0775s
	iters: 200, epoch: 12 | loss: 0.1643373
	speed: 0.0269s/iter; left time: 569.4660s
	iters: 300, epoch: 12 | loss: 0.1714594
	speed: 0.0290s/iter; left time: 610.1909s
	iters: 400, epoch: 12 | loss: 0.1564092
	speed: 0.0293s/iter; left time: 614.3697s
	iters: 500, epoch: 12 | loss: 0.1763361
	speed: 0.0294s/iter; left time: 613.6539s
	iters: 600, epoch: 12 | loss: 0.1574032
	speed: 0.0292s/iter; left time: 604.9135s
	iters: 700, epoch: 12 | loss: 0.1786895
	speed: 0.0285s/iter; left time: 589.0118s
	iters: 800, epoch: 12 | loss: 0.1501021
	speed: 0.0285s/iter; left time: 584.7875s
	iters: 900, epoch: 12 | loss: 0.1521003
	speed: 0.0323s/iter; left time: 659.4463s
	iters: 1000, epoch: 12 | loss: 0.1647726
	speed: 0.0297s/iter; left time: 604.2420s
	iters: 1100, epoch: 12 | loss: 0.1484262
	speed: 0.0356s/iter; left time: 721.0685s
Epoch: 12 cost time: 35.05829977989197
Epoch: 12, Steps: 1123 | Train Loss: 0.1616699 Vali Loss: 0.1499764 Test Loss: 0.1690634
EarlyStopping counter: 6 out of 10
Updating learning rate to 2.44140625e-07
	iters: 100, epoch: 13 | loss: 0.1647610
	speed: 1.1067s/iter; left time: 22261.4646s
	iters: 200, epoch: 13 | loss: 0.1511203
	speed: 0.0293s/iter; left time: 585.7249s
	iters: 300, epoch: 13 | loss: 0.1565520
	speed: 0.0295s/iter; left time: 586.6679s
	iters: 400, epoch: 13 | loss: 0.1565027
	speed: 0.0306s/iter; left time: 606.0650s
	iters: 500, epoch: 13 | loss: 0.1512580
	speed: 0.0307s/iter; left time: 606.0543s
	iters: 600, epoch: 13 | loss: 0.1926280
	speed: 0.0292s/iter; left time: 573.5407s
	iters: 700, epoch: 13 | loss: 0.1515380
	speed: 0.0293s/iter; left time: 571.5408s
	iters: 800, epoch: 13 | loss: 0.1627513
	speed: 0.0304s/iter; left time: 589.3596s
	iters: 900, epoch: 13 | loss: 0.1542780
	speed: 0.0295s/iter; left time: 569.6347s
	iters: 1000, epoch: 13 | loss: 0.1566277
	speed: 0.0295s/iter; left time: 565.9215s
	iters: 1100, epoch: 13 | loss: 0.1662575
	speed: 0.0315s/iter; left time: 603.0266s
Epoch: 13 cost time: 35.73719882965088
Epoch: 13, Steps: 1123 | Train Loss: 0.1616117 Vali Loss: 0.1498443 Test Loss: 0.1688958
EarlyStopping counter: 7 out of 10
Updating learning rate to 1.220703125e-07
	iters: 100, epoch: 14 | loss: 0.1574630
	speed: 1.1391s/iter; left time: 21634.0990s
	iters: 200, epoch: 14 | loss: 0.1504713
	speed: 0.0308s/iter; left time: 582.4440s
	iters: 300, epoch: 14 | loss: 0.1503815
	speed: 0.0303s/iter; left time: 569.3771s
	iters: 400, epoch: 14 | loss: 0.1558148
	speed: 0.0302s/iter; left time: 564.9497s
	iters: 500, epoch: 14 | loss: 0.1442832
	speed: 0.0306s/iter; left time: 569.6235s
	iters: 600, epoch: 14 | loss: 0.1534130
	speed: 0.0311s/iter; left time: 575.9159s
	iters: 700, epoch: 14 | loss: 0.1477007
	speed: 0.0292s/iter; left time: 536.1653s
	iters: 800, epoch: 14 | loss: 0.1696248
	speed: 0.0292s/iter; left time: 534.5990s
	iters: 900, epoch: 14 | loss: 0.1577939
	speed: 0.0288s/iter; left time: 523.7085s
	iters: 1000, epoch: 14 | loss: 0.1620221
	speed: 0.0312s/iter; left time: 564.6928s
	iters: 1100, epoch: 14 | loss: 0.1759977
	speed: 0.0315s/iter; left time: 566.8673s
Epoch: 14 cost time: 35.5490984916687
Epoch: 14, Steps: 1123 | Train Loss: 0.1616308 Vali Loss: 0.1498456 Test Loss: 0.1688651
EarlyStopping counter: 8 out of 10
Updating learning rate to 6.103515625e-08
	iters: 100, epoch: 15 | loss: 0.1421389
	speed: 1.1684s/iter; left time: 20878.2453s
	iters: 200, epoch: 15 | loss: 0.1551095
	speed: 0.0291s/iter; left time: 516.9610s
	iters: 300, epoch: 15 | loss: 0.1543374
	speed: 0.0292s/iter; left time: 515.9357s
	iters: 400, epoch: 15 | loss: 0.1567514
	speed: 0.0291s/iter; left time: 511.7712s
	iters: 500, epoch: 15 | loss: 0.1699744
	speed: 0.0299s/iter; left time: 522.2865s
	iters: 600, epoch: 15 | loss: 0.1501958
	speed: 0.0290s/iter; left time: 504.1337s
	iters: 700, epoch: 15 | loss: 0.1659346
	speed: 0.0287s/iter; left time: 495.1813s
	iters: 800, epoch: 15 | loss: 0.1622154
	speed: 0.0291s/iter; left time: 499.6911s
	iters: 900, epoch: 15 | loss: 0.1551766
	speed: 0.0312s/iter; left time: 533.1760s
	iters: 1000, epoch: 15 | loss: 0.1622124
	speed: 0.0284s/iter; left time: 481.4299s
	iters: 1100, epoch: 15 | loss: 0.1629640
	speed: 0.0289s/iter; left time: 487.3045s
Epoch: 15 cost time: 34.52545642852783
Epoch: 15, Steps: 1123 | Train Loss: 0.1615871 Vali Loss: 0.1499289 Test Loss: 0.1689425
EarlyStopping counter: 9 out of 10
Updating learning rate to 3.0517578125e-08
	iters: 100, epoch: 16 | loss: 0.1706279
	speed: 1.1710s/iter; left time: 19609.4380s
	iters: 200, epoch: 16 | loss: 0.1351205
	speed: 0.0306s/iter; left time: 509.4105s
	iters: 300, epoch: 16 | loss: 0.1544223
	speed: 0.0312s/iter; left time: 516.3312s
	iters: 400, epoch: 16 | loss: 0.1704177
	speed: 0.0293s/iter; left time: 481.3948s
	iters: 500, epoch: 16 | loss: 0.1503841
	speed: 0.0288s/iter; left time: 471.4067s
	iters: 600, epoch: 16 | loss: 0.1456256
	speed: 0.0289s/iter; left time: 469.7756s
	iters: 700, epoch: 16 | loss: 0.1742907
	speed: 0.0291s/iter; left time: 469.7245s
	iters: 800, epoch: 16 | loss: 0.1657602
	speed: 0.0288s/iter; left time: 462.2309s
	iters: 900, epoch: 16 | loss: 0.1479537
	speed: 0.0296s/iter; left time: 472.4263s
	iters: 1000, epoch: 16 | loss: 0.1946512
	speed: 0.0299s/iter; left time: 473.0105s
	iters: 1100, epoch: 16 | loss: 0.1548203
	speed: 0.0338s/iter; left time: 532.4700s
Epoch: 16 cost time: 35.457154750823975
Epoch: 16, Steps: 1123 | Train Loss: 0.1615698 Vali Loss: 0.1498838 Test Loss: 0.1689530
EarlyStopping counter: 10 out of 10
Early stopping
>>>>>>>testing : ECL_96_336_FCA_v1_custom_M_ft96_sl48_ll336_pl512_dm8_nh3_el1_dl512_df1_fctimeF_ebTrue_dtExp_projection_0<<<<<<<<<<<<<<<<<<<<<<<<<<<<<<<<<
test 4925
test shape: (4925, 1, 336, 321) (4925, 1, 336, 321)
test shape: (4925, 336, 321) (4925, 336, 321)
mse:0.1674075424671173, mae:0.26403799653053284
