Args in experiment:
Namespace(Decomposition=1, activation='gelu', batch_size=16, c_out=862, channel_independence=False, checkpoints='./checkpoints/', class_strategy='projection', d_ff=512, d_layers=1, d_model=490, d_ortho=49, data='custom', data_path='traffic.csv', dec_in=862, des='Exp', devices='0,1', distil=True, do_predict=False, dropout=0.1, e_layers=4, efficient_training=False, embed='timeF', enc_in=862, exp_name='MTSF', factor=1, features='M', freq='h', gpu=0, inverse=False, is_training=1, itr=1, kernel_size=25, label_len=48, learning_rate=0.001, loss='MSE', lradj='type1', model='FCA_v1', model_id='traffic_96_720', moving_avg=25, n_heads=10, num_workers=10, output_attention=False, partial_start_index=0, patience=10, pred_len=720, root_path='/data1/mazc/whxProject/Dataset/', seq_len=96, target='OT', target_data_path='electricity.csv', target_root_path='./data/electricity/', train_epochs=30, use_amp=False, use_gpu=True, use_multi_gpu=False, use_norm=True)
Use GPU: cuda:0
>>>>>>>start training : traffic_96_720_FCA_v1_custom_M_ft96_sl48_ll720_pl490_dm10_nh4_el1_dl512_df1_fctimeF_ebTrue_dtExp_projection_0>>>>>>>>>>>>>>>>>>>>>>>>>>
train 11465
val 1037
test 2789
	iters: 100, epoch: 1 | loss: 0.4246193
	speed: 0.5662s/iter; left time: 12106.7135s
	iters: 200, epoch: 1 | loss: 0.3736494
	speed: 0.4451s/iter; left time: 9472.8949s
	iters: 300, epoch: 1 | loss: 0.3853128
	speed: 0.4335s/iter; left time: 9180.9578s
	iters: 400, epoch: 1 | loss: 0.3690650
	speed: 0.4843s/iter; left time: 10210.2128s
	iters: 500, epoch: 1 | loss: 0.3555467
	speed: 0.4954s/iter; left time: 10394.1162s
	iters: 600, epoch: 1 | loss: 0.3260601
	speed: 0.5207s/iter; left time: 10872.9824s
	iters: 700, epoch: 1 | loss: 0.3611648
	speed: 0.4340s/iter; left time: 9018.0398s
Epoch: 1 cost time: 343.5566792488098
Epoch: 1, Steps: 716 | Train Loss: 0.3816762 Vali Loss: 0.4825625 Test Loss: 0.5578136
Validation loss decreased (inf --> 0.482563).  Saving model ...
Updating learning rate to 0.001
	iters: 100, epoch: 2 | loss: 0.3064987
	speed: 10.8114s/iter; left time: 223417.4160s
	iters: 200, epoch: 2 | loss: 0.3024891
	speed: 0.2818s/iter; left time: 5794.4322s
	iters: 300, epoch: 2 | loss: 0.2983941
	speed: 0.2514s/iter; left time: 5144.4572s
	iters: 400, epoch: 2 | loss: 0.3071956
	speed: 0.2832s/iter; left time: 5768.0669s
	iters: 500, epoch: 2 | loss: 0.3079178
	speed: 0.2606s/iter; left time: 5280.0835s
	iters: 600, epoch: 2 | loss: 0.2961964
	speed: 0.2343s/iter; left time: 4724.0714s
	iters: 700, epoch: 2 | loss: 0.3001075
	speed: 0.4555s/iter; left time: 9138.7955s
Epoch: 2 cost time: 216.40311932563782
Epoch: 2, Steps: 716 | Train Loss: 0.3116714 Vali Loss: 0.4659941 Test Loss: 0.5549703
Validation loss decreased (0.482563 --> 0.465994).  Saving model ...
Updating learning rate to 0.0005
	iters: 100, epoch: 3 | loss: 0.2906868
	speed: 18.1228s/iter; left time: 361531.3845s
	iters: 200, epoch: 3 | loss: 0.2867846
	speed: 0.2436s/iter; left time: 4835.7891s
	iters: 300, epoch: 3 | loss: 0.3105522
	speed: 0.2633s/iter; left time: 5200.6266s
	iters: 400, epoch: 3 | loss: 0.2747608
	speed: 0.2749s/iter; left time: 5401.2292s
	iters: 500, epoch: 3 | loss: 0.2742524
	speed: 0.3103s/iter; left time: 6065.9157s
	iters: 600, epoch: 3 | loss: 0.2732696
	speed: 0.3118s/iter; left time: 6065.0273s
	iters: 700, epoch: 3 | loss: 0.2599522
	speed: 0.2786s/iter; left time: 5390.7310s
Epoch: 3 cost time: 203.6789882183075
Epoch: 3, Steps: 716 | Train Loss: 0.2791792 Vali Loss: 0.4466481 Test Loss: 0.5362478
Validation loss decreased (0.465994 --> 0.446648).  Saving model ...
Updating learning rate to 0.00025
	iters: 100, epoch: 4 | loss: 0.2778673
	speed: 8.5887s/iter; left time: 165186.0899s
	iters: 200, epoch: 4 | loss: 0.2587233
	speed: 0.4004s/iter; left time: 7660.8500s
	iters: 300, epoch: 4 | loss: 0.2606635
	speed: 0.3886s/iter; left time: 7397.1243s
	iters: 400, epoch: 4 | loss: 0.2578119
	speed: 0.2960s/iter; left time: 5604.9796s
	iters: 500, epoch: 4 | loss: 0.2575232
	speed: 0.3003s/iter; left time: 5655.4612s
	iters: 600, epoch: 4 | loss: 0.2497016
	speed: 0.3306s/iter; left time: 6193.8016s
	iters: 700, epoch: 4 | loss: 0.2604502
	speed: 0.3644s/iter; left time: 6788.9692s
Epoch: 4 cost time: 257.8961844444275
Epoch: 4, Steps: 716 | Train Loss: 0.2644770 Vali Loss: 0.4414691 Test Loss: 0.5378321
Validation loss decreased (0.446648 --> 0.441469).  Saving model ...
Updating learning rate to 0.000125
	iters: 100, epoch: 5 | loss: 0.2632759
	speed: 16.0247s/iter; left time: 296729.2955s
	iters: 200, epoch: 5 | loss: 0.2595282
	speed: 0.3273s/iter; left time: 6027.8921s
	iters: 300, epoch: 5 | loss: 0.2674577
	speed: 0.3244s/iter; left time: 5942.3565s
	iters: 400, epoch: 5 | loss: 0.2440571
	speed: 0.3511s/iter; left time: 6396.7713s
	iters: 500, epoch: 5 | loss: 0.2571635
	speed: 0.3405s/iter; left time: 6169.1175s
	iters: 600, epoch: 5 | loss: 0.2548578
	speed: 0.3877s/iter; left time: 6984.6408s
	iters: 700, epoch: 5 | loss: 0.2524363
	speed: 0.4130s/iter; left time: 7399.4279s
Epoch: 5 cost time: 267.1092073917389
Epoch: 5, Steps: 716 | Train Loss: 0.2576548 Vali Loss: 0.4356151 Test Loss: 0.5316605
Validation loss decreased (0.441469 --> 0.435615).  Saving model ...
Updating learning rate to 6.25e-05
	iters: 100, epoch: 6 | loss: 0.2360616
	speed: 13.4337s/iter; left time: 239132.7565s
	iters: 200, epoch: 6 | loss: 0.2449374
	speed: 0.1854s/iter; left time: 3281.4598s
	iters: 300, epoch: 6 | loss: 0.2456515
	speed: 0.1908s/iter; left time: 3357.5216s
	iters: 400, epoch: 6 | loss: 0.2469752
	speed: 0.2275s/iter; left time: 3982.1346s
	iters: 500, epoch: 6 | loss: 0.2547993
	speed: 0.2694s/iter; left time: 4688.2705s
	iters: 600, epoch: 6 | loss: 0.2730424
	speed: 0.2850s/iter; left time: 4931.1360s
	iters: 700, epoch: 6 | loss: 0.2645031
	speed: 0.2790s/iter; left time: 4799.3017s
Epoch: 6 cost time: 175.32922625541687
Epoch: 6, Steps: 716 | Train Loss: 0.2541427 Vali Loss: 0.4346632 Test Loss: 0.5342644
Validation loss decreased (0.435615 --> 0.434663).  Saving model ...
Updating learning rate to 3.125e-05
	iters: 100, epoch: 7 | loss: 0.2581836
	speed: 10.7976s/iter; left time: 184477.0406s
	iters: 200, epoch: 7 | loss: 0.2568204
	speed: 0.2177s/iter; left time: 3697.6327s
	iters: 300, epoch: 7 | loss: 0.2503381
	speed: 0.2303s/iter; left time: 3888.7090s
	iters: 400, epoch: 7 | loss: 0.2529044
	speed: 0.2073s/iter; left time: 3479.1058s
	iters: 500, epoch: 7 | loss: 0.2618498
	speed: 0.2025s/iter; left time: 3378.8182s
	iters: 600, epoch: 7 | loss: 0.2410737
	speed: 0.2270s/iter; left time: 3764.0782s
	iters: 700, epoch: 7 | loss: 0.2510843
	speed: 0.2377s/iter; left time: 3918.6956s
Epoch: 7 cost time: 167.1911416053772
Epoch: 7, Steps: 716 | Train Loss: 0.2522226 Vali Loss: 0.4334478 Test Loss: 0.5316496
Validation loss decreased (0.434663 --> 0.433448).  Saving model ...
Updating learning rate to 1.5625e-05
	iters: 100, epoch: 8 | loss: 0.2677835
	speed: 14.7725s/iter; left time: 241810.6108s
	iters: 200, epoch: 8 | loss: 0.2581691
	speed: 0.3660s/iter; left time: 5955.0304s
	iters: 300, epoch: 8 | loss: 0.2482612
	speed: 0.3795s/iter; left time: 6136.3526s
	iters: 400, epoch: 8 | loss: 0.2463822
	speed: 0.3688s/iter; left time: 5925.9158s
	iters: 500, epoch: 8 | loss: 0.2554496
	speed: 0.4125s/iter; left time: 6587.2739s
	iters: 600, epoch: 8 | loss: 0.2383057
	speed: 0.4213s/iter; left time: 6685.7432s
	iters: 700, epoch: 8 | loss: 0.2522476
	speed: 0.4136s/iter; left time: 6521.6802s
Epoch: 8 cost time: 289.38409066200256
Epoch: 8, Steps: 716 | Train Loss: 0.2512165 Vali Loss: 0.4313781 Test Loss: 0.5301047
Validation loss decreased (0.433448 --> 0.431378).  Saving model ...
Updating learning rate to 7.8125e-06
	iters: 100, epoch: 9 | loss: 0.2625606
	speed: 9.5126s/iter; left time: 148900.5498s
	iters: 200, epoch: 9 | loss: 0.2577336
	speed: 0.2422s/iter; left time: 3767.5260s
	iters: 300, epoch: 9 | loss: 0.2526900
	speed: 0.2174s/iter; left time: 3358.7332s
	iters: 400, epoch: 9 | loss: 0.2496812
	speed: 0.2139s/iter; left time: 3284.7475s
	iters: 500, epoch: 9 | loss: 0.2612005
	speed: 0.2097s/iter; left time: 3198.4005s
	iters: 600, epoch: 9 | loss: 0.2433944
	speed: 0.2324s/iter; left time: 3522.1490s
	iters: 700, epoch: 9 | loss: 0.2482453
	speed: 0.2185s/iter; left time: 3289.5639s
Epoch: 9 cost time: 167.31304550170898
Epoch: 9, Steps: 716 | Train Loss: 0.2506749 Vali Loss: 0.4322603 Test Loss: 0.5324172
EarlyStopping counter: 1 out of 10
Updating learning rate to 3.90625e-06
	iters: 100, epoch: 10 | loss: 0.2583817
	speed: 8.2297s/iter; left time: 122926.8887s
	iters: 200, epoch: 10 | loss: 0.2551068
	speed: 0.2419s/iter; left time: 3588.5923s
	iters: 300, epoch: 10 | loss: 0.2686185
	speed: 0.2476s/iter; left time: 3649.1341s
	iters: 400, epoch: 10 | loss: 0.2575144
	speed: 0.2343s/iter; left time: 3429.1255s
	iters: 500, epoch: 10 | loss: 0.2473413
	speed: 0.2549s/iter; left time: 3705.8887s
	iters: 600, epoch: 10 | loss: 0.2496842
	speed: 0.2813s/iter; left time: 4061.4555s
	iters: 700, epoch: 10 | loss: 0.2483605
	speed: 0.2983s/iter; left time: 4276.9194s
Epoch: 10 cost time: 189.3832950592041
Epoch: 10, Steps: 716 | Train Loss: 0.2504048 Vali Loss: 0.4316603 Test Loss: 0.5317941
EarlyStopping counter: 2 out of 10
Updating learning rate to 1.953125e-06
	iters: 100, epoch: 11 | loss: 0.2486410
	speed: 15.6201s/iter; left time: 222133.3104s
	iters: 200, epoch: 11 | loss: 0.2511996
	speed: 0.4449s/iter; left time: 6281.9755s
	iters: 300, epoch: 11 | loss: 0.2581027
	speed: 0.3927s/iter; left time: 5506.2042s
	iters: 400, epoch: 11 | loss: 0.2407230
	speed: 0.4138s/iter; left time: 5761.0479s
	iters: 500, epoch: 11 | loss: 0.2582082
	speed: 0.3985s/iter; left time: 5507.1556s
	iters: 600, epoch: 11 | loss: 0.2533786
	speed: 0.3603s/iter; left time: 4943.7725s
	iters: 700, epoch: 11 | loss: 0.2517738
	speed: 0.3688s/iter; left time: 5024.1056s
Epoch: 11 cost time: 297.7748670578003
Epoch: 11, Steps: 716 | Train Loss: 0.2502512 Vali Loss: 0.4318946 Test Loss: 0.5314562
EarlyStopping counter: 3 out of 10
Updating learning rate to 9.765625e-07
	iters: 100, epoch: 12 | loss: 0.2430549
	speed: 15.5680s/iter; left time: 210245.2215s
	iters: 200, epoch: 12 | loss: 0.2432509
	speed: 0.3737s/iter; left time: 5008.8031s
	iters: 300, epoch: 12 | loss: 0.2411783
	speed: 0.3734s/iter; left time: 4968.5114s
	iters: 400, epoch: 12 | loss: 0.2474284
	speed: 0.3617s/iter; left time: 4775.6319s
	iters: 500, epoch: 12 | loss: 0.2531161
	speed: 0.4294s/iter; left time: 5627.5094s
	iters: 600, epoch: 12 | loss: 0.2520965
	speed: 0.4536s/iter; left time: 5898.5471s
	iters: 700, epoch: 12 | loss: 0.2417113
	speed: 0.4955s/iter; left time: 6394.8479s
Epoch: 12 cost time: 303.8186545372009
Epoch: 12, Steps: 716 | Train Loss: 0.2501708 Vali Loss: 0.4314466 Test Loss: 0.5309394
EarlyStopping counter: 4 out of 10
Updating learning rate to 4.8828125e-07
	iters: 100, epoch: 13 | loss: 0.2496936
	speed: 14.2121s/iter; left time: 181758.1505s
	iters: 200, epoch: 13 | loss: 0.2427929
	speed: 0.3644s/iter; left time: 4624.1046s
	iters: 300, epoch: 13 | loss: 0.2626010
	speed: 0.3964s/iter; left time: 4989.7523s
	iters: 400, epoch: 13 | loss: 0.2564569
	speed: 0.3775s/iter; left time: 4715.0754s
	iters: 500, epoch: 13 | loss: 0.2529555
	speed: 0.4431s/iter; left time: 5489.8950s
	iters: 600, epoch: 13 | loss: 0.2487950
	speed: 0.4378s/iter; left time: 5380.5466s
	iters: 700, epoch: 13 | loss: 0.2529171
	speed: 0.4189s/iter; left time: 5106.1162s
Epoch: 13 cost time: 291.8010470867157
Epoch: 13, Steps: 716 | Train Loss: 0.2501257 Vali Loss: 0.4315236 Test Loss: 0.5311387
EarlyStopping counter: 5 out of 10
Updating learning rate to 2.44140625e-07
	iters: 100, epoch: 14 | loss: 0.2543813
	speed: 13.5000s/iter; left time: 162985.2728s
	iters: 200, epoch: 14 | loss: 0.2704285
	speed: 0.3963s/iter; left time: 4744.3661s
	iters: 300, epoch: 14 | loss: 0.2330382
	speed: 0.4363s/iter; left time: 5179.7846s
	iters: 400, epoch: 14 | loss: 0.2444615
	speed: 0.4344s/iter; left time: 5114.4134s
	iters: 500, epoch: 14 | loss: 0.2536725
	speed: 0.4289s/iter; left time: 5006.9196s
	iters: 600, epoch: 14 | loss: 0.2340169
	speed: 0.4272s/iter; left time: 4944.3280s
	iters: 700, epoch: 14 | loss: 0.2441794
	speed: 0.4000s/iter; left time: 4588.6504s
Epoch: 14 cost time: 301.29631090164185
Epoch: 14, Steps: 716 | Train Loss: 0.2501128 Vali Loss: 0.4315684 Test Loss: 0.5311143
EarlyStopping counter: 6 out of 10
Updating learning rate to 1.220703125e-07
	iters: 100, epoch: 15 | loss: 0.2464686
	speed: 18.8857s/iter; left time: 214484.8779s
	iters: 200, epoch: 15 | loss: 0.2504836
	speed: 0.4725s/iter; left time: 5318.9989s
	iters: 300, epoch: 15 | loss: 0.2532562
	speed: 0.4841s/iter; left time: 5401.2062s
	iters: 400, epoch: 15 | loss: 0.2392222
	speed: 0.4836s/iter; left time: 5347.5517s
	iters: 500, epoch: 15 | loss: 0.2592189
	speed: 0.4830s/iter; left time: 5292.6202s
	iters: 600, epoch: 15 | loss: 0.2545559
	speed: 0.4733s/iter; left time: 5138.5240s
	iters: 700, epoch: 15 | loss: 0.2519345
	speed: 0.4132s/iter; left time: 4445.0987s
Epoch: 15 cost time: 348.5632905960083
Epoch: 15, Steps: 716 | Train Loss: 0.2501086 Vali Loss: 0.4313842 Test Loss: 0.5311089
EarlyStopping counter: 7 out of 10
Updating learning rate to 6.103515625e-08
	iters: 100, epoch: 16 | loss: 0.2609353
	speed: 20.8996s/iter; left time: 222392.4765s
	iters: 200, epoch: 16 | loss: 0.2444238
	speed: 0.3732s/iter; left time: 3933.4854s
	iters: 300, epoch: 16 | loss: 0.2411615
	speed: 0.3850s/iter; left time: 4019.6606s
	iters: 400, epoch: 16 | loss: 0.2602011
	speed: 0.3899s/iter; left time: 4032.0385s
	iters: 500, epoch: 16 | loss: 0.2591479
	speed: 0.4516s/iter; left time: 4624.5312s
	iters: 600, epoch: 16 | loss: 0.2437160
	speed: 0.4947s/iter; left time: 5016.3249s
	iters: 700, epoch: 16 | loss: 0.2462575
	speed: 0.4448s/iter; left time: 4466.4088s
Epoch: 16 cost time: 309.6240568161011
Epoch: 16, Steps: 716 | Train Loss: 0.2500862 Vali Loss: 0.4313257 Test Loss: 0.5311301
Validation loss decreased (0.431378 --> 0.431326).  Saving model ...
Updating learning rate to 3.0517578125e-08
	iters: 100, epoch: 17 | loss: 0.2590414
	speed: 18.5519s/iter; left time: 184127.6184s
	iters: 200, epoch: 17 | loss: 0.2465372
	speed: 0.3578s/iter; left time: 3515.0998s
	iters: 300, epoch: 17 | loss: 0.2538237
	speed: 0.4067s/iter; left time: 3955.5926s
	iters: 400, epoch: 17 | loss: 0.2462814
	speed: 0.4145s/iter; left time: 3989.5275s
	iters: 500, epoch: 17 | loss: 0.2498981
	speed: 0.4321s/iter; left time: 4115.7051s
	iters: 600, epoch: 17 | loss: 0.2413756
	speed: 0.4243s/iter; left time: 3999.3267s
	iters: 700, epoch: 17 | loss: 0.2419884
	speed: 0.4241s/iter; left time: 3954.4748s
Epoch: 17 cost time: 298.61460733413696
Epoch: 17, Steps: 716 | Train Loss: 0.2500850 Vali Loss: 0.4310435 Test Loss: 0.5311283
Validation loss decreased (0.431326 --> 0.431043).  Saving model ...
Updating learning rate to 1.52587890625e-08
	iters: 100, epoch: 18 | loss: 0.2588869
	speed: 18.2783s/iter; left time: 168325.0757s
	iters: 200, epoch: 18 | loss: 0.2524567
	speed: 0.4098s/iter; left time: 3733.0248s
	iters: 300, epoch: 18 | loss: 0.2448251
	speed: 0.4765s/iter; left time: 4293.2208s
	iters: 400, epoch: 18 | loss: 0.2457357
	speed: 0.4586s/iter; left time: 4085.5883s
	iters: 500, epoch: 18 | loss: 0.2648979
	speed: 0.4545s/iter; left time: 4004.0427s
	iters: 600, epoch: 18 | loss: 0.2473878
	speed: 0.5003s/iter; left time: 4357.5478s
	iters: 700, epoch: 18 | loss: 0.2383617
	speed: 0.4344s/iter; left time: 3739.9693s
Epoch: 18 cost time: 327.1346204280853
Epoch: 18, Steps: 716 | Train Loss: 0.2500934 Vali Loss: 0.4318552 Test Loss: 0.5311279
EarlyStopping counter: 1 out of 10
Updating learning rate to 7.62939453125e-09
	iters: 100, epoch: 19 | loss: 0.2574540
	speed: 16.2832s/iter; left time: 138293.1877s
	iters: 200, epoch: 19 | loss: 0.2495973
	speed: 0.3343s/iter; left time: 2805.7907s
	iters: 300, epoch: 19 | loss: 0.2481562
	speed: 0.3194s/iter; left time: 2649.0748s
	iters: 400, epoch: 19 | loss: 0.2489756
	speed: 0.3305s/iter; left time: 2708.0729s
	iters: 500, epoch: 19 | loss: 0.2669480
	speed: 0.3544s/iter; left time: 2868.4171s
	iters: 600, epoch: 19 | loss: 0.2545841
	speed: 0.3504s/iter; left time: 2800.3774s
	iters: 700, epoch: 19 | loss: 0.2568164
	speed: 0.3495s/iter; left time: 2758.4323s
Epoch: 19 cost time: 254.90704464912415
Epoch: 19, Steps: 716 | Train Loss: 0.2501048 Vali Loss: 0.4311949 Test Loss: 0.5311267
EarlyStopping counter: 2 out of 10
Updating learning rate to 3.814697265625e-09
	iters: 100, epoch: 20 | loss: 0.2564805
	speed: 15.7824s/iter; left time: 122739.6515s
	iters: 200, epoch: 20 | loss: 0.2556269
	speed: 0.3931s/iter; left time: 3017.8897s
	iters: 300, epoch: 20 | loss: 0.2608288
	speed: 0.3899s/iter; left time: 2954.4459s
	iters: 400, epoch: 20 | loss: 0.2562375
	speed: 0.4001s/iter; left time: 2991.5853s
	iters: 500, epoch: 20 | loss: 0.2483012
	speed: 0.3917s/iter; left time: 2889.3118s
	iters: 600, epoch: 20 | loss: 0.2582992
	speed: 0.3456s/iter; left time: 2514.6635s
	iters: 700, epoch: 20 | loss: 0.2577969
	speed: 0.3696s/iter; left time: 2652.8679s
Epoch: 20 cost time: 283.86699533462524
Epoch: 20, Steps: 716 | Train Loss: 0.2500816 Vali Loss: 0.4316894 Test Loss: 0.5311269
EarlyStopping counter: 3 out of 10
Updating learning rate to 1.9073486328125e-09
	iters: 100, epoch: 21 | loss: 0.2505223
	speed: 13.4895s/iter; left time: 95249.5350s
	iters: 200, epoch: 21 | loss: 0.2569705
	speed: 0.3580s/iter; left time: 2492.1683s
	iters: 300, epoch: 21 | loss: 0.2503380
	speed: 0.3199s/iter; left time: 2194.8362s
	iters: 400, epoch: 21 | loss: 0.2489831
	speed: 0.3251s/iter; left time: 2198.1871s
	iters: 500, epoch: 21 | loss: 0.2462465
	speed: 0.3733s/iter; left time: 2486.6832s
	iters: 600, epoch: 21 | loss: 0.2508550
	speed: 0.3820s/iter; left time: 2506.3317s
	iters: 700, epoch: 21 | loss: 0.2640637
	speed: 0.3747s/iter; left time: 2421.0187s
Epoch: 21 cost time: 266.80910539627075
Epoch: 21, Steps: 716 | Train Loss: 0.2500800 Vali Loss: 0.4312811 Test Loss: 0.5311269
EarlyStopping counter: 4 out of 10
Updating learning rate to 9.5367431640625e-10
	iters: 100, epoch: 22 | loss: 0.2576224
	speed: 13.4291s/iter; left time: 85207.4079s
	iters: 200, epoch: 22 | loss: 0.2629060
	speed: 0.3877s/iter; left time: 2421.3043s
	iters: 300, epoch: 22 | loss: 0.2462229
	speed: 0.4087s/iter; left time: 2511.5796s
	iters: 400, epoch: 22 | loss: 0.2422356
	speed: 0.4155s/iter; left time: 2511.7381s
	iters: 500, epoch: 22 | loss: 0.2423934
	speed: 0.3380s/iter; left time: 2009.2091s
	iters: 600, epoch: 22 | loss: 0.2506590
	speed: 0.3463s/iter; left time: 2024.1974s
	iters: 700, epoch: 22 | loss: 0.2508013
	speed: 0.3283s/iter; left time: 1886.2476s
Epoch: 22 cost time: 273.30221486091614
Epoch: 22, Steps: 716 | Train Loss: 0.2501020 Vali Loss: 0.4319478 Test Loss: 0.5311269
EarlyStopping counter: 5 out of 10
Updating learning rate to 4.76837158203125e-10
	iters: 100, epoch: 23 | loss: 0.2452804
	speed: 13.0392s/iter; left time: 73397.8246s
	iters: 200, epoch: 23 | loss: 0.2480356
	speed: 0.3837s/iter; left time: 2121.5294s
	iters: 300, epoch: 23 | loss: 0.2470652
	speed: 0.4129s/iter; left time: 2241.6569s
	iters: 400, epoch: 23 | loss: 0.2469337
	speed: 0.3877s/iter; left time: 2065.9900s
	iters: 500, epoch: 23 | loss: 0.2543153
	speed: 0.3552s/iter; left time: 1857.2469s
	iters: 600, epoch: 23 | loss: 0.2447351
	speed: 0.3546s/iter; left time: 1818.7511s
	iters: 700, epoch: 23 | loss: 0.2423463
	speed: 0.3545s/iter; left time: 1782.5374s
Epoch: 23 cost time: 274.3817114830017
Epoch: 23, Steps: 716 | Train Loss: 0.2500973 Vali Loss: 0.4313457 Test Loss: 0.5311269
EarlyStopping counter: 6 out of 10
Updating learning rate to 2.384185791015625e-10
	iters: 100, epoch: 24 | loss: 0.2491828
	speed: 14.4576s/iter; left time: 71029.9779s
	iters: 200, epoch: 24 | loss: 0.2386390
	speed: 0.3571s/iter; left time: 1718.6553s
	iters: 300, epoch: 24 | loss: 0.2454210
	speed: 0.3880s/iter; left time: 1828.7426s
	iters: 400, epoch: 24 | loss: 0.2442360
	speed: 0.3650s/iter; left time: 1683.7957s
	iters: 500, epoch: 24 | loss: 0.2370142
	speed: 0.3422s/iter; left time: 1544.1915s
	iters: 600, epoch: 24 | loss: 0.2629221
	speed: 0.3433s/iter; left time: 1514.9462s
	iters: 700, epoch: 24 | loss: 0.2577288
	speed: 0.3708s/iter; left time: 1599.4044s
Epoch: 24 cost time: 266.5936679840088
Epoch: 24, Steps: 716 | Train Loss: 0.2500809 Vali Loss: 0.4318417 Test Loss: 0.5311269
EarlyStopping counter: 7 out of 10
Updating learning rate to 1.1920928955078125e-10
	iters: 100, epoch: 25 | loss: 0.2477483
	speed: 13.6261s/iter; left time: 57188.8898s
	iters: 200, epoch: 25 | loss: 0.2566712
	speed: 0.3386s/iter; left time: 1387.2398s
	iters: 300, epoch: 25 | loss: 0.2593501
	speed: 0.3544s/iter; left time: 1416.6766s
	iters: 400, epoch: 25 | loss: 0.2507028
	speed: 0.3445s/iter; left time: 1342.5741s
	iters: 500, epoch: 25 | loss: 0.2441244
	speed: 0.3788s/iter; left time: 1438.1281s
	iters: 600, epoch: 25 | loss: 0.2401970
	speed: 0.4136s/iter; left time: 1529.2039s
	iters: 700, epoch: 25 | loss: 0.2473884
	speed: 0.3947s/iter; left time: 1419.7403s
Epoch: 25 cost time: 269.45718789100647
Epoch: 25, Steps: 716 | Train Loss: 0.2500824 Vali Loss: 0.4313298 Test Loss: 0.5311269
EarlyStopping counter: 8 out of 10
Updating learning rate to 5.960464477539063e-11
	iters: 100, epoch: 26 | loss: 0.2444641
	speed: 13.7995s/iter; left time: 48035.9590s
	iters: 200, epoch: 26 | loss: 0.2382332
	speed: 0.3766s/iter; left time: 1273.3297s
	iters: 300, epoch: 26 | loss: 0.2743756
	speed: 0.3706s/iter; left time: 1215.9343s
	iters: 400, epoch: 26 | loss: 0.2545495
	speed: 0.3418s/iter; left time: 1087.3813s
	iters: 500, epoch: 26 | loss: 0.2479959
	speed: 0.3830s/iter; left time: 1179.9774s
	iters: 600, epoch: 26 | loss: 0.2386153
	speed: 0.3603s/iter; left time: 1074.0131s
	iters: 700, epoch: 26 | loss: 0.2504211
	speed: 0.3395s/iter; left time: 977.9646s
Epoch: 26 cost time: 266.6132366657257
Epoch: 26, Steps: 716 | Train Loss: 0.2500911 Vali Loss: 0.4312854 Test Loss: 0.5311269
EarlyStopping counter: 9 out of 10
Updating learning rate to 2.980232238769531e-11
	iters: 100, epoch: 27 | loss: 0.2367391
	speed: 12.1467s/iter; left time: 33585.5425s
	iters: 200, epoch: 27 | loss: 0.2564918
	speed: 0.3238s/iter; left time: 862.9864s
	iters: 300, epoch: 27 | loss: 0.2519860
	speed: 0.2650s/iter; left time: 679.6445s
	iters: 400, epoch: 27 | loss: 0.2423430
	speed: 0.2502s/iter; left time: 616.7870s
	iters: 500, epoch: 27 | loss: 0.2493740
	speed: 0.2457s/iter; left time: 581.1500s
	iters: 600, epoch: 27 | loss: 0.2409638
	speed: 0.2439s/iter; left time: 552.4601s
	iters: 700, epoch: 27 | loss: 0.2424616
	speed: 0.2763s/iter; left time: 598.1189s
Epoch: 27 cost time: 202.33840608596802
Epoch: 27, Steps: 716 | Train Loss: 0.2500973 Vali Loss: 0.4315915 Test Loss: 0.5311269
EarlyStopping counter: 10 out of 10
Early stopping
>>>>>>>testing : traffic_96_720_FCA_v1_custom_M_ft96_sl48_ll720_pl490_dm10_nh4_el1_dl512_df1_fctimeF_ebTrue_dtExp_projection_0<<<<<<<<<<<<<<<<<<<<<<<<<<<<<<<<<
test 2789
test shape: (2789, 1, 720, 862) (2789, 1, 720, 862)
test shape: (2789, 720, 862) (2789, 720, 862)
mse:0.5311269164085388, mae:0.3219795823097229
