Args in experiment:
Namespace(Decomposition=1, activation='gelu', batch_size=16, c_out=321, channel_independence=False, checkpoints='./checkpoints/', class_strategy='projection', d_f=49, d_ff=512, d_layers=1, d_model=490, data='custom', data_path='electricity.csv', dec_in=321, des='Exp', devices='0,1', distil=True, do_predict=False, dropout=0.1, e_layers=3, efficient_training=False, embed='timeF', enc_in=321, exp_name='MTSF', factor=1, features='M', freq='h', gpu=0, inverse=False, is_training=1, itr=1, kernel_size=25, label_len=48, learning_rate=0.0005, loss='MSE', lradj='type1', model='FCA_v1', model_id='ECL_96_96', moving_avg=25, n_heads=10, num_workers=10, output_attention=False, partial_start_index=0, patience=10, pred_len=96, root_path='/data1/whx/Datasets', seq_len=96, target='OT', target_data_path='electricity.csv', target_root_path='./data/electricity/', train_epochs=30, use_amp=False, use_gpu=True, use_multi_gpu=False, use_norm=True)
Use GPU: cuda:0
>>>>>>>start training : ECL_96_96_FCA_v1_custom_M_ft96_sl48_ll96_pl490_dm10_nh3_el1_dl512_df1_fctimeF_ebTrue_dtExp_projection_0>>>>>>>>>>>>>>>>>>>>>>>>>>
train 18221
val 2537
test 5165
	iters: 100, epoch: 1 | loss: 0.2032965
	speed: 0.0854s/iter; left time: 2906.6725s
	iters: 200, epoch: 1 | loss: 0.2236120
	speed: 0.0671s/iter; left time: 2277.5316s
	iters: 300, epoch: 1 | loss: 0.2093615
	speed: 0.0556s/iter; left time: 1880.1149s
	iters: 400, epoch: 1 | loss: 0.1942102
	speed: 0.0577s/iter; left time: 1948.0263s
	iters: 500, epoch: 1 | loss: 0.1995370
	speed: 0.0580s/iter; left time: 1952.5263s
	iters: 600, epoch: 1 | loss: 0.1777960
	speed: 0.0576s/iter; left time: 1933.4056s
	iters: 700, epoch: 1 | loss: 0.1979219
	speed: 0.0576s/iter; left time: 1926.0799s
	iters: 800, epoch: 1 | loss: 0.1880227
	speed: 0.0572s/iter; left time: 1907.9493s
	iters: 900, epoch: 1 | loss: 0.1857081
	speed: 0.0534s/iter; left time: 1774.2157s
	iters: 1000, epoch: 1 | loss: 0.1690403
	speed: 0.0526s/iter; left time: 1744.2691s
	iters: 1100, epoch: 1 | loss: 0.2001785
	speed: 0.0527s/iter; left time: 1740.8452s
Epoch: 1 cost time: 66.60001039505005
Epoch: 1, Steps: 1138 | Train Loss: 0.1975456 Vali Loss: 0.1401104 Test Loss: 0.1586615
Validation loss decreased (inf --> 0.140110).  Saving model ...
Updating learning rate to 0.0005
	iters: 100, epoch: 2 | loss: 0.1843239
	speed: 0.4950s/iter; left time: 16288.0498s
	iters: 200, epoch: 2 | loss: 0.1821598
	speed: 0.0527s/iter; left time: 1730.1438s
	iters: 300, epoch: 2 | loss: 0.1385834
	speed: 0.0562s/iter; left time: 1837.2631s
	iters: 400, epoch: 2 | loss: 0.1511317
	speed: 0.0553s/iter; left time: 1803.9599s
	iters: 500, epoch: 2 | loss: 0.1432851
	speed: 0.0517s/iter; left time: 1682.0102s
	iters: 600, epoch: 2 | loss: 0.1405130
	speed: 0.0554s/iter; left time: 1794.9799s
	iters: 700, epoch: 2 | loss: 0.1437001
	speed: 0.0564s/iter; left time: 1822.6021s
	iters: 800, epoch: 2 | loss: 0.1418023
	speed: 0.0565s/iter; left time: 1820.2941s
	iters: 900, epoch: 2 | loss: 0.1285887
	speed: 0.0561s/iter; left time: 1802.5413s
	iters: 1000, epoch: 2 | loss: 0.1967255
	speed: 0.0558s/iter; left time: 1785.1580s
	iters: 1100, epoch: 2 | loss: 0.1866605
	speed: 0.0561s/iter; left time: 1789.5782s
Epoch: 2 cost time: 62.735533714294434
Epoch: 2, Steps: 1138 | Train Loss: 0.1537877 Vali Loss: 0.1258407 Test Loss: 0.1456199
Validation loss decreased (0.140110 --> 0.125841).  Saving model ...
Updating learning rate to 0.00025
	iters: 100, epoch: 3 | loss: 0.1343742
	speed: 0.7578s/iter; left time: 24072.2517s
	iters: 200, epoch: 3 | loss: 0.1149328
	speed: 0.0347s/iter; left time: 1099.0727s
	iters: 300, epoch: 3 | loss: 0.1451389
	speed: 0.0360s/iter; left time: 1135.5100s
	iters: 400, epoch: 3 | loss: 0.1276641
	speed: 0.0407s/iter; left time: 1280.2522s
	iters: 500, epoch: 3 | loss: 0.1559985
	speed: 0.0408s/iter; left time: 1280.1511s
	iters: 600, epoch: 3 | loss: 0.1685556
	speed: 0.0406s/iter; left time: 1269.8339s
	iters: 700, epoch: 3 | loss: 0.1656685
	speed: 0.0431s/iter; left time: 1344.4859s
	iters: 800, epoch: 3 | loss: 0.1316708
	speed: 0.0461s/iter; left time: 1432.5179s
	iters: 900, epoch: 3 | loss: 0.1516335
	speed: 0.0466s/iter; left time: 1444.0453s
	iters: 1000, epoch: 3 | loss: 0.1260006
	speed: 0.0465s/iter; left time: 1435.1824s
	iters: 1100, epoch: 3 | loss: 0.1327244
	speed: 0.0490s/iter; left time: 1506.4482s
Epoch: 3 cost time: 48.047898054122925
Epoch: 3, Steps: 1138 | Train Loss: 0.1400112 Vali Loss: 0.1206036 Test Loss: 0.1396382
Validation loss decreased (0.125841 --> 0.120604).  Saving model ...
Updating learning rate to 0.000125
	iters: 100, epoch: 4 | loss: 0.1689306
	speed: 0.5519s/iter; left time: 16903.5323s
	iters: 200, epoch: 4 | loss: 0.1242181
	speed: 0.0566s/iter; left time: 1728.5250s
	iters: 300, epoch: 4 | loss: 0.1526556
	speed: 0.0564s/iter; left time: 1717.4982s
	iters: 400, epoch: 4 | loss: 0.1358265
	speed: 0.0562s/iter; left time: 1705.8606s
	iters: 500, epoch: 4 | loss: 0.1284212
	speed: 0.0565s/iter; left time: 1708.4089s
	iters: 600, epoch: 4 | loss: 0.1428435
	speed: 0.0559s/iter; left time: 1683.2652s
	iters: 700, epoch: 4 | loss: 0.1193968
	speed: 0.0564s/iter; left time: 1694.4935s
	iters: 800, epoch: 4 | loss: 0.1489728
	speed: 0.0541s/iter; left time: 1620.4262s
	iters: 900, epoch: 4 | loss: 0.1285426
	speed: 0.0485s/iter; left time: 1446.0538s
	iters: 1000, epoch: 4 | loss: 0.1540038
	speed: 0.0545s/iter; left time: 1620.8450s
	iters: 1100, epoch: 4 | loss: 0.1187715
	speed: 0.0556s/iter; left time: 1646.8447s
Epoch: 4 cost time: 62.38125991821289
Epoch: 4, Steps: 1138 | Train Loss: 0.1342752 Vali Loss: 0.1196082 Test Loss: 0.1376052
Validation loss decreased (0.120604 --> 0.119608).  Saving model ...
Updating learning rate to 6.25e-05
	iters: 100, epoch: 5 | loss: 0.1318400
	speed: 0.6629s/iter; left time: 19549.3737s
	iters: 200, epoch: 5 | loss: 0.1391362
	speed: 0.0525s/iter; left time: 1543.3742s
	iters: 300, epoch: 5 | loss: 0.1329456
	speed: 0.0527s/iter; left time: 1544.3075s
	iters: 400, epoch: 5 | loss: 0.1434501
	speed: 0.0523s/iter; left time: 1527.5176s
	iters: 500, epoch: 5 | loss: 0.1119675
	speed: 0.0523s/iter; left time: 1521.1880s
	iters: 600, epoch: 5 | loss: 0.1292866
	speed: 0.0530s/iter; left time: 1535.9605s
	iters: 700, epoch: 5 | loss: 0.1286585
	speed: 0.0529s/iter; left time: 1527.1271s
	iters: 800, epoch: 5 | loss: 0.1458786
	speed: 0.0525s/iter; left time: 1512.7824s
	iters: 900, epoch: 5 | loss: 0.1257873
	speed: 0.0526s/iter; left time: 1508.8638s
	iters: 1000, epoch: 5 | loss: 0.1148968
	speed: 0.0527s/iter; left time: 1505.5632s
	iters: 1100, epoch: 5 | loss: 0.1387345
	speed: 0.0531s/iter; left time: 1513.6799s
Epoch: 5 cost time: 59.450528144836426
Epoch: 5, Steps: 1138 | Train Loss: 0.1306600 Vali Loss: 0.1174522 Test Loss: 0.1355501
Validation loss decreased (0.119608 --> 0.117452).  Saving model ...
Updating learning rate to 3.125e-05
	iters: 100, epoch: 6 | loss: 0.1288502
	speed: 0.5618s/iter; left time: 15927.0677s
	iters: 200, epoch: 6 | loss: 0.1296865
	speed: 0.0582s/iter; left time: 1644.8568s
	iters: 300, epoch: 6 | loss: 0.1131426
	speed: 0.0574s/iter; left time: 1617.2712s
	iters: 400, epoch: 6 | loss: 0.0995025
	speed: 0.0582s/iter; left time: 1632.5522s
	iters: 500, epoch: 6 | loss: 0.1179269
	speed: 0.0581s/iter; left time: 1622.8279s
	iters: 600, epoch: 6 | loss: 0.1397613
	speed: 0.0582s/iter; left time: 1622.0459s
	iters: 700, epoch: 6 | loss: 0.1176168
	speed: 0.0580s/iter; left time: 1610.1576s
	iters: 800, epoch: 6 | loss: 0.1088330
	speed: 0.0588s/iter; left time: 1625.2643s
	iters: 900, epoch: 6 | loss: 0.1383526
	speed: 0.0566s/iter; left time: 1560.2051s
	iters: 1000, epoch: 6 | loss: 0.1188632
	speed: 0.0508s/iter; left time: 1394.9596s
	iters: 1100, epoch: 6 | loss: 0.1342074
	speed: 0.0542s/iter; left time: 1482.9945s
Epoch: 6 cost time: 64.37467336654663
Epoch: 6, Steps: 1138 | Train Loss: 0.1284120 Vali Loss: 0.1173185 Test Loss: 0.1352769
Validation loss decreased (0.117452 --> 0.117318).  Saving model ...
Updating learning rate to 1.5625e-05
	iters: 100, epoch: 7 | loss: 0.1288727
	speed: 0.6532s/iter; left time: 17775.5677s
	iters: 200, epoch: 7 | loss: 0.1291867
	speed: 0.0582s/iter; left time: 1577.0420s
	iters: 300, epoch: 7 | loss: 0.1256047
	speed: 0.0574s/iter; left time: 1549.5678s
	iters: 400, epoch: 7 | loss: 0.1283984
	speed: 0.0577s/iter; left time: 1551.9743s
	iters: 500, epoch: 7 | loss: 0.1412781
	speed: 0.0572s/iter; left time: 1533.8898s
	iters: 600, epoch: 7 | loss: 0.1302436
	speed: 0.0560s/iter; left time: 1495.8994s
	iters: 700, epoch: 7 | loss: 0.1510258
	speed: 0.0522s/iter; left time: 1388.8197s
	iters: 800, epoch: 7 | loss: 0.1472100
	speed: 0.0522s/iter; left time: 1384.9236s
	iters: 900, epoch: 7 | loss: 0.1144736
	speed: 0.0523s/iter; left time: 1381.7632s
	iters: 1000, epoch: 7 | loss: 0.1164338
	speed: 0.0525s/iter; left time: 1381.3444s
	iters: 1100, epoch: 7 | loss: 0.1210773
	speed: 0.0520s/iter; left time: 1361.8315s
Epoch: 7 cost time: 62.136624813079834
Epoch: 7, Steps: 1138 | Train Loss: 0.1271089 Vali Loss: 0.1168179 Test Loss: 0.1347405
Validation loss decreased (0.117318 --> 0.116818).  Saving model ...
Updating learning rate to 7.8125e-06
	iters: 100, epoch: 8 | loss: 0.1158252
	speed: 0.5579s/iter; left time: 14547.0355s
	iters: 200, epoch: 8 | loss: 0.1211272
	speed: 0.0531s/iter; left time: 1379.3962s
	iters: 300, epoch: 8 | loss: 0.1394899
	speed: 0.0550s/iter; left time: 1422.8054s
	iters: 400, epoch: 8 | loss: 0.1333122
	speed: 0.0562s/iter; left time: 1448.5078s
	iters: 500, epoch: 8 | loss: 0.1437410
	speed: 0.0561s/iter; left time: 1439.8605s
	iters: 600, epoch: 8 | loss: 0.1148539
	speed: 0.0563s/iter; left time: 1440.2574s
	iters: 700, epoch: 8 | loss: 0.1278218
	speed: 0.0574s/iter; left time: 1463.2222s
	iters: 800, epoch: 8 | loss: 0.1139812
	speed: 0.0573s/iter; left time: 1454.2782s
	iters: 900, epoch: 8 | loss: 0.1243937
	speed: 0.0584s/iter; left time: 1476.9213s
	iters: 1000, epoch: 8 | loss: 0.1004689
	speed: 0.0583s/iter; left time: 1466.7666s
	iters: 1100, epoch: 8 | loss: 0.1090894
	speed: 0.0549s/iter; left time: 1376.7882s
Epoch: 8 cost time: 63.91923379898071
Epoch: 8, Steps: 1138 | Train Loss: 0.1264572 Vali Loss: 0.1172075 Test Loss: 0.1349251
EarlyStopping counter: 1 out of 10
Updating learning rate to 3.90625e-06
	iters: 100, epoch: 9 | loss: 0.1308733
	speed: 0.6371s/iter; left time: 15886.8147s
	iters: 200, epoch: 9 | loss: 0.1186203
	speed: 0.0513s/iter; left time: 1274.8959s
	iters: 300, epoch: 9 | loss: 0.1235722
	speed: 0.0522s/iter; left time: 1292.4189s
	iters: 400, epoch: 9 | loss: 0.1302266
	speed: 0.0554s/iter; left time: 1365.1749s
	iters: 500, epoch: 9 | loss: 0.1270395
	speed: 0.0564s/iter; left time: 1382.9112s
	iters: 600, epoch: 9 | loss: 0.1243138
	speed: 0.0565s/iter; left time: 1379.7143s
	iters: 700, epoch: 9 | loss: 0.1324523
	speed: 0.0559s/iter; left time: 1360.1898s
	iters: 800, epoch: 9 | loss: 0.1259792
	speed: 0.0561s/iter; left time: 1360.5803s
	iters: 900, epoch: 9 | loss: 0.1438525
	speed: 0.0564s/iter; left time: 1360.2053s
	iters: 1000, epoch: 9 | loss: 0.1117082
	speed: 0.0561s/iter; left time: 1348.8682s
	iters: 1100, epoch: 9 | loss: 0.1365322
	speed: 0.0564s/iter; left time: 1348.8938s
Epoch: 9 cost time: 62.467978715896606
Epoch: 9, Steps: 1138 | Train Loss: 0.1261152 Vali Loss: 0.1166960 Test Loss: 0.1344430
Validation loss decreased (0.116818 --> 0.116696).  Saving model ...
Updating learning rate to 1.953125e-06
	iters: 100, epoch: 10 | loss: 0.1153145
	speed: 0.5579s/iter; left time: 13278.1804s
	iters: 200, epoch: 10 | loss: 0.1447414
	speed: 0.0569s/iter; left time: 1348.6518s
	iters: 300, epoch: 10 | loss: 0.1173318
	speed: 0.0562s/iter; left time: 1326.7636s
	iters: 400, epoch: 10 | loss: 0.1392178
	speed: 0.0561s/iter; left time: 1319.0087s
	iters: 500, epoch: 10 | loss: 0.1146835
	speed: 0.0571s/iter; left time: 1335.7206s
	iters: 600, epoch: 10 | loss: 0.1228014
	speed: 0.0559s/iter; left time: 1302.9447s
	iters: 700, epoch: 10 | loss: 0.1612686
	speed: 0.0572s/iter; left time: 1327.2813s
	iters: 800, epoch: 10 | loss: 0.1351507
	speed: 0.0575s/iter; left time: 1327.1198s
	iters: 900, epoch: 10 | loss: 0.1546103
	speed: 0.0548s/iter; left time: 1260.5969s
	iters: 1000, epoch: 10 | loss: 0.1434108
	speed: 0.0536s/iter; left time: 1227.6852s
	iters: 1100, epoch: 10 | loss: 0.1157743
	speed: 0.0532s/iter; left time: 1212.8994s
Epoch: 10 cost time: 63.28324556350708
Epoch: 10, Steps: 1138 | Train Loss: 0.1259203 Vali Loss: 0.1165532 Test Loss: 0.1343394
Validation loss decreased (0.116696 --> 0.116553).  Saving model ...
Updating learning rate to 9.765625e-07
	iters: 100, epoch: 11 | loss: 0.1496848
	speed: 0.6443s/iter; left time: 14600.6133s
	iters: 200, epoch: 11 | loss: 0.1531842
	speed: 0.0573s/iter; left time: 1292.3218s
	iters: 300, epoch: 11 | loss: 0.1446682
	speed: 0.0578s/iter; left time: 1298.3068s
	iters: 400, epoch: 11 | loss: 0.1296290
	speed: 0.0573s/iter; left time: 1282.0284s
	iters: 500, epoch: 11 | loss: 0.1302321
	speed: 0.0580s/iter; left time: 1291.0454s
	iters: 600, epoch: 11 | loss: 0.1161417
	speed: 0.0574s/iter; left time: 1272.1737s
	iters: 700, epoch: 11 | loss: 0.1281792
	speed: 0.0540s/iter; left time: 1191.0078s
	iters: 800, epoch: 11 | loss: 0.1189227
	speed: 0.0520s/iter; left time: 1143.0174s
	iters: 900, epoch: 11 | loss: 0.1289585
	speed: 0.0513s/iter; left time: 1121.7170s
	iters: 1000, epoch: 11 | loss: 0.1283932
	speed: 0.0634s/iter; left time: 1380.6362s
	iters: 1100, epoch: 11 | loss: 0.1210842
	speed: 0.0621s/iter; left time: 1346.1854s
Epoch: 11 cost time: 64.37159252166748
Epoch: 11, Steps: 1138 | Train Loss: 0.1258363 Vali Loss: 0.1166202 Test Loss: 0.1343268
EarlyStopping counter: 1 out of 10
Updating learning rate to 4.8828125e-07
	iters: 100, epoch: 12 | loss: 0.1433759
	speed: 0.6652s/iter; left time: 14317.0729s
	iters: 200, epoch: 12 | loss: 0.1227261
	speed: 0.0578s/iter; left time: 1237.5678s
	iters: 300, epoch: 12 | loss: 0.1187457
	speed: 0.0592s/iter; left time: 1261.6527s
	iters: 400, epoch: 12 | loss: 0.1200541
	speed: 0.0588s/iter; left time: 1248.7437s
	iters: 500, epoch: 12 | loss: 0.1214731
	speed: 0.0595s/iter; left time: 1257.0154s
	iters: 600, epoch: 12 | loss: 0.1253578
	speed: 0.0602s/iter; left time: 1265.9329s
	iters: 700, epoch: 12 | loss: 0.1193745
	speed: 0.0601s/iter; left time: 1258.0112s
	iters: 800, epoch: 12 | loss: 0.1060562
	speed: 0.0537s/iter; left time: 1117.4590s
	iters: 900, epoch: 12 | loss: 0.1079564
	speed: 0.0542s/iter; left time: 1123.3334s
	iters: 1000, epoch: 12 | loss: 0.1426201
	speed: 0.0549s/iter; left time: 1131.5501s
	iters: 1100, epoch: 12 | loss: 0.1270469
	speed: 0.0561s/iter; left time: 1151.7352s
Epoch: 12 cost time: 65.09977340698242
Epoch: 12, Steps: 1138 | Train Loss: 0.1258052 Vali Loss: 0.1165909 Test Loss: 0.1343237
EarlyStopping counter: 2 out of 10
Updating learning rate to 2.44140625e-07
	iters: 100, epoch: 13 | loss: 0.1124718
	speed: 0.6732s/iter; left time: 13722.8854s
	iters: 200, epoch: 13 | loss: 0.1248095
	speed: 0.0538s/iter; left time: 1090.5650s
	iters: 300, epoch: 13 | loss: 0.1242551
	speed: 0.0567s/iter; left time: 1143.7664s
	iters: 400, epoch: 13 | loss: 0.1146305
	speed: 0.0570s/iter; left time: 1144.2634s
	iters: 500, epoch: 13 | loss: 0.1179147
	speed: 0.0573s/iter; left time: 1144.3836s
	iters: 600, epoch: 13 | loss: 0.1274319
	speed: 0.0569s/iter; left time: 1131.2952s
	iters: 700, epoch: 13 | loss: 0.1275108
	speed: 0.0572s/iter; left time: 1131.7913s
	iters: 800, epoch: 13 | loss: 0.1081448
	speed: 0.0568s/iter; left time: 1118.0930s
	iters: 900, epoch: 13 | loss: 0.1242860
	speed: 0.0566s/iter; left time: 1108.5925s
	iters: 1000, epoch: 13 | loss: 0.1114478
	speed: 0.0562s/iter; left time: 1094.2067s
	iters: 1100, epoch: 13 | loss: 0.1292697
	speed: 0.0549s/iter; left time: 1064.8968s
Epoch: 13 cost time: 64.37321543693542
Epoch: 13, Steps: 1138 | Train Loss: 0.1257913 Vali Loss: 0.1166514 Test Loss: 0.1343345
EarlyStopping counter: 3 out of 10
Updating learning rate to 1.220703125e-07
	iters: 100, epoch: 14 | loss: 0.1176373
	speed: 0.6184s/iter; left time: 11902.6422s
	iters: 200, epoch: 14 | loss: 0.1313724
	speed: 0.0729s/iter; left time: 1395.0220s
	iters: 300, epoch: 14 | loss: 0.1256037
	speed: 0.0575s/iter; left time: 1095.1320s
	iters: 400, epoch: 14 | loss: 0.1269439
	speed: 0.0563s/iter; left time: 1066.2507s
	iters: 500, epoch: 14 | loss: 0.1445424
	speed: 0.0579s/iter; left time: 1091.5740s
	iters: 600, epoch: 14 | loss: 0.1310180
	speed: 0.0594s/iter; left time: 1113.0786s
	iters: 700, epoch: 14 | loss: 0.1224663
	speed: 0.0590s/iter; left time: 1099.4316s
	iters: 800, epoch: 14 | loss: 0.1324345
	speed: 0.0587s/iter; left time: 1089.3895s
	iters: 900, epoch: 14 | loss: 0.1402662
	speed: 0.0595s/iter; left time: 1097.1141s
	iters: 1000, epoch: 14 | loss: 0.1275939
	speed: 0.0572s/iter; left time: 1048.7666s
	iters: 1100, epoch: 14 | loss: 0.1229555
	speed: 0.0549s/iter; left time: 1002.4049s
Epoch: 14 cost time: 68.91445064544678
Epoch: 14, Steps: 1138 | Train Loss: 0.1257663 Vali Loss: 0.1165288 Test Loss: 0.1343373
Validation loss decreased (0.116553 --> 0.116529).  Saving model ...
Updating learning rate to 6.103515625e-08
	iters: 100, epoch: 15 | loss: 0.1235057
	speed: 0.5807s/iter; left time: 10515.1771s
	iters: 200, epoch: 15 | loss: 0.1330823
	speed: 0.1017s/iter; left time: 1831.8233s
	iters: 300, epoch: 15 | loss: 0.1197030
	speed: 0.0789s/iter; left time: 1413.5562s
	iters: 400, epoch: 15 | loss: 0.1327853
	speed: 0.0553s/iter; left time: 985.4493s
	iters: 500, epoch: 15 | loss: 0.1261582
	speed: 0.0574s/iter; left time: 1016.3870s
	iters: 600, epoch: 15 | loss: 0.1117363
	speed: 0.0574s/iter; left time: 1010.8913s
	iters: 700, epoch: 15 | loss: 0.1397044
	speed: 0.0582s/iter; left time: 1018.7061s
	iters: 800, epoch: 15 | loss: 0.1334434
	speed: 0.0553s/iter; left time: 962.1818s
	iters: 900, epoch: 15 | loss: 0.1148151
	speed: 0.0559s/iter; left time: 967.6827s
	iters: 1000, epoch: 15 | loss: 0.1276774
	speed: 0.0548s/iter; left time: 942.3700s
	iters: 1100, epoch: 15 | loss: 0.1232122
	speed: 0.0576s/iter; left time: 986.2632s
Epoch: 15 cost time: 74.17867302894592
Epoch: 15, Steps: 1138 | Train Loss: 0.1257537 Vali Loss: 0.1165870 Test Loss: 0.1343385
EarlyStopping counter: 1 out of 10
Updating learning rate to 3.0517578125e-08
	iters: 100, epoch: 16 | loss: 0.1222448
	speed: 0.5289s/iter; left time: 8975.4859s
	iters: 200, epoch: 16 | loss: 0.1209329
	speed: 0.0825s/iter; left time: 1392.6592s
	iters: 300, epoch: 16 | loss: 0.1111463
	speed: 0.0753s/iter; left time: 1263.0561s
	iters: 400, epoch: 16 | loss: 0.1266099
	speed: 0.0752s/iter; left time: 1253.4397s
	iters: 500, epoch: 16 | loss: 0.1266551
	speed: 0.0842s/iter; left time: 1395.7213s
	iters: 600, epoch: 16 | loss: 0.1267007
	speed: 0.0770s/iter; left time: 1267.7164s
	iters: 700, epoch: 16 | loss: 0.1154071
	speed: 0.0624s/iter; left time: 1020.7704s
	iters: 800, epoch: 16 | loss: 0.1212647
	speed: 0.0649s/iter; left time: 1056.1367s
	iters: 900, epoch: 16 | loss: 0.1219440
	speed: 0.0595s/iter; left time: 961.7541s
	iters: 1000, epoch: 16 | loss: 0.1357856
	speed: 0.0600s/iter; left time: 964.6604s
	iters: 1100, epoch: 16 | loss: 0.1238058
	speed: 0.0597s/iter; left time: 953.0798s
Epoch: 16 cost time: 78.38795256614685
Epoch: 16, Steps: 1138 | Train Loss: 0.1257495 Vali Loss: 0.1166154 Test Loss: 0.1343405
EarlyStopping counter: 2 out of 10
Updating learning rate to 1.52587890625e-08
	iters: 100, epoch: 17 | loss: 0.1214179
	speed: 0.5364s/iter; left time: 8492.0884s
	iters: 200, epoch: 17 | loss: 0.1181808
	speed: 0.0526s/iter; left time: 827.8393s
	iters: 300, epoch: 17 | loss: 0.1281896
	speed: 0.0529s/iter; left time: 827.3734s
	iters: 400, epoch: 17 | loss: 0.1236465
	speed: 0.0599s/iter; left time: 930.3645s
	iters: 500, epoch: 17 | loss: 0.1331848
	speed: 0.0810s/iter; left time: 1250.4211s
	iters: 600, epoch: 17 | loss: 0.1326889
	speed: 0.0879s/iter; left time: 1347.1738s
	iters: 700, epoch: 17 | loss: 0.1314860
	speed: 0.0846s/iter; left time: 1288.7815s
	iters: 800, epoch: 17 | loss: 0.1211963
	speed: 0.0772s/iter; left time: 1167.8478s
	iters: 900, epoch: 17 | loss: 0.1318820
	speed: 0.0703s/iter; left time: 1056.9726s
	iters: 1000, epoch: 17 | loss: 0.1358706
	speed: 0.0633s/iter; left time: 945.4852s
	iters: 1100, epoch: 17 | loss: 0.1156788
	speed: 0.0616s/iter; left time: 913.9275s
Epoch: 17 cost time: 76.62683176994324
Epoch: 17, Steps: 1138 | Train Loss: 0.1257651 Vali Loss: 0.1165952 Test Loss: 0.1343410
EarlyStopping counter: 3 out of 10
Updating learning rate to 7.62939453125e-09
	iters: 100, epoch: 18 | loss: 0.1215288
	speed: 0.5260s/iter; left time: 7729.4818s
	iters: 200, epoch: 18 | loss: 0.1284055
	speed: 0.0542s/iter; left time: 791.3322s
	iters: 300, epoch: 18 | loss: 0.1199017
	speed: 0.0584s/iter; left time: 846.6980s
	iters: 400, epoch: 18 | loss: 0.1141689
	speed: 0.0547s/iter; left time: 787.1180s
	iters: 500, epoch: 18 | loss: 0.1566002
	speed: 0.0593s/iter; left time: 847.7916s
	iters: 600, epoch: 18 | loss: 0.1374684
	speed: 0.0688s/iter; left time: 976.0083s
	iters: 700, epoch: 18 | loss: 0.1337242
	speed: 0.0686s/iter; left time: 967.3850s
	iters: 800, epoch: 18 | loss: 0.1301067
	speed: 0.0727s/iter; left time: 1017.4788s
	iters: 900, epoch: 18 | loss: 0.1410393
	speed: 0.0820s/iter; left time: 1139.4064s
	iters: 1000, epoch: 18 | loss: 0.1145875
	speed: 0.0856s/iter; left time: 1181.0796s
	iters: 1100, epoch: 18 | loss: 0.1402333
	speed: 0.0759s/iter; left time: 1039.9065s
Epoch: 18 cost time: 76.50994205474854
Epoch: 18, Steps: 1138 | Train Loss: 0.1257592 Vali Loss: 0.1166046 Test Loss: 0.1343416
EarlyStopping counter: 4 out of 10
Updating learning rate to 3.814697265625e-09
	iters: 100, epoch: 19 | loss: 0.1210299
	speed: 0.6739s/iter; left time: 9136.1543s
	iters: 200, epoch: 19 | loss: 0.1281169
	speed: 0.0536s/iter; left time: 721.1339s
	iters: 300, epoch: 19 | loss: 0.1255179
	speed: 0.0540s/iter; left time: 721.8076s
	iters: 400, epoch: 19 | loss: 0.1311477
	speed: 0.0539s/iter; left time: 714.7010s
	iters: 500, epoch: 19 | loss: 0.1172069
	speed: 0.0523s/iter; left time: 687.7267s
	iters: 600, epoch: 19 | loss: 0.1583808
	speed: 0.0534s/iter; left time: 697.2822s
	iters: 700, epoch: 19 | loss: 0.1249712
	speed: 0.0536s/iter; left time: 695.0880s
	iters: 800, epoch: 19 | loss: 0.1143477
	speed: 0.0576s/iter; left time: 740.7175s
	iters: 900, epoch: 19 | loss: 0.1252349
	speed: 0.0756s/iter; left time: 963.9951s
	iters: 1000, epoch: 19 | loss: 0.1216656
	speed: 0.0720s/iter; left time: 910.8186s
	iters: 1100, epoch: 19 | loss: 0.1281732
	speed: 0.0687s/iter; left time: 862.8101s
Epoch: 19 cost time: 67.44446086883545
Epoch: 19, Steps: 1138 | Train Loss: 0.1257502 Vali Loss: 0.1166032 Test Loss: 0.1343417
EarlyStopping counter: 5 out of 10
Updating learning rate to 1.9073486328125e-09
	iters: 100, epoch: 20 | loss: 0.1291025
	speed: 0.6362s/iter; left time: 7901.4659s
	iters: 200, epoch: 20 | loss: 0.1138130
	speed: 0.0616s/iter; left time: 758.5573s
	iters: 300, epoch: 20 | loss: 0.1300183
	speed: 0.0599s/iter; left time: 732.2470s
	iters: 400, epoch: 20 | loss: 0.1176441
	speed: 0.0579s/iter; left time: 701.1055s
	iters: 500, epoch: 20 | loss: 0.1139840
	speed: 0.0572s/iter; left time: 687.1762s
	iters: 600, epoch: 20 | loss: 0.1196838
	speed: 0.0571s/iter; left time: 680.6689s
	iters: 700, epoch: 20 | loss: 0.1274507
	speed: 0.0567s/iter; left time: 670.2670s
	iters: 800, epoch: 20 | loss: 0.1328314
	speed: 0.0552s/iter; left time: 647.0305s
	iters: 900, epoch: 20 | loss: 0.1448729
	speed: 0.0645s/iter; left time: 749.6621s
	iters: 1000, epoch: 20 | loss: 0.1207798
	speed: 0.0673s/iter; left time: 775.6034s
	iters: 1100, epoch: 20 | loss: 0.1364850
	speed: 0.0708s/iter; left time: 808.2968s
Epoch: 20 cost time: 70.18821382522583
Epoch: 20, Steps: 1138 | Train Loss: 0.1257199 Vali Loss: 0.1165693 Test Loss: 0.1343417
EarlyStopping counter: 6 out of 10
Updating learning rate to 9.5367431640625e-10
	iters: 100, epoch: 21 | loss: 0.1266702
	speed: 0.6108s/iter; left time: 6890.2244s
	iters: 200, epoch: 21 | loss: 0.1188706
	speed: 0.0609s/iter; left time: 680.9958s
	iters: 300, epoch: 21 | loss: 0.1143651
	speed: 0.0609s/iter; left time: 675.1791s
	iters: 400, epoch: 21 | loss: 0.1297971
	speed: 0.0562s/iter; left time: 616.8685s
	iters: 500, epoch: 21 | loss: 0.1238504
	speed: 0.0557s/iter; left time: 605.6004s
	iters: 600, epoch: 21 | loss: 0.1221323
	speed: 0.0551s/iter; left time: 594.0935s
	iters: 700, epoch: 21 | loss: 0.1232547
	speed: 0.0559s/iter; left time: 596.5581s
	iters: 800, epoch: 21 | loss: 0.1178803
	speed: 0.0535s/iter; left time: 566.5726s
	iters: 900, epoch: 21 | loss: 0.1085761
	speed: 0.0528s/iter; left time: 553.8751s
	iters: 1000, epoch: 21 | loss: 0.1613844
	speed: 0.0583s/iter; left time: 605.6596s
	iters: 1100, epoch: 21 | loss: 0.1324465
	speed: 0.0583s/iter; left time: 599.2134s
Epoch: 21 cost time: 64.74599170684814
Epoch: 21, Steps: 1138 | Train Loss: 0.1257526 Vali Loss: 0.1166518 Test Loss: 0.1343417
EarlyStopping counter: 7 out of 10
Updating learning rate to 4.76837158203125e-10
	iters: 100, epoch: 22 | loss: 0.1363047
	speed: 0.5731s/iter; left time: 5813.0271s
	iters: 200, epoch: 22 | loss: 0.1283314
	speed: 0.0568s/iter; left time: 570.0846s
	iters: 300, epoch: 22 | loss: 0.1223978
	speed: 0.0570s/iter; left time: 567.0121s
	iters: 400, epoch: 22 | loss: 0.1268115
	speed: 0.0562s/iter; left time: 552.9016s
	iters: 500, epoch: 22 | loss: 0.1285712
	speed: 0.0560s/iter; left time: 545.4259s
	iters: 600, epoch: 22 | loss: 0.1300467
	speed: 0.0564s/iter; left time: 544.2021s
	iters: 700, epoch: 22 | loss: 0.1160246
	speed: 0.0555s/iter; left time: 530.0484s
	iters: 800, epoch: 22 | loss: 0.1349900
	speed: 0.0616s/iter; left time: 581.8283s
	iters: 900, epoch: 22 | loss: 0.1366519
	speed: 0.0620s/iter; left time: 579.3133s
	iters: 1000, epoch: 22 | loss: 0.1196157
	speed: 0.0584s/iter; left time: 540.1478s
	iters: 1100, epoch: 22 | loss: 0.1142776
	speed: 0.0554s/iter; left time: 506.1138s
Epoch: 22 cost time: 65.2847740650177
Epoch: 22, Steps: 1138 | Train Loss: 0.1257477 Vali Loss: 0.1165244 Test Loss: 0.1343417
Validation loss decreased (0.116529 --> 0.116524).  Saving model ...
Updating learning rate to 2.384185791015625e-10
	iters: 100, epoch: 23 | loss: 0.1181063
	speed: 0.5558s/iter; left time: 5005.0645s
	iters: 200, epoch: 23 | loss: 0.1378565
	speed: 0.0769s/iter; left time: 684.7939s
	iters: 300, epoch: 23 | loss: 0.1266638
	speed: 0.0555s/iter; left time: 488.6862s
	iters: 400, epoch: 23 | loss: 0.1120712
	speed: 0.0565s/iter; left time: 491.8589s
	iters: 500, epoch: 23 | loss: 0.1585027
	speed: 0.0546s/iter; left time: 469.6066s
	iters: 600, epoch: 23 | loss: 0.1019092
	speed: 0.0593s/iter; left time: 504.3822s
	iters: 700, epoch: 23 | loss: 0.1266381
	speed: 0.0595s/iter; left time: 500.2243s
	iters: 800, epoch: 23 | loss: 0.1224827
	speed: 0.0583s/iter; left time: 484.4485s
	iters: 900, epoch: 23 | loss: 0.1312947
	speed: 0.0587s/iter; left time: 482.0148s
	iters: 1000, epoch: 23 | loss: 0.1197383
	speed: 0.0584s/iter; left time: 473.3806s
	iters: 1100, epoch: 23 | loss: 0.1109977
	speed: 0.0578s/iter; left time: 462.6314s
Epoch: 23 cost time: 68.55729508399963
Epoch: 23, Steps: 1138 | Train Loss: 0.1257893 Vali Loss: 0.1166806 Test Loss: 0.1343417
EarlyStopping counter: 1 out of 10
Updating learning rate to 1.1920928955078125e-10
	iters: 100, epoch: 24 | loss: 0.1179042
	speed: 0.5234s/iter; left time: 4117.3503s
	iters: 200, epoch: 24 | loss: 0.1181238
	speed: 0.0808s/iter; left time: 627.7124s
	iters: 300, epoch: 24 | loss: 0.1020164
	speed: 0.0787s/iter; left time: 603.6586s
	iters: 400, epoch: 24 | loss: 0.1306454
	speed: 0.0630s/iter; left time: 476.3632s
	iters: 500, epoch: 24 | loss: 0.1067084
	speed: 0.0580s/iter; left time: 432.9617s
	iters: 600, epoch: 24 | loss: 0.1195113
	speed: 0.0567s/iter; left time: 417.8854s
	iters: 700, epoch: 24 | loss: 0.1211883
	speed: 0.0567s/iter; left time: 412.0405s
	iters: 800, epoch: 24 | loss: 0.1308136
	speed: 0.0571s/iter; left time: 409.0229s
	iters: 900, epoch: 24 | loss: 0.1146983
	speed: 0.0530s/iter; left time: 374.5927s
	iters: 1000, epoch: 24 | loss: 0.1232445
	speed: 0.0545s/iter; left time: 379.5924s
	iters: 1100, epoch: 24 | loss: 0.1400120
	speed: 0.0556s/iter; left time: 382.0341s
Epoch: 24 cost time: 70.52412438392639
Epoch: 24, Steps: 1138 | Train Loss: 0.1257376 Vali Loss: 0.1166731 Test Loss: 0.1343417
EarlyStopping counter: 2 out of 10
Updating learning rate to 5.960464477539063e-11
	iters: 100, epoch: 25 | loss: 0.1254873
	speed: 0.5370s/iter; left time: 3613.4935s
	iters: 200, epoch: 25 | loss: 0.1310273
	speed: 0.0727s/iter; left time: 482.1549s
	iters: 300, epoch: 25 | loss: 0.1151223
	speed: 0.0740s/iter; left time: 483.1482s
	iters: 400, epoch: 25 | loss: 0.1230427
	speed: 0.0579s/iter; left time: 371.9328s
	iters: 500, epoch: 25 | loss: 0.1320801
	speed: 0.0576s/iter; left time: 364.8004s
	iters: 600, epoch: 25 | loss: 0.1189453
	speed: 0.0590s/iter; left time: 367.7053s
	iters: 700, epoch: 25 | loss: 0.1259121
	speed: 0.0586s/iter; left time: 359.3811s
	iters: 800, epoch: 25 | loss: 0.1307402
	speed: 0.0584s/iter; left time: 352.2697s
	iters: 900, epoch: 25 | loss: 0.1287777
	speed: 0.0581s/iter; left time: 344.5998s
	iters: 1000, epoch: 25 | loss: 0.1504337
	speed: 0.0578s/iter; left time: 336.8361s
	iters: 1100, epoch: 25 | loss: 0.1300847
	speed: 0.0583s/iter; left time: 334.0964s
Epoch: 25 cost time: 70.29556703567505
Epoch: 25, Steps: 1138 | Train Loss: 0.1257311 Vali Loss: 0.1165750 Test Loss: 0.1343417
EarlyStopping counter: 3 out of 10
Updating learning rate to 2.980232238769531e-11
	iters: 100, epoch: 26 | loss: 0.1249538
	speed: 0.5275s/iter; left time: 2949.2883s
	iters: 200, epoch: 26 | loss: 0.1281292
	speed: 0.0775s/iter; left time: 425.4551s
	iters: 300, epoch: 26 | loss: 0.1183944
	speed: 0.0706s/iter; left time: 380.6035s
	iters: 400, epoch: 26 | loss: 0.1442814
	speed: 0.0588s/iter; left time: 310.9221s
	iters: 500, epoch: 26 | loss: 0.1181489
	speed: 0.0612s/iter; left time: 317.6592s
	iters: 600, epoch: 26 | loss: 0.1147441
	speed: 0.0614s/iter; left time: 312.7322s
	iters: 700, epoch: 26 | loss: 0.1226279
	speed: 0.0595s/iter; left time: 296.7527s
	iters: 800, epoch: 26 | loss: 0.1237357
	speed: 0.0563s/iter; left time: 275.2798s
	iters: 900, epoch: 26 | loss: 0.1103041
	speed: 0.0554s/iter; left time: 265.3863s
	iters: 1000, epoch: 26 | loss: 0.1349684
	speed: 0.0528s/iter; left time: 247.4554s
	iters: 1100, epoch: 26 | loss: 0.1299307
	speed: 0.0556s/iter; left time: 255.3572s
Epoch: 26 cost time: 70.54624271392822
Epoch: 26, Steps: 1138 | Train Loss: 0.1257672 Vali Loss: 0.1166079 Test Loss: 0.1343417
EarlyStopping counter: 4 out of 10
Updating learning rate to 1.4901161193847657e-11
	iters: 100, epoch: 27 | loss: 0.1264968
	speed: 0.5236s/iter; left time: 2331.3744s
	iters: 200, epoch: 27 | loss: 0.1362450
	speed: 0.0780s/iter; left time: 339.5904s
	iters: 300, epoch: 27 | loss: 0.1116887
	speed: 0.0763s/iter; left time: 324.6920s
	iters: 400, epoch: 27 | loss: 0.1216228
	speed: 0.0588s/iter; left time: 244.3331s
	iters: 500, epoch: 27 | loss: 0.1280965
	speed: 0.0566s/iter; left time: 229.2999s
	iters: 600, epoch: 27 | loss: 0.1287594
	speed: 0.0566s/iter; left time: 223.6939s
	iters: 700, epoch: 27 | loss: 0.1468700
	speed: 0.0564s/iter; left time: 217.2062s
	iters: 800, epoch: 27 | loss: 0.1242283
	speed: 0.0565s/iter; left time: 212.1969s
	iters: 900, epoch: 27 | loss: 0.1248557
	speed: 0.0561s/iter; left time: 205.0004s
	iters: 1000, epoch: 27 | loss: 0.1475373
	speed: 0.0560s/iter; left time: 199.0058s
	iters: 1100, epoch: 27 | loss: 0.1199833
	speed: 0.0560s/iter; left time: 193.2143s
Epoch: 27 cost time: 70.56753993034363
Epoch: 27, Steps: 1138 | Train Loss: 0.1257553 Vali Loss: 0.1166390 Test Loss: 0.1343417
EarlyStopping counter: 5 out of 10
Updating learning rate to 7.450580596923828e-12
	iters: 100, epoch: 28 | loss: 0.1301129
	speed: 0.5253s/iter; left time: 1741.4934s
	iters: 200, epoch: 28 | loss: 0.1210167
	speed: 0.0723s/iter; left time: 232.4827s
	iters: 300, epoch: 28 | loss: 0.1205305
	speed: 0.0764s/iter; left time: 238.0073s
	iters: 400, epoch: 28 | loss: 0.1293010
	speed: 0.0616s/iter; left time: 185.6503s
	iters: 500, epoch: 28 | loss: 0.1123965
	speed: 0.0573s/iter; left time: 167.0462s
	iters: 600, epoch: 28 | loss: 0.1259281
	speed: 0.0623s/iter; left time: 175.2625s
	iters: 700, epoch: 28 | loss: 0.1268681
	speed: 0.0543s/iter; left time: 147.5325s
	iters: 800, epoch: 28 | loss: 0.1160123
	speed: 0.0555s/iter; left time: 145.1907s
	iters: 900, epoch: 28 | loss: 0.1276539
	speed: 0.0554s/iter; left time: 139.3503s
	iters: 1000, epoch: 28 | loss: 0.1082852
	speed: 0.0555s/iter; left time: 134.1093s
	iters: 1100, epoch: 28 | loss: 0.1044475
	speed: 0.0561s/iter; left time: 129.9358s
Epoch: 28 cost time: 69.52167797088623
Epoch: 28, Steps: 1138 | Train Loss: 0.1257632 Vali Loss: 0.1166617 Test Loss: 0.1343417
EarlyStopping counter: 6 out of 10
Updating learning rate to 3.725290298461914e-12
	iters: 100, epoch: 29 | loss: 0.1074038
	speed: 0.5331s/iter; left time: 1160.4875s
	iters: 200, epoch: 29 | loss: 0.1366490
	speed: 0.0731s/iter; left time: 151.7597s
	iters: 300, epoch: 29 | loss: 0.1188415
	speed: 0.0725s/iter; left time: 143.2907s
	iters: 400, epoch: 29 | loss: 0.1035936
	speed: 0.0589s/iter; left time: 110.6123s
	iters: 500, epoch: 29 | loss: 0.1286083
	speed: 0.0607s/iter; left time: 107.8211s
	iters: 600, epoch: 29 | loss: 0.1186729
	speed: 0.0694s/iter; left time: 116.4285s
	iters: 700, epoch: 29 | loss: 0.1275906
	speed: 0.0627s/iter; left time: 98.8609s
	iters: 800, epoch: 29 | loss: 0.1353511
	speed: 0.0581s/iter; left time: 85.8245s
	iters: 900, epoch: 29 | loss: 0.1094258
	speed: 0.0563s/iter; left time: 77.4967s
	iters: 1000, epoch: 29 | loss: 0.1198637
	speed: 0.0558s/iter; left time: 71.2131s
	iters: 1100, epoch: 29 | loss: 0.1121350
	speed: 0.0563s/iter; left time: 66.2766s
Epoch: 29 cost time: 71.56909322738647
Epoch: 29, Steps: 1138 | Train Loss: 0.1257454 Vali Loss: 0.1166574 Test Loss: 0.1343417
EarlyStopping counter: 7 out of 10
Updating learning rate to 1.862645149230957e-12
	iters: 100, epoch: 30 | loss: 0.1315248
	speed: 0.5259s/iter; left time: 546.3687s
	iters: 200, epoch: 30 | loss: 0.1274418
	speed: 0.0705s/iter; left time: 66.1991s
	iters: 300, epoch: 30 | loss: 0.1139755
	speed: 0.0689s/iter; left time: 57.8473s
	iters: 400, epoch: 30 | loss: 0.1293291
	speed: 0.0563s/iter; left time: 41.5938s
	iters: 500, epoch: 30 | loss: 0.1227340
	speed: 0.0612s/iter; left time: 39.0813s
	iters: 600, epoch: 30 | loss: 0.1271127
	speed: 0.0582s/iter; left time: 31.3729s
	iters: 700, epoch: 30 | loss: 0.1415095
	speed: 0.0587s/iter; left time: 25.7733s
	iters: 800, epoch: 30 | loss: 0.1230231
	speed: 0.0563s/iter; left time: 19.0992s
	iters: 900, epoch: 30 | loss: 0.1223133
	speed: 0.0536s/iter; left time: 12.8007s
	iters: 1000, epoch: 30 | loss: 0.1305776
	speed: 0.0531s/iter; left time: 7.3792s
	iters: 1100, epoch: 30 | loss: 0.1127164
	speed: 0.0499s/iter; left time: 1.9475s
Epoch: 30 cost time: 67.7589168548584
Epoch: 30, Steps: 1138 | Train Loss: 0.1257711 Vali Loss: 0.1165700 Test Loss: 0.1343417
EarlyStopping counter: 8 out of 10
Updating learning rate to 9.313225746154785e-13
>>>>>>>testing : ECL_96_96_FCA_v1_custom_M_ft96_sl48_ll96_pl490_dm10_nh3_el1_dl512_df1_fctimeF_ebTrue_dtExp_projection_0<<<<<<<<<<<<<<<<<<<<<<<<<<<<<<<<<
test 5165
test shape: (5165, 1, 96, 321) (5165, 1, 96, 321)
test shape: (5165, 96, 321) (5165, 96, 321)
mse:0.1343415528535843, mae:0.23148633539676666
