Args in experiment:
Namespace(Decomposition=1, activation='gelu', batch_size=32, c_out=7, channel_independence=False, checkpoints='./checkpoints/', class_strategy='projection', d_ff=256, d_layers=1, d_model=245, d_ortho=49, data='ETTh1', data_path='ETTh1.csv', dec_in=7, des='Exp', devices='0,1', distil=True, do_predict=False, dropout=0.1, e_layers=2, efficient_training=False, embed='timeF', enc_in=7, exp_name='MTSF', factor=1, features='M', freq='h', gpu=0, inverse=False, is_training=1, itr=1, kernel_size=25, label_len=48, learning_rate=0.0001, loss='MSE', lradj='type1', model='FCA_v1', model_id='ETTh1_96_192', moving_avg=25, n_heads=5, num_workers=10, output_attention=False, partial_start_index=0, patience=10, pred_len=192, root_path='/data1/mazc/whxProject/Dataset/', seq_len=96, target='OT', target_data_path='electricity.csv', target_root_path='./data/electricity/', train_epochs=30, use_amp=False, use_gpu=True, use_multi_gpu=False, use_norm=True)
Use GPU: cuda:0
>>>>>>>start training : ETTh1_96_192_FCA_v1_ETTh1_M_ft96_sl48_ll192_pl245_dm5_nh2_el1_dl256_df1_fctimeF_ebTrue_dtExp_projection_0>>>>>>>>>>>>>>>>>>>>>>>>>>
train 8353
val 2689
test 2689
	iters: 100, epoch: 1 | loss: 0.4804945
	speed: 0.0461s/iter; left time: 356.1630s
	iters: 200, epoch: 1 | loss: 0.4190839
	speed: 0.0186s/iter; left time: 142.2548s
Epoch: 1 cost time: 7.784289836883545
Epoch: 1, Steps: 261 | Train Loss: 0.4895918 Vali Loss: 1.0189093 Test Loss: 0.4509528
Validation loss decreased (inf --> 1.018909).  Saving model ...
Updating learning rate to 0.0001
	iters: 100, epoch: 2 | loss: 0.3934856
	speed: 0.2188s/iter; left time: 1634.5363s
	iters: 200, epoch: 2 | loss: 0.3567338
	speed: 0.0182s/iter; left time: 134.2280s
Epoch: 2 cost time: 5.6047422885894775
Epoch: 2, Steps: 261 | Train Loss: 0.4366788 Vali Loss: 1.0002203 Test Loss: 0.4391868
Validation loss decreased (1.018909 --> 1.000220).  Saving model ...
Updating learning rate to 5e-05
	iters: 100, epoch: 3 | loss: 0.4633277
	speed: 0.2145s/iter; left time: 1546.6617s
	iters: 200, epoch: 3 | loss: 0.3585760
	speed: 0.0181s/iter; left time: 128.4757s
Epoch: 3 cost time: 5.524924039840698
Epoch: 3, Steps: 261 | Train Loss: 0.4266173 Vali Loss: 0.9967103 Test Loss: 0.4359423
Validation loss decreased (1.000220 --> 0.996710).  Saving model ...
Updating learning rate to 2.5e-05
	iters: 100, epoch: 4 | loss: 0.3943709
	speed: 0.2159s/iter; left time: 1500.3410s
	iters: 200, epoch: 4 | loss: 0.3823687
	speed: 0.0172s/iter; left time: 117.8595s
Epoch: 4 cost time: 5.277050495147705
Epoch: 4, Steps: 261 | Train Loss: 0.4222868 Vali Loss: 0.9956639 Test Loss: 0.4358132
Validation loss decreased (0.996710 --> 0.995664).  Saving model ...
Updating learning rate to 1.25e-05
	iters: 100, epoch: 5 | loss: 0.4433679
	speed: 0.2248s/iter; left time: 1503.4677s
	iters: 200, epoch: 5 | loss: 0.3309520
	speed: 0.0177s/iter; left time: 116.3616s
Epoch: 5 cost time: 5.483048439025879
Epoch: 5, Steps: 261 | Train Loss: 0.4206716 Vali Loss: 0.9953393 Test Loss: 0.4354063
Validation loss decreased (0.995664 --> 0.995339).  Saving model ...
Updating learning rate to 6.25e-06
	iters: 100, epoch: 6 | loss: 0.4417754
	speed: 0.2172s/iter; left time: 1395.4559s
	iters: 200, epoch: 6 | loss: 0.3874205
	speed: 0.0177s/iter; left time: 111.7186s
Epoch: 6 cost time: 5.411954164505005
Epoch: 6, Steps: 261 | Train Loss: 0.4194386 Vali Loss: 0.9952713 Test Loss: 0.4346177
Validation loss decreased (0.995339 --> 0.995271).  Saving model ...
Updating learning rate to 3.125e-06
	iters: 100, epoch: 7 | loss: 0.4301951
	speed: 0.2176s/iter; left time: 1341.4925s
	iters: 200, epoch: 7 | loss: 0.5240979
	speed: 0.0178s/iter; left time: 107.7462s
Epoch: 7 cost time: 5.2458391189575195
Epoch: 7, Steps: 261 | Train Loss: 0.4190676 Vali Loss: 0.9950019 Test Loss: 0.4344940
Validation loss decreased (0.995271 --> 0.995002).  Saving model ...
Updating learning rate to 1.5625e-06
	iters: 100, epoch: 8 | loss: 0.4341178
	speed: 0.2205s/iter; left time: 1301.8583s
	iters: 200, epoch: 8 | loss: 0.3754156
	speed: 0.0174s/iter; left time: 101.1039s
Epoch: 8 cost time: 5.481781244277954
Epoch: 8, Steps: 261 | Train Loss: 0.4187487 Vali Loss: 0.9947301 Test Loss: 0.4344192
Validation loss decreased (0.995002 --> 0.994730).  Saving model ...
Updating learning rate to 7.8125e-07
	iters: 100, epoch: 9 | loss: 0.4227896
	speed: 0.2243s/iter; left time: 1265.9938s
	iters: 200, epoch: 9 | loss: 0.3774147
	speed: 0.0180s/iter; left time: 99.9914s
Epoch: 9 cost time: 5.872375249862671
Epoch: 9, Steps: 261 | Train Loss: 0.4187095 Vali Loss: 0.9945842 Test Loss: 0.4344188
Validation loss decreased (0.994730 --> 0.994584).  Saving model ...
Updating learning rate to 3.90625e-07
	iters: 100, epoch: 10 | loss: 0.4132753
	speed: 0.2144s/iter; left time: 1153.8143s
	iters: 200, epoch: 10 | loss: 0.4632309
	speed: 0.0182s/iter; left time: 96.1706s
Epoch: 10 cost time: 5.566487073898315
Epoch: 10, Steps: 261 | Train Loss: 0.4185659 Vali Loss: 0.9947127 Test Loss: 0.4344149
EarlyStopping counter: 1 out of 10
Updating learning rate to 1.953125e-07
	iters: 100, epoch: 11 | loss: 0.4456180
	speed: 0.2128s/iter; left time: 1089.7156s
	iters: 200, epoch: 11 | loss: 0.4356040
	speed: 0.0227s/iter; left time: 113.8517s
Epoch: 11 cost time: 6.0226733684539795
Epoch: 11, Steps: 261 | Train Loss: 0.4182970 Vali Loss: 0.9945230 Test Loss: 0.4344138
Validation loss decreased (0.994584 --> 0.994523).  Saving model ...
Updating learning rate to 9.765625e-08
	iters: 100, epoch: 12 | loss: 0.4378092
	speed: 0.2059s/iter; left time: 1000.4750s
	iters: 200, epoch: 12 | loss: 0.3899963
	speed: 0.0232s/iter; left time: 110.5541s
Epoch: 12 cost time: 6.411142349243164
Epoch: 12, Steps: 261 | Train Loss: 0.4186772 Vali Loss: 0.9944316 Test Loss: 0.4344084
Validation loss decreased (0.994523 --> 0.994432).  Saving model ...
Updating learning rate to 4.8828125e-08
	iters: 100, epoch: 13 | loss: 0.4152390
	speed: 0.2233s/iter; left time: 1026.9763s
	iters: 200, epoch: 13 | loss: 0.4606572
	speed: 0.0194s/iter; left time: 87.0624s
Epoch: 13 cost time: 6.186280727386475
Epoch: 13, Steps: 261 | Train Loss: 0.4183737 Vali Loss: 0.9942681 Test Loss: 0.4344072
Validation loss decreased (0.994432 --> 0.994268).  Saving model ...
Updating learning rate to 2.44140625e-08
	iters: 100, epoch: 14 | loss: 0.4102884
	speed: 0.2233s/iter; left time: 968.7056s
	iters: 200, epoch: 14 | loss: 0.4020399
	speed: 0.0225s/iter; left time: 95.2283s
Epoch: 14 cost time: 6.588002681732178
Epoch: 14, Steps: 261 | Train Loss: 0.4185201 Vali Loss: 0.9942604 Test Loss: 0.4344062
Validation loss decreased (0.994268 --> 0.994260).  Saving model ...
Updating learning rate to 1.220703125e-08
	iters: 100, epoch: 15 | loss: 0.4385455
	speed: 0.2201s/iter; left time: 897.3651s
	iters: 200, epoch: 15 | loss: 0.4362912
	speed: 0.0230s/iter; left time: 91.6465s
Epoch: 15 cost time: 6.7174036502838135
Epoch: 15, Steps: 261 | Train Loss: 0.4185845 Vali Loss: 0.9946105 Test Loss: 0.4344059
EarlyStopping counter: 1 out of 10
Updating learning rate to 6.103515625e-09
	iters: 100, epoch: 16 | loss: 0.4006112
	speed: 0.2056s/iter; left time: 784.5757s
	iters: 200, epoch: 16 | loss: 0.4431955
	speed: 0.0215s/iter; left time: 79.8105s
Epoch: 16 cost time: 6.570635795593262
Epoch: 16, Steps: 261 | Train Loss: 0.4185605 Vali Loss: 0.9946729 Test Loss: 0.4344060
EarlyStopping counter: 2 out of 10
Updating learning rate to 3.0517578125e-09
	iters: 100, epoch: 17 | loss: 0.4565344
	speed: 0.2180s/iter; left time: 774.9527s
	iters: 200, epoch: 17 | loss: 0.4065074
	speed: 0.0205s/iter; left time: 70.9055s
Epoch: 17 cost time: 6.6169655323028564
Epoch: 17, Steps: 261 | Train Loss: 0.4186745 Vali Loss: 0.9947454 Test Loss: 0.4344059
EarlyStopping counter: 3 out of 10
Updating learning rate to 1.52587890625e-09
	iters: 100, epoch: 18 | loss: 0.3635651
	speed: 0.2260s/iter; left time: 744.5114s
	iters: 200, epoch: 18 | loss: 0.4714682
	speed: 0.0201s/iter; left time: 64.2076s
Epoch: 18 cost time: 6.195735454559326
Epoch: 18, Steps: 261 | Train Loss: 0.4185188 Vali Loss: 0.9941904 Test Loss: 0.4344059
Validation loss decreased (0.994260 --> 0.994190).  Saving model ...
Updating learning rate to 7.62939453125e-10
	iters: 100, epoch: 19 | loss: 0.3973822
	speed: 0.2105s/iter; left time: 638.5035s
	iters: 200, epoch: 19 | loss: 0.3419704
	speed: 0.0187s/iter; left time: 54.8672s
Epoch: 19 cost time: 5.503893852233887
Epoch: 19, Steps: 261 | Train Loss: 0.4183202 Vali Loss: 0.9947473 Test Loss: 0.4344059
EarlyStopping counter: 1 out of 10
Updating learning rate to 3.814697265625e-10
	iters: 100, epoch: 20 | loss: 0.3839283
	speed: 0.2257s/iter; left time: 625.5331s
	iters: 200, epoch: 20 | loss: 0.3918066
	speed: 0.0234s/iter; left time: 62.6039s
Epoch: 20 cost time: 7.213976144790649
Epoch: 20, Steps: 261 | Train Loss: 0.4185100 Vali Loss: 0.9946591 Test Loss: 0.4344059
EarlyStopping counter: 2 out of 10
Updating learning rate to 1.9073486328125e-10
	iters: 100, epoch: 21 | loss: 0.4622265
	speed: 0.2092s/iter; left time: 525.3745s
	iters: 200, epoch: 21 | loss: 0.3818922
	speed: 0.0210s/iter; left time: 50.6124s
Epoch: 21 cost time: 6.301677227020264
Epoch: 21, Steps: 261 | Train Loss: 0.4184937 Vali Loss: 0.9941722 Test Loss: 0.4344059
Validation loss decreased (0.994190 --> 0.994172).  Saving model ...
Updating learning rate to 9.5367431640625e-11
	iters: 100, epoch: 22 | loss: 0.4180679
	speed: 0.1792s/iter; left time: 403.2657s
	iters: 200, epoch: 22 | loss: 0.4645641
	speed: 0.0179s/iter; left time: 38.4162s
Epoch: 22 cost time: 5.556411027908325
Epoch: 22, Steps: 261 | Train Loss: 0.4183693 Vali Loss: 0.9942984 Test Loss: 0.4344059
EarlyStopping counter: 1 out of 10
Updating learning rate to 4.76837158203125e-11
	iters: 100, epoch: 23 | loss: 0.4359288
	speed: 0.1850s/iter; left time: 368.0078s
	iters: 200, epoch: 23 | loss: 0.3727164
	speed: 0.0161s/iter; left time: 30.5053s
Epoch: 23 cost time: 4.927580118179321
Epoch: 23, Steps: 261 | Train Loss: 0.4187088 Vali Loss: 0.9940748 Test Loss: 0.4344059
Validation loss decreased (0.994172 --> 0.994075).  Saving model ...
Updating learning rate to 2.384185791015625e-11
	iters: 100, epoch: 24 | loss: 0.4426284
	speed: 0.1944s/iter; left time: 335.9039s
	iters: 200, epoch: 24 | loss: 0.3824369
	speed: 0.0200s/iter; left time: 32.5659s
Epoch: 24 cost time: 6.430622339248657
Epoch: 24, Steps: 261 | Train Loss: 0.4186338 Vali Loss: 0.9945689 Test Loss: 0.4344059
EarlyStopping counter: 1 out of 10
Updating learning rate to 1.1920928955078126e-11
	iters: 100, epoch: 25 | loss: 0.4910764
	speed: 0.1808s/iter; left time: 265.2099s
	iters: 200, epoch: 25 | loss: 0.4530251
	speed: 0.0137s/iter; left time: 18.7857s
Epoch: 25 cost time: 4.520931720733643
Epoch: 25, Steps: 261 | Train Loss: 0.4183663 Vali Loss: 0.9945304 Test Loss: 0.4344059
EarlyStopping counter: 2 out of 10
Updating learning rate to 5.960464477539063e-12
	iters: 100, epoch: 26 | loss: 0.3420504
	speed: 0.1811s/iter; left time: 218.3468s
	iters: 200, epoch: 26 | loss: 0.4668521
	speed: 0.0134s/iter; left time: 14.8638s
Epoch: 26 cost time: 4.29861307144165
Epoch: 26, Steps: 261 | Train Loss: 0.4185472 Vali Loss: 0.9944793 Test Loss: 0.4344059
EarlyStopping counter: 3 out of 10
Updating learning rate to 2.9802322387695314e-12
	iters: 100, epoch: 27 | loss: 0.4666241
	speed: 0.1769s/iter; left time: 167.1276s
	iters: 200, epoch: 27 | loss: 0.4009980
	speed: 0.0134s/iter; left time: 11.2892s
Epoch: 27 cost time: 4.305774211883545
Epoch: 27, Steps: 261 | Train Loss: 0.4184644 Vali Loss: 0.9946352 Test Loss: 0.4344059
EarlyStopping counter: 4 out of 10
Updating learning rate to 1.4901161193847657e-12
	iters: 100, epoch: 28 | loss: 0.4180595
	speed: 0.1976s/iter; left time: 135.1508s
	iters: 200, epoch: 28 | loss: 0.3809710
	speed: 0.0200s/iter; left time: 11.7088s
Epoch: 28 cost time: 5.74571681022644
Epoch: 28, Steps: 261 | Train Loss: 0.4185340 Vali Loss: 0.9946902 Test Loss: 0.4344059
EarlyStopping counter: 5 out of 10
Updating learning rate to 7.450580596923828e-13
	iters: 100, epoch: 29 | loss: 0.4254373
	speed: 0.1949s/iter; left time: 82.4474s
	iters: 200, epoch: 29 | loss: 0.4329946
	speed: 0.0133s/iter; left time: 4.3120s
Epoch: 29 cost time: 4.418911695480347
Epoch: 29, Steps: 261 | Train Loss: 0.4187157 Vali Loss: 0.9946628 Test Loss: 0.4344059
EarlyStopping counter: 6 out of 10
Updating learning rate to 3.725290298461914e-13
	iters: 100, epoch: 30 | loss: 0.4457520
	speed: 0.1882s/iter; left time: 30.4915s
	iters: 200, epoch: 30 | loss: 0.3518364
	speed: 0.0132s/iter; left time: 0.8213s
Epoch: 30 cost time: 4.317249536514282
Epoch: 30, Steps: 261 | Train Loss: 0.4187676 Vali Loss: 0.9943168 Test Loss: 0.4344059
EarlyStopping counter: 7 out of 10
Updating learning rate to 1.862645149230957e-13
>>>>>>>testing : ETTh1_96_192_FCA_v1_ETTh1_M_ft96_sl48_ll192_pl245_dm5_nh2_el1_dl256_df1_fctimeF_ebTrue_dtExp_projection_0<<<<<<<<<<<<<<<<<<<<<<<<<<<<<<<<<
test 2689
test shape: (2689, 1, 192, 7) (2689, 1, 192, 7)
test shape: (2689, 192, 7) (2689, 192, 7)
mse:0.43440577387809753, mae:0.4288637638092041
