Args in experiment:
Namespace(Decomposition=1, activation='gelu', batch_size=32, c_out=7, channel_independence=False, checkpoints='./checkpoints/', class_strategy='projection', d_ff=128, d_layers=1, d_model=147, d_ortho=49, data='ETTm1', data_path='ETTm1.csv', dec_in=7, des='Exp', devices='0,1', distil=True, do_predict=False, dropout=0.1, e_layers=2, efficient_training=False, embed='timeF', enc_in=7, exp_name='MTSF', factor=1, features='M', freq='h', gpu=0, inverse=False, is_training=1, itr=1, kernel_size=25, label_len=48, learning_rate=0.0001, loss='MSE', lradj='type1', model='FCA_v1', model_id='ETTm1_96_336', moving_avg=25, n_heads=3, num_workers=10, output_attention=False, partial_start_index=0, patience=10, pred_len=336, root_path='/data1/mazc/whxProject/Dataset/', seq_len=96, target='OT', target_data_path='electricity.csv', target_root_path='./data/electricity/', train_epochs=30, use_amp=False, use_gpu=True, use_multi_gpu=False, use_norm=True)
Use GPU: cuda:0
>>>>>>>start training : ETTm1_96_336_FCA_v1_ETTm1_M_ft96_sl48_ll336_pl147_dm3_nh2_el1_dl128_df1_fctimeF_ebTrue_dtExp_projection_0>>>>>>>>>>>>>>>>>>>>>>>>>>
train 34129
val 11185
test 11185
	iters: 100, epoch: 1 | loss: 0.6029518
	speed: 0.3055s/iter; left time: 9739.3144s
	iters: 200, epoch: 1 | loss: 0.3817072
	speed: 0.1479s/iter; left time: 4700.7230s
	iters: 300, epoch: 1 | loss: 0.4615616
	speed: 0.1605s/iter; left time: 5083.9603s
	iters: 400, epoch: 1 | loss: 0.4720632
	speed: 0.1918s/iter; left time: 6058.6059s
	iters: 500, epoch: 1 | loss: 0.5299122
	speed: 0.1991s/iter; left time: 6268.6426s
	iters: 600, epoch: 1 | loss: 0.3854658
	speed: 0.1739s/iter; left time: 5457.2358s
	iters: 700, epoch: 1 | loss: 0.3784950
	speed: 0.1694s/iter; left time: 5298.8752s
	iters: 800, epoch: 1 | loss: 0.4715751
	speed: 0.1808s/iter; left time: 5638.4260s
	iters: 900, epoch: 1 | loss: 0.3995051
	speed: 0.2055s/iter; left time: 6387.6620s
	iters: 1000, epoch: 1 | loss: 0.4797707
	speed: 0.1870s/iter; left time: 5792.4453s
Epoch: 1 cost time: 204.05409932136536
Epoch: 1, Steps: 1066 | Train Loss: 0.4383238 Vali Loss: 0.6794426 Test Loss: 0.4219766
Validation loss decreased (inf --> 0.679443).  Saving model ...
Updating learning rate to 0.0001
	iters: 100, epoch: 2 | loss: 0.4033855
	speed: 4.0336s/iter; left time: 124295.3311s
	iters: 200, epoch: 2 | loss: 0.3010617
	speed: 0.2201s/iter; left time: 6760.6122s
	iters: 300, epoch: 2 | loss: 0.4542601
	speed: 0.1841s/iter; left time: 5637.5128s
	iters: 400, epoch: 2 | loss: 0.4129819
	speed: 0.1940s/iter; left time: 5921.2409s
	iters: 500, epoch: 2 | loss: 0.3634715
	speed: 0.2080s/iter; left time: 6325.3422s
	iters: 600, epoch: 2 | loss: 0.4481873
	speed: 0.2011s/iter; left time: 6096.2328s
	iters: 700, epoch: 2 | loss: 0.3668197
	speed: 0.1948s/iter; left time: 5886.1048s
	iters: 800, epoch: 2 | loss: 0.4457862
	speed: 0.1939s/iter; left time: 5837.8123s
	iters: 900, epoch: 2 | loss: 0.3863298
	speed: 0.1802s/iter; left time: 5407.5082s
	iters: 1000, epoch: 2 | loss: 0.4127176
	speed: 0.2059s/iter; left time: 6160.9032s
Epoch: 2 cost time: 216.9576587677002
Epoch: 2, Steps: 1066 | Train Loss: 0.4013449 Vali Loss: 0.6664621 Test Loss: 0.4128570
Validation loss decreased (0.679443 --> 0.666462).  Saving model ...
Updating learning rate to 5e-05
	iters: 100, epoch: 3 | loss: 0.4630513
	speed: 4.4515s/iter; left time: 132426.5028s
	iters: 200, epoch: 3 | loss: 0.3415080
	speed: 0.1925s/iter; left time: 5706.6500s
	iters: 300, epoch: 3 | loss: 0.3169122
	speed: 0.1736s/iter; left time: 5128.4645s
	iters: 400, epoch: 3 | loss: 0.4621189
	speed: 0.1737s/iter; left time: 5114.6242s
	iters: 500, epoch: 3 | loss: 0.3564571
	speed: 0.1764s/iter; left time: 5177.4505s
	iters: 600, epoch: 3 | loss: 0.3604057
	speed: 0.1877s/iter; left time: 5489.9124s
	iters: 700, epoch: 3 | loss: 0.4913496
	speed: 0.1831s/iter; left time: 5338.5419s
	iters: 800, epoch: 3 | loss: 0.3437102
	speed: 0.1663s/iter; left time: 4830.0410s
	iters: 900, epoch: 3 | loss: 0.3966065
	speed: 0.1792s/iter; left time: 5187.4003s
	iters: 1000, epoch: 3 | loss: 0.3521442
	speed: 0.1857s/iter; left time: 5357.2905s
Epoch: 3 cost time: 197.63672161102295
Epoch: 3, Steps: 1066 | Train Loss: 0.3923680 Vali Loss: 0.6609073 Test Loss: 0.4081538
Validation loss decreased (0.666462 --> 0.660907).  Saving model ...
Updating learning rate to 2.5e-05
	iters: 100, epoch: 4 | loss: 0.3786256
	speed: 3.3940s/iter; left time: 97348.7906s
	iters: 200, epoch: 4 | loss: 0.3521873
	speed: 0.1141s/iter; left time: 3261.3468s
	iters: 300, epoch: 4 | loss: 0.3483260
	speed: 0.1108s/iter; left time: 3156.9829s
	iters: 400, epoch: 4 | loss: 0.3440404
	speed: 0.1096s/iter; left time: 3111.0142s
	iters: 500, epoch: 4 | loss: 0.3230192
	speed: 0.1102s/iter; left time: 3117.2087s
	iters: 600, epoch: 4 | loss: 0.3274415
	speed: 0.1125s/iter; left time: 3170.5350s
	iters: 700, epoch: 4 | loss: 0.3457864
	speed: 0.1138s/iter; left time: 3197.1932s
	iters: 800, epoch: 4 | loss: 0.3596288
	speed: 0.1137s/iter; left time: 3180.8366s
	iters: 900, epoch: 4 | loss: 0.3851698
	speed: 0.1109s/iter; left time: 3093.4430s
	iters: 1000, epoch: 4 | loss: 0.5112147
	speed: 0.1074s/iter; left time: 2984.1857s
Epoch: 4 cost time: 120.50125765800476
Epoch: 4, Steps: 1066 | Train Loss: 0.3888778 Vali Loss: 0.6579415 Test Loss: 0.4059627
Validation loss decreased (0.660907 --> 0.657942).  Saving model ...
Updating learning rate to 1.25e-05
	iters: 100, epoch: 5 | loss: 0.3627511
	speed: 2.8485s/iter; left time: 78668.1955s
	iters: 200, epoch: 5 | loss: 0.3898888
	speed: 0.1318s/iter; left time: 3626.1554s
	iters: 300, epoch: 5 | loss: 0.3633210
	speed: 0.1164s/iter; left time: 3191.7300s
	iters: 400, epoch: 5 | loss: 0.3676911
	speed: 0.1210s/iter; left time: 3306.6304s
	iters: 500, epoch: 5 | loss: 0.4098978
	speed: 0.1083s/iter; left time: 2948.6039s
	iters: 600, epoch: 5 | loss: 0.4088874
	speed: 0.1102s/iter; left time: 2988.9529s
	iters: 700, epoch: 5 | loss: 0.3933300
	speed: 0.1070s/iter; left time: 2889.8452s
	iters: 800, epoch: 5 | loss: 0.3689566
	speed: 0.1106s/iter; left time: 2976.7712s
	iters: 900, epoch: 5 | loss: 0.2959024
	speed: 0.0985s/iter; left time: 2641.9787s
	iters: 1000, epoch: 5 | loss: 0.3774912
	speed: 0.1067s/iter; left time: 2851.2763s
Epoch: 5 cost time: 122.40046572685242
Epoch: 5, Steps: 1066 | Train Loss: 0.3871538 Vali Loss: 0.6564619 Test Loss: 0.4048929
Validation loss decreased (0.657942 --> 0.656462).  Saving model ...
Updating learning rate to 6.25e-06
	iters: 100, epoch: 6 | loss: 0.3438873
	speed: 2.3866s/iter; left time: 63367.7468s
	iters: 200, epoch: 6 | loss: 0.4102562
	speed: 0.1375s/iter; left time: 3635.9001s
	iters: 300, epoch: 6 | loss: 0.3422796
	speed: 0.1046s/iter; left time: 2755.5550s
	iters: 400, epoch: 6 | loss: 0.3541451
	speed: 0.1181s/iter; left time: 3100.4484s
	iters: 500, epoch: 6 | loss: 0.4368543
	speed: 0.1125s/iter; left time: 2943.0926s
	iters: 600, epoch: 6 | loss: 0.4820917
	speed: 0.0981s/iter; left time: 2556.3107s
	iters: 700, epoch: 6 | loss: 0.3327678
	speed: 0.0967s/iter; left time: 2508.3658s
	iters: 800, epoch: 6 | loss: 0.3539960
	speed: 0.0932s/iter; left time: 2408.9743s
	iters: 900, epoch: 6 | loss: 0.3659335
	speed: 0.0960s/iter; left time: 2472.6029s
	iters: 1000, epoch: 6 | loss: 0.3584481
	speed: 0.0974s/iter; left time: 2498.6086s
Epoch: 6 cost time: 114.27975058555603
Epoch: 6, Steps: 1066 | Train Loss: 0.3865499 Vali Loss: 0.6562544 Test Loss: 0.4042098
Validation loss decreased (0.656462 --> 0.656254).  Saving model ...
Updating learning rate to 3.125e-06
	iters: 100, epoch: 7 | loss: 0.3752210
	speed: 2.4059s/iter; left time: 61313.7279s
	iters: 200, epoch: 7 | loss: 0.3973937
	speed: 0.0985s/iter; left time: 2500.3491s
	iters: 300, epoch: 7 | loss: 0.3205073
	speed: 0.0961s/iter; left time: 2431.1149s
	iters: 400, epoch: 7 | loss: 0.3933286
	speed: 0.0935s/iter; left time: 2355.7535s
	iters: 500, epoch: 7 | loss: 0.4507188
	speed: 0.1042s/iter; left time: 2612.9575s
	iters: 600, epoch: 7 | loss: 0.3480151
	speed: 0.0923s/iter; left time: 2305.4935s
	iters: 700, epoch: 7 | loss: 0.4172639
	speed: 0.1014s/iter; left time: 2522.5081s
	iters: 800, epoch: 7 | loss: 0.4250518
	speed: 0.1035s/iter; left time: 2564.5962s
	iters: 900, epoch: 7 | loss: 0.4227016
	speed: 0.0966s/iter; left time: 2383.6249s
	iters: 1000, epoch: 7 | loss: 0.4125428
	speed: 0.1006s/iter; left time: 2473.0207s
Epoch: 7 cost time: 106.18776512145996
Epoch: 7, Steps: 1066 | Train Loss: 0.3861372 Vali Loss: 0.6559939 Test Loss: 0.4038733
Validation loss decreased (0.656254 --> 0.655994).  Saving model ...
Updating learning rate to 1.5625e-06
	iters: 100, epoch: 8 | loss: 0.3932707
	speed: 2.6479s/iter; left time: 64658.1286s
	iters: 200, epoch: 8 | loss: 0.3205625
	speed: 0.0954s/iter; left time: 2319.0656s
	iters: 300, epoch: 8 | loss: 0.3626192
	speed: 0.0985s/iter; left time: 2385.7634s
	iters: 400, epoch: 8 | loss: 0.3411399
	speed: 0.0919s/iter; left time: 2215.8691s
	iters: 500, epoch: 8 | loss: 0.4057717
	speed: 0.0928s/iter; left time: 2229.6372s
	iters: 600, epoch: 8 | loss: 0.4270827
	speed: 0.0935s/iter; left time: 2236.9276s
	iters: 700, epoch: 8 | loss: 0.3873155
	speed: 0.0901s/iter; left time: 2146.0945s
	iters: 800, epoch: 8 | loss: 0.3506795
	speed: 0.1045s/iter; left time: 2477.9909s
	iters: 900, epoch: 8 | loss: 0.3385323
	speed: 0.0952s/iter; left time: 2247.9518s
	iters: 1000, epoch: 8 | loss: 0.4411424
	speed: 0.0935s/iter; left time: 2198.2344s
Epoch: 8 cost time: 105.37451553344727
Epoch: 8, Steps: 1066 | Train Loss: 0.3860043 Vali Loss: 0.6559775 Test Loss: 0.4037246
Validation loss decreased (0.655994 --> 0.655978).  Saving model ...
Updating learning rate to 7.8125e-07
	iters: 100, epoch: 9 | loss: 0.4195201
	speed: 2.9883s/iter; left time: 69784.7537s
	iters: 200, epoch: 9 | loss: 0.3481085
	speed: 0.2148s/iter; left time: 4994.1973s
	iters: 300, epoch: 9 | loss: 0.5301414
	speed: 0.2104s/iter; left time: 4872.5330s
	iters: 400, epoch: 9 | loss: 0.3112023
	speed: 0.2150s/iter; left time: 4955.4556s
	iters: 500, epoch: 9 | loss: 0.2866155
	speed: 0.1970s/iter; left time: 4522.1912s
	iters: 600, epoch: 9 | loss: 0.3769614
	speed: 0.2280s/iter; left time: 5209.8542s
	iters: 700, epoch: 9 | loss: 0.3190922
	speed: 0.2180s/iter; left time: 4959.4426s
	iters: 800, epoch: 9 | loss: 0.3660255
	speed: 0.2148s/iter; left time: 4866.8763s
	iters: 900, epoch: 9 | loss: 0.4356925
	speed: 0.2153s/iter; left time: 4856.2323s
	iters: 1000, epoch: 9 | loss: 0.3577581
	speed: 0.2378s/iter; left time: 5339.5529s
Epoch: 9 cost time: 233.1125283241272
Epoch: 9, Steps: 1066 | Train Loss: 0.3858762 Vali Loss: 0.6560501 Test Loss: 0.4036935
EarlyStopping counter: 1 out of 10
Updating learning rate to 3.90625e-07
	iters: 100, epoch: 10 | loss: 0.3625637
	speed: 3.9653s/iter; left time: 88373.9875s
	iters: 200, epoch: 10 | loss: 0.3738056
	speed: 0.1989s/iter; left time: 4414.1004s
	iters: 300, epoch: 10 | loss: 0.4769671
	speed: 0.1609s/iter; left time: 3553.4602s
	iters: 400, epoch: 10 | loss: 0.3757062
	speed: 0.1711s/iter; left time: 3761.2936s
	iters: 500, epoch: 10 | loss: 0.3736933
	speed: 0.1571s/iter; left time: 3437.6045s
	iters: 600, epoch: 10 | loss: 0.3625894
	speed: 0.1798s/iter; left time: 3916.8082s
	iters: 700, epoch: 10 | loss: 0.4363981
	speed: 0.1686s/iter; left time: 3656.1588s
	iters: 800, epoch: 10 | loss: 0.4317786
	speed: 0.1876s/iter; left time: 4048.7857s
	iters: 900, epoch: 10 | loss: 0.4943291
	speed: 0.1834s/iter; left time: 3940.9718s
	iters: 1000, epoch: 10 | loss: 0.3711829
	speed: 0.1810s/iter; left time: 3871.4376s
Epoch: 10 cost time: 189.48122119903564
Epoch: 10, Steps: 1066 | Train Loss: 0.3856451 Vali Loss: 0.6560596 Test Loss: 0.4036764
EarlyStopping counter: 2 out of 10
Updating learning rate to 1.953125e-07
	iters: 100, epoch: 11 | loss: 0.4317505
	speed: 3.8443s/iter; left time: 81579.5267s
	iters: 200, epoch: 11 | loss: 0.3660437
	speed: 0.1651s/iter; left time: 3487.7954s
	iters: 300, epoch: 11 | loss: 0.3811295
	speed: 0.1891s/iter; left time: 3975.1531s
	iters: 400, epoch: 11 | loss: 0.3888942
	speed: 0.2123s/iter; left time: 4441.1526s
	iters: 500, epoch: 11 | loss: 0.3630978
	speed: 0.1921s/iter; left time: 4000.2147s
	iters: 600, epoch: 11 | loss: 0.2910135
	speed: 0.1979s/iter; left time: 4100.5170s
	iters: 700, epoch: 11 | loss: 0.5158092
	speed: 0.1671s/iter; left time: 3445.9112s
	iters: 800, epoch: 11 | loss: 0.3835587
	speed: 0.1624s/iter; left time: 3332.5620s
	iters: 900, epoch: 11 | loss: 0.3557308
	speed: 0.2034s/iter; left time: 4154.0335s
	iters: 1000, epoch: 11 | loss: 0.4159548
	speed: 0.2338s/iter; left time: 4750.5290s
Epoch: 11 cost time: 205.90213179588318
Epoch: 11, Steps: 1066 | Train Loss: 0.3858606 Vali Loss: 0.6556169 Test Loss: 0.4036571
Validation loss decreased (0.655978 --> 0.655617).  Saving model ...
Updating learning rate to 9.765625e-08
	iters: 100, epoch: 12 | loss: 0.4183446
	speed: 4.1465s/iter; left time: 83573.0965s
	iters: 200, epoch: 12 | loss: 0.3893151
	speed: 0.1549s/iter; left time: 3106.9547s
	iters: 300, epoch: 12 | loss: 0.3784170
	speed: 0.1670s/iter; left time: 3331.7953s
	iters: 400, epoch: 12 | loss: 0.4344862
	speed: 0.1958s/iter; left time: 3888.5163s
	iters: 500, epoch: 12 | loss: 0.3354398
	speed: 0.2117s/iter; left time: 4182.1852s
	iters: 600, epoch: 12 | loss: 0.3720094
	speed: 0.2073s/iter; left time: 4074.3670s
	iters: 700, epoch: 12 | loss: 0.3416320
	speed: 0.2164s/iter; left time: 4232.3507s
	iters: 800, epoch: 12 | loss: 0.3126070
	speed: 0.2099s/iter; left time: 4084.5266s
	iters: 900, epoch: 12 | loss: 0.3566704
	speed: 0.2189s/iter; left time: 4237.7198s
	iters: 1000, epoch: 12 | loss: 0.3890527
	speed: 0.2342s/iter; left time: 4508.6294s
Epoch: 12 cost time: 214.8228840827942
Epoch: 12, Steps: 1066 | Train Loss: 0.3859721 Vali Loss: 0.6555773 Test Loss: 0.4036509
Validation loss decreased (0.655617 --> 0.655577).  Saving model ...
Updating learning rate to 4.8828125e-08
	iters: 100, epoch: 13 | loss: 0.4485708
	speed: 3.7734s/iter; left time: 72030.9418s
	iters: 200, epoch: 13 | loss: 0.3663389
	speed: 0.1926s/iter; left time: 3656.3537s
	iters: 300, epoch: 13 | loss: 0.4868051
	speed: 0.2071s/iter; left time: 3911.3700s
	iters: 400, epoch: 13 | loss: 0.5154095
	speed: 0.2349s/iter; left time: 4412.9422s
	iters: 500, epoch: 13 | loss: 0.4235275
	speed: 0.2273s/iter; left time: 4247.8704s
	iters: 600, epoch: 13 | loss: 0.3271680
	speed: 0.2338s/iter; left time: 4345.4478s
	iters: 700, epoch: 13 | loss: 0.4345867
	speed: 0.2202s/iter; left time: 4071.0598s
	iters: 800, epoch: 13 | loss: 0.4325406
	speed: 0.1654s/iter; left time: 3041.0364s
	iters: 900, epoch: 13 | loss: 0.3613776
	speed: 0.1779s/iter; left time: 3254.4221s
	iters: 1000, epoch: 13 | loss: 0.4660113
	speed: 0.1726s/iter; left time: 3139.1197s
Epoch: 13 cost time: 218.040673494339
Epoch: 13, Steps: 1066 | Train Loss: 0.3858111 Vali Loss: 0.6557819 Test Loss: 0.4036487
EarlyStopping counter: 1 out of 10
Updating learning rate to 2.44140625e-08
	iters: 100, epoch: 14 | loss: 0.3283514
	speed: 3.8930s/iter; left time: 70162.9184s
	iters: 200, epoch: 14 | loss: 0.4670972
	speed: 0.2165s/iter; left time: 3880.0211s
	iters: 300, epoch: 14 | loss: 0.4256510
	speed: 0.1858s/iter; left time: 3311.3138s
	iters: 400, epoch: 14 | loss: 0.3886656
	speed: 0.1703s/iter; left time: 3018.0641s
	iters: 500, epoch: 14 | loss: 0.3757763
	speed: 0.1888s/iter; left time: 3326.5535s
	iters: 600, epoch: 14 | loss: 0.3692414
	speed: 0.1695s/iter; left time: 2970.7424s
	iters: 700, epoch: 14 | loss: 0.3641850
	speed: 0.1641s/iter; left time: 2858.8580s
	iters: 800, epoch: 14 | loss: 0.3781254
	speed: 0.1610s/iter; left time: 2788.8616s
	iters: 900, epoch: 14 | loss: 0.4095925
	speed: 0.1647s/iter; left time: 2835.9436s
	iters: 1000, epoch: 14 | loss: 0.4601246
	speed: 0.1485s/iter; left time: 2542.5458s
Epoch: 14 cost time: 192.7191767692566
Epoch: 14, Steps: 1066 | Train Loss: 0.3858509 Vali Loss: 0.6559947 Test Loss: 0.4036489
EarlyStopping counter: 2 out of 10
Updating learning rate to 1.220703125e-08
	iters: 100, epoch: 15 | loss: 0.4679836
	speed: 3.7982s/iter; left time: 64406.0290s
	iters: 200, epoch: 15 | loss: 0.4062182
	speed: 0.2262s/iter; left time: 3812.7934s
	iters: 300, epoch: 15 | loss: 0.3519945
	speed: 0.2230s/iter; left time: 3736.4959s
	iters: 400, epoch: 15 | loss: 0.3909494
	speed: 0.1935s/iter; left time: 3223.0269s
	iters: 500, epoch: 15 | loss: 0.3888000
	speed: 0.1791s/iter; left time: 2964.8657s
	iters: 600, epoch: 15 | loss: 0.3714301
	speed: 0.1933s/iter; left time: 3181.3406s
	iters: 700, epoch: 15 | loss: 0.3301677
	speed: 0.1640s/iter; left time: 2682.5653s
	iters: 800, epoch: 15 | loss: 0.3249381
	speed: 0.1926s/iter; left time: 3131.8698s
	iters: 900, epoch: 15 | loss: 0.4456377
	speed: 0.1935s/iter; left time: 3125.9508s
	iters: 1000, epoch: 15 | loss: 0.3885281
	speed: 0.1929s/iter; left time: 3096.9210s
Epoch: 15 cost time: 212.1700370311737
Epoch: 15, Steps: 1066 | Train Loss: 0.3858442 Vali Loss: 0.6555234 Test Loss: 0.4036482
Validation loss decreased (0.655577 --> 0.655523).  Saving model ...
Updating learning rate to 6.103515625e-09
	iters: 100, epoch: 16 | loss: 0.3183743
	speed: 3.6862s/iter; left time: 58577.2791s
	iters: 200, epoch: 16 | loss: 0.4453439
	speed: 0.1881s/iter; left time: 2970.1069s
	iters: 300, epoch: 16 | loss: 0.3709944
	speed: 0.1926s/iter; left time: 3022.5222s
	iters: 400, epoch: 16 | loss: 0.4024445
	speed: 0.1740s/iter; left time: 2712.4689s
	iters: 500, epoch: 16 | loss: 0.4398653
	speed: 0.2147s/iter; left time: 3325.1611s
	iters: 600, epoch: 16 | loss: 0.3755660
	speed: 0.1958s/iter; left time: 3013.4163s
	iters: 700, epoch: 16 | loss: 0.4033759
	speed: 0.2059s/iter; left time: 3149.0720s
	iters: 800, epoch: 16 | loss: 0.6055676
	speed: 0.1651s/iter; left time: 2507.9919s
	iters: 900, epoch: 16 | loss: 0.4024752
	speed: 0.1806s/iter; left time: 2725.3444s
	iters: 1000, epoch: 16 | loss: 0.4365430
	speed: 0.2096s/iter; left time: 3142.0384s
Epoch: 16 cost time: 208.5792157649994
Epoch: 16, Steps: 1066 | Train Loss: 0.3858449 Vali Loss: 0.6561764 Test Loss: 0.4036481
EarlyStopping counter: 1 out of 10
Updating learning rate to 3.0517578125e-09
	iters: 100, epoch: 17 | loss: 0.3252632
	speed: 3.6785s/iter; left time: 54534.4349s
	iters: 200, epoch: 17 | loss: 0.2994106
	speed: 0.0948s/iter; left time: 1395.8188s
	iters: 300, epoch: 17 | loss: 0.3455367
	speed: 0.0885s/iter; left time: 1294.1563s
	iters: 400, epoch: 17 | loss: 0.3835703
	speed: 0.0920s/iter; left time: 1336.5494s
	iters: 500, epoch: 17 | loss: 0.4454434
	speed: 0.0903s/iter; left time: 1302.9288s
	iters: 600, epoch: 17 | loss: 0.3467150
	speed: 0.0933s/iter; left time: 1337.2138s
	iters: 700, epoch: 17 | loss: 0.4759613
	speed: 0.0940s/iter; left time: 1337.6877s
	iters: 800, epoch: 17 | loss: 0.3390452
	speed: 0.1739s/iter; left time: 2456.3838s
	iters: 900, epoch: 17 | loss: 0.3653845
	speed: 0.1834s/iter; left time: 2572.4986s
	iters: 1000, epoch: 17 | loss: 0.3188482
	speed: 0.1543s/iter; left time: 2148.1735s
Epoch: 17 cost time: 129.98181867599487
Epoch: 17, Steps: 1066 | Train Loss: 0.3857831 Vali Loss: 0.6560626 Test Loss: 0.4036481
EarlyStopping counter: 2 out of 10
Updating learning rate to 1.52587890625e-09
	iters: 100, epoch: 18 | loss: 0.3270053
	speed: 3.7138s/iter; left time: 51098.3754s
	iters: 200, epoch: 18 | loss: 0.3348238
	speed: 0.1835s/iter; left time: 2506.3999s
	iters: 300, epoch: 18 | loss: 0.2776708
	speed: 0.1909s/iter; left time: 2588.3172s
	iters: 400, epoch: 18 | loss: 0.3177108
	speed: 0.1912s/iter; left time: 2573.6057s
	iters: 500, epoch: 18 | loss: 0.3224519
	speed: 0.1938s/iter; left time: 2588.3118s
	iters: 600, epoch: 18 | loss: 0.4268063
	speed: 0.1720s/iter; left time: 2280.6186s
	iters: 700, epoch: 18 | loss: 0.3441918
	speed: 0.1636s/iter; left time: 2152.4359s
	iters: 800, epoch: 18 | loss: 0.4006667
	speed: 0.1908s/iter; left time: 2491.3044s
	iters: 900, epoch: 18 | loss: 0.4173054
	speed: 0.1678s/iter; left time: 2173.8855s
	iters: 1000, epoch: 18 | loss: 0.4004674
	speed: 0.2108s/iter; left time: 2710.2349s
Epoch: 18 cost time: 199.5792727470398
Epoch: 18, Steps: 1066 | Train Loss: 0.3859020 Vali Loss: 0.6557117 Test Loss: 0.4036481
EarlyStopping counter: 3 out of 10
Updating learning rate to 7.62939453125e-10
	iters: 100, epoch: 19 | loss: 0.3413573
	speed: 3.6077s/iter; left time: 45792.6213s
	iters: 200, epoch: 19 | loss: 0.3733761
	speed: 0.0927s/iter; left time: 1167.4423s
	iters: 300, epoch: 19 | loss: 0.3194974
	speed: 0.0868s/iter; left time: 1084.2267s
	iters: 400, epoch: 19 | loss: 0.3777625
	speed: 0.0938s/iter; left time: 1162.9109s
	iters: 500, epoch: 19 | loss: 0.4195021
	speed: 0.0895s/iter; left time: 1100.6542s
	iters: 600, epoch: 19 | loss: 0.3539501
	speed: 0.0879s/iter; left time: 1072.0624s
	iters: 700, epoch: 19 | loss: 0.3763317
	speed: 0.0874s/iter; left time: 1056.8324s
	iters: 800, epoch: 19 | loss: 0.4153765
	speed: 0.0839s/iter; left time: 1006.4783s
	iters: 900, epoch: 19 | loss: 0.4681602
	speed: 0.0852s/iter; left time: 1013.3183s
	iters: 1000, epoch: 19 | loss: 0.4214081
	speed: 0.0886s/iter; left time: 1044.4107s
Epoch: 19 cost time: 97.04782772064209
Epoch: 19, Steps: 1066 | Train Loss: 0.3858114 Vali Loss: 0.6561581 Test Loss: 0.4036481
EarlyStopping counter: 4 out of 10
Updating learning rate to 3.814697265625e-10
	iters: 100, epoch: 20 | loss: 0.3336780
	speed: 3.1811s/iter; left time: 36986.3392s
	iters: 200, epoch: 20 | loss: 0.3799111
	speed: 0.1721s/iter; left time: 1984.1127s
	iters: 300, epoch: 20 | loss: 0.3943309
	speed: 0.1811s/iter; left time: 2069.6337s
	iters: 400, epoch: 20 | loss: 0.3963023
	speed: 0.2049s/iter; left time: 2321.0115s
	iters: 500, epoch: 20 | loss: 0.3434790
	speed: 0.1805s/iter; left time: 2026.6047s
	iters: 600, epoch: 20 | loss: 0.4747803
	speed: 0.1941s/iter; left time: 2160.2683s
	iters: 700, epoch: 20 | loss: 0.3394643
	speed: 0.1825s/iter; left time: 2012.6485s
	iters: 800, epoch: 20 | loss: 0.3835289
	speed: 0.1898s/iter; left time: 2073.4239s
	iters: 900, epoch: 20 | loss: 0.3251034
	speed: 0.1960s/iter; left time: 2122.1119s
	iters: 1000, epoch: 20 | loss: 0.3823801
	speed: 0.1765s/iter; left time: 1893.3392s
Epoch: 20 cost time: 204.9367127418518
Epoch: 20, Steps: 1066 | Train Loss: 0.3857510 Vali Loss: 0.6560065 Test Loss: 0.4036481
EarlyStopping counter: 5 out of 10
Updating learning rate to 1.9073486328125e-10
	iters: 100, epoch: 21 | loss: 0.3889629
	speed: 3.8525s/iter; left time: 40685.8607s
	iters: 200, epoch: 21 | loss: 0.3622591
	speed: 0.1541s/iter; left time: 1612.0356s
	iters: 300, epoch: 21 | loss: 0.3822952
	speed: 0.1555s/iter; left time: 1610.6671s
	iters: 400, epoch: 21 | loss: 0.3157170
	speed: 0.1635s/iter; left time: 1677.8450s
	iters: 500, epoch: 21 | loss: 0.3783016
	speed: 0.1611s/iter; left time: 1636.4378s
	iters: 600, epoch: 21 | loss: 0.3543467
	speed: 0.1901s/iter; left time: 1912.7615s
	iters: 700, epoch: 21 | loss: 0.3796277
	speed: 0.2159s/iter; left time: 2150.2100s
	iters: 800, epoch: 21 | loss: 0.4018431
	speed: 0.1790s/iter; left time: 1764.7117s
	iters: 900, epoch: 21 | loss: 0.4249196
	speed: 0.1889s/iter; left time: 1844.3362s
	iters: 1000, epoch: 21 | loss: 0.4128079
	speed: 0.1755s/iter; left time: 1695.0863s
Epoch: 21 cost time: 187.56351447105408
Epoch: 21, Steps: 1066 | Train Loss: 0.3857604 Vali Loss: 0.6559088 Test Loss: 0.4036481
EarlyStopping counter: 6 out of 10
Updating learning rate to 9.5367431640625e-11
	iters: 100, epoch: 22 | loss: 0.4601862
	speed: 3.8703s/iter; left time: 36748.2790s
	iters: 200, epoch: 22 | loss: 0.3050786
	speed: 0.1915s/iter; left time: 1798.7152s
	iters: 300, epoch: 22 | loss: 0.3744006
	speed: 0.2072s/iter; left time: 1926.1204s
	iters: 400, epoch: 22 | loss: 0.3851055
	speed: 0.1896s/iter; left time: 1743.0439s
	iters: 500, epoch: 22 | loss: 0.3549951
	speed: 0.1931s/iter; left time: 1756.4086s
	iters: 600, epoch: 22 | loss: 0.3769244
	speed: 0.2039s/iter; left time: 1834.0380s
	iters: 700, epoch: 22 | loss: 0.3779258
	speed: 0.2054s/iter; left time: 1826.6418s
	iters: 800, epoch: 22 | loss: 0.4283939
	speed: 0.2003s/iter; left time: 1761.7079s
	iters: 900, epoch: 22 | loss: 0.3827596
	speed: 0.1671s/iter; left time: 1452.8085s
	iters: 1000, epoch: 22 | loss: 0.3994092
	speed: 0.2044s/iter; left time: 1757.0677s
Epoch: 22 cost time: 211.6133382320404
Epoch: 22, Steps: 1066 | Train Loss: 0.3858652 Vali Loss: 0.6554731 Test Loss: 0.4036481
Validation loss decreased (0.655523 --> 0.655473).  Saving model ...
Updating learning rate to 4.76837158203125e-11
	iters: 100, epoch: 23 | loss: 0.4168935
	speed: 4.1201s/iter; left time: 34728.7185s
	iters: 200, epoch: 23 | loss: 0.3640171
	speed: 0.1463s/iter; left time: 1218.3856s
	iters: 300, epoch: 23 | loss: 0.4051810
	speed: 0.1743s/iter; left time: 1434.0629s
	iters: 400, epoch: 23 | loss: 0.4745041
	speed: 1.6695s/iter; left time: 13571.2643s
	iters: 500, epoch: 23 | loss: 0.3744004
	speed: 0.1753s/iter; left time: 1407.8373s
	iters: 600, epoch: 23 | loss: 0.3381908
	speed: 0.2177s/iter; left time: 1725.8011s
	iters: 700, epoch: 23 | loss: 0.3414594
	speed: 0.2277s/iter; left time: 1782.7085s
	iters: 800, epoch: 23 | loss: 0.3271696
	speed: 0.2223s/iter; left time: 1717.9592s
	iters: 900, epoch: 23 | loss: 0.3997874
	speed: 0.2155s/iter; left time: 1643.9515s
	iters: 1000, epoch: 23 | loss: 0.3843388
	speed: 0.2405s/iter; left time: 1810.7310s
Epoch: 23 cost time: 360.4602355957031
Epoch: 23, Steps: 1066 | Train Loss: 0.3857255 Vali Loss: 0.6558890 Test Loss: 0.4036481
EarlyStopping counter: 1 out of 10
Updating learning rate to 2.384185791015625e-11
	iters: 100, epoch: 24 | loss: 0.4140350
	speed: 4.8321s/iter; left time: 35578.9814s
	iters: 200, epoch: 24 | loss: 0.3352755
	speed: 0.2298s/iter; left time: 1669.2787s
	iters: 300, epoch: 24 | loss: 0.5611489
	speed: 0.2239s/iter; left time: 1603.7558s
	iters: 400, epoch: 24 | loss: 0.3421003
	speed: 0.2096s/iter; left time: 1480.3593s
	iters: 500, epoch: 24 | loss: 0.3435615
	speed: 0.2180s/iter; left time: 1518.0317s
	iters: 600, epoch: 24 | loss: 0.3978265
	speed: 0.2285s/iter; left time: 1568.1761s
	iters: 700, epoch: 24 | loss: 0.4077994
	speed: 0.2169s/iter; left time: 1466.6712s
	iters: 800, epoch: 24 | loss: 0.3793698
	speed: 0.2142s/iter; left time: 1426.9994s
	iters: 900, epoch: 24 | loss: 0.3954767
	speed: 0.2143s/iter; left time: 1406.2174s
	iters: 1000, epoch: 24 | loss: 0.4219337
	speed: 0.2078s/iter; left time: 1342.9078s
Epoch: 24 cost time: 237.44692850112915
Epoch: 24, Steps: 1066 | Train Loss: 0.3857738 Vali Loss: 0.6555784 Test Loss: 0.4036481
EarlyStopping counter: 2 out of 10
Updating learning rate to 1.1920928955078126e-11
	iters: 100, epoch: 25 | loss: 0.3194997
	speed: 4.1824s/iter; left time: 26336.7164s
	iters: 200, epoch: 25 | loss: 0.2939215
	speed: 0.2602s/iter; left time: 1612.3111s
	iters: 300, epoch: 25 | loss: 0.3257188
	speed: 0.2659s/iter; left time: 1620.9692s
	iters: 400, epoch: 25 | loss: 0.4224834
	speed: 0.2647s/iter; left time: 1587.6782s
	iters: 500, epoch: 25 | loss: 0.3565390
	speed: 0.2572s/iter; left time: 1516.8026s
	iters: 600, epoch: 25 | loss: 0.4418519
	speed: 0.2036s/iter; left time: 1180.4994s
	iters: 700, epoch: 25 | loss: 0.4329368
	speed: 0.2560s/iter; left time: 1458.6948s
	iters: 800, epoch: 25 | loss: 0.3157723
	speed: 0.2487s/iter; left time: 1392.0473s
	iters: 900, epoch: 25 | loss: 0.3770545
	speed: 0.2252s/iter; left time: 1237.9083s
	iters: 1000, epoch: 25 | loss: 0.3513072
	speed: 0.2272s/iter; left time: 1225.9893s
Epoch: 25 cost time: 266.35422444343567
Epoch: 25, Steps: 1066 | Train Loss: 0.3857515 Vali Loss: 0.6560143 Test Loss: 0.4036481
EarlyStopping counter: 3 out of 10
Updating learning rate to 5.960464477539063e-12
	iters: 100, epoch: 26 | loss: 0.3235292
	speed: 4.7764s/iter; left time: 24985.2735s
	iters: 200, epoch: 26 | loss: 0.3916052
	speed: 0.2757s/iter; left time: 1414.6018s
	iters: 300, epoch: 26 | loss: 0.3900086
	speed: 0.2904s/iter; left time: 1460.8774s
	iters: 400, epoch: 26 | loss: 0.3845904
	speed: 0.2673s/iter; left time: 1317.8758s
	iters: 500, epoch: 26 | loss: 0.4288009
	speed: 0.2787s/iter; left time: 1346.2595s
	iters: 600, epoch: 26 | loss: 0.3381392
	speed: 0.2458s/iter; left time: 1162.9921s
	iters: 700, epoch: 26 | loss: 0.3783230
	speed: 0.2469s/iter; left time: 1143.3897s
	iters: 800, epoch: 26 | loss: 0.3728098
	speed: 0.2473s/iter; left time: 1120.5059s
	iters: 900, epoch: 26 | loss: 0.4137373
	speed: 0.2538s/iter; left time: 1124.3771s
	iters: 1000, epoch: 26 | loss: 0.3690523
	speed: 0.2499s/iter; left time: 1082.4730s
Epoch: 26 cost time: 283.7829864025116
Epoch: 26, Steps: 1066 | Train Loss: 0.3859621 Vali Loss: 0.6555647 Test Loss: 0.4036481
EarlyStopping counter: 4 out of 10
Updating learning rate to 2.9802322387695314e-12
	iters: 100, epoch: 27 | loss: 0.3714301
	speed: 4.7858s/iter; left time: 19932.6692s
	iters: 200, epoch: 27 | loss: 0.3955490
	speed: 0.2178s/iter; left time: 885.4510s
	iters: 300, epoch: 27 | loss: 0.4403063
	speed: 0.2709s/iter; left time: 1074.0858s
	iters: 400, epoch: 27 | loss: 0.3249831
	speed: 0.2561s/iter; left time: 989.9699s
	iters: 500, epoch: 27 | loss: 0.3531664
	speed: 0.3058s/iter; left time: 1151.2593s
	iters: 600, epoch: 27 | loss: 0.3347413
	speed: 0.3411s/iter; left time: 1250.1387s
	iters: 700, epoch: 27 | loss: 0.3874106
	speed: 0.3353s/iter; left time: 1195.2777s
	iters: 800, epoch: 27 | loss: 0.4282781
	speed: 0.3338s/iter; left time: 1156.6397s
	iters: 900, epoch: 27 | loss: 0.2952377
	speed: 0.3057s/iter; left time: 1028.7315s
	iters: 1000, epoch: 27 | loss: 0.3151817
	speed: 0.2812s/iter; left time: 917.9841s
Epoch: 27 cost time: 311.20206356048584
Epoch: 27, Steps: 1066 | Train Loss: 0.3857027 Vali Loss: 0.6561458 Test Loss: 0.4036481
EarlyStopping counter: 5 out of 10
Updating learning rate to 1.4901161193847657e-12
	iters: 100, epoch: 28 | loss: 0.3915897
	speed: 4.7978s/iter; left time: 14868.4944s
	iters: 200, epoch: 28 | loss: 0.3580213
	speed: 0.1731s/iter; left time: 519.0301s
	iters: 300, epoch: 28 | loss: 0.3493293
	speed: 0.1650s/iter; left time: 478.2403s
	iters: 400, epoch: 28 | loss: 0.4125684
	speed: 0.1907s/iter; left time: 533.8325s
	iters: 500, epoch: 28 | loss: 0.4412631
	speed: 0.2031s/iter; left time: 548.2489s
	iters: 600, epoch: 28 | loss: 0.3699845
	speed: 0.1802s/iter; left time: 468.2264s
	iters: 700, epoch: 28 | loss: 0.4939878
	speed: 0.1617s/iter; left time: 404.0562s
	iters: 800, epoch: 28 | loss: 0.4175519
	speed: 0.1877s/iter; left time: 450.3122s
	iters: 900, epoch: 28 | loss: 0.4411931
	speed: 0.1809s/iter; left time: 415.9217s
	iters: 1000, epoch: 28 | loss: 0.4312768
	speed: 0.1819s/iter; left time: 399.9359s
Epoch: 28 cost time: 195.063636302948
Epoch: 28, Steps: 1066 | Train Loss: 0.3858846 Vali Loss: 0.6558383 Test Loss: 0.4036481
EarlyStopping counter: 6 out of 10
Updating learning rate to 7.450580596923828e-13
	iters: 100, epoch: 29 | loss: 0.3689596
	speed: 4.1953s/iter; left time: 8529.0201s
	iters: 200, epoch: 29 | loss: 0.4146303
	speed: 0.1988s/iter; left time: 384.2621s
	iters: 300, epoch: 29 | loss: 0.2893609
	speed: 0.2267s/iter; left time: 415.5438s
	iters: 400, epoch: 29 | loss: 0.5180199
	speed: 0.1809s/iter; left time: 313.4160s
	iters: 500, epoch: 29 | loss: 0.3095282
	speed: 0.1816s/iter; left time: 296.4906s
	iters: 600, epoch: 29 | loss: 0.3130400
	speed: 0.1584s/iter; left time: 242.7574s
	iters: 700, epoch: 29 | loss: 0.4867008
	speed: 0.1911s/iter; left time: 273.8958s
	iters: 800, epoch: 29 | loss: 0.3209932
	speed: 0.2227s/iter; left time: 296.8330s
	iters: 900, epoch: 29 | loss: 0.3508730
	speed: 0.2244s/iter; left time: 276.6423s
	iters: 1000, epoch: 29 | loss: 0.3517067
	speed: 0.1944s/iter; left time: 220.2558s
Epoch: 29 cost time: 211.3625888824463
Epoch: 29, Steps: 1066 | Train Loss: 0.3857658 Vali Loss: 0.6554661 Test Loss: 0.4036481
Validation loss decreased (0.655473 --> 0.655466).  Saving model ...
Updating learning rate to 3.725290298461914e-13
	iters: 100, epoch: 30 | loss: 0.4509644
	speed: 3.4586s/iter; left time: 3344.4243s
	iters: 200, epoch: 30 | loss: 0.3343135
	speed: 0.1836s/iter; left time: 159.1948s
	iters: 300, epoch: 30 | loss: 0.4391920
	speed: 0.1699s/iter; left time: 130.3449s
	iters: 400, epoch: 30 | loss: 0.3975379
	speed: 0.2020s/iter; left time: 134.7637s
	iters: 500, epoch: 30 | loss: 0.3245348
	speed: 0.2159s/iter; left time: 122.4367s
	iters: 600, epoch: 30 | loss: 0.3378949
	speed: 0.2308s/iter; left time: 107.7711s
	iters: 700, epoch: 30 | loss: 0.3441959
	speed: 0.2419s/iter; left time: 88.7730s
	iters: 800, epoch: 30 | loss: 0.3631579
	speed: 0.2534s/iter; left time: 67.6487s
	iters: 900, epoch: 30 | loss: 0.3714582
	speed: 0.2384s/iter; left time: 39.8109s
	iters: 1000, epoch: 30 | loss: 0.3423101
	speed: 0.2165s/iter; left time: 14.5028s
Epoch: 30 cost time: 229.4742043018341
Epoch: 30, Steps: 1066 | Train Loss: 0.3858850 Vali Loss: 0.6559467 Test Loss: 0.4036481
EarlyStopping counter: 1 out of 10
Updating learning rate to 1.862645149230957e-13
>>>>>>>testing : ETTm1_96_336_FCA_v1_ETTm1_M_ft96_sl48_ll336_pl147_dm3_nh2_el1_dl128_df1_fctimeF_ebTrue_dtExp_projection_0<<<<<<<<<<<<<<<<<<<<<<<<<<<<<<<<<
test 11185
test shape: (11185, 1, 336, 7) (11185, 1, 336, 7)
test shape: (11185, 336, 7) (11185, 336, 7)
mse:0.40364760160446167, mae:0.4106076955795288
